#
# A fatal error has been detected by the Java Runtime Environment:
#
#  EXCEPTION_ACCESS_VIOLATION (0xc0000005) at pc=0x00007ffd08130120, pid=7968, tid=16112
#
# JRE version: OpenJDK Runtime Environment (23.0.1+11) (build 23.0.1+11-39)
# Java VM: OpenJDK 64-Bit Server VM (23.0.1+11-39, mixed mode, sharing, tiered, compressed oops, compressed class ptrs, g1 gc, windows-amd64)
# Problematic frame:
# C  [igdgmm64.dll+0x160120]
#
# No core dump will be written. Minidumps are not enabled by default on client versions of Windows
#
# If you would like to submit a bug report, please visit:
#   https://bugreport.java.com/bugreport/crash.jsp
# The crash happened outside the Java Virtual Machine in native code.
# See problematic frame for where to report the bug.
#

---------------  S U M M A R Y ------------

Command Line: -Dfile.encoding=UTF-8 -Duser.country=US -Duser.language=en -Duser.variant Main

Host: Intel(R) Core(TM) i5-6300U CPU @ 2.40GHz, 4 cores, 7G,  Windows 10 , 64 bit Build 19041 (10.0.19041.5198)
Time: Wed Feb 12 12:10:20 2025 W. Central Africa Standard Time elapsed time: 1.321084 seconds (0d 0h 0m 1s)

---------------  T H R E A D  ---------------

Current thread (0x000001bca7725540):  JavaThread "main"             [_thread_in_native, id=16112, stack(0x000000463ef00000,0x000000463f000000) (1024K)]

Stack: [0x000000463ef00000,0x000000463f000000],  sp=0x000000463effdf60,  free space=1015k
Native frames: (J=compiled Java code, j=interpreted, Vv=VM code, C=native code)
C  [igdgmm64.dll+0x160120]  (no source info available)
C  [igdgmm64.dll+0x146e49]  (no source info available)
C  [ig9icd64.dll+0x4bcfe1]  (no source info available)
C  [ig9icd64.dll+0x4c21c5]  (no source info available)
C  [ig9icd64.dll+0x38a96d]  (no source info available)
C  [ig9icd64.dll+0x342147]  (no source info available)
C  [ig9icd64.dll+0x1a85d7]  (no source info available)
C  [ig9icd64.dll+0x19ee0a]  (no source info available)
C  [ig9icd64.dll+0x19bbf3]  (no source info available)
C  [ig9icd64.dll+0x4630ec]  (no source info available)
C  [opengl32.dll+0x26c5a]  (no source info available)
C  [lwjgl_opengl.dll+0xcc45]  (no source info available)
C  0x000001bcb963d207  (no source info available)

The last pc belongs to native method entry point (kind = native) (printed below).
Java frames: (J=compiled Java code, j=interpreted, Vv=VM code)
j  org.lwjgl.opengl.GL11C.nglTexImage2D(IIIIIIIIJ)V+0
j  org.lwjgl.opengl.GL11C.glTexImage2D(IIIIIIIILjava/nio/ByteBuffer;)V+17
j  org.lwjgl.opengl.GL11.glTexImage2D(IIIIIIIILjava/nio/ByteBuffer;)V+14
j  GameLayer.Rendering.GUI.Font.createTexture(Ljava/nio/ByteBuffer;II)I+30
j  GameLayer.Rendering.GUI.Font.loadCharacters(I)V+164
j  GameLayer.Rendering.GUI.Font.<init>(Ljava/lang/String;I)V+50
j  GameLayer.Rendering.App.loop()V+208
j  GameLayer.Rendering.App.run()V+19
j  Main.main([Ljava/lang/String;)V+17
v  ~StubRoutines::call_stub 0x000001bcb9630fcd

siginfo: EXCEPTION_ACCESS_VIOLATION (0xc0000005), reading address 0x000001bd12836000


Registers:
RAX=0x0000000000001000, RBX=0x000001bd12836000, RCX=0x0000000000000001, RDX=0x000001bd12836010
RSP=0x000000463effdf60, RBP=0x000000463effe060, RSI=0xfffffe0efffffe0f, RDI=0x000001bcfffffe0e
R8 =0x000001bd12836000, R9 =0x00000046fffffe08, R10=0x00000000fffffe00, R11=0x000000463effe110
R12=0x000001bd0f3f7040, R13=0x000000463effe170, R14=0x00000000fffffe0c, R15=0x000001bd12836000
RIP=0x00007ffd08130120, EFLAGS=0x0000000000010287


Register to memory mapping:

RAX=0x0000000000001000 is an unknown value
RBX=0x000001bd12836000 is an unknown value
RCX=0x0000000000000001 is an unknown value
RDX=0x000001bd12836010 is an unknown value
RSP=0x000000463effdf60 is pointing into the stack for thread: 0x000001bca7725540
RBP=0x000000463effe060 is pointing into the stack for thread: 0x000001bca7725540
RSI=0xfffffe0efffffe0f is an unknown value
RDI=0x000001bcfffffe0e is an unknown value
R8 =0x000001bd12836000 is an unknown value
R9 =0x00000046fffffe08 is an unknown value
R10=0x00000000fffffe00 is an unallocated location in the heap
R11=0x000000463effe110 is pointing into the stack for thread: 0x000001bca7725540
R12=0x000001bd0f3f7040 points into unknown readable memory: 0xffffffffffffffff | ff ff ff ff ff ff ff ff
R13=0x000000463effe170 is pointing into the stack for thread: 0x000001bca7725540
R14=0x00000000fffffe0c is an unallocated location in the heap
R15=0x000001bd12836000 is an unknown value

Top of Stack: (sp=0x000000463effdf60)
0x000000463effdf60:   0000000000000000 00007ffc00000001
0x000000463effdf70:   000001bd0000000c 00000000ffff0001
0x000000463effdf80:   000001bd00000000 000001bca7725540
0x000000463effdf90:   0000001000000010 0000000000000001
0x000000463effdfa0:   000001bc00000005 000001bd12835fb5
0x000000463effdfb0:   000001bd12835fb4 000000030771590e
0x000000463effdfc0:   000001bc00000030 0000000000000000
0x000000463effdfd0:   0000000000000024 000000463effe110
0x000000463effdfe0:   0000004000000004 0000100000000015
0x000000463effdff0:   0000004600000025 00007ffcbce9da5a
0x000000463effe000:   000000463effcbe0 0000004600001000
0x000000463effe010:   0000000000000000 000001bd0f3f7000
0x000000463effe020:   fffffe0f3effbb00 000001bcfffffe0e
0x000000463effe030:   00000000fffffe0c 000000463effbb30
0x000000463effe040:   00000046fffffe08 000000463effbc38
0x000000463effe050:   000001bca7725540 000001bca7725540
0x000000463effe060:   000001bcfffffe00 000001bcc5ab0001
0x000000463effe070:   000001f0a7725540 00007ffc000001e0
0x000000463effe080:   000001bd000001c0 000015810e080f7d
0x000000463effe090:   00000000a76f0100 0000000000000015
0x000000463effe0a0:   0000000000000001 0000000000000025
0x000000463effe0b0:   0000000000000000 000001bd124e3f60
0x000000463effe0c0:   000001bd124e3f50 000000463effe560
0x000000463effe0d0:   000000463effe1e0 00007ffd08116e49
0x000000463effe0e0:   000001bd0b296fa0 00007ffd08119dfc
0x000000463effe0f0:   000001bca76f0000 000001bd11d28e88
0x000000463effe100:   000000463effe168 0000000000000001
0x000000463effe110:   000001bd0f3f7000 0000004000000080
0x000000463effe120:   00007ffd08151a60 0000000000000000
0x000000463effe130:   0000000100000000 0000000000000001
0x000000463effe140:   0000000000000001 0000000000000053
0x000000463effe150:   000001bd0b2af428 0000000000000001 

Instructions: (pc=0x00007ffd08130120)
0x00007ffd08130020:   0f b6 14 39 49 ff c7 43 88 1c 20 43 88 54 20 10
0x00007ffd08130030:   4d 3b fa 72 db e9 26 24 00 00 83 f9 01 0f 85 21
0x00007ffd08130040:   24 00 00 48 63 5c 24 3c 4c 8b c3 44 23 c1 4d 03
0x00007ffd08130050:   c7 4d 3b f8 73 21 66 66 0f 1f 84 00 00 00 00 00
0x00007ffd08130060:   41 0f b6 17 49 ff c7 48 63 c8 2b c6 23 c6 42 88
0x00007ffd08130070:   14 21 4d 3b f8 72 e9 4c 8b c3 41 83 e0 02 4d 03
0x00007ffd08130080:   c7 4d 3b f8 73 23 66 66 0f 1f 84 00 00 00 00 00
0x00007ffd08130090:   41 0f b7 17 49 83 c7 02 48 63 c8 2b c7 23 c7 66
0x00007ffd081300a0:   42 89 14 21 4d 3b f8 72 e7 4c 8b c3 41 83 e0 04
0x00007ffd081300b0:   4d 03 c7 4d 3b f8 73 21 0f 1f 84 00 00 00 00 00
0x00007ffd081300c0:   41 8b 17 49 83 c7 04 48 63 c8 41 2b c6 41 23 c6
0x00007ffd081300d0:   42 89 14 21 4d 3b f8 72 e7 83 e3 08 49 03 df 4c
0x00007ffd081300e0:   3b fb 73 29 0f 1f 40 00 0f 1f 84 00 00 00 00 00
0x00007ffd081300f0:   f3 41 0f 7e 07 49 83 c7 08 48 63 c8 41 2b c1 41
0x00007ffd08130100:   23 c1 66 42 0f d6 04 21 4c 3b fb 72 e3 48 63 54
0x00007ffd08130110:   24 30 49 03 d7 4c 3b fa 73 23 66 0f 1f 44 00 00
0x00007ffd08130120:   f3 41 0f 6f 07 48 63 c8 49 83 c7 10 41 2b c2 41
0x00007ffd08130130:   23 c2 66 42 0f e7 04 21 4c 3b fa 72 e3 48 63 5c
0x00007ffd08130140:   24 40 48 8b d3 83 e2 08 49 03 d7 4c 3b fa 73 1d
0x00007ffd08130150:   f3 41 0f 7e 07 49 83 c7 08 48 63 c8 41 2b c1 41
0x00007ffd08130160:   23 c1 66 42 0f d6 04 21 4c 3b fa 72 e3 4c 8b c3
0x00007ffd08130170:   41 83 e0 04 4d 03 c7 4d 3b f8 73 1d 0f 1f 40 00
0x00007ffd08130180:   41 8b 17 49 83 c7 04 48 63 c8 41 2b c6 41 23 c6
0x00007ffd08130190:   42 89 14 21 4d 3b f8 72 e7 4c 8b c3 41 83 e0 02
0x00007ffd081301a0:   4d 03 c7 4d 3b f8 73 21 0f 1f 84 00 00 00 00 00
0x00007ffd081301b0:   41 0f b7 17 49 83 c7 02 48 63 c8 2b c7 23 c7 66
0x00007ffd081301c0:   42 89 14 21 4d 3b f8 72 e7 83 e3 01 49 03 df 4c
0x00007ffd081301d0:   3b fb 0f 83 8c 22 00 00 0f 1f 84 00 00 00 00 00
0x00007ffd081301e0:   41 0f b6 17 49 ff c7 48 63 c8 2b c6 23 c6 42 88
0x00007ffd081301f0:   14 21 4c 3b fb 72 e9 e9 68 22 00 00 8b 4c 24 38
0x00007ffd08130200:   83 f9 04 0f 85 e0 03 00 00 4c 63 54 24 3c 49 8b
0x00007ffd08130210:   ca 4c 89 54 24 48 83 e1 01 49 03 cf 48 89 4c 24 


Stack slot to memory mapping:

stack at sp + 0 slots: 0x0 is null
stack at sp + 1 slots: 0x00007ffc00000001 is an unknown value
stack at sp + 2 slots: 0x000001bd0000000c is an unknown value
stack at sp + 3 slots: 0x00000000ffff0001 is an unallocated location in the heap
stack at sp + 4 slots: 0x000001bd00000000 is an unknown value
stack at sp + 5 slots: 0x000001bca7725540 is a thread
stack at sp + 6 slots: 0x0000001000000010 is an unknown value
stack at sp + 7 slots: 0x0000000000000001 is an unknown value

Lock stack of current Java thread (top to bottom):

native method entry point (kind = native)  [0x000001bcb963cde0, 0x000001bcb963d938]  2904 bytes
[MachCode]
  0x000001bcb963cde0: 488b 4b08 | 0fb7 492e | 584c 8d74 | ccf8 6800 | 0000 0068 | 0000 0000 | 5055 488b | ec41 5568 
  0x000001bcb963ce00: 0000 0000 | 4c8b 6b08 | 4d8d 6d38 | 5348 8b53 | 0848 8b52 | 0848 8b52 | 1848 8b52 | 7048 8b12 
  0x000001bcb963ce20: 5248 8b53 | 1048 85d2 | 0f84 0700 | 0000 4881 | c210 0100 | 0052 488b | 5308 488b | 5208 488b 
  0x000001bcb963ce40: 5210 5249 | 8bc6 482b | c548 c1e8 | 0350 6800 | 0000 0068 | f7ff ffff | 41c6 8771 | 0400 0001 
  0x000001bcb963ce60: 488b 4310 | 4885 c074 | 208b 88cc | 0000 0083 | c102 8988 | cc00 0000 | 2388 e000 | 0000 0f84 
  0x000001bcb963ce80: 000a 0000 | e9cf 0000 | 0048 8b43 | 1848 85c0 | 0f85 b000 | 0000 e805 | 0000 00e9 | 9900 0000 
  0x000001bcb963cea0: 488b d348 | 8d44 2408 | 4c89 6dc0 | 498b cfc5 | f877 4989 | afb0 0300 | 0049 8987 | a003 0000 
  0x000001bcb963cec0: 4883 ec20 | 40f6 c40f | 0f84 1900 | 0000 4883 | ec08 48b8 | 9026 a0bc | fc7f 0000 | ffd0 4883 
  0x000001bcb963cee0: c408 e90c | 0000 0048 | b890 26a0 | bcfc 7f00 | 00ff d048 | 83c4 2049 | c787 a003 | 0000 0000 
  0x000001bcb963cf00: 0000 49c7 | 87b0 0300 | 0000 0000 | 0049 c787 | a803 0000 | 0000 0000 | c5f8 7749 | 837f 0800 
  0x000001bcb963cf20: 0f84 0500 | 0000 e995 | 3fff ff4c | 8b6d c04c | 8b75 c84e | 8d74 f500 | c348 8b43 | 1848 85c0 
  0x000001bcb963cf40: 0f84 1200 | 0000 8b48 | 0883 c102 | 8948 0823 | 481c 0f84 | 2c09 0000 | 493b a7e8 | 0400 000f 
  0x000001bcb963cf60: 8748 0000 | 0089 8424 | 00f0 ffff | 8984 2400 | e0ff ff89 | 8424 00d0 | ffff 8984 | 2400 c0ff 
  0x000001bcb963cf80: ff89 8424 | 00b0 ffff | 8984 2400 | a0ff ff89 | 8424 0090 | ffff 8984 | 2400 80ff | ff49 3ba7 
  0x000001bcb963cfa0: e004 0000 | 7607 4989 | a7e8 0400 | 0041 c687 | 7104 0000 | 0049 ba41 | ad27 bdfc | 7f00 0041 
  0x000001bcb963cfc0: 803a 000f | 843e 0000 | 0048 8b55 | e849 8bcf | 4883 ec20 | 40f6 c40f | 0f84 1900 | 0000 4883 
  0x000001bcb963cfe0: ec08 48b8 | 10ee d7bc | fc7f 0000 | ffd0 4883 | c408 e90c | 0000 0048 | b810 eed7 | bcfc 7f00 
  0x000001bcb963d000: 00ff d048 | 83c4 2048 | 8b5d e84c | 8b5b 0845 | 0fb7 5b2e | 41c1 e303 | 492b e348 | 83ec 2048 
  0x000001bcb963d020: 83e4 f04c | 8b5b 604d | 85db 0f85 | ab00 0000 | e805 0000 | 00e9 9900 | 0000 488b | d348 8d44 
  0x000001bcb963d040: 2408 4c89 | 6dc0 498b | cfc5 f877 | 4989 afb0 | 0300 0049 | 8987 a003 | 0000 4883 | ec20 40f6 
  0x000001bcb963d060: c40f 0f84 | 1900 0000 | 4883 ec08 | 48b8 f04d | a0bc fc7f | 0000 ffd0 | 4883 c408 | e90c 0000 
  0x000001bcb963d080: 0048 b8f0 | 4da0 bcfc | 7f00 00ff | d048 83c4 | 2049 c787 | a003 0000 | 0000 0000 | 49c7 87b0 
  0x000001bcb963d0a0: 0300 0000 | 0000 0049 | c787 a803 | 0000 0000 | 0000 c5f8 | 7749 837f | 0800 0f84 | 0500 0000 
  0x000001bcb963d0c0: e9fb 3dff | ff4c 8b6d | c04c 8b75 | c84e 8d74 | f500 c348 | 8b5d e84c | 8b5b 6041 | ffd3 488b 
  0x000001bcb963d0e0: 5de8 4889 | 4518 448b | 5b28 41f6 | c308 0f84 | 1b00 0000 | 4c8b 5b08 | 4d8b 5b08 | 4d8b 5b18 
  0x000001bcb963d100: 4d8b 5b70 | 4d8b 1b4c | 895d 1048 | 8d55 1048 | 8b43 5849 | ba60 3cd8 | bcfc 7f00 | 0049 3bc2 
  0x000001bcb963d120: 0f85 ab00 | 0000 e805 | 0000 00e9 | 9900 0000 | 488b d348 | 8d44 2408 | 4c89 6dc0 | 498b cfc5 
  0x000001bcb963d140: f877 4989 | afb0 0300 | 0049 8987 | a003 0000 | 4883 ec20 | 40f6 c40f | 0f84 1900 | 0000 4883 
  0x000001bcb963d160: ec08 48b8 | f04d a0bc | fc7f 0000 | ffd0 4883 | c408 e90c | 0000 0048 | b8f0 4da0 | bcfc 7f00 
  0x000001bcb963d180: 00ff d048 | 83c4 2049 | c787 a003 | 0000 0000 | 0000 49c7 | 87b0 0300 | 0000 0000 | 0049 c787 
  0x000001bcb963d1a0: a803 0000 | 0000 0000 | c5f8 7749 | 837f 0800 | 0f84 0500 | 0000 e905 | 3dff ff4c | 8b6d c04c 
  0x000001bcb963d1c0: 8b75 c84e | 8d74 f500 | c348 8b5d | e848 8b43 | 5849 8d8f | c003 0000 | c5f8 7749 | 89af b003 
  0x000001bcb963d1e0: 0000 49ba | d8d1 63b9 | bc01 0000 | 4d89 97a8 | 0300 0049 | 89a7 a003 | 0000 41c7 | 8744 0400 
  0x000001bcb963d200: 0004 0000 | 00ff d0c5 | f877 4883 | ec10 c5fb | 1104 2448 | 83ec 1048 | 8904 2448 | c744 2408 
  0x000001bcb963d220: 0000 0000 | 41c7 8744 | 0400 0005 | 0000 00f0 | 8344 24c0 | 0049 3baf | 4804 0000 | 0f87 0e00 
  0x000001bcb963d240: 0000 4183 | bf40 0400 | 0000 0f84 | 2000 0000 | 498b cf4c | 8be4 4883 | ec20 4883 | e4f0 48b8 
  0x000001bcb963d260: 90a9 a1bc | fc7f 0000 | ffd0 498b | e44d 33e4 | 41c7 8744 | 0400 0008 | 0000 0049 | c787 a003 
  0x000001bcb963d280: 0000 0000 | 0000 49c7 | 87b0 0300 | 0000 0000 | 0049 c787 | a803 0000 | 0000 0000 | c5f8 774d 
  0x000001bcb963d2a0: 8b9f 3004 | 0000 41c7 | 8300 0100 | 0000 0000 | 0049 bbda | a563 b9bc | 0100 004c | 3b5d 180f 
  0x000001bcb963d2c0: 8524 0200 | 0048 8b04 | 2448 83c4 | 1048 85c0 | 0f84 fe01 | 0000 a803 | 0f85 0800 | 0000 488b 
  0x000001bcb963d2e0: 00e9 ee01 | 0000 a801 | 0f85 0900 | 0000 488b | 40fe e9dd | 0100 0048 | 8b40 ff41 | 807f 3800 
  0x000001bcb963d300: 0f84 ce01 | 0000 4883 | f800 0f84 | c401 0000 | 4d8b 5f28 | 4983 fb00 | 0f84 1400 | 0000 4983 
  0x000001bcb963d320: eb08 4d89 | 5f28 4d03 | 5f30 4989 | 03e9 a201 | 0000 4881 | ecd0 0000 | 0048 8904 | 2448 894c 
  0x000001bcb963d340: 2408 4889 | 5424 1048 | 8974 2418 | 4889 7c24 | 204c 8944 | 2428 4c89 | 4c24 304c | 8954 2438 
  0x000001bcb963d360: 4c89 5c24 | 40c5 fb11 | 4424 50c5 | fb11 4c24 | 58c5 fb11 | 5424 60c5 | fb11 5c24 | 68c5 fb11 
  0x000001bcb963d380: 6424 70c5 | fb11 6c24 | 78c5 fb11 | b424 8000 | 0000 c5fb | 11bc 2488 | 0000 00c5 | 7b11 8424 
  0x000001bcb963d3a0: 9000 0000 | c57b 118c | 2498 0000 | 00c5 7b11 | 9424 a000 | 0000 c57b | 119c 24a8 | 0000 00c5 
  0x000001bcb963d3c0: 7b11 a424 | b000 0000 | c57b 11ac | 24b8 0000 | 00c5 7b11 | b424 c000 | 0000 c57b | 11bc 24c8 
  0x000001bcb963d3e0: 0000 0049 | 8bd7 488b | c848 83ec | 2040 f6c4 | 0f0f 8419 | 0000 0048 | 83ec 0848 | b8e0 0795 
  0x000001bcb963d400: bcfc 7f00 | 00ff d048 | 83c4 08e9 | 0c00 0000 | 48b8 e007 | 95bc fc7f | 0000 ffd0 | 4883 c420 
  0x000001bcb963d420: c57b 10bc | 24c8 0000 | 00c5 7b10 | b424 c000 | 0000 c57b | 10ac 24b8 | 0000 00c5 | 7b10 a424 
  0x000001bcb963d440: b000 0000 | c57b 109c | 24a8 0000 | 00c5 7b10 | 9424 a000 | 0000 c57b | 108c 2498 | 0000 00c5 
  0x000001bcb963d460: 7b10 8424 | 9000 0000 | c5fb 10bc | 2488 0000 | 00c5 fb10 | b424 8000 | 0000 c5fb | 106c 2478 
  0x000001bcb963d480: c5fb 1064 | 2470 c5fb | 105c 2468 | c5fb 1054 | 2460 c5fb | 104c 2458 | c5fb 1044 | 2450 4c8b 
  0x000001bcb963d4a0: 5c24 404c | 8b54 2438 | 4c8b 4c24 | 304c 8b44 | 2428 488b | 7c24 2048 | 8b74 2418 | 488b 5424 
  0x000001bcb963d4c0: 1048 8b4c | 2408 488b | 0424 4881 | c4d0 0000 | 00c5 f877 | 4889 4510 | 4883 ec10 | 4889 0424 
  0x000001bcb963d4e0: 48c7 4424 | 0800 0000 | 0041 83bf | c804 0000 | 020f 85bf | 0000 0048 | 81ec 8000 | 0000 4889 
  0x000001bcb963d500: 4424 7848 | 894c 2470 | 4889 5424 | 6848 895c | 2460 4889 | 6c24 5048 | 8974 2448 | 4889 7c24 
  0x000001bcb963d520: 404c 8944 | 2438 4c89 | 4c24 304c | 8954 2428 | 4c89 5c24 | 204c 8964 | 2418 4c89 | 6c24 104c 
  0x000001bcb963d540: 8974 2408 | 4c89 3c24 | 4c8b e448 | 83ec 2048 | 83e4 f048 | b8c0 22d8 | bcfc 7f00 | 00ff d049 
  0x000001bcb963d560: 8be4 4c8b | 3c24 4c8b | 7424 084c | 8b6c 2410 | 4c8b 6424 | 184c 8b5c | 2420 4c8b | 5424 284c 
  0x000001bcb963d580: 8b4c 2430 | 4c8b 4424 | 3848 8b7c | 2440 488b | 7424 4848 | 8b6c 2450 | 488b 5c24 | 6048 8b54 
  0x000001bcb963d5a0: 2468 488b | 4c24 7048 | 8b44 2478 | 4881 c480 | 0000 004d | 33e4 488b | 5de8 4c8b | 6b08 4d8d 
  0x000001bcb963d5c0: 6d38 4983 | 7f08 000f | 84bb 0000 | 00e8 0500 | 0000 e996 | 0000 0048 | 8d44 2408 | 4c89 6dc0 
  0x000001bcb963d5e0: 498b cfc5 | f877 4989 | afb0 0300 | 0049 8987 | a003 0000 | 4883 ec20 | 40f6 c40f | 0f84 1900 
  0x000001bcb963d600: 0000 4883 | ec08 48b8 | 006c a0bc | fc7f 0000 | ffd0 4883 | c408 e90c | 0000 0048 | b800 6ca0 
  0x000001bcb963d620: bcfc 7f00 | 00ff d048 | 83c4 2049 | c787 a003 | 0000 0000 | 0000 49c7 | 87b0 0300 | 0000 0000 
  0x000001bcb963d640: 0049 c787 | a803 0000 | 0000 0000 | c5f8 7749 | 837f 0800 | 0f84 0500 | 0000 e961 | 38ff ff4c 
  0x000001bcb963d660: 8b6d c04c | 8b75 c84e | 8d74 f500 | c348 b930 | d5ff bcfc | 7f00 0048 | 83e4 f048 | b870 4ac6 
  0x000001bcb963d680: bcfc 7f00 | 00ff d0f4 | 448b 5b28 | 41f6 c320 | 0f84 7901 | 0000 488d | 55a8 4c8b | 5a08 4d85 
  0x000001bcb963d6a0: db0f 85bb | 0000 00e8 | 0500 0000 | e996 0000 | 0048 8d44 | 2408 4c89 | 6dc0 498b | cfc5 f877 
  0x000001bcb963d6c0: 4989 afb0 | 0300 0049 | 8987 a003 | 0000 4883 | ec20 40f6 | c40f 0f84 | 1900 0000 | 4883 ec08 
  0x000001bcb963d6e0: 48b8 306b | a0bc fc7f | 0000 ffd0 | 4883 c408 | e90c 0000 | 0048 b830 | 6ba0 bcfc | 7f00 00ff 
  0x000001bcb963d700: d048 83c4 | 2049 c787 | a003 0000 | 0000 0000 | 49c7 87b0 | 0300 0000 | 0000 0049 | c787 a803 
  0x000001bcb963d720: 0000 0000 | 0000 c5f8 | 7749 837f | 0800 0f84 | 0500 0000 | e987 37ff | ff4c 8b6d | c04c 8b75 
  0x000001bcb963d740: c84e 8d74 | f500 c348 | b930 d5ff | bcfc 7f00 | 0048 83e4 | f048 b870 | 4ac6 bcfc | 7f00 00ff 
  0x000001bcb963d760: d0f4 4c89 | 6dc0 4c8b | 4a08 48c7 | 4208 0000 | 0000 458b | 8718 0600 | 004f 3b4c | 07f8 0f85 
  0x000001bcb963d780: 4900 0000 | 4183 af18 | 0600 0008 | 4f3b 4c07 | f00f 842a | 0000 0049 | 8b01 a802 | 0f85 1200 
  0x000001bcb963d7a0: 0000 4c8b | c049 83c8 | 01f0 4d0f | b101 0f84 | 0d00 0000 | 4183 8718 | 0600 0008 | e90c 0000 
  0x000001bcb963d7c0: 0049 ff8f | 5005 0000 | e93e 0000 | 004c 894a | 0848 8bca | 4883 ec20 | 40f6 c40f | 0f84 1900 
  0x000001bcb963d7e0: 0000 4883 | ec08 48b8 | f03d a0bc | fc7f 0000 | ffd0 4883 | c408 e90c | 0000 0048 | b8f0 3da0 
  0x000001bcb963d800: bcfc 7f00 | 00ff d048 | 83c4 204c | 8b6d c049 | ba41 ad27 | bdfc 7f00 | 0041 803a | 000f 843e 
  0x000001bcb963d820: 0000 0048 | 8b55 e849 | 8bcf 4883 | ec20 40f6 | c40f 0f84 | 1900 0000 | 4883 ec08 | 48b8 10ee 
  0x000001bcb963d840: d7bc fc7f | 0000 ffd0 | 4883 c408 | e90c 0000 | 0048 b810 | eed7 bcfc | 7f00 00ff | d048 83c4 
  0x000001bcb963d860: 2048 8b04 | 2448 83c4 | 10c5 fb10 | 0424 4883 | c410 4c8b | 5d18 41ff | d34c 8b5d | f8c9 5f49 
  0x000001bcb963d880: 8be3 ffe7 | ba00 0000 | 00e8 0500 | 0000 e996 | 0000 0048 | 8d44 2408 | 4c89 6dc0 | 498b cfc5 
  0x000001bcb963d8a0: f877 4989 | afb0 0300 | 0049 8987 | a003 0000 | 4883 ec20 | 40f6 c40f | 0f84 1900 | 0000 4883 
  0x000001bcb963d8c0: ec08 48b8 | a031 a0bc | fc7f 0000 | ffd0 4883 | c408 e90c | 0000 0048 | b8a0 31a0 | bcfc 7f00 
  0x000001bcb963d8e0: 00ff d048 | 83c4 2049 | c787 a003 | 0000 0000 | 0000 49c7 | 87b0 0300 | 0000 0000 | 0049 c787 
  0x000001bcb963d900: a803 0000 | 0000 0000 | c5f8 7749 | 837f 0800 | 0f84 0500 | 0000 e9a5 | 35ff ff4c | 8b6d c04c 
  0x000001bcb963d920: 8b75 c84e | 8d74 f500 | c348 8b5d | e8e9 26f6 | ffff 660f | 1f44 0000 
[/MachCode]

---------------  P R O C E S S  ---------------

Threads class SMR info:
_java_thread_list=0x000001bd0b52fec0, length=12, elements={
0x000001bca7725540, 0x000001bcc5ae06d0, 0x000001bcc5ae3ec0, 0x000001bcc5ae97d0,
0x000001bcc5ae9e40, 0x000001bcc5aea4b0, 0x000001bcc5af0b40, 0x000001bcc5af14e0,
0x000001bcc5af3bb0, 0x000001bcc5c3b5a0, 0x000001bcc5c41910, 0x000001bd0b7a9c60
}

Java Threads: ( => current thread )
=>0x000001bca7725540 JavaThread "main"                              [_thread_in_native, id=16112, stack(0x000000463ef00000,0x000000463f000000) (1024K)]
  0x000001bcc5ae06d0 JavaThread "Reference Handler"          daemon [_thread_blocked, id=21112, stack(0x000000463f700000,0x000000463f800000) (1024K)]
  0x000001bcc5ae3ec0 JavaThread "Finalizer"                  daemon [_thread_blocked, id=16884, stack(0x000000463f800000,0x000000463f900000) (1024K)]
  0x000001bcc5ae97d0 JavaThread "Signal Dispatcher"          daemon [_thread_blocked, id=19728, stack(0x000000463f900000,0x000000463fa00000) (1024K)]
  0x000001bcc5ae9e40 JavaThread "Attach Listener"            daemon [_thread_blocked, id=20836, stack(0x000000463fa00000,0x000000463fb00000) (1024K)]
  0x000001bcc5aea4b0 JavaThread "Service Thread"             daemon [_thread_blocked, id=22408, stack(0x000000463fb00000,0x000000463fc00000) (1024K)]
  0x000001bcc5af0b40 JavaThread "Monitor Deflation Thread"   daemon [_thread_blocked, id=15616, stack(0x000000463fc00000,0x000000463fd00000) (1024K)]
  0x000001bcc5af14e0 JavaThread "C2 CompilerThread0"         daemon [_thread_blocked, id=18672, stack(0x000000463fd00000,0x000000463fe00000) (1024K)]
  0x000001bcc5af3bb0 JavaThread "C1 CompilerThread0"         daemon [_thread_blocked, id=1072, stack(0x000000463fe00000,0x000000463ff00000) (1024K)]
  0x000001bcc5c3b5a0 JavaThread "Notification Thread"        daemon [_thread_blocked, id=21124, stack(0x000000463ff00000,0x0000004640000000) (1024K)]
  0x000001bcc5c41910 JavaThread "Common-Cleaner"             daemon [_thread_blocked, id=1992, stack(0x0000004640000000,0x0000004640100000) (1024K)]
  0x000001bd0b7a9c60 JavaThread "C2 CompilerThread1"         daemon [_thread_blocked, id=7644, stack(0x0000004640a00000,0x0000004640b00000) (1024K)]
Total: 12

Other Threads:
  0x000001bcc5acb6b0 VMThread "VM Thread"                           [id=16668, stack(0x000000463f600000,0x000000463f700000) (1024K)]
  0x000001bcc5ab9ee0 WatcherThread "VM Periodic Task Thread"        [id=3028, stack(0x000000463f500000,0x000000463f600000) (1024K)]
  0x000001bca9a19450 WorkerThread "GC Thread#0"                     [id=15332, stack(0x000000463f000000,0x000000463f100000) (1024K)]
  0x000001bd0b3d4510 WorkerThread "GC Thread#1"                     [id=13656, stack(0x0000004640100000,0x0000004640200000) (1024K)]
  0x000001bd0b3d5020 WorkerThread "GC Thread#2"                     [id=12512, stack(0x0000004640800000,0x0000004640900000) (1024K)]
  0x000001bd0b3d53d0 WorkerThread "GC Thread#3"                     [id=5952, stack(0x0000004640900000,0x0000004640a00000) (1024K)]
  0x000001bca9a2de00 ConcurrentGCThread "G1 Main Marker"            [id=22392, stack(0x000000463f100000,0x000000463f200000) (1024K)]
  0x000001bca9a2ffd0 WorkerThread "G1 Conc#0"                       [id=5740, stack(0x000000463f200000,0x000000463f300000) (1024K)]
  0x000001bcc598a100 ConcurrentGCThread "G1 Refine#0"               [id=17040, stack(0x000000463f300000,0x000000463f400000) (1024K)]
  0x000001bcc598c6b0 ConcurrentGCThread "G1 Service"                [id=22480, stack(0x000000463f400000,0x000000463f500000) (1024K)]
Total: 10

Threads with active compile tasks:
Total: 0

VM state: not at safepoint (normal execution)

VM Mutex/Monitor currently owned by a thread: None

Heap address: 0x0000000089600000, size: 1898 MB, Compressed Oops mode: 32-bit

CDS archive(s) mapped at: [0x000001bcc6000000-0x000001bcc6d70000-0x000001bcc6d70000), size 14090240, SharedBaseAddress: 0x000001bcc6000000, ArchiveRelocationMode: 1.
Compressed class space mapped at: 0x000001bcc7000000-0x000001bd07000000, reserved size: 1073741824
Narrow klass base: 0x000001bcc6000000, Narrow klass shift: 0, Narrow klass range: 0x41000000

GC Precious Log:
 CardTable entry size: 512
 Card Set container configuration: InlinePtr #cards 5 size 8 Array Of Cards #cards 10 size 36 Howl #buckets 4 coarsen threshold 1843 Howl Bitmap #cards 512 size 80 coarsen threshold 460 Card regions per heap region 1 cards per card region 2048
 CPUs: 4 total, 4 available
 Memory: 7591M
 Large Page Support: Disabled
 NUMA Support: Disabled
 Compressed Oops: Enabled (32-bit)
 Heap Region Size: 1M
 Heap Min Capacity: 8M
 Heap Initial Capacity: 120M
 Heap Max Capacity: 1898M
 Pre-touch: Disabled
 Parallel Workers: 4
 Concurrent Workers: 1
 Concurrent Refinement Workers: 4
 Periodic GC: Disabled

Heap:
 garbage-first heap   total reserved 1943552K, committed 122880K, used 42386K [0x0000000089600000, 0x0000000100000000)
  region size 1024K, 34 young (34816K), 1 survivors (1024K)
 Metaspace       used 5173K, committed 5376K, reserved 1114112K
  class space    used 281K, committed 384K, reserved 1048576K

Heap Regions: E=young(eden), S=young(survivor), O=old, HS=humongous(starts), HC=humongous(continues), CS=collection set, F=free, TAMS=top-at-mark-start, PB=parsable bottom
|   0|0x0000000089600000, 0x0000000089700000, 0x0000000089700000|100%| O|  |TAMS 0x0000000089600000| PB 0x0000000089600000| Untracked |  0
|   1|0x0000000089700000, 0x0000000089800000, 0x0000000089800000|100%| O|  |TAMS 0x0000000089700000| PB 0x0000000089700000| Untracked |  0
|   2|0x0000000089800000, 0x0000000089900000, 0x0000000089900000|100%| O|  |TAMS 0x0000000089800000| PB 0x0000000089800000| Untracked |  0
|   3|0x0000000089900000, 0x0000000089a00000, 0x0000000089a00000|100%| O|  |TAMS 0x0000000089900000| PB 0x0000000089900000| Untracked |  0
|   4|0x0000000089a00000, 0x0000000089b00000, 0x0000000089b00000|100%| O|  |TAMS 0x0000000089a00000| PB 0x0000000089a00000| Untracked |  0
|   5|0x0000000089b00000, 0x0000000089c00000, 0x0000000089c00000|100%| O|  |TAMS 0x0000000089b00000| PB 0x0000000089b00000| Untracked |  0
|   6|0x0000000089c00000, 0x0000000089d00000, 0x0000000089d00000|100%| O|  |TAMS 0x0000000089c00000| PB 0x0000000089c00000| Untracked |  0
|   7|0x0000000089d00000, 0x0000000089e00000, 0x0000000089e00000|100%| O|  |TAMS 0x0000000089d00000| PB 0x0000000089d00000| Untracked |  0
|   8|0x0000000089e00000, 0x0000000089f00000, 0x0000000089f00000|100%| O|  |TAMS 0x0000000089e00000| PB 0x0000000089e00000| Untracked |  0
|   9|0x0000000089f00000, 0x000000008a000000, 0x000000008a000000|100%| O|  |TAMS 0x0000000089f00000| PB 0x0000000089f00000| Untracked |  0
|  10|0x000000008a000000, 0x000000008a000000, 0x000000008a100000|  0%| F|  |TAMS 0x000000008a000000| PB 0x000000008a000000| Untracked |  0
|  11|0x000000008a100000, 0x000000008a100000, 0x000000008a200000|  0%| F|  |TAMS 0x000000008a100000| PB 0x000000008a100000| Untracked |  0
|  12|0x000000008a200000, 0x000000008a200000, 0x000000008a300000|  0%| F|  |TAMS 0x000000008a200000| PB 0x000000008a200000| Untracked |  0
|  13|0x000000008a300000, 0x000000008a300000, 0x000000008a400000|  0%| F|  |TAMS 0x000000008a300000| PB 0x000000008a300000| Untracked |  0
|  14|0x000000008a400000, 0x000000008a400000, 0x000000008a500000|  0%| F|  |TAMS 0x000000008a400000| PB 0x000000008a400000| Untracked |  0
|  15|0x000000008a500000, 0x000000008a500000, 0x000000008a600000|  0%| F|  |TAMS 0x000000008a500000| PB 0x000000008a500000| Untracked |  0
|  16|0x000000008a600000, 0x000000008a600000, 0x000000008a700000|  0%| F|  |TAMS 0x000000008a600000| PB 0x000000008a600000| Untracked |  0
|  17|0x000000008a700000, 0x000000008a700000, 0x000000008a800000|  0%| F|  |TAMS 0x000000008a700000| PB 0x000000008a700000| Untracked |  0
|  18|0x000000008a800000, 0x000000008a800000, 0x000000008a900000|  0%| F|  |TAMS 0x000000008a800000| PB 0x000000008a800000| Untracked |  0
|  19|0x000000008a900000, 0x000000008a900000, 0x000000008aa00000|  0%| F|  |TAMS 0x000000008a900000| PB 0x000000008a900000| Untracked |  0
|  20|0x000000008aa00000, 0x000000008aa00000, 0x000000008ab00000|  0%| F|  |TAMS 0x000000008aa00000| PB 0x000000008aa00000| Untracked |  0
|  21|0x000000008ab00000, 0x000000008ab00000, 0x000000008ac00000|  0%| F|  |TAMS 0x000000008ab00000| PB 0x000000008ab00000| Untracked |  0
|  22|0x000000008ac00000, 0x000000008ac00000, 0x000000008ad00000|  0%| F|  |TAMS 0x000000008ac00000| PB 0x000000008ac00000| Untracked |  0
|  23|0x000000008ad00000, 0x000000008ad00000, 0x000000008ae00000|  0%| F|  |TAMS 0x000000008ad00000| PB 0x000000008ad00000| Untracked |  0
|  24|0x000000008ae00000, 0x000000008ae00000, 0x000000008af00000|  0%| F|  |TAMS 0x000000008ae00000| PB 0x000000008ae00000| Untracked |  0
|  25|0x000000008af00000, 0x000000008af00000, 0x000000008b000000|  0%| F|  |TAMS 0x000000008af00000| PB 0x000000008af00000| Untracked |  0
|  26|0x000000008b000000, 0x000000008b000000, 0x000000008b100000|  0%| F|  |TAMS 0x000000008b000000| PB 0x000000008b000000| Untracked |  0
|  27|0x000000008b100000, 0x000000008b100000, 0x000000008b200000|  0%| F|  |TAMS 0x000000008b100000| PB 0x000000008b100000| Untracked |  0
|  28|0x000000008b200000, 0x000000008b200000, 0x000000008b300000|  0%| F|  |TAMS 0x000000008b200000| PB 0x000000008b200000| Untracked |  0
|  29|0x000000008b300000, 0x000000008b300000, 0x000000008b400000|  0%| F|  |TAMS 0x000000008b300000| PB 0x000000008b300000| Untracked |  0
|  30|0x000000008b400000, 0x000000008b400000, 0x000000008b500000|  0%| F|  |TAMS 0x000000008b400000| PB 0x000000008b400000| Untracked |  0
|  31|0x000000008b500000, 0x000000008b500000, 0x000000008b600000|  0%| F|  |TAMS 0x000000008b500000| PB 0x000000008b500000| Untracked |  0
|  32|0x000000008b600000, 0x000000008b600000, 0x000000008b700000|  0%| F|  |TAMS 0x000000008b600000| PB 0x000000008b600000| Untracked |  0
|  33|0x000000008b700000, 0x000000008b700000, 0x000000008b800000|  0%| F|  |TAMS 0x000000008b700000| PB 0x000000008b700000| Untracked |  0
|  34|0x000000008b800000, 0x000000008b800000, 0x000000008b900000|  0%| F|  |TAMS 0x000000008b800000| PB 0x000000008b800000| Untracked |  0
|  35|0x000000008b900000, 0x000000008b900000, 0x000000008ba00000|  0%| F|  |TAMS 0x000000008b900000| PB 0x000000008b900000| Untracked |  0
|  36|0x000000008ba00000, 0x000000008ba00000, 0x000000008bb00000|  0%| F|  |TAMS 0x000000008ba00000| PB 0x000000008ba00000| Untracked |  0
|  37|0x000000008bb00000, 0x000000008bb00000, 0x000000008bc00000|  0%| F|  |TAMS 0x000000008bb00000| PB 0x000000008bb00000| Untracked |  0
|  38|0x000000008bc00000, 0x000000008bc00000, 0x000000008bd00000|  0%| F|  |TAMS 0x000000008bc00000| PB 0x000000008bc00000| Untracked |  0
|  39|0x000000008bd00000, 0x000000008bd00000, 0x000000008be00000|  0%| F|  |TAMS 0x000000008bd00000| PB 0x000000008bd00000| Untracked |  0
|  40|0x000000008be00000, 0x000000008be00000, 0x000000008bf00000|  0%| F|  |TAMS 0x000000008be00000| PB 0x000000008be00000| Untracked |  0
|  41|0x000000008bf00000, 0x000000008bf00000, 0x000000008c000000|  0%| F|  |TAMS 0x000000008bf00000| PB 0x000000008bf00000| Untracked |  0
|  42|0x000000008c000000, 0x000000008c000000, 0x000000008c100000|  0%| F|  |TAMS 0x000000008c000000| PB 0x000000008c000000| Untracked |  0
|  43|0x000000008c100000, 0x000000008c100000, 0x000000008c200000|  0%| F|  |TAMS 0x000000008c100000| PB 0x000000008c100000| Untracked |  0
|  44|0x000000008c200000, 0x000000008c200000, 0x000000008c300000|  0%| F|  |TAMS 0x000000008c200000| PB 0x000000008c200000| Untracked |  0
|  45|0x000000008c300000, 0x000000008c300000, 0x000000008c400000|  0%| F|  |TAMS 0x000000008c300000| PB 0x000000008c300000| Untracked |  0
|  46|0x000000008c400000, 0x000000008c400000, 0x000000008c500000|  0%| F|  |TAMS 0x000000008c400000| PB 0x000000008c400000| Untracked |  0
|  47|0x000000008c500000, 0x000000008c500000, 0x000000008c600000|  0%| F|  |TAMS 0x000000008c500000| PB 0x000000008c500000| Untracked |  0
|  48|0x000000008c600000, 0x000000008c600000, 0x000000008c700000|  0%| F|  |TAMS 0x000000008c600000| PB 0x000000008c600000| Untracked |  0
|  49|0x000000008c700000, 0x000000008c700000, 0x000000008c800000|  0%| F|  |TAMS 0x000000008c700000| PB 0x000000008c700000| Untracked |  0
|  50|0x000000008c800000, 0x000000008c800000, 0x000000008c900000|  0%| F|  |TAMS 0x000000008c800000| PB 0x000000008c800000| Untracked |  0
|  51|0x000000008c900000, 0x000000008c900000, 0x000000008ca00000|  0%| F|  |TAMS 0x000000008c900000| PB 0x000000008c900000| Untracked |  0
|  52|0x000000008ca00000, 0x000000008ca00000, 0x000000008cb00000|  0%| F|  |TAMS 0x000000008ca00000| PB 0x000000008ca00000| Untracked |  0
|  53|0x000000008cb00000, 0x000000008cb00000, 0x000000008cc00000|  0%| F|  |TAMS 0x000000008cb00000| PB 0x000000008cb00000| Untracked |  0
|  54|0x000000008cc00000, 0x000000008cc00000, 0x000000008cd00000|  0%| F|  |TAMS 0x000000008cc00000| PB 0x000000008cc00000| Untracked |  0
|  55|0x000000008cd00000, 0x000000008cd00000, 0x000000008ce00000|  0%| F|  |TAMS 0x000000008cd00000| PB 0x000000008cd00000| Untracked |  0
|  56|0x000000008ce00000, 0x000000008ce00000, 0x000000008cf00000|  0%| F|  |TAMS 0x000000008ce00000| PB 0x000000008ce00000| Untracked |  0
|  57|0x000000008cf00000, 0x000000008cf00000, 0x000000008d000000|  0%| F|  |TAMS 0x000000008cf00000| PB 0x000000008cf00000| Untracked |  0
|  58|0x000000008d000000, 0x000000008d000000, 0x000000008d100000|  0%| F|  |TAMS 0x000000008d000000| PB 0x000000008d000000| Untracked |  0
|  59|0x000000008d100000, 0x000000008d100000, 0x000000008d200000|  0%| F|  |TAMS 0x000000008d100000| PB 0x000000008d100000| Untracked |  0
|  60|0x000000008d200000, 0x000000008d200000, 0x000000008d300000|  0%| F|  |TAMS 0x000000008d200000| PB 0x000000008d200000| Untracked |  0
|  61|0x000000008d300000, 0x000000008d300000, 0x000000008d400000|  0%| F|  |TAMS 0x000000008d300000| PB 0x000000008d300000| Untracked |  0
|  62|0x000000008d400000, 0x000000008d400000, 0x000000008d500000|  0%| F|  |TAMS 0x000000008d400000| PB 0x000000008d400000| Untracked |  0
|  63|0x000000008d500000, 0x000000008d500000, 0x000000008d600000|  0%| F|  |TAMS 0x000000008d500000| PB 0x000000008d500000| Untracked |  0
|  64|0x000000008d600000, 0x000000008d600000, 0x000000008d700000|  0%| F|  |TAMS 0x000000008d600000| PB 0x000000008d600000| Untracked |  0
|  65|0x000000008d700000, 0x000000008d700000, 0x000000008d800000|  0%| F|  |TAMS 0x000000008d700000| PB 0x000000008d700000| Untracked |  0
|  66|0x000000008d800000, 0x000000008d800000, 0x000000008d900000|  0%| F|  |TAMS 0x000000008d800000| PB 0x000000008d800000| Untracked |  0
|  67|0x000000008d900000, 0x000000008d900000, 0x000000008da00000|  0%| F|  |TAMS 0x000000008d900000| PB 0x000000008d900000| Untracked |  0
|  68|0x000000008da00000, 0x000000008da00000, 0x000000008db00000|  0%| F|  |TAMS 0x000000008da00000| PB 0x000000008da00000| Untracked |  0
|  69|0x000000008db00000, 0x000000008db00000, 0x000000008dc00000|  0%| F|  |TAMS 0x000000008db00000| PB 0x000000008db00000| Untracked |  0
|  70|0x000000008dc00000, 0x000000008dc00000, 0x000000008dd00000|  0%| F|  |TAMS 0x000000008dc00000| PB 0x000000008dc00000| Untracked |  0
|  71|0x000000008dd00000, 0x000000008dd00000, 0x000000008de00000|  0%| F|  |TAMS 0x000000008dd00000| PB 0x000000008dd00000| Untracked |  0
|  72|0x000000008de00000, 0x000000008de00000, 0x000000008df00000|  0%| F|  |TAMS 0x000000008de00000| PB 0x000000008de00000| Untracked |  0
|  73|0x000000008df00000, 0x000000008df00000, 0x000000008e000000|  0%| F|  |TAMS 0x000000008df00000| PB 0x000000008df00000| Untracked |  0
|  74|0x000000008e000000, 0x000000008e000000, 0x000000008e100000|  0%| F|  |TAMS 0x000000008e000000| PB 0x000000008e000000| Untracked |  0
|  75|0x000000008e100000, 0x000000008e100000, 0x000000008e200000|  0%| F|  |TAMS 0x000000008e100000| PB 0x000000008e100000| Untracked |  0
|  76|0x000000008e200000, 0x000000008e200000, 0x000000008e300000|  0%| F|  |TAMS 0x000000008e200000| PB 0x000000008e200000| Untracked |  0
|  77|0x000000008e300000, 0x000000008e300000, 0x000000008e400000|  0%| F|  |TAMS 0x000000008e300000| PB 0x000000008e300000| Untracked |  0
|  78|0x000000008e400000, 0x000000008e400000, 0x000000008e500000|  0%| F|  |TAMS 0x000000008e400000| PB 0x000000008e400000| Untracked |  0
|  79|0x000000008e500000, 0x000000008e500000, 0x000000008e600000|  0%| F|  |TAMS 0x000000008e500000| PB 0x000000008e500000| Untracked |  0
|  80|0x000000008e600000, 0x000000008e600000, 0x000000008e700000|  0%| F|  |TAMS 0x000000008e600000| PB 0x000000008e600000| Untracked |  0
|  81|0x000000008e700000, 0x000000008e700000, 0x000000008e800000|  0%| F|  |TAMS 0x000000008e700000| PB 0x000000008e700000| Untracked |  0
|  82|0x000000008e800000, 0x000000008e800000, 0x000000008e900000|  0%| F|  |TAMS 0x000000008e800000| PB 0x000000008e800000| Untracked |  0
|  83|0x000000008e900000, 0x000000008e900000, 0x000000008ea00000|  0%| F|  |TAMS 0x000000008e900000| PB 0x000000008e900000| Untracked |  0
|  84|0x000000008ea00000, 0x000000008ea00000, 0x000000008eb00000|  0%| F|  |TAMS 0x000000008ea00000| PB 0x000000008ea00000| Untracked |  0
|  85|0x000000008eb00000, 0x000000008eb00000, 0x000000008ec00000|  0%| F|  |TAMS 0x000000008eb00000| PB 0x000000008eb00000| Untracked |  0
|  86|0x000000008ec00000, 0x000000008ed00000, 0x000000008ed00000|100%| E|  |TAMS 0x000000008ec00000| PB 0x000000008ec00000| Complete |  0
|  87|0x000000008ed00000, 0x000000008ee00000, 0x000000008ee00000|100%| E|CS|TAMS 0x000000008ed00000| PB 0x000000008ed00000| Complete |  0
|  88|0x000000008ee00000, 0x000000008ef00000, 0x000000008ef00000|100%| E|  |TAMS 0x000000008ee00000| PB 0x000000008ee00000| Complete |  0
|  89|0x000000008ef00000, 0x000000008f000000, 0x000000008f000000|100%| E|CS|TAMS 0x000000008ef00000| PB 0x000000008ef00000| Complete |  0
|  90|0x000000008f000000, 0x000000008f100000, 0x000000008f100000|100%| E|CS|TAMS 0x000000008f000000| PB 0x000000008f000000| Complete |  0
|  91|0x000000008f100000, 0x000000008f200000, 0x000000008f200000|100%| E|CS|TAMS 0x000000008f100000| PB 0x000000008f100000| Complete |  0
|  92|0x000000008f200000, 0x000000008f300000, 0x000000008f300000|100%| E|CS|TAMS 0x000000008f200000| PB 0x000000008f200000| Complete |  0
|  93|0x000000008f300000, 0x000000008f400000, 0x000000008f400000|100%| E|CS|TAMS 0x000000008f300000| PB 0x000000008f300000| Complete |  0
|  94|0x000000008f400000, 0x000000008f500000, 0x000000008f500000|100%| E|CS|TAMS 0x000000008f400000| PB 0x000000008f400000| Complete |  0
|  95|0x000000008f500000, 0x000000008f600000, 0x000000008f600000|100%| E|CS|TAMS 0x000000008f500000| PB 0x000000008f500000| Complete |  0
|  96|0x000000008f600000, 0x000000008f700000, 0x000000008f700000|100%| E|CS|TAMS 0x000000008f600000| PB 0x000000008f600000| Complete |  0
|  97|0x000000008f700000, 0x000000008f7648c0, 0x000000008f800000| 39%| S|CS|TAMS 0x000000008f700000| PB 0x000000008f700000| Complete |  0
|  98|0x000000008f800000, 0x000000008f900000, 0x000000008f900000|100%| E|CS|TAMS 0x000000008f800000| PB 0x000000008f800000| Complete |  0
|  99|0x000000008f900000, 0x000000008fa00000, 0x000000008fa00000|100%| E|CS|TAMS 0x000000008f900000| PB 0x000000008f900000| Complete |  0
| 100|0x000000008fa00000, 0x000000008fb00000, 0x000000008fb00000|100%| E|CS|TAMS 0x000000008fa00000| PB 0x000000008fa00000| Complete |  0
| 101|0x000000008fb00000, 0x000000008fc00000, 0x000000008fc00000|100%| E|CS|TAMS 0x000000008fb00000| PB 0x000000008fb00000| Complete |  0
| 102|0x000000008fc00000, 0x000000008fd00000, 0x000000008fd00000|100%| E|CS|TAMS 0x000000008fc00000| PB 0x000000008fc00000| Complete |  0
| 103|0x000000008fd00000, 0x000000008fe00000, 0x000000008fe00000|100%| E|CS|TAMS 0x000000008fd00000| PB 0x000000008fd00000| Complete |  0
| 104|0x000000008fe00000, 0x000000008ff00000, 0x000000008ff00000|100%| E|CS|TAMS 0x000000008fe00000| PB 0x000000008fe00000| Complete |  0
| 105|0x000000008ff00000, 0x0000000090000000, 0x0000000090000000|100%| E|CS|TAMS 0x000000008ff00000| PB 0x000000008ff00000| Complete |  0
| 106|0x0000000090000000, 0x0000000090100000, 0x0000000090100000|100%| E|CS|TAMS 0x0000000090000000| PB 0x0000000090000000| Complete |  0
| 107|0x0000000090100000, 0x0000000090200000, 0x0000000090200000|100%| E|CS|TAMS 0x0000000090100000| PB 0x0000000090100000| Complete |  0
| 108|0x0000000090200000, 0x0000000090300000, 0x0000000090300000|100%| E|CS|TAMS 0x0000000090200000| PB 0x0000000090200000| Complete |  0
| 109|0x0000000090300000, 0x0000000090400000, 0x0000000090400000|100%| E|CS|TAMS 0x0000000090300000| PB 0x0000000090300000| Complete |  0
| 110|0x0000000090400000, 0x0000000090500000, 0x0000000090500000|100%| E|CS|TAMS 0x0000000090400000| PB 0x0000000090400000| Complete |  0
| 111|0x0000000090500000, 0x0000000090600000, 0x0000000090600000|100%| E|CS|TAMS 0x0000000090500000| PB 0x0000000090500000| Complete |  0
| 112|0x0000000090600000, 0x0000000090700000, 0x0000000090700000|100%| E|CS|TAMS 0x0000000090600000| PB 0x0000000090600000| Complete |  0
| 113|0x0000000090700000, 0x0000000090800000, 0x0000000090800000|100%| E|CS|TAMS 0x0000000090700000| PB 0x0000000090700000| Complete |  0
| 114|0x0000000090800000, 0x0000000090900000, 0x0000000090900000|100%| E|CS|TAMS 0x0000000090800000| PB 0x0000000090800000| Complete |  0
| 115|0x0000000090900000, 0x0000000090a00000, 0x0000000090a00000|100%| E|CS|TAMS 0x0000000090900000| PB 0x0000000090900000| Complete |  0
| 116|0x0000000090a00000, 0x0000000090b00000, 0x0000000090b00000|100%| E|CS|TAMS 0x0000000090a00000| PB 0x0000000090a00000| Complete |  0
| 117|0x0000000090b00000, 0x0000000090c00000, 0x0000000090c00000|100%| E|CS|TAMS 0x0000000090b00000| PB 0x0000000090b00000| Complete |  0
| 118|0x0000000090c00000, 0x0000000090d00000, 0x0000000090d00000|100%| E|CS|TAMS 0x0000000090c00000| PB 0x0000000090c00000| Complete |  0
| 119|0x0000000090d00000, 0x0000000090e00000, 0x0000000090e00000|100%| E|CS|TAMS 0x0000000090d00000| PB 0x0000000090d00000| Complete |  0

Card table byte_map: [0x000001bcc14c0000,0x000001bcc1880000] _byte_map_base: 0x000001bcc1075000

Marking Bits: (CMBitMap*) 0x000001bca9a1aa80
 Bits: [0x000001bcc1880000, 0x000001bcc3628000)

Polling page: 0x000001bca9190000

Metaspace:

Usage:
  Non-class:      4.78 MB used.
      Class:    281.34 KB used.
       Both:      5.05 MB used.

Virtual space:
  Non-class space:       64.00 MB reserved,       4.88 MB (  8%) committed,  1 nodes.
      Class space:        1.00 GB reserved,     384.00 KB ( <1%) committed,  1 nodes.
             Both:        1.06 GB reserved,       5.25 MB ( <1%) committed. 

Chunk freelists:
   Non-Class:  8.86 MB
       Class:  15.58 MB
        Both:  24.44 MB

MaxMetaspaceSize: unlimited
CompressedClassSpaceSize: 1.00 GB
Initial GC threshold: 21.00 MB
Current GC threshold: 21.00 MB
CDS: on
 - commit_granule_bytes: 65536.
 - commit_granule_words: 8192.
 - virtual_space_node_default_size: 8388608.
 - enlarge_chunks_in_place: 1.
 - use_allocation_guard: 0.


Internal statistics:

num_allocs_failed_limit: 0.
num_arena_births: 88.
num_arena_deaths: 0.
num_vsnodes_births: 2.
num_vsnodes_deaths: 0.
num_space_committed: 83.
num_space_uncommitted: 0.
num_chunks_returned_to_freelist: 0.
num_chunks_taken_from_freelist: 231.
num_chunk_merges: 0.
num_chunk_splits: 158.
num_chunks_enlarged: 119.
num_inconsistent_stats: 0.

CodeHeap 'non-profiled nmethods': size=120064Kb used=262Kb max_used=262Kb free=119801Kb
 bounds [0x000001bcb9bc0000, 0x000001bcb9e30000, 0x000001bcc1100000]
CodeHeap 'profiled nmethods': size=120000Kb used=1288Kb max_used=1288Kb free=118711Kb
 bounds [0x000001bcb2100000, 0x000001bcb2370000, 0x000001bcb9630000]
CodeHeap 'non-nmethods': size=5696Kb used=2180Kb max_used=2180Kb free=3515Kb
 bounds [0x000001bcb9630000, 0x000001bcb98a0000, 0x000001bcb9bc0000]
CodeCache: size=245760Kb, used=3730Kb, max_used=3730Kb, free=242027Kb
 total_blobs=2062, nmethods=888, adapters=1080, full_count=0
Compilation: enabled, stopped_count=0, restarted_count=0

Compilation events (20 events):
Event: 1.274 Thread 0x000001bcc5af3bb0 nmethod 876 0x000001bcb223e108 code [0x000001bcb223e260, 0x000001bcb223e4e8]
Event: 1.274 Thread 0x000001bcc5af3bb0  878       1       java.util.jar.Manifest::getEntries (5 bytes)
Event: 1.274 Thread 0x000001bcc5af3bb0 nmethod 878 0x000001bcb9c00c08 code [0x000001bcb9c00d20, 0x000001bcb9c00de8]
Event: 1.274 Thread 0x000001bcc5af3bb0  879       1       java.util.jar.Manifest::getMainAttributes (5 bytes)
Event: 1.274 Thread 0x000001bcc5af3bb0 nmethod 879 0x000001bcb9c00f08 code [0x000001bcb9c01020, 0x000001bcb9c010e8]
Event: 1.274 Thread 0x000001bcc5af3bb0  881       1       java.util.zip.ZipEntry::getCrc (5 bytes)
Event: 1.274 Thread 0x000001bd0b7a9c60 nmethod 880 0x000001bcb9c01208 code [0x000001bcb9c01300, 0x000001bcb9c01418]
Event: 1.274 Thread 0x000001bcc5af3bb0 nmethod 881 0x000001bcb9c01508 code [0x000001bcb9c01620, 0x000001bcb9c016e8]
Event: 1.278 Thread 0x000001bcc5af3bb0  882       3       jdk.internal.loader.ClassLoaders$AppClassLoader::loadClass (40 bytes)
Event: 1.279 Thread 0x000001bcc5af3bb0 nmethod 882 0x000001bcb223e588 code [0x000001bcb223e6e0, 0x000001bcb223eac8]
Event: 1.284 Thread 0x000001bcc5af3bb0  883   !   3       java.util.concurrent.ConcurrentHashMap::computeIfAbsent (576 bytes)
Event: 1.286 Thread 0x000001bcc5af3bb0 nmethod 883 0x000001bcb223eb08 code [0x000001bcb223eec0, 0x000001bcb2241208]
Event: 1.286 Thread 0x000001bcc5af3bb0  884       3       org.lwjgl.system.Checks::checkBuffer (11 bytes)
Event: 1.286 Thread 0x000001bcc5af3bb0 nmethod 884 0x000001bcb2241288 code [0x000001bcb22413a0, 0x000001bcb22414e0]
Event: 1.286 Thread 0x000001bcc5af3bb0  886       3       org.lwjgl.system.Checks::checkSafe (13 bytes)
Event: 1.287 Thread 0x000001bcc5af3bb0 nmethod 886 0x000001bcb2241588 code [0x000001bcb22416c0, 0x000001bcb2241940]
Event: 1.287 Thread 0x000001bcc5af3bb0  887       3       org.lwjgl.system.MemoryUtil::memAddressSafe (21 bytes)
Event: 1.287 Thread 0x000001bcc5af3bb0 nmethod 887 0x000001bcb2241988 code [0x000001bcb2241ae0, 0x000001bcb2241e38]
Event: 1.287 Thread 0x000001bcc5af3bb0  888       3       java.lang.Record::<init> (5 bytes)
Event: 1.287 Thread 0x000001bcc5af3bb0 nmethod 888 0x000001bcb2241e88 code [0x000001bcb2241fa0, 0x000001bcb2242108]

GC Heap History (6 events):
Event: 1.127 GC heap before
{Heap before GC invocations=0 (full 0):
 garbage-first heap   total reserved 1943552K, committed 122880K, used 14336K [0x0000000089600000, 0x0000000100000000)
  region size 1024K, 14 young (14336K), 0 survivors (0K)
 Metaspace       used 4430K, committed 4672K, reserved 1114112K
  class space    used 256K, committed 384K, reserved 1048576K
}
Event: 1.138 GC heap after
{Heap after GC invocations=1 (full 0):
 garbage-first heap   total reserved 1943552K, committed 122880K, used 5888K [0x0000000089600000, 0x0000000100000000)
  region size 1024K, 2 young (2048K), 2 survivors (2048K)
 Metaspace       used 4430K, committed 4672K, reserved 1114112K
  class space    used 256K, committed 384K, reserved 1048576K
}
Event: 1.156 GC heap before
{Heap before GC invocations=1 (full 0):
 garbage-first heap   total reserved 1943552K, committed 122880K, used 17152K [0x0000000089600000, 0x0000000100000000)
  region size 1024K, 13 young (13312K), 2 survivors (2048K)
 Metaspace       used 4478K, committed 4736K, reserved 1114112K
  class space    used 259K, committed 384K, reserved 1048576K
}
Event: 1.165 GC heap after
{Heap after GC invocations=2 (full 0):
 garbage-first heap   total reserved 1943552K, committed 122880K, used 9942K [0x0000000089600000, 0x0000000100000000)
  region size 1024K, 2 young (2048K), 2 survivors (2048K)
 Metaspace       used 4478K, committed 4736K, reserved 1114112K
  class space    used 259K, committed 384K, reserved 1048576K
}
Event: 1.183 GC heap before
{Heap before GC invocations=2 (full 0):
 garbage-first heap   total reserved 1943552K, committed 122880K, used 29398K [0x0000000089600000, 0x0000000100000000)
  region size 1024K, 22 young (22528K), 2 survivors (2048K)
 Metaspace       used 4482K, committed 4736K, reserved 1114112K
  class space    used 259K, committed 384K, reserved 1048576K
}
Event: 1.187 GC heap after
{Heap after GC invocations=3 (full 0):
 garbage-first heap   total reserved 1943552K, committed 122880K, used 10642K [0x0000000089600000, 0x0000000100000000)
  region size 1024K, 1 young (1024K), 1 survivors (1024K)
 Metaspace       used 4482K, committed 4736K, reserved 1114112K
  class space    used 259K, committed 384K, reserved 1048576K
}

Dll operation events (10 events):
Event: 0.012 Loaded shared library C:\Users\Client\.jdks\openjdk-23.0.1\bin\java.dll
Event: 0.069 Loaded shared library C:\Users\Client\.jdks\openjdk-23.0.1\bin\jsvml.dll
Event: 0.136 Loaded shared library C:\Users\Client\.jdks\openjdk-23.0.1\bin\net.dll
Event: 0.138 Loaded shared library C:\Users\Client\.jdks\openjdk-23.0.1\bin\nio.dll
Event: 0.142 Loaded shared library C:\Users\Client\.jdks\openjdk-23.0.1\bin\zip.dll
Event: 0.203 Loaded shared library C:\Users\Client\.jdks\openjdk-23.0.1\bin\verify.dll
Event: 0.226 Loaded shared library C:\Users\Client\.jdks\openjdk-23.0.1\bin\jimage.dll
Event: 0.327 Loaded shared library C:\Users\Client\AppData\Local\Temp\lwjgl_Client\3.3.6+1\x64\lwjgl.dll
Event: 0.665 Loaded shared library C:\Users\Client\AppData\Local\Temp\lwjgl_Client\3.3.6+1\x64\lwjgl_opengl.dll
Event: 1.234 Loaded shared library C:\Users\Client\AppData\Local\Temp\lwjgl_Client\3.3.6+1\x64\lwjgl_stb.dll

Deoptimization events (20 events):
Event: 1.170 Thread 0x000001bca7725540 DEOPT PACKING pc=0x000001bcb21fb333 sp=0x000000463effeef0
Event: 1.170 Thread 0x000001bca7725540 DEOPT UNPACKING pc=0x000001bcb9684b22 sp=0x000000463effe390 mode 0
Event: 1.170 Thread 0x000001bca7725540 DEOPT PACKING pc=0x000001bcb21fb333 sp=0x000000463effeef0
Event: 1.170 Thread 0x000001bca7725540 DEOPT UNPACKING pc=0x000001bcb9684b22 sp=0x000000463effe390 mode 0
Event: 1.170 Thread 0x000001bca7725540 DEOPT PACKING pc=0x000001bcb21fb333 sp=0x000000463effeef0
Event: 1.170 Thread 0x000001bca7725540 DEOPT UNPACKING pc=0x000001bcb9684b22 sp=0x000000463effe390 mode 0
Event: 1.171 Thread 0x000001bca7725540 DEOPT PACKING pc=0x000001bcb21fb333 sp=0x000000463effeef0
Event: 1.171 Thread 0x000001bca7725540 DEOPT UNPACKING pc=0x000001bcb9684b22 sp=0x000000463effe390 mode 0
Event: 1.171 Thread 0x000001bca7725540 DEOPT PACKING pc=0x000001bcb21fb333 sp=0x000000463effeef0
Event: 1.171 Thread 0x000001bca7725540 DEOPT UNPACKING pc=0x000001bcb9684b22 sp=0x000000463effe390 mode 0
Event: 1.172 Thread 0x000001bca7725540 DEOPT PACKING pc=0x000001bcb21fb333 sp=0x000000463effeef0
Event: 1.172 Thread 0x000001bca7725540 DEOPT UNPACKING pc=0x000001bcb9684b22 sp=0x000000463effe390 mode 0
Event: 1.172 Thread 0x000001bca7725540 DEOPT PACKING pc=0x000001bcb21fb333 sp=0x000000463effeef0
Event: 1.172 Thread 0x000001bca7725540 DEOPT UNPACKING pc=0x000001bcb9684b22 sp=0x000000463effe390 mode 0
Event: 1.172 Thread 0x000001bca7725540 DEOPT PACKING pc=0x000001bcb21fb333 sp=0x000000463effeef0
Event: 1.172 Thread 0x000001bca7725540 DEOPT UNPACKING pc=0x000001bcb9684b22 sp=0x000000463effe390 mode 0
Event: 1.173 Thread 0x000001bca7725540 DEOPT PACKING pc=0x000001bcb21fb333 sp=0x000000463effeef0
Event: 1.173 Thread 0x000001bca7725540 DEOPT UNPACKING pc=0x000001bcb9684b22 sp=0x000000463effe390 mode 0
Event: 1.214 Thread 0x000001bca7725540 DEOPT PACKING pc=0x000001bcb213af8d sp=0x000000463effda20
Event: 1.214 Thread 0x000001bca7725540 DEOPT UNPACKING pc=0x000001bcb9684b22 sp=0x000000463effce70 mode 0

Classes loaded (20 events):
Event: 0.425 Loading class java/nio/InvalidMarkException
Event: 0.425 Loading class java/nio/InvalidMarkException done
Event: 0.425 Loading class java/nio/BufferUnderflowException
Event: 0.425 Loading class java/nio/BufferUnderflowException done
Event: 0.440 Loading class java/util/Formatter$FixedString
Event: 0.440 Loading class java/util/Formatter$FixedString done
Event: 0.458 Loading class java/lang/NoSuchFieldError
Event: 0.458 Loading class java/lang/NoSuchFieldError done
Event: 0.480 Loading class jdk/internal/reflect/MethodHandleIntegerFieldAccessorImpl
Event: 0.481 Loading class jdk/internal/reflect/MethodHandleIntegerFieldAccessorImpl done
Event: 1.064 Loading class java/io/BufferedReader
Event: 1.064 Loading class java/io/BufferedReader done
Event: 1.064 Loading class sun/nio/cs/StreamDecoder
Event: 1.064 Loading class sun/nio/cs/StreamDecoder done
Event: 1.065 Loading class sun/nio/cs/UTF_8$Decoder
Event: 1.065 Loading class sun/nio/cs/UTF_8$Decoder done
Event: 1.220 Loading class jdk/internal/foreign/MemorySessionImpl
Event: 1.220 Loading class java/lang/foreign/MemorySegment$Scope
Event: 1.220 Loading class java/lang/foreign/MemorySegment$Scope done
Event: 1.221 Loading class jdk/internal/foreign/MemorySessionImpl done

Classes unloaded (0 events):
No events

Classes redefined (0 events):
No events

Internal exceptions (20 events):
Event: 0.334 Thread 0x000001bca7725540 Exception <a 'sun/nio/fs/WindowsException'{0x000000009098f250}> (0x000000009098f250) 
thrown [s\open\src\hotspot\share\prims\jni.cpp, line 520]
Event: 0.415 Thread 0x000001bca7725540 Exception <a 'java/lang/NoSuchMethodError'{0x000000009085f900}: 'int java.lang.invoke.DirectMethodHandle$Holder.invokeStaticInit(java.lang.Object, java.lang.Object, int, long)'> (0x000000009085f900) 
thrown [s\open\src\hotspot\share\interpreter\linkResolver.cpp, line 796]
Event: 0.416 Thread 0x000001bca7725540 Exception <a 'java/lang/NoSuchMethodError'{0x0000000090864ce8}: 'java.lang.Object java.lang.invoke.DirectMethodHandle$Holder.newInvokeSpecial(java.lang.Object, java.lang.Object, int)'> (0x0000000090864ce8) 
thrown [s\open\src\hotspot\share\interpreter\linkResolver.cpp, line 796]
Event: 0.419 Thread 0x000001bca7725540 Exception <a 'java/lang/NoSuchMethodError'{0x0000000090874c38}: 'int java.lang.invoke.DirectMethodHandle$Holder.invokeStaticInit(java.lang.Object, java.lang.Object, long, long)'> (0x0000000090874c38) 
thrown [s\open\src\hotspot\share\interpreter\linkResolver.cpp, line 796]
Event: 0.420 Thread 0x000001bca7725540 Exception <a 'java/lang/NoSuchMethodError'{0x000000009087a2b0}: 'java.lang.Object java.lang.invoke.DirectMethodHandle$Holder.newInvokeSpecial(java.lang.Object, java.lang.Object, long)'> (0x000000009087a2b0) 
thrown [s\open\src\hotspot\share\interpreter\linkResolver.cpp, line 796]
Event: 0.421 Thread 0x000001bca7725540 Exception <a 'java/lang/NoSuchMethodError'{0x000000009087dc10}: 'java.lang.Object java.lang.invoke.Invokers$Holder.linkToTargetMethod(java.lang.Object, long, java.lang.Object)'> (0x000000009087dc10) 
thrown [s\open\src\hotspot\share\interpreter\linkResolver.cpp, line 796]
Event: 0.423 Thread 0x000001bca7725540 Exception <a 'java/lang/NoSuchMethodError'{0x0000000090884d38}: 'int java.lang.invoke.DirectMethodHandle$Holder.invokeStaticInit(java.lang.Object, java.lang.Object, java.lang.Object, long)'> (0x0000000090884d38) 
thrown [s\open\src\hotspot\share\interpreter\linkResolver.cpp, line 796]
Event: 0.457 Thread 0x000001bca7725540 Exception <a 'sun/nio/fs/WindowsException'{0x00000000907433e0}> (0x00000000907433e0) 
thrown [s\open\src\hotspot\share\prims\jni.cpp, line 520]
Event: 0.457 Thread 0x000001bca7725540 Exception <a 'sun/nio/fs/WindowsException'{0x0000000090743750}> (0x0000000090743750) 
thrown [s\open\src\hotspot\share\prims\jni.cpp, line 520]
Event: 0.481 Thread 0x000001bca7725540 Exception <a 'java/lang/NoSuchMethodError'{0x000000009075c3e0}: 'int java.lang.invoke.Invokers$Holder.invokeExact_MT(java.lang.Object, java.lang.Object)'> (0x000000009075c3e0) 
thrown [s\open\src\hotspot\share\interpreter\linkResolver.cpp, line 796]
Event: 0.652 Thread 0x000001bca7725540 Exception <a 'java/lang/NoSuchMethodError'{0x00000000907f98e0}: 'void java.lang.System.load(java.lang.String, java.lang.Class)'> (0x00000000907f98e0) 
thrown [s\open\src\hotspot\share\interpreter\linkResolver.cpp, line 796]
Event: 0.653 Thread 0x000001bca7725540 Exception <a 'java/lang/NoSuchMethodError'{0x00000000907fc370}: 'void java.lang.System.loadLibrary(java.lang.String, java.lang.Class)'> (0x00000000907fc370) 
thrown [s\open\src\hotspot\share\interpreter\linkResolver.cpp, line 796]
Event: 0.661 Thread 0x000001bca7725540 Exception <a 'sun/nio/fs/WindowsException'{0x000000009060c310}> (0x000000009060c310) 
thrown [s\open\src\hotspot\share\prims\jni.cpp, line 520]
Event: 0.661 Thread 0x000001bca7725540 Exception <a 'sun/nio/fs/WindowsException'{0x000000009060c6c0}> (0x000000009060c6c0) 
thrown [s\open\src\hotspot\share\prims\jni.cpp, line 520]
Event: 0.678 Thread 0x000001bca7725540 Exception <a 'sun/nio/fs/WindowsException'{0x0000000090619f98}> (0x0000000090619f98) 
thrown [s\open\src\hotspot\share\prims\jni.cpp, line 520]
Event: 0.678 Thread 0x000001bca7725540 Exception <a 'sun/nio/fs/WindowsException'{0x000000009061a280}> (0x000000009061a280) 
thrown [s\open\src\hotspot\share\prims\jni.cpp, line 520]
Event: 1.217 Thread 0x000001bca7725540 Exception <a 'java/lang/NoSuchMethodError'{0x000000008ed95380}: 'void java.lang.System.load(java.lang.String, java.lang.Class)'> (0x000000008ed95380) 
thrown [s\open\src\hotspot\share\interpreter\linkResolver.cpp, line 796]
Event: 1.219 Thread 0x000001bca7725540 Exception <a 'java/lang/NoSuchMethodError'{0x000000008ed97fb0}: 'void java.lang.System.loadLibrary(java.lang.String, java.lang.Class)'> (0x000000008ed97fb0) 
thrown [s\open\src\hotspot\share\interpreter\linkResolver.cpp, line 796]
Event: 1.232 Thread 0x000001bca7725540 Exception <a 'sun/nio/fs/WindowsException'{0x000000008eefe860}> (0x000000008eefe860) 
thrown [s\open\src\hotspot\share\prims\jni.cpp, line 520]
Event: 1.232 Thread 0x000001bca7725540 Exception <a 'sun/nio/fs/WindowsException'{0x000000008eefebe8}> (0x000000008eefebe8) 
thrown [s\open\src\hotspot\share\prims\jni.cpp, line 520]

VM Operations (14 events):
Event: 0.143 Executing VM operation: HandshakeAllThreads (Deoptimize)
Event: 0.143 Executing VM operation: HandshakeAllThreads (Deoptimize) done
Event: 0.235 Executing VM operation: HandshakeAllThreads (Deoptimize)
Event: 0.235 Executing VM operation: HandshakeAllThreads (Deoptimize) done
Event: 0.318 Executing VM operation: HandshakeAllThreads (Deoptimize)
Event: 0.318 Executing VM operation: HandshakeAllThreads (Deoptimize) done
Event: 0.334 Executing VM operation: HandshakeAllThreads (Deoptimize)
Event: 0.334 Executing VM operation: HandshakeAllThreads (Deoptimize) done
Event: 1.127 Executing VM operation: G1CollectForAllocation (G1 Evacuation Pause)
Event: 1.138 Executing VM operation: G1CollectForAllocation (G1 Evacuation Pause) done
Event: 1.156 Executing VM operation: G1CollectForAllocation (G1 Evacuation Pause)
Event: 1.165 Executing VM operation: G1CollectForAllocation (G1 Evacuation Pause) done
Event: 1.183 Executing VM operation: G1CollectForAllocation (G1 Evacuation Pause)
Event: 1.187 Executing VM operation: G1CollectForAllocation (G1 Evacuation Pause) done

Memory protections (0 events):
No events

Nmethod flushes (0 events):
No events

Events (14 events):
Event: 0.036 Thread 0x000001bca7725540 Thread added: 0x000001bca7725540
Event: 0.064 Thread 0x000001bca7725540 Thread added: 0x000001bcc5ae06d0
Event: 0.064 Thread 0x000001bca7725540 Thread added: 0x000001bcc5ae3ec0
Event: 0.064 Thread 0x000001bca7725540 Thread added: 0x000001bcc5ae97d0
Event: 0.064 Thread 0x000001bca7725540 Thread added: 0x000001bcc5ae9e40
Event: 0.065 Thread 0x000001bca7725540 Thread added: 0x000001bcc5aea4b0
Event: 0.065 Thread 0x000001bca7725540 Thread added: 0x000001bcc5af0b40
Event: 0.065 Thread 0x000001bca7725540 Thread added: 0x000001bcc5af14e0
Event: 0.065 Thread 0x000001bca7725540 Thread added: 0x000001bcc5af3bb0
Event: 0.123 Thread 0x000001bca7725540 Thread added: 0x000001bcc5c3b5a0
Event: 0.126 Thread 0x000001bca7725540 Thread added: 0x000001bcc5c41910
Event: 0.467 Thread 0x000001bcc5af3bb0 Thread added: 0x000001bcc5e6a910
Event: 0.606 Thread 0x000001bcc5e6a910 Thread exited: 0x000001bcc5e6a910
Event: 1.222 Thread 0x000001bcc5af3bb0 Thread added: 0x000001bd0b7a9c60


Dynamic libraries:
0x00007ff6f6760000 - 0x00007ff6f676e000 	C:\Users\Client\.jdks\openjdk-23.0.1\bin\java.exe
0x00007ffd17010000 - 0x00007ffd17208000 	C:\Windows\SYSTEM32\ntdll.dll
0x00007ffd150c0000 - 0x00007ffd15182000 	C:\Windows\System32\KERNEL32.DLL
0x00007ffd14820000 - 0x00007ffd14b1f000 	C:\Windows\System32\KERNELBASE.dll
0x00007ffd14ed0000 - 0x00007ffd14fd0000 	C:\Windows\System32\ucrtbase.dll
0x00007ffd09a50000 - 0x00007ffd09a6b000 	C:\Users\Client\.jdks\openjdk-23.0.1\bin\VCRUNTIME140.dll
0x00007ffd03270000 - 0x00007ffd03287000 	C:\Users\Client\.jdks\openjdk-23.0.1\bin\jli.dll
0x00007ffd15cd0000 - 0x00007ffd15e6d000 	C:\Windows\System32\USER32.dll
0x00007ffd146a0000 - 0x00007ffd146c2000 	C:\Windows\System32\win32u.dll
0x00007ffd02fc0000 - 0x00007ffd0325a000 	C:\Windows\WinSxS\amd64_microsoft.windows.common-controls_6595b64144ccf1df_6.0.19041.4355_none_60b8b9eb71f62e16\COMCTL32.dll
0x00007ffd151c0000 - 0x00007ffd1525e000 	C:\Windows\System32\msvcrt.dll
0x00007ffd15190000 - 0x00007ffd151bb000 	C:\Windows\System32\GDI32.dll
0x00007ffd14d40000 - 0x00007ffd14e57000 	C:\Windows\System32\gdi32full.dll
0x00007ffd146d0000 - 0x00007ffd1476d000 	C:\Windows\System32\msvcp_win.dll
0x00007ffd15f20000 - 0x00007ffd15f4f000 	C:\Windows\System32\IMM32.DLL
0x00007ffd11910000 - 0x00007ffd1191c000 	C:\Users\Client\.jdks\openjdk-23.0.1\bin\vcruntime140_1.dll
0x00007ffce6df0000 - 0x00007ffce6e7e000 	C:\Users\Client\.jdks\openjdk-23.0.1\bin\msvcp140.dll
0x00007ffcbc630000 - 0x00007ffcbd37f000 	C:\Users\Client\.jdks\openjdk-23.0.1\bin\server\jvm.dll
0x00007ffd16b00000 - 0x00007ffd16bb1000 	C:\Windows\System32\ADVAPI32.dll
0x00007ffd15020000 - 0x00007ffd150bf000 	C:\Windows\System32\sechost.dll
0x00007ffd16bc0000 - 0x00007ffd16ce3000 	C:\Windows\System32\RPCRT4.dll
0x00007ffd14d10000 - 0x00007ffd14d37000 	C:\Windows\System32\bcrypt.dll
0x00007ffd16070000 - 0x00007ffd160db000 	C:\Windows\System32\WS2_32.dll
0x00007ffd13c20000 - 0x00007ffd13c6b000 	C:\Windows\SYSTEM32\POWRPROF.dll
0x00007ffcf4b40000 - 0x00007ffcf4b67000 	C:\Windows\SYSTEM32\WINMM.dll
0x00007ffd0d770000 - 0x00007ffd0d77a000 	C:\Windows\SYSTEM32\VERSION.dll
0x00007ffd13aa0000 - 0x00007ffd13ab2000 	C:\Windows\SYSTEM32\UMPDC.dll
0x00007ffd12ec0000 - 0x00007ffd12ed2000 	C:\Windows\SYSTEM32\kernel.appcore.dll
0x00007ffd0c9f0000 - 0x00007ffd0c9fa000 	C:\Users\Client\.jdks\openjdk-23.0.1\bin\jimage.dll
0x00007ffd12cb0000 - 0x00007ffd12e94000 	C:\Windows\SYSTEM32\DBGHELP.DLL
0x00007ffcf4400000 - 0x00007ffcf4434000 	C:\Windows\SYSTEM32\dbgcore.DLL
0x00007ffd14b20000 - 0x00007ffd14ba2000 	C:\Windows\System32\bcryptPrimitives.dll
0x00007ffd02270000 - 0x00007ffd0228e000 	C:\Users\Client\.jdks\openjdk-23.0.1\bin\java.dll
0x00007ffd16cf0000 - 0x00007ffd16e1b000 	C:\Windows\System32\ole32.dll
0x00007ffd15270000 - 0x00007ffd155c5000 	C:\Windows\System32\combase.dll
0x00007ffd162c0000 - 0x00007ffd16a2e000 	C:\Windows\System32\SHELL32.dll
0x00007ffd12430000 - 0x00007ffd12bd4000 	C:\Windows\SYSTEM32\windows.storage.dll
0x00007ffd140d0000 - 0x00007ffd140ff000 	C:\Windows\SYSTEM32\Wldp.dll
0x00007ffd15b30000 - 0x00007ffd15bfd000 	C:\Windows\System32\OLEAUT32.dll
0x00007ffd16a30000 - 0x00007ffd16add000 	C:\Windows\System32\SHCORE.dll
0x00007ffd160f0000 - 0x00007ffd16145000 	C:\Windows\System32\shlwapi.dll
0x00007ffd145d0000 - 0x00007ffd145f4000 	C:\Windows\SYSTEM32\profapi.dll
0x00007ffce0b20000 - 0x00007ffce0bf7000 	C:\Users\Client\.jdks\openjdk-23.0.1\bin\jsvml.dll
0x00007ffd09a10000 - 0x00007ffd09a20000 	C:\Users\Client\.jdks\openjdk-23.0.1\bin\net.dll
0x00007ffd13e30000 - 0x00007ffd13e9a000 	C:\Windows\system32\mswsock.dll
0x00007ffcf6640000 - 0x00007ffcf6656000 	C:\Users\Client\.jdks\openjdk-23.0.1\bin\nio.dll
0x00007ffcf6940000 - 0x00007ffcf6957000 	C:\Users\Client\.jdks\openjdk-23.0.1\bin\zip.dll
0x00007ffd099b0000 - 0x00007ffd099c0000 	C:\Users\Client\.jdks\openjdk-23.0.1\bin\verify.dll
0x00007ffce7f30000 - 0x00007ffce7fae000 	C:\Users\Client\AppData\Local\Temp\lwjgl_Client\3.3.6+1\x64\lwjgl.dll
0x00007ffce6030000 - 0x00007ffce60b9000 	C:\Users\Client\AppData\Local\Temp\lwjgl_Client\3.3.6+1\x64\glfw.dll
0x00007ffce7a40000 - 0x00007ffce7a85000 	C:\Windows\SYSTEM32\dinput8.dll
0x00007ffd0dd10000 - 0x00007ffd0dd21000 	C:\Windows\SYSTEM32\xinput1_4.dll
0x00007ffd14fd0000 - 0x00007ffd1501e000 	C:\Windows\System32\cfgmgr32.dll
0x00007ffd14430000 - 0x00007ffd14463000 	C:\Windows\SYSTEM32\DEVOBJ.dll
0x00007ffd12070000 - 0x00007ffd1209f000 	C:\Windows\SYSTEM32\dwmapi.dll
0x00007ffd08180000 - 0x00007ffd082d2000 	C:\Windows\SYSTEM32\inputhost.dll
0x00007ffd0fd50000 - 0x00007ffd0fe42000 	C:\Windows\SYSTEM32\CoreMessaging.dll
0x00007ffd11510000 - 0x00007ffd11606000 	C:\Windows\SYSTEM32\PROPSYS.dll
0x00007ffd10ef0000 - 0x00007ffd11047000 	C:\Windows\SYSTEM32\wintypes.dll
0x00007ffd0f2f0000 - 0x00007ffd0f64b000 	C:\Windows\SYSTEM32\CoreUIComponents.dll
0x00007ffd13930000 - 0x00007ffd13963000 	C:\Windows\SYSTEM32\ntmarta.dll
0x00007ffd11d10000 - 0x00007ffd11dae000 	C:\Windows\system32\uxtheme.dll
0x00007ffd15f50000 - 0x00007ffd16065000 	C:\Windows\System32\MSCTF.dll
0x00007ffced6e0000 - 0x00007ffced808000 	C:\Windows\SYSTEM32\opengl32.dll
0x00007ffced630000 - 0x00007ffced65c000 	C:\Windows\SYSTEM32\GLU32.dll
0x00007ffd15e70000 - 0x00007ffd15f19000 	C:\Windows\System32\clbcatq.dll
0x00007ffc974d0000 - 0x00007ffc983e6000 	C:\Windows\System32\DriverStore\FileRepository\iigd_dch.inf_amd64_96bd31a096a4a6ff\ig9icd64.dll
0x00007ffd13050000 - 0x00007ffd13146000 	C:\Windows\system32\dxgi.dll
0x00007ffd09c40000 - 0x00007ffd09c7b000 	C:\Windows\SYSTEM32\dxcore.dll
0x00007ffd04a80000 - 0x00007ffd06ebd000 	C:\Windows\System32\DriverStore\FileRepository\iigd_dch.inf_amd64_96bd31a096a4a6ff\igc64.dll
0x00007ffd07fd0000 - 0x00007ffd08173000 	C:\Windows\System32\DriverStore\FileRepository\iigd_dch.inf_amd64_96bd31a096a4a6ff\igdgmm64.dll
0x00007ffd082e0000 - 0x00007ffd083d9000 	C:\Windows\SYSTEM32\textinputframework.dll
0x00007ffce6b40000 - 0x00007ffce6b9d000 	C:\Users\Client\AppData\Local\Temp\lwjgl_Client\3.3.6+1\x64\lwjgl_opengl.dll
0x00007ffce0580000 - 0x00007ffce0619000 	C:\Users\Client\AppData\Local\Temp\lwjgl_Client\3.3.6+1\x64\lwjgl_stb.dll

dbghelp: loaded successfully - version: 4.0.5 - missing functions: none
symbol engine: initialized successfully - sym options: 0x614 - pdb path: .;C:\Users\Client\.jdks\openjdk-23.0.1\bin;C:\Windows\SYSTEM32;C:\Windows\WinSxS\amd64_microsoft.windows.common-controls_6595b64144ccf1df_6.0.19041.4355_none_60b8b9eb71f62e16;C:\Users\Client\.jdks\openjdk-23.0.1\bin\server;C:\Users\Client\AppData\Local\Temp\lwjgl_Client\3.3.6+1\x64;C:\Windows\System32\DriverStore\FileRepository\iigd_dch.inf_amd64_96bd31a096a4a6ff

VM Arguments:
jvm_args: -Dfile.encoding=UTF-8 -Duser.country=US -Duser.language=en -Duser.variant 
java_command: Main
java_class_path (initial): C:\Users\Client\Documents\GitHub\MInecraft-Clone\build\classes\java\main;C:\Users\Client\Documents\GitHub\MInecraft-Clone\build\resources\main;C:\Users\Client\.gradle\caches\modules-2\files-2.1\org.lwjgl\lwjgl-assimp\3.3.6\931a8de55dd5ee546689119c85ed4d4af7fa68f2\lwjgl-assimp-3.3.6.jar;C:\Users\Client\.gradle\caches\modules-2\files-2.1\org.lwjgl\lwjgl-assimp\3.3.6\486fa1e2db9fc903a0cab984604cef1a895b0e28\lwjgl-assimp-3.3.6-natives-windows.jar;C:\Users\Client\.gradle\caches\modules-2\files-2.1\org.lwjgl\lwjgl-egl\3.3.6\6842d0164e94dda0fb5ec1d55b67e69df7643f28\lwjgl-egl-3.3.6.jar;C:\Users\Client\.gradle\caches\modules-2\files-2.1\org.lwjgl\lwjgl-freetype\3.3.6\955989795ce6bdc7078d07590ee1ca0974b502d2\lwjgl-freetype-3.3.6.jar;C:\Users\Client\.gradle\caches\modules-2\files-2.1\org.lwjgl\lwjgl-freetype\3.3.6\f5031e39ff70dae6d71288d2ef3cef435e4f1fe4\lwjgl-freetype-3.3.6-natives-windows.jar;C:\Users\Client\.gradle\caches\modules-2\files-2.1\org.lwjgl\lwjgl-glfw\3.3.6\7119f7d0eeb1e5502ff0ca71d2b4d47317da015\lwjgl-glfw-3.3.6.jar;C:\Users\Client\.gradle\caches\modules-2\files-2.1\org.lwjgl\lwjgl-glfw\3.3.6\99ef08056feb9627f90425a4d2a22cd9fae8e39b\lwjgl-glfw-3.3.6-natives-windows.jar;C:\Users\Client\.gradle\caches\modules-2\files-2.1\org.lwjgl\lwjgl-nuklear\3.3.6\a1fa66130955a3371cc2af58f268b90b033acbe6\lwjgl-nuklear-3.3.6.jar;C:\Users\Client\.gradle\caches\modules-2\files-2.1\org.lwjgl\lwjgl-nuklear\3.3.6\c25f05065d7b13593e94bb3ce27d448ce8564650\lwjgl-nuklear-3.3.6-natives-windows.jar;C:\Users\Client\.gradle\caches\modules-2\files-2.1\org.lwjgl\lwjgl-openal\3.3.6\ad313317ff399fd2a7f4dd74716a68cf3976c6ad\lwjgl-openal-3.3.6.jar;C:\Users\Client\.gradle\caches\modules-2\files-2.1\org.lwjgl\lwjgl-openal\3.3.6\9c2b9b660e085bb0b47a4453dc0e26f24a5475e4\lwjgl-openal-3.3.6-natives-windows.jar;C:\Users\Client\.gradle\caches\modules-2\files-2.1\org.lwjgl\lwjgl-opengl\3.3.6\ac2532612a4df374e9a9282bcf8ce2573018ebbb\lwjgl-opengl-3.3.6.jar;C:\Users\Client\.gradle\caches\modules-2\files-2.1\org.lwjgl\lwjgl-opengl\3.3.6\18dc639ebc94aa5202c2157f7490d28997b697c5\lwjgl-opengl-3.3.6-natives-windows.jar;C:\Users\Client\.gradle\caches\modules-2\files-2.1\org.lwjgl\lwjgl-opengles\3.3.6\438cffbadd2721056c0ec31fdee1f21a25009207\lwjgl-opengles-3.3.6.jar;C:\Users\Client\.gradle\caches\modules-2\files-2.1\org.lwjgl\lwjgl-stb\3.3.6\e2d3739dcfe7b672b626ded66d94f6587083306e\lwjgl-stb-3.3.6.jar;C:\Users\Client\.gradle\caches\modules-2\files-2.1\org.lwjgl\lwjgl-stb\3.3.6\334cf885b39e2db9070c39e70e65efb136435f10\lwjgl-stb-3.3.6-natives-windows.jar;C:\Users\Client\.gradle\caches\modules-2\files-2.1\org.lwjgl\lwjgl\3.3.6\ce7721d30cfaf47feaed10213e0c43eb55c49d68\lwjgl-3.3.6.jar;C:\Users\Client\.gradle\caches\modules-2\files-2.1\org.lwjgl\lwjgl\3.3.6\9a29b6a22fc5184604b8cb434ee5d5ecc4bfcbee\lwjgl-3.3.6-natives-windows.jar;C:\Users\Client\.gradle\caches\modules-2\files-2.1\org.joml\joml-primitives\1.10.0\b3ae3ae0dfee0bf5aef9f7964205cca0f3c6ea07\joml-primitives-1.10.0.jar;C:\Users\Client\.gradle\caches\modules-2\files-2.1\org.joml\joml\1.10.7\f8c3f2e7db281bde099342dd36133de4bbba390c\joml-1.10.7.jar;C:\Users\Client\.gradle\caches\modules-2\files-2.1\org.jetbrains.kotlin\kotlin-stdlib-jdk8\1.8.20\73576ddf378c5b4f1f6b449fe6b119b8183fc078\kotlin-stdlib-jdk8-1.8.20.jar;C:\Users\Client\.gradle\caches\modules-2\files-2.1\org.jetbrains.kotlin\kotlin-stdlib-jdk7\1.8.20\3aa51faf20aae8b31e1a4bc54f8370673d7b7df4\kotlin-stdlib-jdk7-1.8.20.jar;C:\Users\Client\.gradle\caches\modules-2\files-2.1\org.jetbrains.kotlin\kotlin-stdlib\1.8.20\e72fc5e03ec6c064c678a6bd0d955c88d55b0c4a\kotlin-stdlib-1.8.20.jar;C:\Users\Client\.gradle\caches\modules-2\files-2.1\org.jetbrains.kotlin\kotlin-stdlib-common\1.8.20\5eddaaf234c8c49d03eebeb6a14feb7f90faca71\kotlin-stdlib-common-1.8.20.jar;C:\Users\Client\.gradle\caches\modules-2\files-2.1\org.jetbrains\annotations\13.0\919f0dfe192fb4e063e7dacadee7f8bb9a2672a9\annotations-13.0.jar
Launcher Type: SUN_STANDARD

[Global flags]
     intx CICompilerCount                          = 3                                         {product} {ergonomic}
     uint ConcGCThreads                            = 1                                         {product} {ergonomic}
     uint G1ConcRefinementThreads                  = 4                                         {product} {ergonomic}
   size_t G1HeapRegionSize                         = 1048576                                   {product} {ergonomic}
   size_t InitialHeapSize                          = 125829120                                 {product} {ergonomic}
   size_t MarkStackSize                            = 4194304                                   {product} {ergonomic}
   size_t MarkStackSizeMax                         = 536870912                                 {product} {ergonomic}
   size_t MaxHeapSize                              = 1990197248                                {product} {ergonomic}
   size_t MaxNewSize                               = 1193279488                                {product} {ergonomic}
   size_t MinHeapDeltaBytes                        = 1048576                                   {product} {ergonomic}
   size_t MinHeapSize                              = 8388608                                   {product} {ergonomic}
    uintx NonNMethodCodeHeapSize                   = 5832704                                {pd product} {ergonomic}
    uintx NonProfiledCodeHeapSize                  = 122945536                              {pd product} {ergonomic}
    uintx ProfiledCodeHeapSize                     = 122880000                              {pd product} {ergonomic}
    uintx ReservedCodeCacheSize                    = 251658240                              {pd product} {ergonomic}
     bool SegmentedCodeCache                       = true                                      {product} {ergonomic}
   size_t SoftMaxHeapSize                          = 1990197248                             {manageable} {ergonomic}
     bool UseCompressedOops                        = true                           {product lp64_product} {ergonomic}
     bool UseG1GC                                  = true                                      {product} {ergonomic}
     bool UseLargePagesIndividualAllocation        = false                                  {pd product} {ergonomic}

Logging:
Log output configuration:
 #0: stdout all=warning uptime,level,tags foldmultilines=false
 #1: stderr all=off uptime,level,tags foldmultilines=false

Environment Variables:
PATH=C:\Program Files (x86)\Common Files\Oracle\Java\java8path;C:\Program Files (x86)\Common Files\Oracle\Java\javapath;C:\Users\Client\AppData\Roaming\Python\Python313\site-packages\SCons\;C:\Program Files\dotnet\;C:\Program Files\Git\cmd;C:\Program Files\CMake\bin;C:\Program Files\Microsoft Visual Studio\2022\Community\VC\Tools\Llvm\bin\clang-cl.exe;C:\Program Files (x86)\Windows Kits\10\bin\10.0.22621.0\x64;C:\Program Files\Microsoft Visual Studio\2022\Community\VC\Tools\Llvm\bin;C:\Program Files\Microsoft Visual Studio\2022\Community\Common7\Tools;C:\Program Files\Microsoft Visual Studio\2022\Community\Common7\IDE\CommonExtensions\Microsoft\CMake\CMake\bin;C:\Program Files\Microsoft Visual Studio\2022\Community\VC\Tools\MSVC\14.42.34433\bin\Hostx64\x64;C:\Program Files\Microsoft SQL Server\150\Tools\Binn\;C:\Program Files\nodejs\;C:\Program Files\Microsoft SQL Server\Client SDK\ODBC\170\Tools\Binn\;C:\Program Files (x86)\Windows Kits\10\Windows Performance Toolkit\;C:\program files\microsoft visual studio\2022\community\common7\ide\commonextensions\microsoft\cmake\Ninja\;C:\apache-ant\bin;C:\Windows\System32\;C:\Users\Client\AppData\Local\Programs\Python\Python313\Scripts\;C:\Users\Client\AppData\Local\Programs\Python\Python313\;C:\Users\Client\AppData\Roaming\Python\Python313\site-packages\;C:\Users\Client\AppData\Local\Programs\Python\Launcher\;C:\Users\Client\AppData\Roaming\Python\Python313\site-packages\SCons\;C:\Users\Client\scoop\shims\;C:\Users\Client\AppData\Local\Microsoft\WindowsApps;C:\Users\Client\AppData\Local\GitHubDesktop\bin;C:\Users\Client\.dotnet\tools;C:\Program Files\JetBrains\IntelliJ IDEA 2024.3.2.2\bin;;C:\Users\Client\AppData\Roaming\Python\Python313\site-packages\SCons\Script\;C:\Program Files\dotnet\;C:\Program Files (x86)\Windows Kits\10\bin\10.0.22621.0\x64;C:\Users\Client\AppData\Roaming\npm;C:\program files\microsoft visual studio\2022\community\common7\ide\commonextensions\microsoft\cmake\Ninja\;C:\Users\Client\ant-ivy\;C:\Windows\System32\;C:\Users\Client\AppData\Local\Programs\Microsoft VS Code\bin
USERNAME=Client
OS=Windows_NT
PROCESSOR_IDENTIFIER=Intel64 Family 6 Model 78 Stepping 3, GenuineIntel
TMP=C:\Users\Client\AppData\Local\Temp
TEMP=C:\Users\Client\AppData\Local\Temp




Periodic native trim disabled

---------------  S Y S T E M  ---------------

OS:
 Windows 10 , 64 bit Build 19041 (10.0.19041.5198)
OS uptime: 2 days 20:48 hours

CPU: total 4 (initial active 4) (2 cores per cpu, 2 threads per core) family 6 model 78 stepping 3 microcode 0xec, cx8, cmov, fxsr, ht, mmx, 3dnowpref, sse, sse2, sse3, ssse3, sse4.1, sse4.2, popcnt, lzcnt, tsc, tscinvbit, avx, avx2, aes, erms, clmul, bmi1, bmi2, rtm, adx, fma, vzeroupper, clflush, clflushopt, rdtscp, f16c
Processor Information for the first 4 processors :
  Max Mhz: 2496, Current Mhz: 798, Mhz Limit: 798

Memory: 4k page, system-wide physical 7591M (728M free)
TotalPageFile size 16257M (AvailPageFile size 2560M)
current process WorkingSet (physical memory assigned to process): 157M, peak: 157M
current process commit charge ("private bytes"): 240M, peak: 240M

vm_info: OpenJDK 64-Bit Server VM (23.0.1+11-39) for windows-amd64 JRE (23.0.1+11-39), built on 2024-09-30T07:20:43Z with MS VC++ 17.6 (VS2022)

END.
