#
# A fatal error has been detected by the Java Runtime Environment:
#
#  EXCEPTION_ACCESS_VIOLATION (0xc0000005) at pc=0x0000000000000000, pid=7660, tid=4564
#
# JRE version: OpenJDK Runtime Environment (23.0.1+11) (build 23.0.1+11-39)
# Java VM: OpenJDK 64-Bit Server VM (23.0.1+11-39, mixed mode, sharing, tiered, compressed oops, compressed class ptrs, g1 gc, windows-amd64)
# Problematic frame:
# C  [lwjgl_nuklear.dll+0x2e3f2]
#
# No core dump will be written. Minidumps are not enabled by default on client versions of Windows
#
# If you would like to submit a bug report, please visit:
#   https://bugreport.java.com/bugreport/crash.jsp
# The crash happened outside the Java Virtual Machine in native code.
# See problematic frame for where to report the bug.
#

---------------  S U M M A R Y ------------

Command Line: -Dfile.encoding=UTF-8 -Duser.country=US -Duser.language=en -Duser.variant Main

Host: Intel(R) Core(TM) i5-6300U CPU @ 2.40GHz, 4 cores, 7G,  Windows 10 , 64 bit Build 19041 (10.0.19041.5198)
Time: Sun Feb  9 15:40:45 2025 W. Central Africa Standard Time elapsed time: 2.134826 seconds (0d 0h 0m 2s)

---------------  T H R E A D  ---------------

Current thread (0x0000026ce8694790):  JavaThread "main"             [_thread_in_native, id=4564, stack(0x000000b629700000,0x000000b629800000) (1024K)]

Stack: [0x000000b629700000,0x000000b629800000],  sp=0x000000b6297ff1b0,  free space=1020k
Native frames: (J=compiled Java code, j=interpreted, Vv=VM code, C=native code)

Java frames: (J=compiled Java code, j=interpreted, Vv=VM code)
j  org.lwjgl.nuklear.Nuklear.nnk_init(JJJ)Z+0
j  org.lwjgl.nuklear.Nuklear.nk_init(Lorg/lwjgl/nuklear/NkContext;Lorg/lwjgl/nuklear/NkAllocator;Lorg/lwjgl/nuklear/NkUserFont;)Z+12
j  GameLayer.Rendering.App.loop()V+76
j  GameLayer.Rendering.App.run()V+19
j  Main.main([Ljava/lang/String;)V+17
v  ~StubRoutines::call_stub 0x0000026c87530fcd

siginfo: EXCEPTION_ACCESS_VIOLATION (0xc0000005), data execution prevention violation at address 0x0000000000000000


Registers:
RAX=0x0000000000000000, RBX=0x0000026cdbfd1380, RCX=0x0000000000000000, RDX=0x0000000000000000
RSP=0x000000b6297ff1a8, RBP=0x000000b6297ff278, RSI=0x0000026cd4cd0b50, RDI=0x0000026cdbfd3968
R8 =0x0000000000001000, R9 =0x401709d120000000, R10=0x00007ffce73b0000, R11=0x00007ffce73fd621
R12=0x0000000000000000, R13=0x0000026cd0732c88, R14=0x000000b6297ff2c0, R15=0x0000026ce8694790
RIP=0x0000000000000000, EFLAGS=0x0000000000010246


Register to memory mapping:

RAX=0x0 is null
RBX=0x0000026cdbfd1380 points into unknown readable memory: 0x0000000000000000 | 00 00 00 00 00 00 00 00
RCX=0x0 is null
RDX=0x0 is null
RSP=0x000000b6297ff1a8 is pointing into the stack for thread: 0x0000026ce8694790
RBP=0x000000b6297ff278 is pointing into the stack for thread: 0x0000026ce8694790
RSI=0x0000026cd4cd0b50 points into unknown readable memory: 0x0000000000000000 | 00 00 00 00 00 00 00 00
RDI=0x0000026cdbfd3968 points into unknown readable memory: 0x0000000000000000 | 00 00 00 00 00 00 00 00
R8 =0x0000000000001000 is an unknown value
R9 =0x401709d120000000 is an unknown value
R10=0x00007ffce73b0000 lwjgl_nuklear.dll
R11=0x00007ffce73fd621 lwjgl_nuklear.dll
R12=0x0 is null
R13={method} {0x0000026cd0732c90} 'nnk_init' '(JJJ)Z' in 'org/lwjgl/nuklear/Nuklear'
R14=0x000000b6297ff2c0 is pointing into the stack for thread: 0x0000026ce8694790
R15=0x0000026ce8694790 is a thread

Top of Stack: (sp=0x000000b6297ff1a8)
0x000000b6297ff1a8:   00007ffce73de3f2 0000026cdbfd1380
0x000000b6297ff1b8:   0000026cdc0a12a0 0000000000000000
0x000000b6297ff1c8:   0000026ce8694790 0000000000000010
0x000000b6297ff1d8:   0000026c8753d207 0000026cdc0a12a0
0x000000b6297ff1e8:   0000026cd0732c88 0000026cdc0a12a0
0x000000b6297ff1f8:   0000026c8753cede 0000026cdc0a12a0
0x000000b6297ff208:   0000000000000010 0000000000000000
0x000000b6297ff218:   000000b6297ff230 0000026cdc0a12a0
0x000000b6297ff228:   0000026c8753ce9b fffffffffffffff7
0x000000b6297ff238:   0000026cd0732c88 0000000000000009
0x000000b6297ff248:   0000026cd078bef0 0000000000000000
0x000000b6297ff258:   00000000902cbfb8 0000026cd0732c88
0x000000b6297ff268:   0000000000000000 000000b6297ff298
0x000000b6297ff278:   000000b6297ff310 0000026c87538848
0x000000b6297ff288:   00000000902cbfb8 0000026c8753a5c0
0x000000b6297ff298:   0000026cdc0a12a0 0000000000000000
0x000000b6297ff2a8:   0000026cd4cd0b50 0000000000000000
0x000000b6297ff2b8:   0000026cdbfd1380 0000000000000000
0x000000b6297ff2c8:   fffffffffffffff7 0000026cd0732d34
0x000000b6297ff2d8:   0000000000000004 0000026cd078bef0
0x000000b6297ff2e8:   0000000000000000 00000000902cbfb8
0x000000b6297ff2f8:   0000026cd0732d80 fffffffffffffff1
0x000000b6297ff308:   000000b6297ff320 000000b6297ff380
0x000000b6297ff318:   0000026c87538848 0000000090250410
0x000000b6297ff328:   0000000090245fb0 0000000090245f10
0x000000b6297ff338:   fffffffffffffff7 0000026cd0402084
0x000000b6297ff348:   0000000000000007 0000026cd0404818
0x000000b6297ff358:   0000000000000000 0000000090c35098
0x000000b6297ff368:   0000026cd0401f38 fffffffffffffff4
0x000000b6297ff378:   000000b6297ff3b8 000000b6297ff408
0x000000b6297ff388:   0000026c87538700 0000000000000000
0x000000b6297ff398:   0000000000000000 0000000000000000 

Instructions: (pc=0x00007ffce73de3f2)
0x00007ffce73de2f2:   57 c0 0f 11 00 0f 11 40 10 0f 11 40 20 0f 11 40
0x00007ffce73de302:   30 0f 11 40 40 0f 11 40 50 0f 11 40 60 44 89 40
0x00007ffce73de312:   38 48 89 78 40 48 89 48 48 48 89 48 70 44 89 83
0x00007ffce73de322:   0c 48 00 00 b0 01 48 8b 5c 24 30 48 83 c4 20 5f
0x00007ffce73de332:   c3 cc cc cc cc cc cc cc cc cc cc cc cc cc 48 89
0x00007ffce73de342:   5c 24 10 56 48 83 ec 20 49 8b f1 49 8b d8 4d 85
0x00007ffce73de352:   c9 75 0d 32 c0 48 8b 5c 24 38 48 83 c4 20 5e c3
0x00007ffce73de362:   48 89 7c 24 30 48 85 db 74 41 33 d2 41 b8 88 48
0x00007ffce73de372:   00 00 48 8b cb e8 04 f1 01 00 33 d2 48 8b cb e8
0x00007ffce73de382:   8a 5c fe ff 48 8b 44 24 50 c7 83 84 48 00 00 01
0x00007ffce73de392:   00 00 00 48 85 c0 74 07 48 89 83 70 01 00 00 48
0x00007ffce73de3a2:   8d 8b c0 31 00 00 e8 83 74 fd ff 48 8d bb e8 25
0x00007ffce73de3b2:   00 00 48 85 ff 74 65 0f 57 c0 33 c0 0f 11 07 33
0x00007ffce73de3c2:   d2 41 b8 00 10 00 00 0f 11 47 10 0f 11 47 20 0f
0x00007ffce73de3d2:   11 47 30 0f 11 47 40 0f 11 47 50 0f 11 47 60 48
0x00007ffce73de3e2:   89 47 70 c7 47 38 01 00 00 00 48 8b 0e ff 56 08
0x00007ffce73de3f2:   48 89 47 40 48 c7 47 48 00 10 00 00 48 c7 47 70
0x00007ffce73de402:   00 10 00 00 c7 47 50 00 00 00 40 0f 10 06 0f 11
0x00007ffce73de412:   47 20 f2 0f 10 4e 10 f2 0f 11 4f 30 48 8b 7c 24
0x00007ffce73de422:   30 0f 57 c0 0f 11 83 10 48 00 00 33 c0 0f 11 83
0x00007ffce73de432:   20 48 00 00 0f 11 83 30 48 00 00 0f 11 83 40 48
0x00007ffce73de442:   00 00 48 89 83 50 48 00 00 0f 10 06 0f 11 83 10
0x00007ffce73de452:   48 00 00 f2 0f 10 4e 10 48 89 83 30 48 00 00 b0
0x00007ffce73de462:   01 f2 0f 11 8b 20 48 00 00 c7 83 40 48 00 00 10
0x00007ffce73de472:   00 00 00 c7 83 28 48 00 00 01 00 00 00 c7 83 0c
0x00007ffce73de482:   48 00 00 01 00 00 00 48 8b 5c 24 38 48 83 c4 20
0x00007ffce73de492:   5e c3 cc cc cc cc cc cc cc cc cc cc cc cc 48 89
0x00007ffce73de4a2:   5c 24 08 48 89 74 24 10 57 48 83 ec 20 49 8b f1
0x00007ffce73de4b2:   49 8b d8 4d 85 c9 0f 84 b9 01 00 00 48 8b 7c 24
0x00007ffce73de4c2:   50 48 85 ff 0f 84 ab 01 00 00 48 85 db 74 41 33
0x00007ffce73de4d2:   d2 41 b8 88 48 00 00 48 8b cb e8 9f ef 01 00 33
0x00007ffce73de4e2:   d2 48 8b cb e8 25 5b fe ff 48 8b 44 24 58 c7 83 


Stack slot to memory mapping:

stack at sp + 0 slots: 0x0000026cdbfd1380 points into unknown readable memory: 0x0000000000000000 | 00 00 00 00 00 00 00 00
stack at sp + 1 slots: 0x0000026cdc0a12a0 points into unknown readable memory: 0x0000000000000000 | 00 00 00 00 00 00 00 00
stack at sp + 2 slots: 0x0 is null
stack at sp + 3 slots: 0x0000026ce8694790 is a thread
stack at sp + 4 slots: 0x0000000000000010 is an unknown value
stack at sp + 5 slots: 0x0000026c8753d207 is at code_begin+1063 in an Interpreter codelet
native method entry point (kind = native)  [0x0000026c8753cde0, 0x0000026c8753d938]  2904 bytes
stack at sp + 6 slots: 0x0000026cdc0a12a0 points into unknown readable memory: 0x0000000000000000 | 00 00 00 00 00 00 00 00
stack at sp + 7 slots: {method} {0x0000026cd0732c90} 'nnk_init' '(JJJ)Z' in 'org/lwjgl/nuklear/Nuklear'

Lock stack of current Java thread (top to bottom):


---------------  P R O C E S S  ---------------

Threads class SMR info:
_java_thread_list=0x0000026cd40c8940, length=11, elements={
0x0000026ce8694790, 0x0000026cf7b41ee0, 0x0000026cf7b45c20, 0x0000026cf7b4ca90,
0x0000026cf7b4d4f0, 0x0000026cf7b4df50, 0x0000026cf7b509c0, 0x0000026cf7b5d060,
0x0000026cf7b5fb20, 0x0000026cd40f0a80, 0x0000026cd4116540
}

Java Threads: ( => current thread )
=>0x0000026ce8694790 JavaThread "main"                              [_thread_in_native, id=4564, stack(0x000000b629700000,0x000000b629800000) (1024K)]
  0x0000026cf7b41ee0 JavaThread "Reference Handler"          daemon [_thread_blocked, id=9288, stack(0x000000b629f00000,0x000000b62a000000) (1024K)]
  0x0000026cf7b45c20 JavaThread "Finalizer"                  daemon [_thread_blocked, id=8380, stack(0x000000b62a000000,0x000000b62a100000) (1024K)]
  0x0000026cf7b4ca90 JavaThread "Signal Dispatcher"          daemon [_thread_blocked, id=4940, stack(0x000000b62a100000,0x000000b62a200000) (1024K)]
  0x0000026cf7b4d4f0 JavaThread "Attach Listener"            daemon [_thread_blocked, id=9560, stack(0x000000b62a200000,0x000000b62a300000) (1024K)]
  0x0000026cf7b4df50 JavaThread "Service Thread"             daemon [_thread_blocked, id=11676, stack(0x000000b62a300000,0x000000b62a400000) (1024K)]
  0x0000026cf7b509c0 JavaThread "Monitor Deflation Thread"   daemon [_thread_blocked, id=1184, stack(0x000000b62a400000,0x000000b62a500000) (1024K)]
  0x0000026cf7b5d060 JavaThread "C2 CompilerThread0"         daemon [_thread_blocked, id=2148, stack(0x000000b62a500000,0x000000b62a600000) (1024K)]
  0x0000026cf7b5fb20 JavaThread "C1 CompilerThread0"         daemon [_thread_blocked, id=7788, stack(0x000000b62a600000,0x000000b62a700000) (1024K)]
  0x0000026cd40f0a80 JavaThread "Notification Thread"        daemon [_thread_blocked, id=5608, stack(0x000000b62a700000,0x000000b62a800000) (1024K)]
  0x0000026cd4116540 JavaThread "Common-Cleaner"             daemon [_thread_blocked, id=744, stack(0x000000b62a800000,0x000000b62a900000) (1024K)]
Total: 11

Other Threads:
  0x0000026cf7b2beb0 VMThread "VM Thread"                           [id=1804, stack(0x000000b629e00000,0x000000b629f00000) (1024K)]
  0x0000026cf7b18e30 WatcherThread "VM Periodic Task Thread"        [id=8040, stack(0x000000b629d00000,0x000000b629e00000) (1024K)]
  0x0000026ceaa77f40 WorkerThread "GC Thread#0"                     [id=5928, stack(0x000000b629800000,0x000000b629900000) (1024K)]
  0x0000026ceaa8d900 ConcurrentGCThread "G1 Main Marker"            [id=11324, stack(0x000000b629900000,0x000000b629a00000) (1024K)]
  0x0000026ceaa8eac0 WorkerThread "G1 Conc#0"                       [id=3584, stack(0x000000b629a00000,0x000000b629b00000) (1024K)]
  0x0000026ceaaee540 ConcurrentGCThread "G1 Refine#0"               [id=10552, stack(0x000000b629b00000,0x000000b629c00000) (1024K)]
  0x0000026cf79eb110 ConcurrentGCThread "G1 Service"                [id=10336, stack(0x000000b629c00000,0x000000b629d00000) (1024K)]
Total: 7

Threads with active compile tasks:
Total: 0

VM state: not at safepoint (normal execution)

VM Mutex/Monitor currently owned by a thread: None

Heap address: 0x0000000089600000, size: 1898 MB, Compressed Oops mode: 32-bit

CDS archive(s) mapped at: [0x0000026c8f000000-0x0000026c8fd70000-0x0000026c8fd70000), size 14090240, SharedBaseAddress: 0x0000026c8f000000, ArchiveRelocationMode: 1.
Compressed class space mapped at: 0x0000026c90000000-0x0000026cd0000000, reserved size: 1073741824
Narrow klass base: 0x0000026c8f000000, Narrow klass shift: 0, Narrow klass range: 0x41000000

GC Precious Log:
 CardTable entry size: 512
 Card Set container configuration: InlinePtr #cards 5 size 8 Array Of Cards #cards 10 size 36 Howl #buckets 4 coarsen threshold 1843 Howl Bitmap #cards 512 size 80 coarsen threshold 460 Card regions per heap region 1 cards per card region 2048
 CPUs: 4 total, 4 available
 Memory: 7591M
 Large Page Support: Disabled
 NUMA Support: Disabled
 Compressed Oops: Enabled (32-bit)
 Heap Region Size: 1M
 Heap Min Capacity: 8M
 Heap Initial Capacity: 120M
 Heap Max Capacity: 1898M
 Pre-touch: Disabled
 Parallel Workers: 4
 Concurrent Workers: 1
 Concurrent Refinement Workers: 4
 Periodic GC: Disabled

Heap:
 garbage-first heap   total reserved 1943552K, committed 122880K, used 11264K [0x0000000089600000, 0x0000000100000000)
  region size 1024K, 12 young (12288K), 0 survivors (0K)
 Metaspace       used 5615K, committed 5824K, reserved 1114112K
  class space    used 299K, committed 448K, reserved 1048576K

Heap Regions: E=young(eden), S=young(survivor), O=old, HS=humongous(starts), HC=humongous(continues), CS=collection set, F=free, TAMS=top-at-mark-start, PB=parsable bottom
|   0|0x0000000089600000, 0x0000000089600000, 0x0000000089700000|  0%| F|  |TAMS 0x0000000089600000| PB 0x0000000089600000| Untracked |  0
|   1|0x0000000089700000, 0x0000000089700000, 0x0000000089800000|  0%| F|  |TAMS 0x0000000089700000| PB 0x0000000089700000| Untracked |  0
|   2|0x0000000089800000, 0x0000000089800000, 0x0000000089900000|  0%| F|  |TAMS 0x0000000089800000| PB 0x0000000089800000| Untracked |  0
|   3|0x0000000089900000, 0x0000000089900000, 0x0000000089a00000|  0%| F|  |TAMS 0x0000000089900000| PB 0x0000000089900000| Untracked |  0
|   4|0x0000000089a00000, 0x0000000089a00000, 0x0000000089b00000|  0%| F|  |TAMS 0x0000000089a00000| PB 0x0000000089a00000| Untracked |  0
|   5|0x0000000089b00000, 0x0000000089b00000, 0x0000000089c00000|  0%| F|  |TAMS 0x0000000089b00000| PB 0x0000000089b00000| Untracked |  0
|   6|0x0000000089c00000, 0x0000000089c00000, 0x0000000089d00000|  0%| F|  |TAMS 0x0000000089c00000| PB 0x0000000089c00000| Untracked |  0
|   7|0x0000000089d00000, 0x0000000089d00000, 0x0000000089e00000|  0%| F|  |TAMS 0x0000000089d00000| PB 0x0000000089d00000| Untracked |  0
|   8|0x0000000089e00000, 0x0000000089e00000, 0x0000000089f00000|  0%| F|  |TAMS 0x0000000089e00000| PB 0x0000000089e00000| Untracked |  0
|   9|0x0000000089f00000, 0x0000000089f00000, 0x000000008a000000|  0%| F|  |TAMS 0x0000000089f00000| PB 0x0000000089f00000| Untracked |  0
|  10|0x000000008a000000, 0x000000008a000000, 0x000000008a100000|  0%| F|  |TAMS 0x000000008a000000| PB 0x000000008a000000| Untracked |  0
|  11|0x000000008a100000, 0x000000008a100000, 0x000000008a200000|  0%| F|  |TAMS 0x000000008a100000| PB 0x000000008a100000| Untracked |  0
|  12|0x000000008a200000, 0x000000008a200000, 0x000000008a300000|  0%| F|  |TAMS 0x000000008a200000| PB 0x000000008a200000| Untracked |  0
|  13|0x000000008a300000, 0x000000008a300000, 0x000000008a400000|  0%| F|  |TAMS 0x000000008a300000| PB 0x000000008a300000| Untracked |  0
|  14|0x000000008a400000, 0x000000008a400000, 0x000000008a500000|  0%| F|  |TAMS 0x000000008a400000| PB 0x000000008a400000| Untracked |  0
|  15|0x000000008a500000, 0x000000008a500000, 0x000000008a600000|  0%| F|  |TAMS 0x000000008a500000| PB 0x000000008a500000| Untracked |  0
|  16|0x000000008a600000, 0x000000008a600000, 0x000000008a700000|  0%| F|  |TAMS 0x000000008a600000| PB 0x000000008a600000| Untracked |  0
|  17|0x000000008a700000, 0x000000008a700000, 0x000000008a800000|  0%| F|  |TAMS 0x000000008a700000| PB 0x000000008a700000| Untracked |  0
|  18|0x000000008a800000, 0x000000008a800000, 0x000000008a900000|  0%| F|  |TAMS 0x000000008a800000| PB 0x000000008a800000| Untracked |  0
|  19|0x000000008a900000, 0x000000008a900000, 0x000000008aa00000|  0%| F|  |TAMS 0x000000008a900000| PB 0x000000008a900000| Untracked |  0
|  20|0x000000008aa00000, 0x000000008aa00000, 0x000000008ab00000|  0%| F|  |TAMS 0x000000008aa00000| PB 0x000000008aa00000| Untracked |  0
|  21|0x000000008ab00000, 0x000000008ab00000, 0x000000008ac00000|  0%| F|  |TAMS 0x000000008ab00000| PB 0x000000008ab00000| Untracked |  0
|  22|0x000000008ac00000, 0x000000008ac00000, 0x000000008ad00000|  0%| F|  |TAMS 0x000000008ac00000| PB 0x000000008ac00000| Untracked |  0
|  23|0x000000008ad00000, 0x000000008ad00000, 0x000000008ae00000|  0%| F|  |TAMS 0x000000008ad00000| PB 0x000000008ad00000| Untracked |  0
|  24|0x000000008ae00000, 0x000000008ae00000, 0x000000008af00000|  0%| F|  |TAMS 0x000000008ae00000| PB 0x000000008ae00000| Untracked |  0
|  25|0x000000008af00000, 0x000000008af00000, 0x000000008b000000|  0%| F|  |TAMS 0x000000008af00000| PB 0x000000008af00000| Untracked |  0
|  26|0x000000008b000000, 0x000000008b000000, 0x000000008b100000|  0%| F|  |TAMS 0x000000008b000000| PB 0x000000008b000000| Untracked |  0
|  27|0x000000008b100000, 0x000000008b100000, 0x000000008b200000|  0%| F|  |TAMS 0x000000008b100000| PB 0x000000008b100000| Untracked |  0
|  28|0x000000008b200000, 0x000000008b200000, 0x000000008b300000|  0%| F|  |TAMS 0x000000008b200000| PB 0x000000008b200000| Untracked |  0
|  29|0x000000008b300000, 0x000000008b300000, 0x000000008b400000|  0%| F|  |TAMS 0x000000008b300000| PB 0x000000008b300000| Untracked |  0
|  30|0x000000008b400000, 0x000000008b400000, 0x000000008b500000|  0%| F|  |TAMS 0x000000008b400000| PB 0x000000008b400000| Untracked |  0
|  31|0x000000008b500000, 0x000000008b500000, 0x000000008b600000|  0%| F|  |TAMS 0x000000008b500000| PB 0x000000008b500000| Untracked |  0
|  32|0x000000008b600000, 0x000000008b600000, 0x000000008b700000|  0%| F|  |TAMS 0x000000008b600000| PB 0x000000008b600000| Untracked |  0
|  33|0x000000008b700000, 0x000000008b700000, 0x000000008b800000|  0%| F|  |TAMS 0x000000008b700000| PB 0x000000008b700000| Untracked |  0
|  34|0x000000008b800000, 0x000000008b800000, 0x000000008b900000|  0%| F|  |TAMS 0x000000008b800000| PB 0x000000008b800000| Untracked |  0
|  35|0x000000008b900000, 0x000000008b900000, 0x000000008ba00000|  0%| F|  |TAMS 0x000000008b900000| PB 0x000000008b900000| Untracked |  0
|  36|0x000000008ba00000, 0x000000008ba00000, 0x000000008bb00000|  0%| F|  |TAMS 0x000000008ba00000| PB 0x000000008ba00000| Untracked |  0
|  37|0x000000008bb00000, 0x000000008bb00000, 0x000000008bc00000|  0%| F|  |TAMS 0x000000008bb00000| PB 0x000000008bb00000| Untracked |  0
|  38|0x000000008bc00000, 0x000000008bc00000, 0x000000008bd00000|  0%| F|  |TAMS 0x000000008bc00000| PB 0x000000008bc00000| Untracked |  0
|  39|0x000000008bd00000, 0x000000008bd00000, 0x000000008be00000|  0%| F|  |TAMS 0x000000008bd00000| PB 0x000000008bd00000| Untracked |  0
|  40|0x000000008be00000, 0x000000008be00000, 0x000000008bf00000|  0%| F|  |TAMS 0x000000008be00000| PB 0x000000008be00000| Untracked |  0
|  41|0x000000008bf00000, 0x000000008bf00000, 0x000000008c000000|  0%| F|  |TAMS 0x000000008bf00000| PB 0x000000008bf00000| Untracked |  0
|  42|0x000000008c000000, 0x000000008c000000, 0x000000008c100000|  0%| F|  |TAMS 0x000000008c000000| PB 0x000000008c000000| Untracked |  0
|  43|0x000000008c100000, 0x000000008c100000, 0x000000008c200000|  0%| F|  |TAMS 0x000000008c100000| PB 0x000000008c100000| Untracked |  0
|  44|0x000000008c200000, 0x000000008c200000, 0x000000008c300000|  0%| F|  |TAMS 0x000000008c200000| PB 0x000000008c200000| Untracked |  0
|  45|0x000000008c300000, 0x000000008c300000, 0x000000008c400000|  0%| F|  |TAMS 0x000000008c300000| PB 0x000000008c300000| Untracked |  0
|  46|0x000000008c400000, 0x000000008c400000, 0x000000008c500000|  0%| F|  |TAMS 0x000000008c400000| PB 0x000000008c400000| Untracked |  0
|  47|0x000000008c500000, 0x000000008c500000, 0x000000008c600000|  0%| F|  |TAMS 0x000000008c500000| PB 0x000000008c500000| Untracked |  0
|  48|0x000000008c600000, 0x000000008c600000, 0x000000008c700000|  0%| F|  |TAMS 0x000000008c600000| PB 0x000000008c600000| Untracked |  0
|  49|0x000000008c700000, 0x000000008c700000, 0x000000008c800000|  0%| F|  |TAMS 0x000000008c700000| PB 0x000000008c700000| Untracked |  0
|  50|0x000000008c800000, 0x000000008c800000, 0x000000008c900000|  0%| F|  |TAMS 0x000000008c800000| PB 0x000000008c800000| Untracked |  0
|  51|0x000000008c900000, 0x000000008c900000, 0x000000008ca00000|  0%| F|  |TAMS 0x000000008c900000| PB 0x000000008c900000| Untracked |  0
|  52|0x000000008ca00000, 0x000000008ca00000, 0x000000008cb00000|  0%| F|  |TAMS 0x000000008ca00000| PB 0x000000008ca00000| Untracked |  0
|  53|0x000000008cb00000, 0x000000008cb00000, 0x000000008cc00000|  0%| F|  |TAMS 0x000000008cb00000| PB 0x000000008cb00000| Untracked |  0
|  54|0x000000008cc00000, 0x000000008cc00000, 0x000000008cd00000|  0%| F|  |TAMS 0x000000008cc00000| PB 0x000000008cc00000| Untracked |  0
|  55|0x000000008cd00000, 0x000000008cd00000, 0x000000008ce00000|  0%| F|  |TAMS 0x000000008cd00000| PB 0x000000008cd00000| Untracked |  0
|  56|0x000000008ce00000, 0x000000008ce00000, 0x000000008cf00000|  0%| F|  |TAMS 0x000000008ce00000| PB 0x000000008ce00000| Untracked |  0
|  57|0x000000008cf00000, 0x000000008cf00000, 0x000000008d000000|  0%| F|  |TAMS 0x000000008cf00000| PB 0x000000008cf00000| Untracked |  0
|  58|0x000000008d000000, 0x000000008d000000, 0x000000008d100000|  0%| F|  |TAMS 0x000000008d000000| PB 0x000000008d000000| Untracked |  0
|  59|0x000000008d100000, 0x000000008d100000, 0x000000008d200000|  0%| F|  |TAMS 0x000000008d100000| PB 0x000000008d100000| Untracked |  0
|  60|0x000000008d200000, 0x000000008d200000, 0x000000008d300000|  0%| F|  |TAMS 0x000000008d200000| PB 0x000000008d200000| Untracked |  0
|  61|0x000000008d300000, 0x000000008d300000, 0x000000008d400000|  0%| F|  |TAMS 0x000000008d300000| PB 0x000000008d300000| Untracked |  0
|  62|0x000000008d400000, 0x000000008d400000, 0x000000008d500000|  0%| F|  |TAMS 0x000000008d400000| PB 0x000000008d400000| Untracked |  0
|  63|0x000000008d500000, 0x000000008d500000, 0x000000008d600000|  0%| F|  |TAMS 0x000000008d500000| PB 0x000000008d500000| Untracked |  0
|  64|0x000000008d600000, 0x000000008d600000, 0x000000008d700000|  0%| F|  |TAMS 0x000000008d600000| PB 0x000000008d600000| Untracked |  0
|  65|0x000000008d700000, 0x000000008d700000, 0x000000008d800000|  0%| F|  |TAMS 0x000000008d700000| PB 0x000000008d700000| Untracked |  0
|  66|0x000000008d800000, 0x000000008d800000, 0x000000008d900000|  0%| F|  |TAMS 0x000000008d800000| PB 0x000000008d800000| Untracked |  0
|  67|0x000000008d900000, 0x000000008d900000, 0x000000008da00000|  0%| F|  |TAMS 0x000000008d900000| PB 0x000000008d900000| Untracked |  0
|  68|0x000000008da00000, 0x000000008da00000, 0x000000008db00000|  0%| F|  |TAMS 0x000000008da00000| PB 0x000000008da00000| Untracked |  0
|  69|0x000000008db00000, 0x000000008db00000, 0x000000008dc00000|  0%| F|  |TAMS 0x000000008db00000| PB 0x000000008db00000| Untracked |  0
|  70|0x000000008dc00000, 0x000000008dc00000, 0x000000008dd00000|  0%| F|  |TAMS 0x000000008dc00000| PB 0x000000008dc00000| Untracked |  0
|  71|0x000000008dd00000, 0x000000008dd00000, 0x000000008de00000|  0%| F|  |TAMS 0x000000008dd00000| PB 0x000000008dd00000| Untracked |  0
|  72|0x000000008de00000, 0x000000008de00000, 0x000000008df00000|  0%| F|  |TAMS 0x000000008de00000| PB 0x000000008de00000| Untracked |  0
|  73|0x000000008df00000, 0x000000008df00000, 0x000000008e000000|  0%| F|  |TAMS 0x000000008df00000| PB 0x000000008df00000| Untracked |  0
|  74|0x000000008e000000, 0x000000008e000000, 0x000000008e100000|  0%| F|  |TAMS 0x000000008e000000| PB 0x000000008e000000| Untracked |  0
|  75|0x000000008e100000, 0x000000008e100000, 0x000000008e200000|  0%| F|  |TAMS 0x000000008e100000| PB 0x000000008e100000| Untracked |  0
|  76|0x000000008e200000, 0x000000008e200000, 0x000000008e300000|  0%| F|  |TAMS 0x000000008e200000| PB 0x000000008e200000| Untracked |  0
|  77|0x000000008e300000, 0x000000008e300000, 0x000000008e400000|  0%| F|  |TAMS 0x000000008e300000| PB 0x000000008e300000| Untracked |  0
|  78|0x000000008e400000, 0x000000008e400000, 0x000000008e500000|  0%| F|  |TAMS 0x000000008e400000| PB 0x000000008e400000| Untracked |  0
|  79|0x000000008e500000, 0x000000008e500000, 0x000000008e600000|  0%| F|  |TAMS 0x000000008e500000| PB 0x000000008e500000| Untracked |  0
|  80|0x000000008e600000, 0x000000008e600000, 0x000000008e700000|  0%| F|  |TAMS 0x000000008e600000| PB 0x000000008e600000| Untracked |  0
|  81|0x000000008e700000, 0x000000008e700000, 0x000000008e800000|  0%| F|  |TAMS 0x000000008e700000| PB 0x000000008e700000| Untracked |  0
|  82|0x000000008e800000, 0x000000008e800000, 0x000000008e900000|  0%| F|  |TAMS 0x000000008e800000| PB 0x000000008e800000| Untracked |  0
|  83|0x000000008e900000, 0x000000008e900000, 0x000000008ea00000|  0%| F|  |TAMS 0x000000008e900000| PB 0x000000008e900000| Untracked |  0
|  84|0x000000008ea00000, 0x000000008ea00000, 0x000000008eb00000|  0%| F|  |TAMS 0x000000008ea00000| PB 0x000000008ea00000| Untracked |  0
|  85|0x000000008eb00000, 0x000000008eb00000, 0x000000008ec00000|  0%| F|  |TAMS 0x000000008eb00000| PB 0x000000008eb00000| Untracked |  0
|  86|0x000000008ec00000, 0x000000008ec00000, 0x000000008ed00000|  0%| F|  |TAMS 0x000000008ec00000| PB 0x000000008ec00000| Untracked |  0
|  87|0x000000008ed00000, 0x000000008ed00000, 0x000000008ee00000|  0%| F|  |TAMS 0x000000008ed00000| PB 0x000000008ed00000| Untracked |  0
|  88|0x000000008ee00000, 0x000000008ee00000, 0x000000008ef00000|  0%| F|  |TAMS 0x000000008ee00000| PB 0x000000008ee00000| Untracked |  0
|  89|0x000000008ef00000, 0x000000008ef00000, 0x000000008f000000|  0%| F|  |TAMS 0x000000008ef00000| PB 0x000000008ef00000| Untracked |  0
|  90|0x000000008f000000, 0x000000008f000000, 0x000000008f100000|  0%| F|  |TAMS 0x000000008f000000| PB 0x000000008f000000| Untracked |  0
|  91|0x000000008f100000, 0x000000008f100000, 0x000000008f200000|  0%| F|  |TAMS 0x000000008f100000| PB 0x000000008f100000| Untracked |  0
|  92|0x000000008f200000, 0x000000008f200000, 0x000000008f300000|  0%| F|  |TAMS 0x000000008f200000| PB 0x000000008f200000| Untracked |  0
|  93|0x000000008f300000, 0x000000008f300000, 0x000000008f400000|  0%| F|  |TAMS 0x000000008f300000| PB 0x000000008f300000| Untracked |  0
|  94|0x000000008f400000, 0x000000008f400000, 0x000000008f500000|  0%| F|  |TAMS 0x000000008f400000| PB 0x000000008f400000| Untracked |  0
|  95|0x000000008f500000, 0x000000008f500000, 0x000000008f600000|  0%| F|  |TAMS 0x000000008f500000| PB 0x000000008f500000| Untracked |  0
|  96|0x000000008f600000, 0x000000008f600000, 0x000000008f700000|  0%| F|  |TAMS 0x000000008f600000| PB 0x000000008f600000| Untracked |  0
|  97|0x000000008f700000, 0x000000008f700000, 0x000000008f800000|  0%| F|  |TAMS 0x000000008f700000| PB 0x000000008f700000| Untracked |  0
|  98|0x000000008f800000, 0x000000008f800000, 0x000000008f900000|  0%| F|  |TAMS 0x000000008f800000| PB 0x000000008f800000| Untracked |  0
|  99|0x000000008f900000, 0x000000008f900000, 0x000000008fa00000|  0%| F|  |TAMS 0x000000008f900000| PB 0x000000008f900000| Untracked |  0
| 100|0x000000008fa00000, 0x000000008fa00000, 0x000000008fb00000|  0%| F|  |TAMS 0x000000008fa00000| PB 0x000000008fa00000| Untracked |  0
| 101|0x000000008fb00000, 0x000000008fb00000, 0x000000008fc00000|  0%| F|  |TAMS 0x000000008fb00000| PB 0x000000008fb00000| Untracked |  0
| 102|0x000000008fc00000, 0x000000008fc00000, 0x000000008fd00000|  0%| F|  |TAMS 0x000000008fc00000| PB 0x000000008fc00000| Untracked |  0
| 103|0x000000008fd00000, 0x000000008fd00000, 0x000000008fe00000|  0%| F|  |TAMS 0x000000008fd00000| PB 0x000000008fd00000| Untracked |  0
| 104|0x000000008fe00000, 0x000000008fe00000, 0x000000008ff00000|  0%| F|  |TAMS 0x000000008fe00000| PB 0x000000008fe00000| Untracked |  0
| 105|0x000000008ff00000, 0x000000008ff00000, 0x0000000090000000|  0%| F|  |TAMS 0x000000008ff00000| PB 0x000000008ff00000| Untracked |  0
| 106|0x0000000090000000, 0x0000000090000000, 0x0000000090100000|  0%| F|  |TAMS 0x0000000090000000| PB 0x0000000090000000| Untracked |  0
| 107|0x0000000090100000, 0x0000000090100000, 0x0000000090200000|  0%| F|  |TAMS 0x0000000090100000| PB 0x0000000090100000| Untracked |  0
| 108|0x0000000090200000, 0x0000000090300000, 0x0000000090300000|100%| E|  |TAMS 0x0000000090200000| PB 0x0000000090200000| Complete |  0
| 109|0x0000000090300000, 0x0000000090400000, 0x0000000090400000|100%| E|CS|TAMS 0x0000000090300000| PB 0x0000000090300000| Complete |  0
| 110|0x0000000090400000, 0x0000000090500000, 0x0000000090500000|100%| E|CS|TAMS 0x0000000090400000| PB 0x0000000090400000| Complete |  0
| 111|0x0000000090500000, 0x0000000090600000, 0x0000000090600000|100%| E|CS|TAMS 0x0000000090500000| PB 0x0000000090500000| Complete |  0
| 112|0x0000000090600000, 0x0000000090700000, 0x0000000090700000|100%| E|CS|TAMS 0x0000000090600000| PB 0x0000000090600000| Complete |  0
| 113|0x0000000090700000, 0x0000000090800000, 0x0000000090800000|100%| E|CS|TAMS 0x0000000090700000| PB 0x0000000090700000| Complete |  0
| 114|0x0000000090800000, 0x0000000090900000, 0x0000000090900000|100%| E|CS|TAMS 0x0000000090800000| PB 0x0000000090800000| Complete |  0
| 115|0x0000000090900000, 0x0000000090a00000, 0x0000000090a00000|100%| E|CS|TAMS 0x0000000090900000| PB 0x0000000090900000| Complete |  0
| 116|0x0000000090a00000, 0x0000000090b00000, 0x0000000090b00000|100%| E|CS|TAMS 0x0000000090a00000| PB 0x0000000090a00000| Complete |  0
| 117|0x0000000090b00000, 0x0000000090c00000, 0x0000000090c00000|100%| E|CS|TAMS 0x0000000090b00000| PB 0x0000000090b00000| Complete |  0
| 118|0x0000000090c00000, 0x0000000090d00000, 0x0000000090d00000|100%| E|CS|TAMS 0x0000000090c00000| PB 0x0000000090c00000| Complete |  0
| 119|0x0000000090d00000, 0x0000000090e00000, 0x0000000090e00000|100%| E|CS|TAMS 0x0000000090d00000| PB 0x0000000090d00000| Complete |  0

Card table byte_map: [0x0000026cf3520000,0x0000026cf38e0000] _byte_map_base: 0x0000026cf30d5000

Marking Bits: (CMBitMap*) 0x0000026ceaa79570
 Bits: [0x0000026cf38e0000, 0x0000026cf5688000)

Polling page: 0x0000026ce8870000

Metaspace:

Usage:
  Non-class:      5.19 MB used.
      Class:    299.01 KB used.
       Both:      5.48 MB used.

Virtual space:
  Non-class space:       64.00 MB reserved,       5.25 MB (  8%) committed,  1 nodes.
      Class space:        1.00 GB reserved,     448.00 KB ( <1%) committed,  1 nodes.
             Both:        1.06 GB reserved,       5.69 MB ( <1%) committed. 

Chunk freelists:
   Non-Class:  8.44 MB
       Class:  15.56 MB
        Both:  24.01 MB

MaxMetaspaceSize: unlimited
CompressedClassSpaceSize: 1.00 GB
Initial GC threshold: 21.00 MB
Current GC threshold: 21.00 MB
CDS: on
 - commit_granule_bytes: 65536.
 - commit_granule_words: 8192.
 - virtual_space_node_default_size: 8388608.
 - enlarge_chunks_in_place: 1.
 - use_allocation_guard: 0.


Internal statistics:

num_allocs_failed_limit: 0.
num_arena_births: 88.
num_arena_deaths: 0.
num_vsnodes_births: 2.
num_vsnodes_deaths: 0.
num_space_committed: 90.
num_space_uncommitted: 0.
num_chunks_returned_to_freelist: 0.
num_chunks_taken_from_freelist: 241.
num_chunk_merges: 0.
num_chunk_splits: 170.
num_chunks_enlarged: 133.
num_inconsistent_stats: 0.

CodeHeap 'non-profiled nmethods': size=120064Kb used=250Kb max_used=250Kb free=119814Kb
 bounds [0x0000026c87ac0000, 0x0000026c87d30000, 0x0000026c8f000000]
CodeHeap 'profiled nmethods': size=120000Kb used=1074Kb max_used=1074Kb free=118925Kb
 bounds [0x0000026c80000000, 0x0000026c80270000, 0x0000026c87530000]
CodeHeap 'non-nmethods': size=5696Kb used=2245Kb max_used=2260Kb free=3450Kb
 bounds [0x0000026c87530000, 0x0000026c877a0000, 0x0000026c87ac0000]
CodeCache: size=245760Kb, used=3569Kb, max_used=3584Kb, free=242189Kb
 total_blobs=2102, nmethods=873, adapters=1135, full_count=0
Compilation: enabled, stopped_count=0, restarted_count=0

Compilation events (20 events):
Event: 2.008 Thread 0x0000026cf7b5d060  856 %     4       java.lang.StringLatin1::indexOf @ 14 (121 bytes)
Event: 2.014 Thread 0x0000026cf7b5d060 nmethod 856% 0x0000026c87afdb08 code [0x0000026c87afdc20, 0x0000026c87afdfc8]
Event: 2.101 Thread 0x0000026cf7b5d060  857       4       java.nio.Buffer::session (20 bytes)
Event: 2.102 Thread 0x0000026cf7b5fb20  858       3       jdk.internal.jimage.BasicImageReader::getLocationIndex (52 bytes)
Event: 2.102 Thread 0x0000026cf7b5fb20 nmethod 858 0x0000026c80103c88 code [0x0000026c80103e00, 0x0000026c80104280]
Event: 2.102 Thread 0x0000026cf7b5d060 nmethod 857 0x0000026c87afe008 code [0x0000026c87afe100, 0x0000026c87afe1a0]
Event: 2.102 Thread 0x0000026cf7b5fb20  859       3       jdk.internal.jimage.ImageStringsReader::hashCode (8 bytes)
Event: 2.102 Thread 0x0000026cf7b5d060  864       4       java.lang.StringLatin1::indexOf (121 bytes)
Event: 2.102 Thread 0x0000026cf7b5fb20 nmethod 859 0x0000026c80104308 code [0x0000026c80104440, 0x0000026c80104600]
Event: 2.102 Thread 0x0000026cf7b5fb20  860       3       jdk.internal.module.SystemModuleFinders$SystemModuleReader::find (59 bytes)
Event: 2.103 Thread 0x0000026cf7b5fb20 nmethod 860 0x0000026c80104688 code [0x0000026c801048c0, 0x0000026c801054d8]
Event: 2.104 Thread 0x0000026cf7b5fb20  861       3       jdk.internal.module.SystemModuleFinders$SystemModuleReader::containsImageLocation (42 bytes)
Event: 2.104 Thread 0x0000026cf7b5fb20 nmethod 861 0x0000026c80105588 code [0x0000026c80105720, 0x0000026c80105dc0]
Event: 2.104 Thread 0x0000026cf7b5fb20  862       3       jdk.internal.jimage.ImageReader::verifyLocation (14 bytes)
Event: 2.104 Thread 0x0000026cf7b5fb20 nmethod 862 0x0000026c80105e08 code [0x0000026c80105f60, 0x0000026c801062b0]
Event: 2.105 Thread 0x0000026cf7b5fb20  863       3       jdk.internal.jimage.BasicImageReader::verifyLocation (39 bytes)
Event: 2.105 Thread 0x0000026cf7b5fb20 nmethod 863 0x0000026c80106308 code [0x0000026c80106460, 0x0000026c80106738]
Event: 2.106 Thread 0x0000026cf7b5fb20  865       3       sun.nio.ch.FileChannelImpl::read (24 bytes)
Event: 2.107 Thread 0x0000026cf7b5fb20 nmethod 865 0x0000026c80106788 code [0x0000026c801068e0, 0x0000026c80106b20]
Event: 2.107 Thread 0x0000026cf7b5fb20  866   !   3       sun.nio.ch.FileChannelImpl::implRead (292 bytes)

GC Heap History (0 events):
No events

Dll operation events (10 events):
Event: 0.033 Loaded shared library C:\Users\Client\.jdks\openjdk-23.0.1\bin\java.dll
Event: 0.141 Loaded shared library C:\Users\Client\.jdks\openjdk-23.0.1\bin\jsvml.dll
Event: 0.194 Loaded shared library C:\Users\Client\.jdks\openjdk-23.0.1\bin\net.dll
Event: 0.198 Loaded shared library C:\Users\Client\.jdks\openjdk-23.0.1\bin\nio.dll
Event: 0.204 Loaded shared library C:\Users\Client\.jdks\openjdk-23.0.1\bin\zip.dll
Event: 0.471 Loaded shared library C:\Users\Client\.jdks\openjdk-23.0.1\bin\verify.dll
Event: 0.495 Loaded shared library C:\Users\Client\.jdks\openjdk-23.0.1\bin\jimage.dll
Event: 0.740 Loaded shared library C:\Users\Client\AppData\Local\Temp\lwjgl_Client\3.3.6+1\x64\lwjgl.dll
Event: 1.394 Loaded shared library C:\Users\Client\AppData\Local\Temp\lwjgl_Client\3.3.6+1\x64\lwjgl_opengl.dll
Event: 2.100 Loaded shared library C:\Users\Client\AppData\Local\Temp\lwjgl_Client\3.3.6+1\x64\lwjgl_nuklear.dll

Deoptimization events (20 events):
Event: 1.024 Thread 0x0000026ce8694790 DEOPT PACKING pc=0x0000026c800833bd sp=0x000000b6297fe0c0
Event: 1.024 Thread 0x0000026ce8694790 DEOPT UNPACKING pc=0x0000026c87584b22 sp=0x000000b6297fd558 mode 0
Event: 1.025 Thread 0x0000026ce8694790 DEOPT PACKING pc=0x0000026c800834b3 sp=0x000000b6297fe0c0
Event: 1.025 Thread 0x0000026ce8694790 DEOPT UNPACKING pc=0x0000026c87584b22 sp=0x000000b6297fd558 mode 0
Event: 1.025 Thread 0x0000026ce8694790 DEOPT PACKING pc=0x0000026c800833bd sp=0x000000b6297fe0c0
Event: 1.025 Thread 0x0000026ce8694790 DEOPT UNPACKING pc=0x0000026c87584b22 sp=0x000000b6297fd558 mode 0
Event: 1.025 Thread 0x0000026ce8694790 DEOPT PACKING pc=0x0000026c800834b3 sp=0x000000b6297fe0c0
Event: 1.025 Thread 0x0000026ce8694790 DEOPT UNPACKING pc=0x0000026c87584b22 sp=0x000000b6297fd558 mode 0
Event: 1.025 Thread 0x0000026ce8694790 DEOPT PACKING pc=0x0000026c800833bd sp=0x000000b6297fe0c0
Event: 1.025 Thread 0x0000026ce8694790 DEOPT UNPACKING pc=0x0000026c87584b22 sp=0x000000b6297fd558 mode 0
Event: 1.026 Thread 0x0000026ce8694790 DEOPT PACKING pc=0x0000026c800834b3 sp=0x000000b6297fe0c0
Event: 1.026 Thread 0x0000026ce8694790 DEOPT UNPACKING pc=0x0000026c87584b22 sp=0x000000b6297fd558 mode 0
Event: 1.026 Thread 0x0000026ce8694790 DEOPT PACKING pc=0x0000026c800834b3 sp=0x000000b6297fe0c0
Event: 1.026 Thread 0x0000026ce8694790 DEOPT UNPACKING pc=0x0000026c87584b22 sp=0x000000b6297fd558 mode 0
Event: 1.849 Thread 0x0000026ce8694790 DEOPT PACKING pc=0x0000026c80036c8d sp=0x000000b6297fae20
Event: 1.849 Thread 0x0000026ce8694790 DEOPT UNPACKING pc=0x0000026c87584b22 sp=0x000000b6297fa270 mode 0
Event: 2.006 Thread 0x0000026ce8694790 Uncommon trap: trap_request=0xffffff6e fr.pc=0x0000026c87af9d08 relative=0x0000000000000468
Event: 2.006 Thread 0x0000026ce8694790 Uncommon trap: reason=loop_limit_check action=maybe_recompile pc=0x0000026c87af9d08 method=java.lang.StringLatin1.indexOf([BI[BII)I @ 37 c2
Event: 2.006 Thread 0x0000026ce8694790 DEOPT PACKING pc=0x0000026c87af9d08 sp=0x000000b6297fe310
Event: 2.006 Thread 0x0000026ce8694790 DEOPT UNPACKING pc=0x0000026c87584402 sp=0x000000b6297fe270 mode 2

Classes loaded (20 events):
Event: 0.869 Loading class java/nio/InvalidMarkException
Event: 0.869 Loading class java/nio/InvalidMarkException done
Event: 0.869 Loading class java/nio/BufferUnderflowException
Event: 0.869 Loading class java/nio/BufferUnderflowException done
Event: 0.884 Loading class java/util/Formatter$FixedString
Event: 0.884 Loading class java/util/Formatter$FixedString done
Event: 0.996 Loading class java/lang/NoSuchFieldError
Event: 0.996 Loading class java/lang/NoSuchFieldError done
Event: 1.027 Loading class jdk/internal/reflect/MethodHandleIntegerFieldAccessorImpl
Event: 1.027 Loading class jdk/internal/reflect/MethodHandleIntegerFieldAccessorImpl done
Event: 1.835 Loading class java/io/BufferedReader
Event: 1.835 Loading class java/io/BufferedReader done
Event: 1.845 Loading class sun/nio/cs/StreamDecoder
Event: 1.845 Loading class sun/nio/cs/StreamDecoder done
Event: 1.845 Loading class sun/nio/cs/UTF_8$Decoder
Event: 1.845 Loading class sun/nio/cs/UTF_8$Decoder done
Event: 2.101 Loading class jdk/internal/foreign/MemorySessionImpl
Event: 2.101 Loading class java/lang/foreign/MemorySegment$Scope
Event: 2.101 Loading class java/lang/foreign/MemorySegment$Scope done
Event: 2.101 Loading class jdk/internal/foreign/MemorySessionImpl done

Classes unloaded (0 events):
No events

Classes redefined (0 events):
No events

Internal exceptions (20 events):
Event: 0.748 Thread 0x0000026ce8694790 Exception <a 'sun/nio/fs/WindowsException'{0x0000000090978570}> (0x0000000090978570) 
thrown [s\open\src\hotspot\share\prims\jni.cpp, line 520]
Event: 0.859 Thread 0x0000026ce8694790 Exception <a 'java/lang/NoSuchMethodError'{0x0000000090847fe8}: 'int java.lang.invoke.DirectMethodHandle$Holder.invokeStaticInit(java.lang.Object, java.lang.Object, int, long)'> (0x0000000090847fe8) 
thrown [s\open\src\hotspot\share\interpreter\linkResolver.cpp, line 796]
Event: 0.861 Thread 0x0000026ce8694790 Exception <a 'java/lang/NoSuchMethodError'{0x000000009084d3d0}: 'java.lang.Object java.lang.invoke.DirectMethodHandle$Holder.newInvokeSpecial(java.lang.Object, java.lang.Object, int)'> (0x000000009084d3d0) 
thrown [s\open\src\hotspot\share\interpreter\linkResolver.cpp, line 796]
Event: 0.865 Thread 0x0000026ce8694790 Exception <a 'java/lang/NoSuchMethodError'{0x000000009085d088}: 'int java.lang.invoke.DirectMethodHandle$Holder.invokeStaticInit(java.lang.Object, java.lang.Object, long, long)'> (0x000000009085d088) 
thrown [s\open\src\hotspot\share\interpreter\linkResolver.cpp, line 796]
Event: 0.866 Thread 0x0000026ce8694790 Exception <a 'java/lang/NoSuchMethodError'{0x0000000090862700}: 'java.lang.Object java.lang.invoke.DirectMethodHandle$Holder.newInvokeSpecial(java.lang.Object, java.lang.Object, long)'> (0x0000000090862700) 
thrown [s\open\src\hotspot\share\interpreter\linkResolver.cpp, line 796]
Event: 0.866 Thread 0x0000026ce8694790 Exception <a 'java/lang/NoSuchMethodError'{0x0000000090866060}: 'java.lang.Object java.lang.invoke.Invokers$Holder.linkToTargetMethod(java.lang.Object, long, java.lang.Object)'> (0x0000000090866060) 
thrown [s\open\src\hotspot\share\interpreter\linkResolver.cpp, line 796]
Event: 0.867 Thread 0x0000026ce8694790 Exception <a 'java/lang/NoSuchMethodError'{0x000000009086d188}: 'int java.lang.invoke.DirectMethodHandle$Holder.invokeStaticInit(java.lang.Object, java.lang.Object, java.lang.Object, long)'> (0x000000009086d188) 
thrown [s\open\src\hotspot\share\interpreter\linkResolver.cpp, line 796]
Event: 0.995 Thread 0x0000026ce8694790 Exception <a 'sun/nio/fs/WindowsException'{0x00000000907294e8}> (0x00000000907294e8) 
thrown [s\open\src\hotspot\share\prims\jni.cpp, line 520]
Event: 0.995 Thread 0x0000026ce8694790 Exception <a 'sun/nio/fs/WindowsException'{0x0000000090729858}> (0x0000000090729858) 
thrown [s\open\src\hotspot\share\prims\jni.cpp, line 520]
Event: 1.027 Thread 0x0000026ce8694790 Exception <a 'java/lang/NoSuchMethodError'{0x0000000090741b58}: 'int java.lang.invoke.Invokers$Holder.invokeExact_MT(java.lang.Object, java.lang.Object)'> (0x0000000090741b58) 
thrown [s\open\src\hotspot\share\interpreter\linkResolver.cpp, line 796]
Event: 1.215 Thread 0x0000026ce8694790 Exception <a 'java/lang/NoSuchMethodError'{0x00000000907dc6e8}: 'void java.lang.System.load(java.lang.String, java.lang.Class)'> (0x00000000907dc6e8) 
thrown [s\open\src\hotspot\share\interpreter\linkResolver.cpp, line 796]
Event: 1.217 Thread 0x0000026ce8694790 Exception <a 'java/lang/NoSuchMethodError'{0x00000000907df178}: 'void java.lang.System.loadLibrary(java.lang.String, java.lang.Class)'> (0x00000000907df178) 
thrown [s\open\src\hotspot\share\interpreter\linkResolver.cpp, line 796]
Event: 1.391 Thread 0x0000026ce8694790 Exception <a 'sun/nio/fs/WindowsException'{0x00000000907eebf8}> (0x00000000907eebf8) 
thrown [s\open\src\hotspot\share\prims\jni.cpp, line 520]
Event: 1.391 Thread 0x0000026ce8694790 Exception <a 'sun/nio/fs/WindowsException'{0x00000000907eefa8}> (0x00000000907eefa8) 
thrown [s\open\src\hotspot\share\prims\jni.cpp, line 520]
Event: 1.409 Thread 0x0000026ce8694790 Exception <a 'sun/nio/fs/WindowsException'{0x00000000907fc260}> (0x00000000907fc260) 
thrown [s\open\src\hotspot\share\prims\jni.cpp, line 520]
Event: 1.409 Thread 0x0000026ce8694790 Exception <a 'sun/nio/fs/WindowsException'{0x00000000907fc548}> (0x00000000907fc548) 
thrown [s\open\src\hotspot\share\prims\jni.cpp, line 520]
Event: 2.004 Thread 0x0000026ce8694790 Exception <a 'java/lang/NoSuchMethodError'{0x00000000902d5838}: 'void java.lang.System.load(java.lang.String, java.lang.Class)'> (0x00000000902d5838) 
thrown [s\open\src\hotspot\share\interpreter\linkResolver.cpp, line 796]
Event: 2.005 Thread 0x0000026ce8694790 Exception <a 'java/lang/NoSuchMethodError'{0x00000000902d82f8}: 'void java.lang.System.loadLibrary(java.lang.String, java.lang.Class)'> (0x00000000902d82f8) 
thrown [s\open\src\hotspot\share\interpreter\linkResolver.cpp, line 796]
Event: 2.097 Thread 0x0000026ce8694790 Exception <a 'sun/nio/fs/WindowsException'{0x00000000902e7810}> (0x00000000902e7810) 
thrown [s\open\src\hotspot\share\prims\jni.cpp, line 520]
Event: 2.097 Thread 0x0000026ce8694790 Exception <a 'sun/nio/fs/WindowsException'{0x00000000902e7bc8}> (0x00000000902e7bc8) 
thrown [s\open\src\hotspot\share\prims\jni.cpp, line 520]

VM Operations (8 events):
Event: 0.205 Executing VM operation: HandshakeAllThreads (Deoptimize)
Event: 0.205 Executing VM operation: HandshakeAllThreads (Deoptimize) done
Event: 0.505 Executing VM operation: HandshakeAllThreads (Deoptimize)
Event: 0.505 Executing VM operation: HandshakeAllThreads (Deoptimize) done
Event: 0.614 Executing VM operation: HandshakeAllThreads (Deoptimize)
Event: 0.614 Executing VM operation: HandshakeAllThreads (Deoptimize) done
Event: 0.749 Executing VM operation: HandshakeAllThreads (Deoptimize)
Event: 0.749 Executing VM operation: HandshakeAllThreads (Deoptimize) done

Memory protections (0 events):
No events

Nmethod flushes (0 events):
No events

Events (11 events):
Event: 0.105 Thread 0x0000026ce8694790 Thread added: 0x0000026ce8694790
Event: 0.132 Thread 0x0000026ce8694790 Thread added: 0x0000026cf7b41ee0
Event: 0.132 Thread 0x0000026ce8694790 Thread added: 0x0000026cf7b45c20
Event: 0.133 Thread 0x0000026ce8694790 Thread added: 0x0000026cf7b4ca90
Event: 0.133 Thread 0x0000026ce8694790 Thread added: 0x0000026cf7b4d4f0
Event: 0.133 Thread 0x0000026ce8694790 Thread added: 0x0000026cf7b4df50
Event: 0.134 Thread 0x0000026ce8694790 Thread added: 0x0000026cf7b509c0
Event: 0.134 Thread 0x0000026ce8694790 Thread added: 0x0000026cf7b5d060
Event: 0.134 Thread 0x0000026ce8694790 Thread added: 0x0000026cf7b5fb20
Event: 0.181 Thread 0x0000026ce8694790 Thread added: 0x0000026cd40f0a80
Event: 0.185 Thread 0x0000026ce8694790 Thread added: 0x0000026cd4116540


Dynamic libraries:
0x00007ff6bad40000 - 0x00007ff6bad4e000 	C:\Users\Client\.jdks\openjdk-23.0.1\bin\java.exe
0x00007ffd17010000 - 0x00007ffd17208000 	C:\Windows\SYSTEM32\ntdll.dll
0x00007ffd150c0000 - 0x00007ffd15182000 	C:\Windows\System32\KERNEL32.DLL
0x00007ffd14820000 - 0x00007ffd14b1f000 	C:\Windows\System32\KERNELBASE.dll
0x00007ffd14ed0000 - 0x00007ffd14fd0000 	C:\Windows\System32\ucrtbase.dll
0x00007ffd100c0000 - 0x00007ffd100db000 	C:\Users\Client\.jdks\openjdk-23.0.1\bin\VCRUNTIME140.dll
0x00007ffd100a0000 - 0x00007ffd100b7000 	C:\Users\Client\.jdks\openjdk-23.0.1\bin\jli.dll
0x00007ffd15cd0000 - 0x00007ffd15e6d000 	C:\Windows\System32\USER32.dll
0x00007ffd146a0000 - 0x00007ffd146c2000 	C:\Windows\System32\win32u.dll
0x00007ffd02fc0000 - 0x00007ffd0325a000 	C:\Windows\WinSxS\amd64_microsoft.windows.common-controls_6595b64144ccf1df_6.0.19041.4355_none_60b8b9eb71f62e16\COMCTL32.dll
0x00007ffd15190000 - 0x00007ffd151bb000 	C:\Windows\System32\GDI32.dll
0x00007ffd151c0000 - 0x00007ffd1525e000 	C:\Windows\System32\msvcrt.dll
0x00007ffd14d40000 - 0x00007ffd14e57000 	C:\Windows\System32\gdi32full.dll
0x00007ffd146d0000 - 0x00007ffd1476d000 	C:\Windows\System32\msvcp_win.dll
0x00007ffd15f20000 - 0x00007ffd15f4f000 	C:\Windows\System32\IMM32.DLL
0x00007ffd10090000 - 0x00007ffd1009c000 	C:\Users\Client\.jdks\openjdk-23.0.1\bin\vcruntime140_1.dll
0x00007ffd02070000 - 0x00007ffd020fe000 	C:\Users\Client\.jdks\openjdk-23.0.1\bin\msvcp140.dll
0x00007ffcd6ba0000 - 0x00007ffcd78ef000 	C:\Users\Client\.jdks\openjdk-23.0.1\bin\server\jvm.dll
0x00007ffd16b00000 - 0x00007ffd16bb1000 	C:\Windows\System32\ADVAPI32.dll
0x00007ffd15020000 - 0x00007ffd150bf000 	C:\Windows\System32\sechost.dll
0x00007ffd16bc0000 - 0x00007ffd16ce3000 	C:\Windows\System32\RPCRT4.dll
0x00007ffd14d10000 - 0x00007ffd14d37000 	C:\Windows\System32\bcrypt.dll
0x00007ffd16070000 - 0x00007ffd160db000 	C:\Windows\System32\WS2_32.dll
0x00007ffcf4b40000 - 0x00007ffcf4b67000 	C:\Windows\SYSTEM32\WINMM.dll
0x00007ffd13c20000 - 0x00007ffd13c6b000 	C:\Windows\SYSTEM32\POWRPROF.dll
0x00007ffd0d770000 - 0x00007ffd0d77a000 	C:\Windows\SYSTEM32\VERSION.dll
0x00007ffd13aa0000 - 0x00007ffd13ab2000 	C:\Windows\SYSTEM32\UMPDC.dll
0x00007ffd12ec0000 - 0x00007ffd12ed2000 	C:\Windows\SYSTEM32\kernel.appcore.dll
0x00007ffd10080000 - 0x00007ffd1008a000 	C:\Users\Client\.jdks\openjdk-23.0.1\bin\jimage.dll
0x00007ffd12cb0000 - 0x00007ffd12e94000 	C:\Windows\SYSTEM32\DBGHELP.DLL
0x00007ffcf4400000 - 0x00007ffcf4434000 	C:\Windows\SYSTEM32\dbgcore.DLL
0x00007ffd14b20000 - 0x00007ffd14ba2000 	C:\Windows\System32\bcryptPrimitives.dll
0x00007ffd10050000 - 0x00007ffd1006e000 	C:\Users\Client\.jdks\openjdk-23.0.1\bin\java.dll
0x00007ffd16cf0000 - 0x00007ffd16e1b000 	C:\Windows\System32\ole32.dll
0x00007ffd15270000 - 0x00007ffd155c5000 	C:\Windows\System32\combase.dll
0x00007ffd162c0000 - 0x00007ffd16a2e000 	C:\Windows\System32\SHELL32.dll
0x00007ffd12430000 - 0x00007ffd12bd4000 	C:\Windows\SYSTEM32\windows.storage.dll
0x00007ffd140d0000 - 0x00007ffd140ff000 	C:\Windows\SYSTEM32\Wldp.dll
0x00007ffd15b30000 - 0x00007ffd15bfd000 	C:\Windows\System32\OLEAUT32.dll
0x00007ffd16a30000 - 0x00007ffd16add000 	C:\Windows\System32\SHCORE.dll
0x00007ffd160f0000 - 0x00007ffd16145000 	C:\Windows\System32\shlwapi.dll
0x00007ffd145d0000 - 0x00007ffd145f4000 	C:\Windows\SYSTEM32\profapi.dll
0x00007ffceaef0000 - 0x00007ffceafc7000 	C:\Users\Client\.jdks\openjdk-23.0.1\bin\jsvml.dll
0x00007ffd10010000 - 0x00007ffd10020000 	C:\Users\Client\.jdks\openjdk-23.0.1\bin\net.dll
0x00007ffd13e30000 - 0x00007ffd13e9a000 	C:\Windows\system32\mswsock.dll
0x00007ffd0da50000 - 0x00007ffd0da66000 	C:\Users\Client\.jdks\openjdk-23.0.1\bin\nio.dll
0x00007ffd0fcb0000 - 0x00007ffd0fcc7000 	C:\Users\Client\.jdks\openjdk-23.0.1\bin\zip.dll
0x00007ffd0fff0000 - 0x00007ffd10000000 	C:\Users\Client\.jdks\openjdk-23.0.1\bin\verify.dll
0x00007ffce7520000 - 0x00007ffce759e000 	C:\Users\Client\AppData\Local\Temp\lwjgl_Client\3.3.6+1\x64\lwjgl.dll
0x00007ffce7490000 - 0x00007ffce7519000 	C:\Users\Client\AppData\Local\Temp\lwjgl_Client\3.3.6+1\x64\glfw.dll
0x00007ffceadc0000 - 0x00007ffceae05000 	C:\Windows\SYSTEM32\dinput8.dll
0x00007ffd0d490000 - 0x00007ffd0d4a1000 	C:\Windows\SYSTEM32\xinput1_4.dll
0x00007ffd14fd0000 - 0x00007ffd1501e000 	C:\Windows\System32\cfgmgr32.dll
0x00007ffd14430000 - 0x00007ffd14463000 	C:\Windows\SYSTEM32\DEVOBJ.dll
0x00007ffd12070000 - 0x00007ffd1209f000 	C:\Windows\SYSTEM32\dwmapi.dll
0x00007ffd08180000 - 0x00007ffd082d2000 	C:\Windows\SYSTEM32\inputhost.dll
0x00007ffd0fd50000 - 0x00007ffd0fe42000 	C:\Windows\SYSTEM32\CoreMessaging.dll
0x00007ffd11510000 - 0x00007ffd11606000 	C:\Windows\SYSTEM32\PROPSYS.dll
0x00007ffd10ef0000 - 0x00007ffd11047000 	C:\Windows\SYSTEM32\wintypes.dll
0x00007ffd0f2f0000 - 0x00007ffd0f64b000 	C:\Windows\SYSTEM32\CoreUIComponents.dll
0x00007ffd13930000 - 0x00007ffd13963000 	C:\Windows\SYSTEM32\ntmarta.dll
0x00007ffd11d10000 - 0x00007ffd11dae000 	C:\Windows\system32\uxtheme.dll
0x00007ffd15f50000 - 0x00007ffd16065000 	C:\Windows\System32\MSCTF.dll
0x00007ffced6e0000 - 0x00007ffced808000 	C:\Windows\SYSTEM32\opengl32.dll
0x00007ffced630000 - 0x00007ffced65c000 	C:\Windows\SYSTEM32\GLU32.dll
0x00007ffd15e70000 - 0x00007ffd15f19000 	C:\Windows\System32\clbcatq.dll
0x00007ffcd2c00000 - 0x00007ffcd3b16000 	C:\Windows\System32\DriverStore\FileRepository\iigd_dch.inf_amd64_96bd31a096a4a6ff\ig9icd64.dll
0x00007ffd13050000 - 0x00007ffd13146000 	C:\Windows\system32\dxgi.dll
0x00007ffd09c40000 - 0x00007ffd09c7b000 	C:\Windows\SYSTEM32\dxcore.dll
0x00007ffd04a80000 - 0x00007ffd06ebd000 	C:\Windows\System32\DriverStore\FileRepository\iigd_dch.inf_amd64_96bd31a096a4a6ff\igc64.dll
0x00007ffd07fd0000 - 0x00007ffd08173000 	C:\Windows\System32\DriverStore\FileRepository\iigd_dch.inf_amd64_96bd31a096a4a6ff\igdgmm64.dll
0x00007ffd082e0000 - 0x00007ffd083d9000 	C:\Windows\SYSTEM32\textinputframework.dll
0x00007ffce7430000 - 0x00007ffce748d000 	C:\Users\Client\AppData\Local\Temp\lwjgl_Client\3.3.6+1\x64\lwjgl_opengl.dll
0x00007ffce73b0000 - 0x00007ffce7425000 	C:\Users\Client\AppData\Local\Temp\lwjgl_Client\3.3.6+1\x64\lwjgl_nuklear.dll

dbghelp: loaded successfully - version: 4.0.5 - missing functions: none
symbol engine: initialized successfully - sym options: 0x614 - pdb path: .;C:\Users\Client\.jdks\openjdk-23.0.1\bin;C:\Windows\SYSTEM32;C:\Windows\WinSxS\amd64_microsoft.windows.common-controls_6595b64144ccf1df_6.0.19041.4355_none_60b8b9eb71f62e16;C:\Users\Client\.jdks\openjdk-23.0.1\bin\server;C:\Users\Client\AppData\Local\Temp\lwjgl_Client\3.3.6+1\x64;C:\Windows\System32\DriverStore\FileRepository\iigd_dch.inf_amd64_96bd31a096a4a6ff

VM Arguments:
jvm_args: -Dfile.encoding=UTF-8 -Duser.country=US -Duser.language=en -Duser.variant 
java_command: Main
java_class_path (initial): C:\Users\Client\Documents\GitHub\MInecraft-Clone\build\classes\java\main;C:\Users\Client\Documents\GitHub\MInecraft-Clone\build\resources\main;C:\Users\Client\.gradle\caches\modules-2\files-2.1\org.lwjgl\lwjgl-assimp\3.3.6\931a8de55dd5ee546689119c85ed4d4af7fa68f2\lwjgl-assimp-3.3.6.jar;C:\Users\Client\.gradle\caches\modules-2\files-2.1\org.lwjgl\lwjgl-assimp\3.3.6\486fa1e2db9fc903a0cab984604cef1a895b0e28\lwjgl-assimp-3.3.6-natives-windows.jar;C:\Users\Client\.gradle\caches\modules-2\files-2.1\org.lwjgl\lwjgl-egl\3.3.6\6842d0164e94dda0fb5ec1d55b67e69df7643f28\lwjgl-egl-3.3.6.jar;C:\Users\Client\.gradle\caches\modules-2\files-2.1\org.lwjgl\lwjgl-glfw\3.3.6\7119f7d0eeb1e5502ff0ca71d2b4d47317da015\lwjgl-glfw-3.3.6.jar;C:\Users\Client\.gradle\caches\modules-2\files-2.1\org.lwjgl\lwjgl-glfw\3.3.6\99ef08056feb9627f90425a4d2a22cd9fae8e39b\lwjgl-glfw-3.3.6-natives-windows.jar;C:\Users\Client\.gradle\caches\modules-2\files-2.1\org.lwjgl\lwjgl-nuklear\3.3.6\a1fa66130955a3371cc2af58f268b90b033acbe6\lwjgl-nuklear-3.3.6.jar;C:\Users\Client\.gradle\caches\modules-2\files-2.1\org.lwjgl\lwjgl-nuklear\3.3.6\c25f05065d7b13593e94bb3ce27d448ce8564650\lwjgl-nuklear-3.3.6-natives-windows.jar;C:\Users\Client\.gradle\caches\modules-2\files-2.1\org.lwjgl\lwjgl-openal\3.3.6\ad313317ff399fd2a7f4dd74716a68cf3976c6ad\lwjgl-openal-3.3.6.jar;C:\Users\Client\.gradle\caches\modules-2\files-2.1\org.lwjgl\lwjgl-openal\3.3.6\9c2b9b660e085bb0b47a4453dc0e26f24a5475e4\lwjgl-openal-3.3.6-natives-windows.jar;C:\Users\Client\.gradle\caches\modules-2\files-2.1\org.lwjgl\lwjgl-opengl\3.3.6\ac2532612a4df374e9a9282bcf8ce2573018ebbb\lwjgl-opengl-3.3.6.jar;C:\Users\Client\.gradle\caches\modules-2\files-2.1\org.lwjgl\lwjgl-opengl\3.3.6\18dc639ebc94aa5202c2157f7490d28997b697c5\lwjgl-opengl-3.3.6-natives-windows.jar;C:\Users\Client\.gradle\caches\modules-2\files-2.1\org.lwjgl\lwjgl-opengles\3.3.6\438cffbadd2721056c0ec31fdee1f21a25009207\lwjgl-opengles-3.3.6.jar;C:\Users\Client\.gradle\caches\modules-2\files-2.1\org.lwjgl\lwjgl-stb\3.3.6\e2d3739dcfe7b672b626ded66d94f6587083306e\lwjgl-stb-3.3.6.jar;C:\Users\Client\.gradle\caches\modules-2\files-2.1\org.lwjgl\lwjgl-stb\3.3.6\334cf885b39e2db9070c39e70e65efb136435f10\lwjgl-stb-3.3.6-natives-windows.jar;C:\Users\Client\.gradle\caches\modules-2\files-2.1\org.lwjgl\lwjgl\3.3.6\ce7721d30cfaf47feaed10213e0c43eb55c49d68\lwjgl-3.3.6.jar;C:\Users\Client\.gradle\caches\modules-2\files-2.1\org.lwjgl\lwjgl\3.3.6\9a29b6a22fc5184604b8cb434ee5d5ecc4bfcbee\lwjgl-3.3.6-natives-windows.jar;C:\Users\Client\.gradle\caches\modules-2\files-2.1\org.joml\joml-primitives\1.10.0\b3ae3ae0dfee0bf5aef9f7964205cca0f3c6ea07\joml-primitives-1.10.0.jar;C:\Users\Client\.gradle\caches\modules-2\files-2.1\org.joml\joml\1.10.7\f8c3f2e7db281bde099342dd36133de4bbba390c\joml-1.10.7.jar;C:\Users\Client\.gradle\caches\modules-2\files-2.1\org.jetbrains.kotlin\kotlin-stdlib-jdk8\1.8.20\73576ddf378c5b4f1f6b449fe6b119b8183fc078\kotlin-stdlib-jdk8-1.8.20.jar;C:\Users\Client\.gradle\caches\modules-2\files-2.1\org.jetbrains.kotlin\kotlin-stdlib-jdk7\1.8.20\3aa51faf20aae8b31e1a4bc54f8370673d7b7df4\kotlin-stdlib-jdk7-1.8.20.jar;C:\Users\Client\.gradle\caches\modules-2\files-2.1\org.jetbrains.kotlin\kotlin-stdlib\1.8.20\e72fc5e03ec6c064c678a6bd0d955c88d55b0c4a\kotlin-stdlib-1.8.20.jar;C:\Users\Client\.gradle\caches\modules-2\files-2.1\org.jetbrains.kotlin\kotlin-stdlib-common\1.8.20\5eddaaf234c8c49d03eebeb6a14feb7f90faca71\kotlin-stdlib-common-1.8.20.jar;C:\Users\Client\.gradle\caches\modules-2\files-2.1\org.jetbrains\annotations\13.0\919f0dfe192fb4e063e7dacadee7f8bb9a2672a9\annotations-13.0.jar
Launcher Type: SUN_STANDARD

[Global flags]
     intx CICompilerCount                          = 3                                         {product} {ergonomic}
     uint ConcGCThreads                            = 1                                         {product} {ergonomic}
     uint G1ConcRefinementThreads                  = 4                                         {product} {ergonomic}
   size_t G1HeapRegionSize                         = 1048576                                   {product} {ergonomic}
   size_t InitialHeapSize                          = 125829120                                 {product} {ergonomic}
   size_t MarkStackSize                            = 4194304                                   {product} {ergonomic}
   size_t MarkStackSizeMax                         = 536870912                                 {product} {ergonomic}
   size_t MaxHeapSize                              = 1990197248                                {product} {ergonomic}
   size_t MaxNewSize                               = 1193279488                                {product} {ergonomic}
   size_t MinHeapDeltaBytes                        = 1048576                                   {product} {ergonomic}
   size_t MinHeapSize                              = 8388608                                   {product} {ergonomic}
    uintx NonNMethodCodeHeapSize                   = 5832704                                {pd product} {ergonomic}
    uintx NonProfiledCodeHeapSize                  = 122945536                              {pd product} {ergonomic}
    uintx ProfiledCodeHeapSize                     = 122880000                              {pd product} {ergonomic}
    uintx ReservedCodeCacheSize                    = 251658240                              {pd product} {ergonomic}
     bool SegmentedCodeCache                       = true                                      {product} {ergonomic}
   size_t SoftMaxHeapSize                          = 1990197248                             {manageable} {ergonomic}
     bool UseCompressedOops                        = true                           {product lp64_product} {ergonomic}
     bool UseG1GC                                  = true                                      {product} {ergonomic}
     bool UseLargePagesIndividualAllocation        = false                                  {pd product} {ergonomic}

Logging:
Log output configuration:
 #0: stdout all=warning uptime,level,tags foldmultilines=false
 #1: stderr all=off uptime,level,tags foldmultilines=false

Environment Variables:
PATH=C:\Program Files (x86)\Common Files\Oracle\Java\java8path;C:\Program Files (x86)\Common Files\Oracle\Java\javapath;C:\Users\Client\AppData\Roaming\Python\Python313\site-packages\SCons\;C:\Program Files\dotnet\;C:\Program Files\Git\cmd;C:\Program Files\CMake\bin;C:\Program Files\Microsoft Visual Studio\2022\Community\VC\Tools\Llvm\bin\clang-cl.exe;C:\Program Files (x86)\Windows Kits\10\bin\10.0.22621.0\x64;C:\Program Files\Microsoft Visual Studio\2022\Community\VC\Tools\Llvm\bin;C:\Program Files\Microsoft Visual Studio\2022\Community\Common7\Tools;C:\Program Files\Microsoft Visual Studio\2022\Community\Common7\IDE\CommonExtensions\Microsoft\CMake\CMake\bin;C:\Program Files\Microsoft Visual Studio\2022\Community\VC\Tools\MSVC\14.42.34433\bin\Hostx64\x64;C:\Program Files\Microsoft SQL Server\150\Tools\Binn\;C:\Program Files\nodejs\;C:\Program Files\Microsoft SQL Server\Client SDK\ODBC\170\Tools\Binn\;C:\Program Files (x86)\Windows Kits\10\Windows Performance Toolkit\;C:\program files\microsoft visual studio\2022\community\common7\ide\commonextensions\microsoft\cmake\Ninja\;C:\apache-ant\bin;C:\Users\Client\AppData\Local\Programs\Python\Python313\Scripts\;C:\Users\Client\AppData\Local\Programs\Python\Python313\;C:\Users\Client\AppData\Roaming\Python\Python313\site-packages\;C:\Users\Client\AppData\Local\Programs\Python\Launcher\;C:\Users\Client\AppData\Roaming\Python\Python313\site-packages\SCons\;C:\Users\Client\scoop\shims\;C:\Users\Client\AppData\Local\Microsoft\WindowsApps;C:\Users\Client\AppData\Local\GitHubDesktop\bin;C:\Users\Client\.dotnet\tools;C:\Program Files\JetBrains\IntelliJ IDEA 2024.3.2.2\bin;;C:\Users\Client\AppData\Roaming\Python\Python313\site-packages\SCons\Script\;C:\Program Files\dotnet\;C:\Program Files (x86)\Windows Kits\10\bin\10.0.22621.0\x64;C:\Users\Client\AppData\Roaming\npm;C:\program files\microsoft visual studio\2022\community\common7\ide\commonextensions\microsoft\cmake\Ninja\;C:\Users\Client\ant-ivy\;
USERNAME=Client
OS=Windows_NT
PROCESSOR_IDENTIFIER=Intel64 Family 6 Model 78 Stepping 3, GenuineIntel
TMP=C:\Users\Client\AppData\Local\Temp
TEMP=C:\Users\Client\AppData\Local\Temp




Periodic native trim disabled

---------------  S Y S T E M  ---------------

OS:
 Windows 10 , 64 bit Build 19041 (10.0.19041.5198)
OS uptime: 0 days 0:19 hours

CPU: total 4 (initial active 4) (2 cores per cpu, 2 threads per core) family 6 model 78 stepping 3 microcode 0xec, cx8, cmov, fxsr, ht, mmx, 3dnowpref, sse, sse2, sse3, ssse3, sse4.1, sse4.2, popcnt, lzcnt, tsc, tscinvbit, avx, avx2, aes, erms, clmul, bmi1, bmi2, rtm, adx, fma, vzeroupper, clflush, clflushopt, rdtscp, f16c
Processor Information for the first 4 processors :
  Max Mhz: 2496, Current Mhz: 2396, Mhz Limit: 2396

Memory: 4k page, system-wide physical 7591M (437M free)
TotalPageFile size 16257M (AvailPageFile size 7254M)
current process WorkingSet (physical memory assigned to process): 112M, peak: 112M
current process commit charge ("private bytes"): 219M, peak: 219M

vm_info: OpenJDK 64-Bit Server VM (23.0.1+11-39) for windows-amd64 JRE (23.0.1+11-39), built on 2024-09-30T07:20:43Z with MS VC++ 17.6 (VS2022)

END.
