#
# A fatal error has been detected by the Java Runtime Environment:
#
#  EXCEPTION_ACCESS_VIOLATION (0xc0000005) at pc=0x00007ffc976190c4, pid=19584, tid=20252
#
# JRE version: OpenJDK Runtime Environment (23.0.1+11) (build 23.0.1+11-39)
# Java VM: OpenJDK 64-Bit Server VM (23.0.1+11-39, mixed mode, sharing, tiered, compressed oops, compressed class ptrs, g1 gc, windows-amd64)
# Problematic frame:
# C  [ig9icd64.dll+0x1490c4]
#
# No core dump will be written. Minidumps are not enabled by default on client versions of Windows
#
# If you would like to submit a bug report, please visit:
#   https://bugreport.java.com/bugreport/crash.jsp
# The crash happened outside the Java Virtual Machine in native code.
# See problematic frame for where to report the bug.
#

---------------  S U M M A R Y ------------

Command Line: -Dfile.encoding=UTF-8 -Duser.country=US -Duser.language=en -Duser.variant Main

Host: Intel(R) Core(TM) i5-6300U CPU @ 2.40GHz, 4 cores, 7G,  Windows 10 , 64 bit Build 19041 (10.0.19041.5198)
Time: Wed Feb 12 11:54:56 2025 W. Central Africa Standard Time elapsed time: 1.318207 seconds (0d 0h 0m 1s)

---------------  T H R E A D  ---------------

Current thread (0x000001a8881534a0):  JavaThread "main"             [_thread_in_native, id=20252, stack(0x000000a40fc00000,0x000000a40fd00000) (1024K)]

Stack: [0x000000a40fc00000,0x000000a40fd00000],  sp=0x000000a40fcfe060,  free space=1016k
Native frames: (J=compiled Java code, j=interpreted, Vv=VM code, C=native code)
C  [ig9icd64.dll+0x1490c4]  (no source info available)
C  [ig9icd64.dll+0x4ba930]  (no source info available)
C  [ig9icd64.dll+0x4bcfec]  (no source info available)
C  [ig9icd64.dll+0x4c233d]  (no source info available)
C  [ig9icd64.dll+0x38a98d]  (no source info available)
C  [ig9icd64.dll+0x342147]  (no source info available)
C  [ig9icd64.dll+0x1a85d7]  (no source info available)
C  [ig9icd64.dll+0x19ee0a]  (no source info available)
C  [ig9icd64.dll+0x19bbf3]  (no source info available)
C  [ig9icd64.dll+0x4630ec]  (no source info available)
C  [opengl32.dll+0x26c5a]  (no source info available)
C  [lwjgl_opengl.dll+0xcc45]  (no source info available)
C  0x000001a899f8d207  (no source info available)

The last pc belongs to native method entry point (kind = native) (printed below).
Java frames: (J=compiled Java code, j=interpreted, Vv=VM code)
j  org.lwjgl.opengl.GL11C.nglTexImage2D(IIIIIIIIJ)V+0
j  org.lwjgl.opengl.GL11C.glTexImage2D(IIIIIIIILjava/nio/ByteBuffer;)V+17
j  org.lwjgl.opengl.GL11.glTexImage2D(IIIIIIIILjava/nio/ByteBuffer;)V+14
j  GameLayer.Rendering.Texture.<init>(Ljava/nio/ByteBuffer;II)V+103
j  GameLayer.Rendering.GUI.Font.loadCharacters(I)V+167
j  GameLayer.Rendering.GUI.Font.<init>(Ljava/lang/String;I)V+50
j  GameLayer.Rendering.App.loop()V+208
j  GameLayer.Rendering.App.run()V+19
j  Main.main([Ljava/lang/String;)V+17
v  ~StubRoutines::call_stub 0x000001a899f80fcd

siginfo: EXCEPTION_ACCESS_VIOLATION (0xc0000005), reading address 0x000001a8f3174000


Registers:
RAX=0x0000000000000001, RBX=0x000000a40fcfe1f0, RCX=0x0000000000000000, RDX=0x000001a8f3173fcc
RSP=0x000000a40fcfe060, RBP=0x0000000000000001, RSI=0x000001a8efe73a40, RDI=0x000001a8efe73a40
R8 =0x00000000000000b4, R9 =0x0000000000000001, R10=0x0000000000000001, R11=0x000001a8ec6b5b24
R12=0x00000000000001c1, R13=0x000001a8efe72000, R14=0x00000000000000b4, R15=0x00007ffc974d0000
RIP=0x00007ffc976190c4, EFLAGS=0x0000000000010202


Register to memory mapping:

RAX=0x0000000000000001 is an unknown value
RBX=0x000000a40fcfe1f0 is pointing into the stack for thread: 0x000001a8881534a0
RCX=0x0 is null
RDX=0x000001a8f3173fcc points into unknown readable memory: 00 00 00 00
RSP=0x000000a40fcfe060 is pointing into the stack for thread: 0x000001a8881534a0
RBP=0x0000000000000001 is an unknown value
RSI=0x000001a8efe73a40 points into unknown readable memory: 0x0000000000000000 | 00 00 00 00 00 00 00 00
RDI=0x000001a8efe73a40 points into unknown readable memory: 0x0000000000000000 | 00 00 00 00 00 00 00 00
R8 =0x00000000000000b4 is an unknown value
R9 =0x0000000000000001 is an unknown value
R10=0x0000000000000001 is an unknown value
R11=0x000001a8ec6b5b24 points into unknown readable memory: 00 00 00 00
R12=0x00000000000001c1 is an unknown value
R13=0x000001a8efe72000 points into unknown readable memory: 0xf5f5f5f5f5f5f56c | 6c f5 f5 f5 f5 f5 f5 f5
R14=0x00000000000000b4 is an unknown value
R15=0x00007ffc974d0000 ig9icd64.dll

Top of Stack: (sp=0x000000a40fcfe060)
0x000000a40fcfe060:   b76c25747845117f 0000000000000000
0x000000a40fcfe070:   459176a550a84614 0000000000000000
0x000000a40fcfe080:   000001a8f3173fcc 00007ffc9798a930
0x000000a40fcfe090:   4000540040000200 0000000000000001
0x000000a40fcfe0a0:   000000a40fcfe4a0 00007ffc9813f958
0x000000a40fcfe0b0:   0000000000000000 00007ffc9798cfec
0x000000a40fcfe0c0:   000000a40fcfe1c0 0000000000000000
0x000000a40fcfe0d0:   000000a40fcfe4a0 0000000000000001
0x000000a40fcfe0e0:   000001a8f2ef0049 00007ffc00000001
0x000000a40fcfe0f0:   000001a8f3172730 00007ffc97510700
0x000000a40fcfe100:   00006e577cdb2c5c 00000000000000e8
0x000000a40fcfe110:   0000000000000001 000000a40fcfe258
0x000000a40fcfe120:   000000a40fcfe400 000001a8ec69ce40
0x000000a40fcfe130:   000001a8f2dd9c30 0000000000000000
0x000000a40fcfe140:   0000000000000000 00007ffc979db6dd
0x000000a40fcfe150:   000001a8ec1499f0 0000000000000000
0x000000a40fcfe160:   0000000000000000 000001a8880c0cc0
0x000000a40fcfe170:   0000000000000001 000000a40fcfe270
0x000000a40fcfe180:   0000000000000000 0000000000000050
0x000000a40fcfe190:   000000000000002d 0000000000000025
0x000000a40fcfe1a0:   0000000000000002 0000000000000002
0x000000a40fcfe1b0:   0000000000000001 00007ffc979db9d9
0x000000a40fcfe1c0:   000001a8ec69ce40 0000000000000001
0x000000a40fcfe1d0:   0000000000000001 0000000000000000
0x000000a40fcfe1e0:   000000a40fcfe400 0000000000000001
0x000000a40fcfe1f0:   00007ffc97f83200 000001a8ec69ce40
0x000000a40fcfe200:   000000250000002d 0000004900000000
0x000000a40fcfe210:   000000b400000004 000001a8f3172730
0x000000a40fcfe220:   0000000498130049 00000000000000c0
0x000000a40fcfe230:   000001a8efe72000 00007ffc974f5201
0x000000a40fcfe240:   000000a40fcfe400 000000a40fcfe270
0x000000a40fcfe250:   0000000000000000 000001a8f3150010 

Instructions: (pc=0x00007ffc976190c4)
0x00007ffc97618fc4:   3b c1 74 47 41 b9 c1 01 00 00 48 8d 0d eb db bb
0x00007ffc97618fd4:   00 4c 8d 15 44 dc b5 00 66 41 3b c1 77 0d 48 8d
0x00007ffc97618fe4:   14 40 48 c1 e2 05 49 03 d2 eb 03 48 8b d1 66 45
0x00007ffc97618ff4:   3b c1 77 0b 4b 8d 0c 40 48 c1 e1 05 49 03 ca 0f
0x00007ffc97619004:   b7 41 18 66 39 42 18 0f 94 c0 c3 32 c0 c3 cc cc
0x00007ffc97619014:   cc cc cc cc cc cc cc cc cc cc cc cc 40 57 48 83
0x00007ffc97619024:   ec 20 48 8b f9 33 c9 49 83 f8 10 0f 82 cf 01 00
0x00007ffc97619034:   00 44 8b cf 41 83 e1 0f 74 41 66 0f 6f 0d 2a 81
0x00007ffc97619044:   8f 00 b8 10 00 00 00 41 2b c1 44 8b c8 b8 0f 00
0x00007ffc97619054:   00 00 41 2a c1 0f be c0 66 0f 6e c0 66 0f 60 c0
0x00007ffc97619064:   66 0f 61 c0 66 0f 70 c0 00 66 0f 64 c8 f3 0f 6f
0x00007ffc97619074:   02 49 03 d1 66 0f f7 c1 49 03 f9 41 8b c1 44 8b
0x00007ffc97619084:   d1 4c 2b c0 0f 29 74 24 10 4d 8b c8 0f 29 3c 24
0x00007ffc97619094:   49 c1 e9 07 f6 c2 0f 0f 84 af 00 00 00 4d 85 c9
0x00007ffc976190a4:   74 6b 66 66 0f 1f 84 00 00 00 00 00 f3 0f 6f 02
0x00007ffc976190b4:   41 ff c2 f3 0f 6f 4a 10 41 8b c2 f3 0f 6f 52 20
0x00007ffc976190c4:   f3 0f 6f 5a 30 f3 0f 6f 62 40 f3 0f 6f 6a 50 f3
0x00007ffc976190d4:   0f 6f 72 60 f3 0f 6f 7a 70 66 0f e7 07 66 0f e7
0x00007ffc976190e4:   4f 10 66 0f e7 57 20 66 0f e7 5f 30 66 0f e7 67
0x00007ffc976190f4:   40 66 0f e7 6f 50 66 0f e7 77 60 66 0f e7 7f 70
0x00007ffc97619104:   48 83 ef 80 48 83 ea 80 49 3b c1 72 9f 41 83 e0
0x00007ffc97619114:   7f 0f 84 e0 00 00 00 45 8b d0 44 8b c9 49 c1 ea
0x00007ffc97619124:   04 4d 85 d2 0f 84 cd 00 00 00 66 90 f3 0f 6f 02
0x00007ffc97619134:   41 ff c1 48 83 c2 10 41 8b c1 66 0f e7 07 48 83
0x00007ffc97619144:   c7 10 49 3b c2 72 e5 e9 ab 00 00 00 4d 85 c9 74
0x00007ffc97619154:   6c 66 66 66 0f 1f 84 00 00 00 00 00 f3 0f 6f 02
0x00007ffc97619164:   41 ff c2 f3 0f 6f 4a 10 f3 0f 6f 52 20 f3 0f 6f
0x00007ffc97619174:   5a 30 f3 0f 6f 62 40 f3 0f 6f 6a 50 f3 0f 6f 72
0x00007ffc97619184:   60 f3 0f 6f 7a 70 48 83 ea 80 66 0f e7 07 66 0f
0x00007ffc97619194:   e7 4f 10 66 0f e7 57 20 66 0f e7 5f 30 66 0f e7
0x00007ffc976191a4:   67 40 66 0f e7 6f 50 66 0f e7 77 60 66 0f e7 7f
0x00007ffc976191b4:   70 48 83 ef 80 41 8b c2 49 3b c1 72 9f 41 83 e0 


Stack slot to memory mapping:

stack at sp + 0 slots: 0xb76c25747845117f is an unknown value
stack at sp + 1 slots: 0x0 is null
stack at sp + 2 slots: 0x459176a550a84614 is an unknown value
stack at sp + 3 slots: 0x0 is null
stack at sp + 4 slots: 0x000001a8f3173fcc points into unknown readable memory: 00 00 00 00
stack at sp + 5 slots: 0x00007ffc9798a930 ig9icd64.dll
stack at sp + 6 slots: 0x4000540040000200 is an unknown value
stack at sp + 7 slots: 0x0000000000000001 is an unknown value

Lock stack of current Java thread (top to bottom):

native method entry point (kind = native)  [0x000001a899f8cde0, 0x000001a899f8d938]  2904 bytes
[MachCode]
  0x000001a899f8cde0: 488b 4b08 | 0fb7 492e | 584c 8d74 | ccf8 6800 | 0000 0068 | 0000 0000 | 5055 488b | ec41 5568 
  0x000001a899f8ce00: 0000 0000 | 4c8b 6b08 | 4d8d 6d38 | 5348 8b53 | 0848 8b52 | 0848 8b52 | 1848 8b52 | 7048 8b12 
  0x000001a899f8ce20: 5248 8b53 | 1048 85d2 | 0f84 0700 | 0000 4881 | c210 0100 | 0052 488b | 5308 488b | 5208 488b 
  0x000001a899f8ce40: 5210 5249 | 8bc6 482b | c548 c1e8 | 0350 6800 | 0000 0068 | f7ff ffff | 41c6 8771 | 0400 0001 
  0x000001a899f8ce60: 488b 4310 | 4885 c074 | 208b 88cc | 0000 0083 | c102 8988 | cc00 0000 | 2388 e000 | 0000 0f84 
  0x000001a899f8ce80: 000a 0000 | e9cf 0000 | 0048 8b43 | 1848 85c0 | 0f85 b000 | 0000 e805 | 0000 00e9 | 9900 0000 
  0x000001a899f8cea0: 488b d348 | 8d44 2408 | 4c89 6dc0 | 498b cfc5 | f877 4989 | afb0 0300 | 0049 8987 | a003 0000 
  0x000001a899f8cec0: 4883 ec20 | 40f6 c40f | 0f84 1900 | 0000 4883 | ec08 48b8 | 9026 a0bc | fc7f 0000 | ffd0 4883 
  0x000001a899f8cee0: c408 e90c | 0000 0048 | b890 26a0 | bcfc 7f00 | 00ff d048 | 83c4 2049 | c787 a003 | 0000 0000 
  0x000001a899f8cf00: 0000 49c7 | 87b0 0300 | 0000 0000 | 0049 c787 | a803 0000 | 0000 0000 | c5f8 7749 | 837f 0800 
  0x000001a899f8cf20: 0f84 0500 | 0000 e995 | 3fff ff4c | 8b6d c04c | 8b75 c84e | 8d74 f500 | c348 8b43 | 1848 85c0 
  0x000001a899f8cf40: 0f84 1200 | 0000 8b48 | 0883 c102 | 8948 0823 | 481c 0f84 | 2c09 0000 | 493b a7e8 | 0400 000f 
  0x000001a899f8cf60: 8748 0000 | 0089 8424 | 00f0 ffff | 8984 2400 | e0ff ff89 | 8424 00d0 | ffff 8984 | 2400 c0ff 
  0x000001a899f8cf80: ff89 8424 | 00b0 ffff | 8984 2400 | a0ff ff89 | 8424 0090 | ffff 8984 | 2400 80ff | ff49 3ba7 
  0x000001a899f8cfa0: e004 0000 | 7607 4989 | a7e8 0400 | 0041 c687 | 7104 0000 | 0049 ba41 | ad27 bdfc | 7f00 0041 
  0x000001a899f8cfc0: 803a 000f | 843e 0000 | 0048 8b55 | e849 8bcf | 4883 ec20 | 40f6 c40f | 0f84 1900 | 0000 4883 
  0x000001a899f8cfe0: ec08 48b8 | 10ee d7bc | fc7f 0000 | ffd0 4883 | c408 e90c | 0000 0048 | b810 eed7 | bcfc 7f00 
  0x000001a899f8d000: 00ff d048 | 83c4 2048 | 8b5d e84c | 8b5b 0845 | 0fb7 5b2e | 41c1 e303 | 492b e348 | 83ec 2048 
  0x000001a899f8d020: 83e4 f04c | 8b5b 604d | 85db 0f85 | ab00 0000 | e805 0000 | 00e9 9900 | 0000 488b | d348 8d44 
  0x000001a899f8d040: 2408 4c89 | 6dc0 498b | cfc5 f877 | 4989 afb0 | 0300 0049 | 8987 a003 | 0000 4883 | ec20 40f6 
  0x000001a899f8d060: c40f 0f84 | 1900 0000 | 4883 ec08 | 48b8 f04d | a0bc fc7f | 0000 ffd0 | 4883 c408 | e90c 0000 
  0x000001a899f8d080: 0048 b8f0 | 4da0 bcfc | 7f00 00ff | d048 83c4 | 2049 c787 | a003 0000 | 0000 0000 | 49c7 87b0 
  0x000001a899f8d0a0: 0300 0000 | 0000 0049 | c787 a803 | 0000 0000 | 0000 c5f8 | 7749 837f | 0800 0f84 | 0500 0000 
  0x000001a899f8d0c0: e9fb 3dff | ff4c 8b6d | c04c 8b75 | c84e 8d74 | f500 c348 | 8b5d e84c | 8b5b 6041 | ffd3 488b 
  0x000001a899f8d0e0: 5de8 4889 | 4518 448b | 5b28 41f6 | c308 0f84 | 1b00 0000 | 4c8b 5b08 | 4d8b 5b08 | 4d8b 5b18 
  0x000001a899f8d100: 4d8b 5b70 | 4d8b 1b4c | 895d 1048 | 8d55 1048 | 8b43 5849 | ba60 3cd8 | bcfc 7f00 | 0049 3bc2 
  0x000001a899f8d120: 0f85 ab00 | 0000 e805 | 0000 00e9 | 9900 0000 | 488b d348 | 8d44 2408 | 4c89 6dc0 | 498b cfc5 
  0x000001a899f8d140: f877 4989 | afb0 0300 | 0049 8987 | a003 0000 | 4883 ec20 | 40f6 c40f | 0f84 1900 | 0000 4883 
  0x000001a899f8d160: ec08 48b8 | f04d a0bc | fc7f 0000 | ffd0 4883 | c408 e90c | 0000 0048 | b8f0 4da0 | bcfc 7f00 
  0x000001a899f8d180: 00ff d048 | 83c4 2049 | c787 a003 | 0000 0000 | 0000 49c7 | 87b0 0300 | 0000 0000 | 0049 c787 
  0x000001a899f8d1a0: a803 0000 | 0000 0000 | c5f8 7749 | 837f 0800 | 0f84 0500 | 0000 e905 | 3dff ff4c | 8b6d c04c 
  0x000001a899f8d1c0: 8b75 c84e | 8d74 f500 | c348 8b5d | e848 8b43 | 5849 8d8f | c003 0000 | c5f8 7749 | 89af b003 
  0x000001a899f8d1e0: 0000 49ba | d8d1 f899 | a801 0000 | 4d89 97a8 | 0300 0049 | 89a7 a003 | 0000 41c7 | 8744 0400 
  0x000001a899f8d200: 0004 0000 | 00ff d0c5 | f877 4883 | ec10 c5fb | 1104 2448 | 83ec 1048 | 8904 2448 | c744 2408 
  0x000001a899f8d220: 0000 0000 | 41c7 8744 | 0400 0005 | 0000 00f0 | 8344 24c0 | 0049 3baf | 4804 0000 | 0f87 0e00 
  0x000001a899f8d240: 0000 4183 | bf40 0400 | 0000 0f84 | 2000 0000 | 498b cf4c | 8be4 4883 | ec20 4883 | e4f0 48b8 
  0x000001a899f8d260: 90a9 a1bc | fc7f 0000 | ffd0 498b | e44d 33e4 | 41c7 8744 | 0400 0008 | 0000 0049 | c787 a003 
  0x000001a899f8d280: 0000 0000 | 0000 49c7 | 87b0 0300 | 0000 0000 | 0049 c787 | a803 0000 | 0000 0000 | c5f8 774d 
  0x000001a899f8d2a0: 8b9f 3004 | 0000 41c7 | 8300 0100 | 0000 0000 | 0049 bbda | a5f8 99a8 | 0100 004c | 3b5d 180f 
  0x000001a899f8d2c0: 8524 0200 | 0048 8b04 | 2448 83c4 | 1048 85c0 | 0f84 fe01 | 0000 a803 | 0f85 0800 | 0000 488b 
  0x000001a899f8d2e0: 00e9 ee01 | 0000 a801 | 0f85 0900 | 0000 488b | 40fe e9dd | 0100 0048 | 8b40 ff41 | 807f 3800 
  0x000001a899f8d300: 0f84 ce01 | 0000 4883 | f800 0f84 | c401 0000 | 4d8b 5f28 | 4983 fb00 | 0f84 1400 | 0000 4983 
  0x000001a899f8d320: eb08 4d89 | 5f28 4d03 | 5f30 4989 | 03e9 a201 | 0000 4881 | ecd0 0000 | 0048 8904 | 2448 894c 
  0x000001a899f8d340: 2408 4889 | 5424 1048 | 8974 2418 | 4889 7c24 | 204c 8944 | 2428 4c89 | 4c24 304c | 8954 2438 
  0x000001a899f8d360: 4c89 5c24 | 40c5 fb11 | 4424 50c5 | fb11 4c24 | 58c5 fb11 | 5424 60c5 | fb11 5c24 | 68c5 fb11 
  0x000001a899f8d380: 6424 70c5 | fb11 6c24 | 78c5 fb11 | b424 8000 | 0000 c5fb | 11bc 2488 | 0000 00c5 | 7b11 8424 
  0x000001a899f8d3a0: 9000 0000 | c57b 118c | 2498 0000 | 00c5 7b11 | 9424 a000 | 0000 c57b | 119c 24a8 | 0000 00c5 
  0x000001a899f8d3c0: 7b11 a424 | b000 0000 | c57b 11ac | 24b8 0000 | 00c5 7b11 | b424 c000 | 0000 c57b | 11bc 24c8 
  0x000001a899f8d3e0: 0000 0049 | 8bd7 488b | c848 83ec | 2040 f6c4 | 0f0f 8419 | 0000 0048 | 83ec 0848 | b8e0 0795 
  0x000001a899f8d400: bcfc 7f00 | 00ff d048 | 83c4 08e9 | 0c00 0000 | 48b8 e007 | 95bc fc7f | 0000 ffd0 | 4883 c420 
  0x000001a899f8d420: c57b 10bc | 24c8 0000 | 00c5 7b10 | b424 c000 | 0000 c57b | 10ac 24b8 | 0000 00c5 | 7b10 a424 
  0x000001a899f8d440: b000 0000 | c57b 109c | 24a8 0000 | 00c5 7b10 | 9424 a000 | 0000 c57b | 108c 2498 | 0000 00c5 
  0x000001a899f8d460: 7b10 8424 | 9000 0000 | c5fb 10bc | 2488 0000 | 00c5 fb10 | b424 8000 | 0000 c5fb | 106c 2478 
  0x000001a899f8d480: c5fb 1064 | 2470 c5fb | 105c 2468 | c5fb 1054 | 2460 c5fb | 104c 2458 | c5fb 1044 | 2450 4c8b 
  0x000001a899f8d4a0: 5c24 404c | 8b54 2438 | 4c8b 4c24 | 304c 8b44 | 2428 488b | 7c24 2048 | 8b74 2418 | 488b 5424 
  0x000001a899f8d4c0: 1048 8b4c | 2408 488b | 0424 4881 | c4d0 0000 | 00c5 f877 | 4889 4510 | 4883 ec10 | 4889 0424 
  0x000001a899f8d4e0: 48c7 4424 | 0800 0000 | 0041 83bf | c804 0000 | 020f 85bf | 0000 0048 | 81ec 8000 | 0000 4889 
  0x000001a899f8d500: 4424 7848 | 894c 2470 | 4889 5424 | 6848 895c | 2460 4889 | 6c24 5048 | 8974 2448 | 4889 7c24 
  0x000001a899f8d520: 404c 8944 | 2438 4c89 | 4c24 304c | 8954 2428 | 4c89 5c24 | 204c 8964 | 2418 4c89 | 6c24 104c 
  0x000001a899f8d540: 8974 2408 | 4c89 3c24 | 4c8b e448 | 83ec 2048 | 83e4 f048 | b8c0 22d8 | bcfc 7f00 | 00ff d049 
  0x000001a899f8d560: 8be4 4c8b | 3c24 4c8b | 7424 084c | 8b6c 2410 | 4c8b 6424 | 184c 8b5c | 2420 4c8b | 5424 284c 
  0x000001a899f8d580: 8b4c 2430 | 4c8b 4424 | 3848 8b7c | 2440 488b | 7424 4848 | 8b6c 2450 | 488b 5c24 | 6048 8b54 
  0x000001a899f8d5a0: 2468 488b | 4c24 7048 | 8b44 2478 | 4881 c480 | 0000 004d | 33e4 488b | 5de8 4c8b | 6b08 4d8d 
  0x000001a899f8d5c0: 6d38 4983 | 7f08 000f | 84bb 0000 | 00e8 0500 | 0000 e996 | 0000 0048 | 8d44 2408 | 4c89 6dc0 
  0x000001a899f8d5e0: 498b cfc5 | f877 4989 | afb0 0300 | 0049 8987 | a003 0000 | 4883 ec20 | 40f6 c40f | 0f84 1900 
  0x000001a899f8d600: 0000 4883 | ec08 48b8 | 006c a0bc | fc7f 0000 | ffd0 4883 | c408 e90c | 0000 0048 | b800 6ca0 
  0x000001a899f8d620: bcfc 7f00 | 00ff d048 | 83c4 2049 | c787 a003 | 0000 0000 | 0000 49c7 | 87b0 0300 | 0000 0000 
  0x000001a899f8d640: 0049 c787 | a803 0000 | 0000 0000 | c5f8 7749 | 837f 0800 | 0f84 0500 | 0000 e961 | 38ff ff4c 
  0x000001a899f8d660: 8b6d c04c | 8b75 c84e | 8d74 f500 | c348 b930 | d5ff bcfc | 7f00 0048 | 83e4 f048 | b870 4ac6 
  0x000001a899f8d680: bcfc 7f00 | 00ff d0f4 | 448b 5b28 | 41f6 c320 | 0f84 7901 | 0000 488d | 55a8 4c8b | 5a08 4d85 
  0x000001a899f8d6a0: db0f 85bb | 0000 00e8 | 0500 0000 | e996 0000 | 0048 8d44 | 2408 4c89 | 6dc0 498b | cfc5 f877 
  0x000001a899f8d6c0: 4989 afb0 | 0300 0049 | 8987 a003 | 0000 4883 | ec20 40f6 | c40f 0f84 | 1900 0000 | 4883 ec08 
  0x000001a899f8d6e0: 48b8 306b | a0bc fc7f | 0000 ffd0 | 4883 c408 | e90c 0000 | 0048 b830 | 6ba0 bcfc | 7f00 00ff 
  0x000001a899f8d700: d048 83c4 | 2049 c787 | a003 0000 | 0000 0000 | 49c7 87b0 | 0300 0000 | 0000 0049 | c787 a803 
  0x000001a899f8d720: 0000 0000 | 0000 c5f8 | 7749 837f | 0800 0f84 | 0500 0000 | e987 37ff | ff4c 8b6d | c04c 8b75 
  0x000001a899f8d740: c84e 8d74 | f500 c348 | b930 d5ff | bcfc 7f00 | 0048 83e4 | f048 b870 | 4ac6 bcfc | 7f00 00ff 
  0x000001a899f8d760: d0f4 4c89 | 6dc0 4c8b | 4a08 48c7 | 4208 0000 | 0000 458b | 8718 0600 | 004f 3b4c | 07f8 0f85 
  0x000001a899f8d780: 4900 0000 | 4183 af18 | 0600 0008 | 4f3b 4c07 | f00f 842a | 0000 0049 | 8b01 a802 | 0f85 1200 
  0x000001a899f8d7a0: 0000 4c8b | c049 83c8 | 01f0 4d0f | b101 0f84 | 0d00 0000 | 4183 8718 | 0600 0008 | e90c 0000 
  0x000001a899f8d7c0: 0049 ff8f | 5005 0000 | e93e 0000 | 004c 894a | 0848 8bca | 4883 ec20 | 40f6 c40f | 0f84 1900 
  0x000001a899f8d7e0: 0000 4883 | ec08 48b8 | f03d a0bc | fc7f 0000 | ffd0 4883 | c408 e90c | 0000 0048 | b8f0 3da0 
  0x000001a899f8d800: bcfc 7f00 | 00ff d048 | 83c4 204c | 8b6d c049 | ba41 ad27 | bdfc 7f00 | 0041 803a | 000f 843e 
  0x000001a899f8d820: 0000 0048 | 8b55 e849 | 8bcf 4883 | ec20 40f6 | c40f 0f84 | 1900 0000 | 4883 ec08 | 48b8 10ee 
  0x000001a899f8d840: d7bc fc7f | 0000 ffd0 | 4883 c408 | e90c 0000 | 0048 b810 | eed7 bcfc | 7f00 00ff | d048 83c4 
  0x000001a899f8d860: 2048 8b04 | 2448 83c4 | 10c5 fb10 | 0424 4883 | c410 4c8b | 5d18 41ff | d34c 8b5d | f8c9 5f49 
  0x000001a899f8d880: 8be3 ffe7 | ba00 0000 | 00e8 0500 | 0000 e996 | 0000 0048 | 8d44 2408 | 4c89 6dc0 | 498b cfc5 
  0x000001a899f8d8a0: f877 4989 | afb0 0300 | 0049 8987 | a003 0000 | 4883 ec20 | 40f6 c40f | 0f84 1900 | 0000 4883 
  0x000001a899f8d8c0: ec08 48b8 | a031 a0bc | fc7f 0000 | ffd0 4883 | c408 e90c | 0000 0048 | b8a0 31a0 | bcfc 7f00 
  0x000001a899f8d8e0: 00ff d048 | 83c4 2049 | c787 a003 | 0000 0000 | 0000 49c7 | 87b0 0300 | 0000 0000 | 0049 c787 
  0x000001a899f8d900: a803 0000 | 0000 0000 | c5f8 7749 | 837f 0800 | 0f84 0500 | 0000 e9a5 | 35ff ff4c | 8b6d c04c 
  0x000001a899f8d920: 8b75 c84e | 8d74 f500 | c348 8b5d | e8e9 26f6 | ffff 660f | 1f44 0000 
[/MachCode]

---------------  P R O C E S S  ---------------

Threads class SMR info:
_java_thread_list=0x000001a8ec674b30, length=11, elements={
0x000001a8881534a0, 0x000001a8a642f630, 0x000001a8a6431200, 0x000001a8a6436fd0,
0x000001a8a6437a30, 0x000001a8a6438490, 0x000001a8a643c3f0, 0x000001a8a64401a0,
0x000001a8a6446890, 0x000001a8a65b1640, 0x000001a8a65b34d0
}

Java Threads: ( => current thread )
=>0x000001a8881534a0 JavaThread "main"                              [_thread_in_native, id=20252, stack(0x000000a40fc00000,0x000000a40fd00000) (1024K)]
  0x000001a8a642f630 JavaThread "Reference Handler"          daemon [_thread_blocked, id=20764, stack(0x000000a410400000,0x000000a410500000) (1024K)]
  0x000001a8a6431200 JavaThread "Finalizer"                  daemon [_thread_blocked, id=12552, stack(0x000000a410500000,0x000000a410600000) (1024K)]
  0x000001a8a6436fd0 JavaThread "Signal Dispatcher"          daemon [_thread_blocked, id=12504, stack(0x000000a410600000,0x000000a410700000) (1024K)]
  0x000001a8a6437a30 JavaThread "Attach Listener"            daemon [_thread_blocked, id=11416, stack(0x000000a410700000,0x000000a410800000) (1024K)]
  0x000001a8a6438490 JavaThread "Service Thread"             daemon [_thread_blocked, id=14812, stack(0x000000a410800000,0x000000a410900000) (1024K)]
  0x000001a8a643c3f0 JavaThread "Monitor Deflation Thread"   daemon [_thread_blocked, id=19548, stack(0x000000a410900000,0x000000a410a00000) (1024K)]
  0x000001a8a64401a0 JavaThread "C2 CompilerThread0"         daemon [_thread_blocked, id=19004, stack(0x000000a410a00000,0x000000a410b00000) (1024K)]
  0x000001a8a6446890 JavaThread "C1 CompilerThread0"         daemon [_thread_blocked, id=18540, stack(0x000000a410b00000,0x000000a410c00000) (1024K)]
  0x000001a8a65b1640 JavaThread "Notification Thread"        daemon [_thread_blocked, id=13576, stack(0x000000a410c00000,0x000000a410d00000) (1024K)]
  0x000001a8a65b34d0 JavaThread "Common-Cleaner"             daemon [_thread_blocked, id=15948, stack(0x000000a410d00000,0x000000a410e00000) (1024K)]
Total: 11

Other Threads:
  0x000001a8a641b4c0 VMThread "VM Thread"                           [id=14744, stack(0x000000a410300000,0x000000a410400000) (1024K)]
  0x000001a8a6405340 WatcherThread "VM Periodic Task Thread"        [id=15016, stack(0x000000a410200000,0x000000a410300000) (1024K)]
  0x000001a88a369dd0 WorkerThread "GC Thread#0"                     [id=17432, stack(0x000000a40fd00000,0x000000a40fe00000) (1024K)]
  0x000001a8f236b7b0 WorkerThread "GC Thread#1"                     [id=9124, stack(0x000000a410e00000,0x000000a410f00000) (1024K)]
  0x000001a8f26da960 WorkerThread "GC Thread#2"                     [id=7052, stack(0x000000a411500000,0x000000a411600000) (1024K)]
  0x000001a8f24c1930 WorkerThread "GC Thread#3"                     [id=20036, stack(0x000000a411600000,0x000000a411700000) (1024K)]
  0x000001a88a37ef10 ConcurrentGCThread "G1 Main Marker"            [id=9544, stack(0x000000a40fe00000,0x000000a40ff00000) (1024K)]
  0x000001a88a37f920 WorkerThread "G1 Conc#0"                       [id=18312, stack(0x000000a40ff00000,0x000000a410000000) (1024K)]
  0x000001a8a62d9100 ConcurrentGCThread "G1 Refine#0"               [id=20780, stack(0x000000a410000000,0x000000a410100000) (1024K)]
  0x000001a8a62d9b80 ConcurrentGCThread "G1 Service"                [id=21904, stack(0x000000a410100000,0x000000a410200000) (1024K)]
Total: 10

Threads with active compile tasks:
Total: 0

VM state: not at safepoint (normal execution)

VM Mutex/Monitor currently owned by a thread: None

Heap address: 0x0000000089600000, size: 1898 MB, Compressed Oops mode: 32-bit

CDS archive(s) mapped at: [0x000001a8a7000000-0x000001a8a7d70000-0x000001a8a7d70000), size 14090240, SharedBaseAddress: 0x000001a8a7000000, ArchiveRelocationMode: 1.
Compressed class space mapped at: 0x000001a8a8000000-0x000001a8e8000000, reserved size: 1073741824
Narrow klass base: 0x000001a8a7000000, Narrow klass shift: 0, Narrow klass range: 0x41000000

GC Precious Log:
 CardTable entry size: 512
 Card Set container configuration: InlinePtr #cards 5 size 8 Array Of Cards #cards 10 size 36 Howl #buckets 4 coarsen threshold 1843 Howl Bitmap #cards 512 size 80 coarsen threshold 460 Card regions per heap region 1 cards per card region 2048
 CPUs: 4 total, 4 available
 Memory: 7591M
 Large Page Support: Disabled
 NUMA Support: Disabled
 Compressed Oops: Enabled (32-bit)
 Heap Region Size: 1M
 Heap Min Capacity: 8M
 Heap Initial Capacity: 120M
 Heap Max Capacity: 1898M
 Pre-touch: Disabled
 Parallel Workers: 4
 Concurrent Workers: 1
 Concurrent Refinement Workers: 4
 Periodic GC: Disabled

Heap:
 garbage-first heap   total reserved 1943552K, committed 122880K, used 43207K [0x0000000089600000, 0x0000000100000000)
  region size 1024K, 35 young (35840K), 1 survivors (1024K)
 Metaspace       used 5197K, committed 5440K, reserved 1114112K
  class space    used 281K, committed 384K, reserved 1048576K

Heap Regions: E=young(eden), S=young(survivor), O=old, HS=humongous(starts), HC=humongous(continues), CS=collection set, F=free, TAMS=top-at-mark-start, PB=parsable bottom
|   0|0x0000000089600000, 0x0000000089700000, 0x0000000089700000|100%| O|  |TAMS 0x0000000089600000| PB 0x0000000089600000| Untracked |  0
|   1|0x0000000089700000, 0x0000000089800000, 0x0000000089800000|100%| O|  |TAMS 0x0000000089700000| PB 0x0000000089700000| Untracked |  0
|   2|0x0000000089800000, 0x0000000089900000, 0x0000000089900000|100%| O|  |TAMS 0x0000000089800000| PB 0x0000000089800000| Untracked |  0
|   3|0x0000000089900000, 0x0000000089a00000, 0x0000000089a00000|100%| O|  |TAMS 0x0000000089900000| PB 0x0000000089900000| Untracked |  0
|   4|0x0000000089a00000, 0x0000000089b00000, 0x0000000089b00000|100%| O|  |TAMS 0x0000000089a00000| PB 0x0000000089a00000| Untracked |  0
|   5|0x0000000089b00000, 0x0000000089c00000, 0x0000000089c00000|100%| O|  |TAMS 0x0000000089b00000| PB 0x0000000089b00000| Untracked |  0
|   6|0x0000000089c00000, 0x0000000089d00000, 0x0000000089d00000|100%| O|  |TAMS 0x0000000089c00000| PB 0x0000000089c00000| Untracked |  0
|   7|0x0000000089d00000, 0x0000000089e00000, 0x0000000089e00000|100%| O|  |TAMS 0x0000000089d00000| PB 0x0000000089d00000| Untracked |  0
|   8|0x0000000089e00000, 0x0000000089f00000, 0x0000000089f00000|100%| O|  |TAMS 0x0000000089e00000| PB 0x0000000089e00000| Untracked |  0
|   9|0x0000000089f00000, 0x000000008a000000, 0x000000008a000000|100%| O|  |TAMS 0x0000000089f00000| PB 0x0000000089f00000| Untracked |  0
|  10|0x000000008a000000, 0x000000008a000000, 0x000000008a100000|  0%| F|  |TAMS 0x000000008a000000| PB 0x000000008a000000| Untracked |  0
|  11|0x000000008a100000, 0x000000008a100000, 0x000000008a200000|  0%| F|  |TAMS 0x000000008a100000| PB 0x000000008a100000| Untracked |  0
|  12|0x000000008a200000, 0x000000008a200000, 0x000000008a300000|  0%| F|  |TAMS 0x000000008a200000| PB 0x000000008a200000| Untracked |  0
|  13|0x000000008a300000, 0x000000008a300000, 0x000000008a400000|  0%| F|  |TAMS 0x000000008a300000| PB 0x000000008a300000| Untracked |  0
|  14|0x000000008a400000, 0x000000008a400000, 0x000000008a500000|  0%| F|  |TAMS 0x000000008a400000| PB 0x000000008a400000| Untracked |  0
|  15|0x000000008a500000, 0x000000008a500000, 0x000000008a600000|  0%| F|  |TAMS 0x000000008a500000| PB 0x000000008a500000| Untracked |  0
|  16|0x000000008a600000, 0x000000008a600000, 0x000000008a700000|  0%| F|  |TAMS 0x000000008a600000| PB 0x000000008a600000| Untracked |  0
|  17|0x000000008a700000, 0x000000008a700000, 0x000000008a800000|  0%| F|  |TAMS 0x000000008a700000| PB 0x000000008a700000| Untracked |  0
|  18|0x000000008a800000, 0x000000008a800000, 0x000000008a900000|  0%| F|  |TAMS 0x000000008a800000| PB 0x000000008a800000| Untracked |  0
|  19|0x000000008a900000, 0x000000008a900000, 0x000000008aa00000|  0%| F|  |TAMS 0x000000008a900000| PB 0x000000008a900000| Untracked |  0
|  20|0x000000008aa00000, 0x000000008aa00000, 0x000000008ab00000|  0%| F|  |TAMS 0x000000008aa00000| PB 0x000000008aa00000| Untracked |  0
|  21|0x000000008ab00000, 0x000000008ab00000, 0x000000008ac00000|  0%| F|  |TAMS 0x000000008ab00000| PB 0x000000008ab00000| Untracked |  0
|  22|0x000000008ac00000, 0x000000008ac00000, 0x000000008ad00000|  0%| F|  |TAMS 0x000000008ac00000| PB 0x000000008ac00000| Untracked |  0
|  23|0x000000008ad00000, 0x000000008ad00000, 0x000000008ae00000|  0%| F|  |TAMS 0x000000008ad00000| PB 0x000000008ad00000| Untracked |  0
|  24|0x000000008ae00000, 0x000000008ae00000, 0x000000008af00000|  0%| F|  |TAMS 0x000000008ae00000| PB 0x000000008ae00000| Untracked |  0
|  25|0x000000008af00000, 0x000000008af00000, 0x000000008b000000|  0%| F|  |TAMS 0x000000008af00000| PB 0x000000008af00000| Untracked |  0
|  26|0x000000008b000000, 0x000000008b000000, 0x000000008b100000|  0%| F|  |TAMS 0x000000008b000000| PB 0x000000008b000000| Untracked |  0
|  27|0x000000008b100000, 0x000000008b100000, 0x000000008b200000|  0%| F|  |TAMS 0x000000008b100000| PB 0x000000008b100000| Untracked |  0
|  28|0x000000008b200000, 0x000000008b200000, 0x000000008b300000|  0%| F|  |TAMS 0x000000008b200000| PB 0x000000008b200000| Untracked |  0
|  29|0x000000008b300000, 0x000000008b300000, 0x000000008b400000|  0%| F|  |TAMS 0x000000008b300000| PB 0x000000008b300000| Untracked |  0
|  30|0x000000008b400000, 0x000000008b400000, 0x000000008b500000|  0%| F|  |TAMS 0x000000008b400000| PB 0x000000008b400000| Untracked |  0
|  31|0x000000008b500000, 0x000000008b500000, 0x000000008b600000|  0%| F|  |TAMS 0x000000008b500000| PB 0x000000008b500000| Untracked |  0
|  32|0x000000008b600000, 0x000000008b600000, 0x000000008b700000|  0%| F|  |TAMS 0x000000008b600000| PB 0x000000008b600000| Untracked |  0
|  33|0x000000008b700000, 0x000000008b700000, 0x000000008b800000|  0%| F|  |TAMS 0x000000008b700000| PB 0x000000008b700000| Untracked |  0
|  34|0x000000008b800000, 0x000000008b800000, 0x000000008b900000|  0%| F|  |TAMS 0x000000008b800000| PB 0x000000008b800000| Untracked |  0
|  35|0x000000008b900000, 0x000000008b900000, 0x000000008ba00000|  0%| F|  |TAMS 0x000000008b900000| PB 0x000000008b900000| Untracked |  0
|  36|0x000000008ba00000, 0x000000008ba00000, 0x000000008bb00000|  0%| F|  |TAMS 0x000000008ba00000| PB 0x000000008ba00000| Untracked |  0
|  37|0x000000008bb00000, 0x000000008bb00000, 0x000000008bc00000|  0%| F|  |TAMS 0x000000008bb00000| PB 0x000000008bb00000| Untracked |  0
|  38|0x000000008bc00000, 0x000000008bc00000, 0x000000008bd00000|  0%| F|  |TAMS 0x000000008bc00000| PB 0x000000008bc00000| Untracked |  0
|  39|0x000000008bd00000, 0x000000008bd00000, 0x000000008be00000|  0%| F|  |TAMS 0x000000008bd00000| PB 0x000000008bd00000| Untracked |  0
|  40|0x000000008be00000, 0x000000008be00000, 0x000000008bf00000|  0%| F|  |TAMS 0x000000008be00000| PB 0x000000008be00000| Untracked |  0
|  41|0x000000008bf00000, 0x000000008bf00000, 0x000000008c000000|  0%| F|  |TAMS 0x000000008bf00000| PB 0x000000008bf00000| Untracked |  0
|  42|0x000000008c000000, 0x000000008c000000, 0x000000008c100000|  0%| F|  |TAMS 0x000000008c000000| PB 0x000000008c000000| Untracked |  0
|  43|0x000000008c100000, 0x000000008c100000, 0x000000008c200000|  0%| F|  |TAMS 0x000000008c100000| PB 0x000000008c100000| Untracked |  0
|  44|0x000000008c200000, 0x000000008c200000, 0x000000008c300000|  0%| F|  |TAMS 0x000000008c200000| PB 0x000000008c200000| Untracked |  0
|  45|0x000000008c300000, 0x000000008c300000, 0x000000008c400000|  0%| F|  |TAMS 0x000000008c300000| PB 0x000000008c300000| Untracked |  0
|  46|0x000000008c400000, 0x000000008c400000, 0x000000008c500000|  0%| F|  |TAMS 0x000000008c400000| PB 0x000000008c400000| Untracked |  0
|  47|0x000000008c500000, 0x000000008c500000, 0x000000008c600000|  0%| F|  |TAMS 0x000000008c500000| PB 0x000000008c500000| Untracked |  0
|  48|0x000000008c600000, 0x000000008c600000, 0x000000008c700000|  0%| F|  |TAMS 0x000000008c600000| PB 0x000000008c600000| Untracked |  0
|  49|0x000000008c700000, 0x000000008c700000, 0x000000008c800000|  0%| F|  |TAMS 0x000000008c700000| PB 0x000000008c700000| Untracked |  0
|  50|0x000000008c800000, 0x000000008c800000, 0x000000008c900000|  0%| F|  |TAMS 0x000000008c800000| PB 0x000000008c800000| Untracked |  0
|  51|0x000000008c900000, 0x000000008c900000, 0x000000008ca00000|  0%| F|  |TAMS 0x000000008c900000| PB 0x000000008c900000| Untracked |  0
|  52|0x000000008ca00000, 0x000000008ca00000, 0x000000008cb00000|  0%| F|  |TAMS 0x000000008ca00000| PB 0x000000008ca00000| Untracked |  0
|  53|0x000000008cb00000, 0x000000008cb00000, 0x000000008cc00000|  0%| F|  |TAMS 0x000000008cb00000| PB 0x000000008cb00000| Untracked |  0
|  54|0x000000008cc00000, 0x000000008cc00000, 0x000000008cd00000|  0%| F|  |TAMS 0x000000008cc00000| PB 0x000000008cc00000| Untracked |  0
|  55|0x000000008cd00000, 0x000000008cd00000, 0x000000008ce00000|  0%| F|  |TAMS 0x000000008cd00000| PB 0x000000008cd00000| Untracked |  0
|  56|0x000000008ce00000, 0x000000008ce00000, 0x000000008cf00000|  0%| F|  |TAMS 0x000000008ce00000| PB 0x000000008ce00000| Untracked |  0
|  57|0x000000008cf00000, 0x000000008cf00000, 0x000000008d000000|  0%| F|  |TAMS 0x000000008cf00000| PB 0x000000008cf00000| Untracked |  0
|  58|0x000000008d000000, 0x000000008d000000, 0x000000008d100000|  0%| F|  |TAMS 0x000000008d000000| PB 0x000000008d000000| Untracked |  0
|  59|0x000000008d100000, 0x000000008d100000, 0x000000008d200000|  0%| F|  |TAMS 0x000000008d100000| PB 0x000000008d100000| Untracked |  0
|  60|0x000000008d200000, 0x000000008d200000, 0x000000008d300000|  0%| F|  |TAMS 0x000000008d200000| PB 0x000000008d200000| Untracked |  0
|  61|0x000000008d300000, 0x000000008d300000, 0x000000008d400000|  0%| F|  |TAMS 0x000000008d300000| PB 0x000000008d300000| Untracked |  0
|  62|0x000000008d400000, 0x000000008d400000, 0x000000008d500000|  0%| F|  |TAMS 0x000000008d400000| PB 0x000000008d400000| Untracked |  0
|  63|0x000000008d500000, 0x000000008d500000, 0x000000008d600000|  0%| F|  |TAMS 0x000000008d500000| PB 0x000000008d500000| Untracked |  0
|  64|0x000000008d600000, 0x000000008d600000, 0x000000008d700000|  0%| F|  |TAMS 0x000000008d600000| PB 0x000000008d600000| Untracked |  0
|  65|0x000000008d700000, 0x000000008d700000, 0x000000008d800000|  0%| F|  |TAMS 0x000000008d700000| PB 0x000000008d700000| Untracked |  0
|  66|0x000000008d800000, 0x000000008d800000, 0x000000008d900000|  0%| F|  |TAMS 0x000000008d800000| PB 0x000000008d800000| Untracked |  0
|  67|0x000000008d900000, 0x000000008d900000, 0x000000008da00000|  0%| F|  |TAMS 0x000000008d900000| PB 0x000000008d900000| Untracked |  0
|  68|0x000000008da00000, 0x000000008da00000, 0x000000008db00000|  0%| F|  |TAMS 0x000000008da00000| PB 0x000000008da00000| Untracked |  0
|  69|0x000000008db00000, 0x000000008db00000, 0x000000008dc00000|  0%| F|  |TAMS 0x000000008db00000| PB 0x000000008db00000| Untracked |  0
|  70|0x000000008dc00000, 0x000000008dc00000, 0x000000008dd00000|  0%| F|  |TAMS 0x000000008dc00000| PB 0x000000008dc00000| Untracked |  0
|  71|0x000000008dd00000, 0x000000008dd00000, 0x000000008de00000|  0%| F|  |TAMS 0x000000008dd00000| PB 0x000000008dd00000| Untracked |  0
|  72|0x000000008de00000, 0x000000008de00000, 0x000000008df00000|  0%| F|  |TAMS 0x000000008de00000| PB 0x000000008de00000| Untracked |  0
|  73|0x000000008df00000, 0x000000008df00000, 0x000000008e000000|  0%| F|  |TAMS 0x000000008df00000| PB 0x000000008df00000| Untracked |  0
|  74|0x000000008e000000, 0x000000008e000000, 0x000000008e100000|  0%| F|  |TAMS 0x000000008e000000| PB 0x000000008e000000| Untracked |  0
|  75|0x000000008e100000, 0x000000008e100000, 0x000000008e200000|  0%| F|  |TAMS 0x000000008e100000| PB 0x000000008e100000| Untracked |  0
|  76|0x000000008e200000, 0x000000008e200000, 0x000000008e300000|  0%| F|  |TAMS 0x000000008e200000| PB 0x000000008e200000| Untracked |  0
|  77|0x000000008e300000, 0x000000008e300000, 0x000000008e400000|  0%| F|  |TAMS 0x000000008e300000| PB 0x000000008e300000| Untracked |  0
|  78|0x000000008e400000, 0x000000008e400000, 0x000000008e500000|  0%| F|  |TAMS 0x000000008e400000| PB 0x000000008e400000| Untracked |  0
|  79|0x000000008e500000, 0x000000008e500000, 0x000000008e600000|  0%| F|  |TAMS 0x000000008e500000| PB 0x000000008e500000| Untracked |  0
|  80|0x000000008e600000, 0x000000008e600000, 0x000000008e700000|  0%| F|  |TAMS 0x000000008e600000| PB 0x000000008e600000| Untracked |  0
|  81|0x000000008e700000, 0x000000008e700000, 0x000000008e800000|  0%| F|  |TAMS 0x000000008e700000| PB 0x000000008e700000| Untracked |  0
|  82|0x000000008e800000, 0x000000008e800000, 0x000000008e900000|  0%| F|  |TAMS 0x000000008e800000| PB 0x000000008e800000| Untracked |  0
|  83|0x000000008e900000, 0x000000008e900000, 0x000000008ea00000|  0%| F|  |TAMS 0x000000008e900000| PB 0x000000008e900000| Untracked |  0
|  84|0x000000008ea00000, 0x000000008ea00000, 0x000000008eb00000|  0%| F|  |TAMS 0x000000008ea00000| PB 0x000000008ea00000| Untracked |  0
|  85|0x000000008eb00000, 0x000000008eb68928, 0x000000008ec00000| 40%| E|  |TAMS 0x000000008eb00000| PB 0x000000008eb00000| Complete |  0
|  86|0x000000008ec00000, 0x000000008ed00000, 0x000000008ed00000|100%| E|CS|TAMS 0x000000008ec00000| PB 0x000000008ec00000| Complete |  0
|  87|0x000000008ed00000, 0x000000008ee00000, 0x000000008ee00000|100%| E|CS|TAMS 0x000000008ed00000| PB 0x000000008ed00000| Complete |  0
|  88|0x000000008ee00000, 0x000000008ef00000, 0x000000008ef00000|100%| E|  |TAMS 0x000000008ee00000| PB 0x000000008ee00000| Complete |  0
|  89|0x000000008ef00000, 0x000000008f000000, 0x000000008f000000|100%| E|CS|TAMS 0x000000008ef00000| PB 0x000000008ef00000| Complete |  0
|  90|0x000000008f000000, 0x000000008f100000, 0x000000008f100000|100%| E|CS|TAMS 0x000000008f000000| PB 0x000000008f000000| Complete |  0
|  91|0x000000008f100000, 0x000000008f200000, 0x000000008f200000|100%| E|CS|TAMS 0x000000008f100000| PB 0x000000008f100000| Complete |  0
|  92|0x000000008f200000, 0x000000008f300000, 0x000000008f300000|100%| E|CS|TAMS 0x000000008f200000| PB 0x000000008f200000| Complete |  0
|  93|0x000000008f300000, 0x000000008f400000, 0x000000008f400000|100%| E|CS|TAMS 0x000000008f300000| PB 0x000000008f300000| Complete |  0
|  94|0x000000008f400000, 0x000000008f500000, 0x000000008f500000|100%| E|CS|TAMS 0x000000008f400000| PB 0x000000008f400000| Complete |  0
|  95|0x000000008f500000, 0x000000008f600000, 0x000000008f600000|100%| E|CS|TAMS 0x000000008f500000| PB 0x000000008f500000| Complete |  0
|  96|0x000000008f600000, 0x000000008f700000, 0x000000008f700000|100%| E|CS|TAMS 0x000000008f600000| PB 0x000000008f600000| Complete |  0
|  97|0x000000008f700000, 0x000000008f731e00, 0x000000008f800000| 19%| S|CS|TAMS 0x000000008f700000| PB 0x000000008f700000| Complete |  0
|  98|0x000000008f800000, 0x000000008f900000, 0x000000008f900000|100%| E|CS|TAMS 0x000000008f800000| PB 0x000000008f800000| Complete |  0
|  99|0x000000008f900000, 0x000000008fa00000, 0x000000008fa00000|100%| E|CS|TAMS 0x000000008f900000| PB 0x000000008f900000| Complete |  0
| 100|0x000000008fa00000, 0x000000008fb00000, 0x000000008fb00000|100%| E|CS|TAMS 0x000000008fa00000| PB 0x000000008fa00000| Complete |  0
| 101|0x000000008fb00000, 0x000000008fc00000, 0x000000008fc00000|100%| E|CS|TAMS 0x000000008fb00000| PB 0x000000008fb00000| Complete |  0
| 102|0x000000008fc00000, 0x000000008fd00000, 0x000000008fd00000|100%| E|CS|TAMS 0x000000008fc00000| PB 0x000000008fc00000| Complete |  0
| 103|0x000000008fd00000, 0x000000008fe00000, 0x000000008fe00000|100%| E|CS|TAMS 0x000000008fd00000| PB 0x000000008fd00000| Complete |  0
| 104|0x000000008fe00000, 0x000000008ff00000, 0x000000008ff00000|100%| E|CS|TAMS 0x000000008fe00000| PB 0x000000008fe00000| Complete |  0
| 105|0x000000008ff00000, 0x0000000090000000, 0x0000000090000000|100%| E|CS|TAMS 0x000000008ff00000| PB 0x000000008ff00000| Complete |  0
| 106|0x0000000090000000, 0x0000000090100000, 0x0000000090100000|100%| E|CS|TAMS 0x0000000090000000| PB 0x0000000090000000| Complete |  0
| 107|0x0000000090100000, 0x0000000090200000, 0x0000000090200000|100%| E|CS|TAMS 0x0000000090100000| PB 0x0000000090100000| Complete |  0
| 108|0x0000000090200000, 0x0000000090300000, 0x0000000090300000|100%| E|CS|TAMS 0x0000000090200000| PB 0x0000000090200000| Complete |  0
| 109|0x0000000090300000, 0x0000000090400000, 0x0000000090400000|100%| E|CS|TAMS 0x0000000090300000| PB 0x0000000090300000| Complete |  0
| 110|0x0000000090400000, 0x0000000090500000, 0x0000000090500000|100%| E|CS|TAMS 0x0000000090400000| PB 0x0000000090400000| Complete |  0
| 111|0x0000000090500000, 0x0000000090600000, 0x0000000090600000|100%| E|CS|TAMS 0x0000000090500000| PB 0x0000000090500000| Complete |  0
| 112|0x0000000090600000, 0x0000000090700000, 0x0000000090700000|100%| E|CS|TAMS 0x0000000090600000| PB 0x0000000090600000| Complete |  0
| 113|0x0000000090700000, 0x0000000090800000, 0x0000000090800000|100%| E|CS|TAMS 0x0000000090700000| PB 0x0000000090700000| Complete |  0
| 114|0x0000000090800000, 0x0000000090900000, 0x0000000090900000|100%| E|CS|TAMS 0x0000000090800000| PB 0x0000000090800000| Complete |  0
| 115|0x0000000090900000, 0x0000000090a00000, 0x0000000090a00000|100%| E|CS|TAMS 0x0000000090900000| PB 0x0000000090900000| Complete |  0
| 116|0x0000000090a00000, 0x0000000090b00000, 0x0000000090b00000|100%| E|CS|TAMS 0x0000000090a00000| PB 0x0000000090a00000| Complete |  0
| 117|0x0000000090b00000, 0x0000000090c00000, 0x0000000090c00000|100%| E|CS|TAMS 0x0000000090b00000| PB 0x0000000090b00000| Complete |  0
| 118|0x0000000090c00000, 0x0000000090d00000, 0x0000000090d00000|100%| E|CS|TAMS 0x0000000090c00000| PB 0x0000000090c00000| Complete |  0
| 119|0x0000000090d00000, 0x0000000090e00000, 0x0000000090e00000|100%| E|CS|TAMS 0x0000000090d00000| PB 0x0000000090d00000| Complete |  0

Card table byte_map: [0x000001a8a1e10000,0x000001a8a21d0000] _byte_map_base: 0x000001a8a19c5000

Marking Bits: (CMBitMap*) 0x000001a88a36a3e0
 Bits: [0x000001a8a21d0000, 0x000001a8a3f78000)

Polling page: 0x000001a889ae0000

Metaspace:

Usage:
  Non-class:      4.80 MB used.
      Class:    281.34 KB used.
       Both:      5.08 MB used.

Virtual space:
  Non-class space:       64.00 MB reserved,       4.94 MB (  8%) committed,  1 nodes.
      Class space:        1.00 GB reserved,     384.00 KB ( <1%) committed,  1 nodes.
             Both:        1.06 GB reserved,       5.31 MB ( <1%) committed. 

Chunk freelists:
   Non-Class:  8.86 MB
       Class:  15.58 MB
        Both:  24.44 MB

MaxMetaspaceSize: unlimited
CompressedClassSpaceSize: 1.00 GB
Initial GC threshold: 21.00 MB
Current GC threshold: 21.00 MB
CDS: on
 - commit_granule_bytes: 65536.
 - commit_granule_words: 8192.
 - virtual_space_node_default_size: 8388608.
 - enlarge_chunks_in_place: 1.
 - use_allocation_guard: 0.


Internal statistics:

num_allocs_failed_limit: 0.
num_arena_births: 88.
num_arena_deaths: 0.
num_vsnodes_births: 2.
num_vsnodes_deaths: 0.
num_space_committed: 84.
num_space_uncommitted: 0.
num_chunks_returned_to_freelist: 0.
num_chunks_taken_from_freelist: 231.
num_chunk_merges: 0.
num_chunk_splits: 158.
num_chunks_enlarged: 119.
num_inconsistent_stats: 0.

CodeHeap 'non-profiled nmethods': size=120064Kb used=270Kb max_used=270Kb free=119794Kb
 bounds [0x000001a89a510000, 0x000001a89a780000, 0x000001a8a1a50000]
CodeHeap 'profiled nmethods': size=120000Kb used=1327Kb max_used=1327Kb free=118672Kb
 bounds [0x000001a892a50000, 0x000001a892cc0000, 0x000001a899f80000]
CodeHeap 'non-nmethods': size=5696Kb used=2181Kb max_used=2181Kb free=3514Kb
 bounds [0x000001a899f80000, 0x000001a89a1f0000, 0x000001a89a510000]
CodeCache: size=245760Kb, used=3778Kb, max_used=3778Kb, free=241980Kb
 total_blobs=2103, nmethods=930, adapters=1079, full_count=0
Compilation: enabled, stopped_count=0, restarted_count=0

Compilation events (20 events):
Event: 1.285 Thread 0x000001a8a6446890  921       3       java.nio.MappedByteBuffer::position (6 bytes)
Event: 1.286 Thread 0x000001a8a6446890 nmethod 921 0x000001a892b98e08 code [0x000001a892b98f40, 0x000001a892b99150]
Event: 1.286 Thread 0x000001a8a6446890  922       3       java.nio.ByteBuffer::<init> (14 bytes)
Event: 1.286 Thread 0x000001a8a6446890 nmethod 922 0x000001a892b99188 code [0x000001a892b992a0, 0x000001a892b993f0]
Event: 1.286 Thread 0x000001a8a6446890  923       3       java.nio.MappedByteBuffer::<init> (22 bytes)
Event: 1.286 Thread 0x000001a8a6446890 nmethod 923 0x000001a892b99488 code [0x000001a892b995a0, 0x000001a892b99718]
Event: 1.286 Thread 0x000001a8a6446890  924       3       java.util.concurrent.atomic.AtomicLong::addAndGet (14 bytes)
Event: 1.286 Thread 0x000001a8a6446890 nmethod 924 0x000001a892b99788 code [0x000001a892b998a0, 0x000001a892b999c0]
Event: 1.287 Thread 0x000001a8a6446890  925       3       jdk.internal.misc.Unsafe::allocateMemory (65 bytes)
Event: 1.287 Thread 0x000001a8a6446890 nmethod 925 0x000001a892b99a88 code [0x000001a892b99ca0, 0x000001a892b9a6b8]
Event: 1.287 Thread 0x000001a8a6446890  926       3       jdk.internal.misc.Unsafe::alignToHeapWordSize (29 bytes)
Event: 1.287 Thread 0x000001a8a6446890 nmethod 926 0x000001a892b9a788 code [0x000001a892b9a8c0, 0x000001a892b9ab40]
Event: 1.294 Thread 0x000001a8a6446890  927       3       java.nio.DirectIntBufferU::<init> (51 bytes)
Event: 1.294 Thread 0x000001a8a6446890 nmethod 927 0x000001a892b9ab88 code [0x000001a892b9acc0, 0x000001a892b9b088]
Event: 1.294 Thread 0x000001a8a6446890  928       3       java.nio.IntBuffer::<init> (14 bytes)
Event: 1.294 Thread 0x000001a8a6446890 nmethod 928 0x000001a892b9b108 code [0x000001a892b9b220, 0x000001a892b9b370]
Event: 1.294 Thread 0x000001a8a6446890  929       3       java.nio.IntBuffer::limit (6 bytes)
Event: 1.295 Thread 0x000001a8a6446890 nmethod 929 0x000001a892b9b408 code [0x000001a892b9b540, 0x000001a892b9b6f0]
Event: 1.295 Thread 0x000001a8a6446890  930       3       org.lwjgl.BufferUtils::createIntBuffer (12 bytes)
Event: 1.295 Thread 0x000001a8a6446890 nmethod 930 0x000001a892b9b708 code [0x000001a892b9b880, 0x000001a892b9bc70]

GC Heap History (6 events):
Event: 1.090 GC heap before
{Heap before GC invocations=0 (full 0):
 garbage-first heap   total reserved 1943552K, committed 122880K, used 14336K [0x0000000089600000, 0x0000000100000000)
  region size 1024K, 14 young (14336K), 0 survivors (0K)
 Metaspace       used 4425K, committed 4608K, reserved 1114112K
  class space    used 256K, committed 384K, reserved 1048576K
}
Event: 1.100 GC heap after
{Heap after GC invocations=1 (full 0):
 garbage-first heap   total reserved 1943552K, committed 122880K, used 6016K [0x0000000089600000, 0x0000000100000000)
  region size 1024K, 2 young (2048K), 2 survivors (2048K)
 Metaspace       used 4425K, committed 4608K, reserved 1114112K
  class space    used 256K, committed 384K, reserved 1048576K
}
Event: 1.122 GC heap before
{Heap before GC invocations=1 (full 0):
 garbage-first heap   total reserved 1943552K, committed 122880K, used 16256K [0x0000000089600000, 0x0000000100000000)
  region size 1024K, 13 young (13312K), 2 survivors (2048K)
 Metaspace       used 4478K, committed 4736K, reserved 1114112K
  class space    used 259K, committed 384K, reserved 1048576K
}
Event: 1.131 GC heap after
{Heap after GC invocations=2 (full 0):
 garbage-first heap   total reserved 1943552K, committed 122880K, used 9946K [0x0000000089600000, 0x0000000100000000)
  region size 1024K, 2 young (2048K), 2 survivors (2048K)
 Metaspace       used 4478K, committed 4736K, reserved 1114112K
  class space    used 259K, committed 384K, reserved 1048576K
}
Event: 1.151 GC heap before
{Heap before GC invocations=2 (full 0):
 garbage-first heap   total reserved 1943552K, committed 122880K, used 29402K [0x0000000089600000, 0x0000000100000000)
  region size 1024K, 22 young (22528K), 2 survivors (2048K)
 Metaspace       used 4481K, committed 4736K, reserved 1114112K
  class space    used 259K, committed 384K, reserved 1048576K
}
Event: 1.156 GC heap after
{Heap after GC invocations=3 (full 0):
 garbage-first heap   total reserved 1943552K, committed 122880K, used 10439K [0x0000000089600000, 0x0000000100000000)
  region size 1024K, 1 young (1024K), 1 survivors (1024K)
 Metaspace       used 4481K, committed 4736K, reserved 1114112K
  class space    used 259K, committed 384K, reserved 1048576K
}

Dll operation events (10 events):
Event: 0.010 Loaded shared library C:\Users\Client\.jdks\openjdk-23.0.1\bin\java.dll
Event: 0.049 Loaded shared library C:\Users\Client\.jdks\openjdk-23.0.1\bin\jsvml.dll
Event: 0.098 Loaded shared library C:\Users\Client\.jdks\openjdk-23.0.1\bin\net.dll
Event: 0.100 Loaded shared library C:\Users\Client\.jdks\openjdk-23.0.1\bin\nio.dll
Event: 0.105 Loaded shared library C:\Users\Client\.jdks\openjdk-23.0.1\bin\zip.dll
Event: 0.146 Loaded shared library C:\Users\Client\.jdks\openjdk-23.0.1\bin\verify.dll
Event: 0.174 Loaded shared library C:\Users\Client\.jdks\openjdk-23.0.1\bin\jimage.dll
Event: 0.286 Loaded shared library C:\Users\Client\AppData\Local\Temp\lwjgl_Client\3.3.6+1\x64\lwjgl.dll
Event: 0.610 Loaded shared library C:\Users\Client\AppData\Local\Temp\lwjgl_Client\3.3.6+1\x64\lwjgl_opengl.dll
Event: 1.235 Loaded shared library C:\Users\Client\AppData\Local\Temp\lwjgl_Client\3.3.6+1\x64\lwjgl_stb.dll

Deoptimization events (20 events):
Event: 1.138 Thread 0x000001a8881534a0 DEOPT PACKING pc=0x000001a892b4c333 sp=0x000000a40fcfeeb0
Event: 1.138 Thread 0x000001a8881534a0 DEOPT UNPACKING pc=0x000001a899fd4b22 sp=0x000000a40fcfe350 mode 0
Event: 1.138 Thread 0x000001a8881534a0 DEOPT PACKING pc=0x000001a892b4c333 sp=0x000000a40fcfeeb0
Event: 1.138 Thread 0x000001a8881534a0 DEOPT UNPACKING pc=0x000001a899fd4b22 sp=0x000000a40fcfe350 mode 0
Event: 1.138 Thread 0x000001a8881534a0 DEOPT PACKING pc=0x000001a892b4c333 sp=0x000000a40fcfeeb0
Event: 1.138 Thread 0x000001a8881534a0 DEOPT UNPACKING pc=0x000001a899fd4b22 sp=0x000000a40fcfe350 mode 0
Event: 1.138 Thread 0x000001a8881534a0 DEOPT PACKING pc=0x000001a892b4c333 sp=0x000000a40fcfeeb0
Event: 1.139 Thread 0x000001a8881534a0 DEOPT UNPACKING pc=0x000001a899fd4b22 sp=0x000000a40fcfe350 mode 0
Event: 1.139 Thread 0x000001a8881534a0 DEOPT PACKING pc=0x000001a892b4c333 sp=0x000000a40fcfeeb0
Event: 1.139 Thread 0x000001a8881534a0 DEOPT UNPACKING pc=0x000001a899fd4b22 sp=0x000000a40fcfe350 mode 0
Event: 1.139 Thread 0x000001a8881534a0 DEOPT PACKING pc=0x000001a892b4c333 sp=0x000000a40fcfeeb0
Event: 1.139 Thread 0x000001a8881534a0 DEOPT UNPACKING pc=0x000001a899fd4b22 sp=0x000000a40fcfe350 mode 0
Event: 1.139 Thread 0x000001a8881534a0 DEOPT PACKING pc=0x000001a892b4c333 sp=0x000000a40fcfeeb0
Event: 1.139 Thread 0x000001a8881534a0 DEOPT UNPACKING pc=0x000001a899fd4b22 sp=0x000000a40fcfe350 mode 0
Event: 1.139 Thread 0x000001a8881534a0 DEOPT PACKING pc=0x000001a892b4c333 sp=0x000000a40fcfeeb0
Event: 1.139 Thread 0x000001a8881534a0 DEOPT UNPACKING pc=0x000001a899fd4b22 sp=0x000000a40fcfe350 mode 0
Event: 1.226 Thread 0x000001a8881534a0 Uncommon trap: trap_request=0xffffff6e fr.pc=0x000001a89a548b08 relative=0x0000000000000468
Event: 1.226 Thread 0x000001a8881534a0 Uncommon trap: reason=loop_limit_check action=maybe_recompile pc=0x000001a89a548b08 method=java.lang.StringLatin1.indexOf([BI[BII)I @ 37 c2
Event: 1.226 Thread 0x000001a8881534a0 DEOPT PACKING pc=0x000001a89a548b08 sp=0x000000a40fcfd400
Event: 1.226 Thread 0x000001a8881534a0 DEOPT UNPACKING pc=0x000001a899fd4402 sp=0x000000a40fcfd360 mode 2

Classes loaded (20 events):
Event: 0.389 Loading class java/nio/InvalidMarkException
Event: 0.389 Loading class java/nio/InvalidMarkException done
Event: 0.389 Loading class java/nio/BufferUnderflowException
Event: 0.389 Loading class java/nio/BufferUnderflowException done
Event: 0.403 Loading class java/util/Formatter$FixedString
Event: 0.403 Loading class java/util/Formatter$FixedString done
Event: 0.420 Loading class java/lang/NoSuchFieldError
Event: 0.420 Loading class java/lang/NoSuchFieldError done
Event: 0.443 Loading class jdk/internal/reflect/MethodHandleIntegerFieldAccessorImpl
Event: 0.443 Loading class jdk/internal/reflect/MethodHandleIntegerFieldAccessorImpl done
Event: 1.026 Loading class java/io/BufferedReader
Event: 1.026 Loading class java/io/BufferedReader done
Event: 1.027 Loading class sun/nio/cs/StreamDecoder
Event: 1.027 Loading class sun/nio/cs/StreamDecoder done
Event: 1.027 Loading class sun/nio/cs/UTF_8$Decoder
Event: 1.027 Loading class sun/nio/cs/UTF_8$Decoder done
Event: 1.225 Loading class jdk/internal/foreign/MemorySessionImpl
Event: 1.225 Loading class java/lang/foreign/MemorySegment$Scope
Event: 1.225 Loading class java/lang/foreign/MemorySegment$Scope done
Event: 1.225 Loading class jdk/internal/foreign/MemorySessionImpl done

Classes unloaded (0 events):
No events

Classes redefined (0 events):
No events

Internal exceptions (20 events):
Event: 0.292 Thread 0x000001a8881534a0 Exception <a 'sun/nio/fs/WindowsException'{0x000000009098f420}> (0x000000009098f420) 
thrown [s\open\src\hotspot\share\prims\jni.cpp, line 520]
Event: 0.380 Thread 0x000001a8881534a0 Exception <a 'java/lang/NoSuchMethodError'{0x000000009085fb88}: 'int java.lang.invoke.DirectMethodHandle$Holder.invokeStaticInit(java.lang.Object, java.lang.Object, int, long)'> (0x000000009085fb88) 
thrown [s\open\src\hotspot\share\interpreter\linkResolver.cpp, line 796]
Event: 0.381 Thread 0x000001a8881534a0 Exception <a 'java/lang/NoSuchMethodError'{0x0000000090864f70}: 'java.lang.Object java.lang.invoke.DirectMethodHandle$Holder.newInvokeSpecial(java.lang.Object, java.lang.Object, int)'> (0x0000000090864f70) 
thrown [s\open\src\hotspot\share\interpreter\linkResolver.cpp, line 796]
Event: 0.385 Thread 0x000001a8881534a0 Exception <a 'java/lang/NoSuchMethodError'{0x0000000090874ec0}: 'int java.lang.invoke.DirectMethodHandle$Holder.invokeStaticInit(java.lang.Object, java.lang.Object, long, long)'> (0x0000000090874ec0) 
thrown [s\open\src\hotspot\share\interpreter\linkResolver.cpp, line 796]
Event: 0.386 Thread 0x000001a8881534a0 Exception <a 'java/lang/NoSuchMethodError'{0x000000009087a538}: 'java.lang.Object java.lang.invoke.DirectMethodHandle$Holder.newInvokeSpecial(java.lang.Object, java.lang.Object, long)'> (0x000000009087a538) 
thrown [s\open\src\hotspot\share\interpreter\linkResolver.cpp, line 796]
Event: 0.386 Thread 0x000001a8881534a0 Exception <a 'java/lang/NoSuchMethodError'{0x000000009087de98}: 'java.lang.Object java.lang.invoke.Invokers$Holder.linkToTargetMethod(java.lang.Object, long, java.lang.Object)'> (0x000000009087de98) 
thrown [s\open\src\hotspot\share\interpreter\linkResolver.cpp, line 796]
Event: 0.387 Thread 0x000001a8881534a0 Exception <a 'java/lang/NoSuchMethodError'{0x0000000090884fc0}: 'int java.lang.invoke.DirectMethodHandle$Holder.invokeStaticInit(java.lang.Object, java.lang.Object, java.lang.Object, long)'> (0x0000000090884fc0) 
thrown [s\open\src\hotspot\share\interpreter\linkResolver.cpp, line 796]
Event: 0.419 Thread 0x000001a8881534a0 Exception <a 'sun/nio/fs/WindowsException'{0x0000000090742688}> (0x0000000090742688) 
thrown [s\open\src\hotspot\share\prims\jni.cpp, line 520]
Event: 0.419 Thread 0x000001a8881534a0 Exception <a 'sun/nio/fs/WindowsException'{0x00000000907429f8}> (0x00000000907429f8) 
thrown [s\open\src\hotspot\share\prims\jni.cpp, line 520]
Event: 0.443 Thread 0x000001a8881534a0 Exception <a 'java/lang/NoSuchMethodError'{0x000000009075b688}: 'int java.lang.invoke.Invokers$Holder.invokeExact_MT(java.lang.Object, java.lang.Object)'> (0x000000009075b688) 
thrown [s\open\src\hotspot\share\interpreter\linkResolver.cpp, line 796]
Event: 0.597 Thread 0x000001a8881534a0 Exception <a 'java/lang/NoSuchMethodError'{0x00000000907f8b68}: 'void java.lang.System.load(java.lang.String, java.lang.Class)'> (0x00000000907f8b68) 
thrown [s\open\src\hotspot\share\interpreter\linkResolver.cpp, line 796]
Event: 0.598 Thread 0x000001a8881534a0 Exception <a 'java/lang/NoSuchMethodError'{0x00000000907fb5f8}: 'void java.lang.System.loadLibrary(java.lang.String, java.lang.Class)'> (0x00000000907fb5f8) 
thrown [s\open\src\hotspot\share\interpreter\linkResolver.cpp, line 796]
Event: 0.607 Thread 0x000001a8881534a0 Exception <a 'sun/nio/fs/WindowsException'{0x000000009060b370}> (0x000000009060b370) 
thrown [s\open\src\hotspot\share\prims\jni.cpp, line 520]
Event: 0.608 Thread 0x000001a8881534a0 Exception <a 'sun/nio/fs/WindowsException'{0x000000009060b720}> (0x000000009060b720) 
thrown [s\open\src\hotspot\share\prims\jni.cpp, line 520]
Event: 0.623 Thread 0x000001a8881534a0 Exception <a 'sun/nio/fs/WindowsException'{0x0000000090618ff8}> (0x0000000090618ff8) 
thrown [s\open\src\hotspot\share\prims\jni.cpp, line 520]
Event: 0.624 Thread 0x000001a8881534a0 Exception <a 'sun/nio/fs/WindowsException'{0x00000000906192e0}> (0x00000000906192e0) 
thrown [s\open\src\hotspot\share\prims\jni.cpp, line 520]
Event: 1.223 Thread 0x000001a8881534a0 Exception <a 'java/lang/NoSuchMethodError'{0x000000008eda7d68}: 'void java.lang.System.load(java.lang.String, java.lang.Class)'> (0x000000008eda7d68) 
thrown [s\open\src\hotspot\share\interpreter\linkResolver.cpp, line 796]
Event: 1.224 Thread 0x000001a8881534a0 Exception <a 'java/lang/NoSuchMethodError'{0x000000008edaa998}: 'void java.lang.System.loadLibrary(java.lang.String, java.lang.Class)'> (0x000000008edaa998) 
thrown [s\open\src\hotspot\share\interpreter\linkResolver.cpp, line 796]
Event: 1.233 Thread 0x000001a8881534a0 Exception <a 'sun/nio/fs/WindowsException'{0x000000008edbaa08}> (0x000000008edbaa08) 
thrown [s\open\src\hotspot\share\prims\jni.cpp, line 520]
Event: 1.233 Thread 0x000001a8881534a0 Exception <a 'sun/nio/fs/WindowsException'{0x000000008edbad90}> (0x000000008edbad90) 
thrown [s\open\src\hotspot\share\prims\jni.cpp, line 520]

VM Operations (14 events):
Event: 0.106 Executing VM operation: HandshakeAllThreads (Deoptimize)
Event: 0.106 Executing VM operation: HandshakeAllThreads (Deoptimize) done
Event: 0.181 Executing VM operation: HandshakeAllThreads (Deoptimize)
Event: 0.181 Executing VM operation: HandshakeAllThreads (Deoptimize) done
Event: 0.276 Executing VM operation: HandshakeAllThreads (Deoptimize)
Event: 0.276 Executing VM operation: HandshakeAllThreads (Deoptimize) done
Event: 0.292 Executing VM operation: HandshakeAllThreads (Deoptimize)
Event: 0.293 Executing VM operation: HandshakeAllThreads (Deoptimize) done
Event: 1.090 Executing VM operation: G1CollectForAllocation (G1 Evacuation Pause)
Event: 1.100 Executing VM operation: G1CollectForAllocation (G1 Evacuation Pause) done
Event: 1.122 Executing VM operation: G1CollectForAllocation (G1 Evacuation Pause)
Event: 1.131 Executing VM operation: G1CollectForAllocation (G1 Evacuation Pause) done
Event: 1.151 Executing VM operation: G1CollectForAllocation (G1 Evacuation Pause)
Event: 1.156 Executing VM operation: G1CollectForAllocation (G1 Evacuation Pause) done

Memory protections (0 events):
No events

Nmethod flushes (0 events):
No events

Events (13 events):
Event: 0.030 Thread 0x000001a8881534a0 Thread added: 0x000001a8881534a0
Event: 0.045 Thread 0x000001a8881534a0 Thread added: 0x000001a8a642f630
Event: 0.045 Thread 0x000001a8881534a0 Thread added: 0x000001a8a6431200
Event: 0.045 Thread 0x000001a8881534a0 Thread added: 0x000001a8a6436fd0
Event: 0.045 Thread 0x000001a8881534a0 Thread added: 0x000001a8a6437a30
Event: 0.046 Thread 0x000001a8881534a0 Thread added: 0x000001a8a6438490
Event: 0.046 Thread 0x000001a8881534a0 Thread added: 0x000001a8a643c3f0
Event: 0.046 Thread 0x000001a8881534a0 Thread added: 0x000001a8a64401a0
Event: 0.046 Thread 0x000001a8881534a0 Thread added: 0x000001a8a6446890
Event: 0.088 Thread 0x000001a8881534a0 Thread added: 0x000001a8a65b1640
Event: 0.090 Thread 0x000001a8881534a0 Thread added: 0x000001a8a65b34d0
Event: 0.454 Thread 0x000001a8a6446890 Thread added: 0x000001a8ec0fa290
Event: 0.829 Thread 0x000001a8ec0fa290 Thread exited: 0x000001a8ec0fa290


Dynamic libraries:
0x00007ff6f6760000 - 0x00007ff6f676e000 	C:\Users\Client\.jdks\openjdk-23.0.1\bin\java.exe
0x00007ffd17010000 - 0x00007ffd17208000 	C:\Windows\SYSTEM32\ntdll.dll
0x00007ffd150c0000 - 0x00007ffd15182000 	C:\Windows\System32\KERNEL32.DLL
0x00007ffd14820000 - 0x00007ffd14b1f000 	C:\Windows\System32\KERNELBASE.dll
0x00007ffd14ed0000 - 0x00007ffd14fd0000 	C:\Windows\System32\ucrtbase.dll
0x00007ffd09a50000 - 0x00007ffd09a6b000 	C:\Users\Client\.jdks\openjdk-23.0.1\bin\VCRUNTIME140.dll
0x00007ffd03270000 - 0x00007ffd03287000 	C:\Users\Client\.jdks\openjdk-23.0.1\bin\jli.dll
0x00007ffd15cd0000 - 0x00007ffd15e6d000 	C:\Windows\System32\USER32.dll
0x00007ffd02fc0000 - 0x00007ffd0325a000 	C:\Windows\WinSxS\amd64_microsoft.windows.common-controls_6595b64144ccf1df_6.0.19041.4355_none_60b8b9eb71f62e16\COMCTL32.dll
0x00007ffd146a0000 - 0x00007ffd146c2000 	C:\Windows\System32\win32u.dll
0x00007ffd151c0000 - 0x00007ffd1525e000 	C:\Windows\System32\msvcrt.dll
0x00007ffd15190000 - 0x00007ffd151bb000 	C:\Windows\System32\GDI32.dll
0x00007ffd14d40000 - 0x00007ffd14e57000 	C:\Windows\System32\gdi32full.dll
0x00007ffd146d0000 - 0x00007ffd1476d000 	C:\Windows\System32\msvcp_win.dll
0x00007ffd15f20000 - 0x00007ffd15f4f000 	C:\Windows\System32\IMM32.DLL
0x00007ffd11910000 - 0x00007ffd1191c000 	C:\Users\Client\.jdks\openjdk-23.0.1\bin\vcruntime140_1.dll
0x00007ffce6df0000 - 0x00007ffce6e7e000 	C:\Users\Client\.jdks\openjdk-23.0.1\bin\msvcp140.dll
0x00007ffcbc630000 - 0x00007ffcbd37f000 	C:\Users\Client\.jdks\openjdk-23.0.1\bin\server\jvm.dll
0x00007ffd16b00000 - 0x00007ffd16bb1000 	C:\Windows\System32\ADVAPI32.dll
0x00007ffd15020000 - 0x00007ffd150bf000 	C:\Windows\System32\sechost.dll
0x00007ffd16bc0000 - 0x00007ffd16ce3000 	C:\Windows\System32\RPCRT4.dll
0x00007ffd14d10000 - 0x00007ffd14d37000 	C:\Windows\System32\bcrypt.dll
0x00007ffd16070000 - 0x00007ffd160db000 	C:\Windows\System32\WS2_32.dll
0x00007ffd13c20000 - 0x00007ffd13c6b000 	C:\Windows\SYSTEM32\POWRPROF.dll
0x00007ffcf4b40000 - 0x00007ffcf4b67000 	C:\Windows\SYSTEM32\WINMM.dll
0x00007ffd0d770000 - 0x00007ffd0d77a000 	C:\Windows\SYSTEM32\VERSION.dll
0x00007ffd13aa0000 - 0x00007ffd13ab2000 	C:\Windows\SYSTEM32\UMPDC.dll
0x00007ffd12ec0000 - 0x00007ffd12ed2000 	C:\Windows\SYSTEM32\kernel.appcore.dll
0x00007ffd0c9f0000 - 0x00007ffd0c9fa000 	C:\Users\Client\.jdks\openjdk-23.0.1\bin\jimage.dll
0x00007ffd12cb0000 - 0x00007ffd12e94000 	C:\Windows\SYSTEM32\DBGHELP.DLL
0x00007ffcf4400000 - 0x00007ffcf4434000 	C:\Windows\SYSTEM32\dbgcore.DLL
0x00007ffd14b20000 - 0x00007ffd14ba2000 	C:\Windows\System32\bcryptPrimitives.dll
0x00007ffd02270000 - 0x00007ffd0228e000 	C:\Users\Client\.jdks\openjdk-23.0.1\bin\java.dll
0x00007ffd16cf0000 - 0x00007ffd16e1b000 	C:\Windows\System32\ole32.dll
0x00007ffd15270000 - 0x00007ffd155c5000 	C:\Windows\System32\combase.dll
0x00007ffd162c0000 - 0x00007ffd16a2e000 	C:\Windows\System32\SHELL32.dll
0x00007ffd12430000 - 0x00007ffd12bd4000 	C:\Windows\SYSTEM32\windows.storage.dll
0x00007ffd140d0000 - 0x00007ffd140ff000 	C:\Windows\SYSTEM32\Wldp.dll
0x00007ffd15b30000 - 0x00007ffd15bfd000 	C:\Windows\System32\OLEAUT32.dll
0x00007ffd16a30000 - 0x00007ffd16add000 	C:\Windows\System32\SHCORE.dll
0x00007ffd160f0000 - 0x00007ffd16145000 	C:\Windows\System32\shlwapi.dll
0x00007ffd145d0000 - 0x00007ffd145f4000 	C:\Windows\SYSTEM32\profapi.dll
0x00007ffce0b20000 - 0x00007ffce0bf7000 	C:\Users\Client\.jdks\openjdk-23.0.1\bin\jsvml.dll
0x00007ffd09a10000 - 0x00007ffd09a20000 	C:\Users\Client\.jdks\openjdk-23.0.1\bin\net.dll
0x00007ffd13e30000 - 0x00007ffd13e9a000 	C:\Windows\system32\mswsock.dll
0x00007ffcf6640000 - 0x00007ffcf6656000 	C:\Users\Client\.jdks\openjdk-23.0.1\bin\nio.dll
0x00007ffcf6940000 - 0x00007ffcf6957000 	C:\Users\Client\.jdks\openjdk-23.0.1\bin\zip.dll
0x00007ffd099b0000 - 0x00007ffd099c0000 	C:\Users\Client\.jdks\openjdk-23.0.1\bin\verify.dll
0x00007ffce4410000 - 0x00007ffce448e000 	C:\Users\Client\AppData\Local\Temp\lwjgl_Client\3.3.6+1\x64\lwjgl.dll
0x00007ffce40e0000 - 0x00007ffce4169000 	C:\Users\Client\AppData\Local\Temp\lwjgl_Client\3.3.6+1\x64\glfw.dll
0x00007ffce7a40000 - 0x00007ffce7a85000 	C:\Windows\SYSTEM32\dinput8.dll
0x00007ffd0dd10000 - 0x00007ffd0dd21000 	C:\Windows\SYSTEM32\xinput1_4.dll
0x00007ffd14fd0000 - 0x00007ffd1501e000 	C:\Windows\System32\cfgmgr32.dll
0x00007ffd14430000 - 0x00007ffd14463000 	C:\Windows\SYSTEM32\DEVOBJ.dll
0x00007ffd12070000 - 0x00007ffd1209f000 	C:\Windows\SYSTEM32\dwmapi.dll
0x00007ffd08180000 - 0x00007ffd082d2000 	C:\Windows\SYSTEM32\inputhost.dll
0x00007ffd0fd50000 - 0x00007ffd0fe42000 	C:\Windows\SYSTEM32\CoreMessaging.dll
0x00007ffd11510000 - 0x00007ffd11606000 	C:\Windows\SYSTEM32\PROPSYS.dll
0x00007ffd0f2f0000 - 0x00007ffd0f64b000 	C:\Windows\SYSTEM32\CoreUIComponents.dll
0x00007ffd10ef0000 - 0x00007ffd11047000 	C:\Windows\SYSTEM32\wintypes.dll
0x00007ffd13930000 - 0x00007ffd13963000 	C:\Windows\SYSTEM32\ntmarta.dll
0x00007ffd11d10000 - 0x00007ffd11dae000 	C:\Windows\system32\uxtheme.dll
0x00007ffd15f50000 - 0x00007ffd16065000 	C:\Windows\System32\MSCTF.dll
0x00007ffced6e0000 - 0x00007ffced808000 	C:\Windows\SYSTEM32\opengl32.dll
0x00007ffced630000 - 0x00007ffced65c000 	C:\Windows\SYSTEM32\GLU32.dll
0x00007ffd15e70000 - 0x00007ffd15f19000 	C:\Windows\System32\clbcatq.dll
0x00007ffc974d0000 - 0x00007ffc983e6000 	C:\Windows\System32\DriverStore\FileRepository\iigd_dch.inf_amd64_96bd31a096a4a6ff\ig9icd64.dll
0x00007ffd13050000 - 0x00007ffd13146000 	C:\Windows\system32\dxgi.dll
0x00007ffd09c40000 - 0x00007ffd09c7b000 	C:\Windows\SYSTEM32\dxcore.dll
0x00007ffd04a80000 - 0x00007ffd06ebd000 	C:\Windows\System32\DriverStore\FileRepository\iigd_dch.inf_amd64_96bd31a096a4a6ff\igc64.dll
0x00007ffd07fd0000 - 0x00007ffd08173000 	C:\Windows\System32\DriverStore\FileRepository\iigd_dch.inf_amd64_96bd31a096a4a6ff\igdgmm64.dll
0x00007ffd082e0000 - 0x00007ffd083d9000 	C:\Windows\SYSTEM32\textinputframework.dll
0x00007ffce6a20000 - 0x00007ffce6a7d000 	C:\Users\Client\AppData\Local\Temp\lwjgl_Client\3.3.6+1\x64\lwjgl_opengl.dll
0x00007ffce0580000 - 0x00007ffce0619000 	C:\Users\Client\AppData\Local\Temp\lwjgl_Client\3.3.6+1\x64\lwjgl_stb.dll

dbghelp: loaded successfully - version: 4.0.5 - missing functions: none
symbol engine: initialized successfully - sym options: 0x614 - pdb path: .;C:\Users\Client\.jdks\openjdk-23.0.1\bin;C:\Windows\SYSTEM32;C:\Windows\WinSxS\amd64_microsoft.windows.common-controls_6595b64144ccf1df_6.0.19041.4355_none_60b8b9eb71f62e16;C:\Users\Client\.jdks\openjdk-23.0.1\bin\server;C:\Users\Client\AppData\Local\Temp\lwjgl_Client\3.3.6+1\x64;C:\Windows\System32\DriverStore\FileRepository\iigd_dch.inf_amd64_96bd31a096a4a6ff

VM Arguments:
jvm_args: -Dfile.encoding=UTF-8 -Duser.country=US -Duser.language=en -Duser.variant 
java_command: Main
java_class_path (initial): C:\Users\Client\Documents\GitHub\MInecraft-Clone\build\classes\java\main;C:\Users\Client\Documents\GitHub\MInecraft-Clone\build\resources\main;C:\Users\Client\.gradle\caches\modules-2\files-2.1\org.lwjgl\lwjgl-assimp\3.3.6\931a8de55dd5ee546689119c85ed4d4af7fa68f2\lwjgl-assimp-3.3.6.jar;C:\Users\Client\.gradle\caches\modules-2\files-2.1\org.lwjgl\lwjgl-assimp\3.3.6\486fa1e2db9fc903a0cab984604cef1a895b0e28\lwjgl-assimp-3.3.6-natives-windows.jar;C:\Users\Client\.gradle\caches\modules-2\files-2.1\org.lwjgl\lwjgl-egl\3.3.6\6842d0164e94dda0fb5ec1d55b67e69df7643f28\lwjgl-egl-3.3.6.jar;C:\Users\Client\.gradle\caches\modules-2\files-2.1\org.lwjgl\lwjgl-freetype\3.3.6\955989795ce6bdc7078d07590ee1ca0974b502d2\lwjgl-freetype-3.3.6.jar;C:\Users\Client\.gradle\caches\modules-2\files-2.1\org.lwjgl\lwjgl-freetype\3.3.6\f5031e39ff70dae6d71288d2ef3cef435e4f1fe4\lwjgl-freetype-3.3.6-natives-windows.jar;C:\Users\Client\.gradle\caches\modules-2\files-2.1\org.lwjgl\lwjgl-glfw\3.3.6\7119f7d0eeb1e5502ff0ca71d2b4d47317da015\lwjgl-glfw-3.3.6.jar;C:\Users\Client\.gradle\caches\modules-2\files-2.1\org.lwjgl\lwjgl-glfw\3.3.6\99ef08056feb9627f90425a4d2a22cd9fae8e39b\lwjgl-glfw-3.3.6-natives-windows.jar;C:\Users\Client\.gradle\caches\modules-2\files-2.1\org.lwjgl\lwjgl-nuklear\3.3.6\a1fa66130955a3371cc2af58f268b90b033acbe6\lwjgl-nuklear-3.3.6.jar;C:\Users\Client\.gradle\caches\modules-2\files-2.1\org.lwjgl\lwjgl-nuklear\3.3.6\c25f05065d7b13593e94bb3ce27d448ce8564650\lwjgl-nuklear-3.3.6-natives-windows.jar;C:\Users\Client\.gradle\caches\modules-2\files-2.1\org.lwjgl\lwjgl-openal\3.3.6\ad313317ff399fd2a7f4dd74716a68cf3976c6ad\lwjgl-openal-3.3.6.jar;C:\Users\Client\.gradle\caches\modules-2\files-2.1\org.lwjgl\lwjgl-openal\3.3.6\9c2b9b660e085bb0b47a4453dc0e26f24a5475e4\lwjgl-openal-3.3.6-natives-windows.jar;C:\Users\Client\.gradle\caches\modules-2\files-2.1\org.lwjgl\lwjgl-opengl\3.3.6\ac2532612a4df374e9a9282bcf8ce2573018ebbb\lwjgl-opengl-3.3.6.jar;C:\Users\Client\.gradle\caches\modules-2\files-2.1\org.lwjgl\lwjgl-opengl\3.3.6\18dc639ebc94aa5202c2157f7490d28997b697c5\lwjgl-opengl-3.3.6-natives-windows.jar;C:\Users\Client\.gradle\caches\modules-2\files-2.1\org.lwjgl\lwjgl-opengles\3.3.6\438cffbadd2721056c0ec31fdee1f21a25009207\lwjgl-opengles-3.3.6.jar;C:\Users\Client\.gradle\caches\modules-2\files-2.1\org.lwjgl\lwjgl-stb\3.3.6\e2d3739dcfe7b672b626ded66d94f6587083306e\lwjgl-stb-3.3.6.jar;C:\Users\Client\.gradle\caches\modules-2\files-2.1\org.lwjgl\lwjgl-stb\3.3.6\334cf885b39e2db9070c39e70e65efb136435f10\lwjgl-stb-3.3.6-natives-windows.jar;C:\Users\Client\.gradle\caches\modules-2\files-2.1\org.lwjgl\lwjgl\3.3.6\ce7721d30cfaf47feaed10213e0c43eb55c49d68\lwjgl-3.3.6.jar;C:\Users\Client\.gradle\caches\modules-2\files-2.1\org.lwjgl\lwjgl\3.3.6\9a29b6a22fc5184604b8cb434ee5d5ecc4bfcbee\lwjgl-3.3.6-natives-windows.jar;C:\Users\Client\.gradle\caches\modules-2\files-2.1\org.joml\joml-primitives\1.10.0\b3ae3ae0dfee0bf5aef9f7964205cca0f3c6ea07\joml-primitives-1.10.0.jar;C:\Users\Client\.gradle\caches\modules-2\files-2.1\org.joml\joml\1.10.7\f8c3f2e7db281bde099342dd36133de4bbba390c\joml-1.10.7.jar;C:\Users\Client\.gradle\caches\modules-2\files-2.1\org.jetbrains.kotlin\kotlin-stdlib-jdk8\1.8.20\73576ddf378c5b4f1f6b449fe6b119b8183fc078\kotlin-stdlib-jdk8-1.8.20.jar;C:\Users\Client\.gradle\caches\modules-2\files-2.1\org.jetbrains.kotlin\kotlin-stdlib-jdk7\1.8.20\3aa51faf20aae8b31e1a4bc54f8370673d7b7df4\kotlin-stdlib-jdk7-1.8.20.jar;C:\Users\Client\.gradle\caches\modules-2\files-2.1\org.jetbrains.kotlin\kotlin-stdlib\1.8.20\e72fc5e03ec6c064c678a6bd0d955c88d55b0c4a\kotlin-stdlib-1.8.20.jar;C:\Users\Client\.gradle\caches\modules-2\files-2.1\org.jetbrains.kotlin\kotlin-stdlib-common\1.8.20\5eddaaf234c8c49d03eebeb6a14feb7f90faca71\kotlin-stdlib-common-1.8.20.jar;C:\Users\Client\.gradle\caches\modules-2\files-2.1\org.jetbrains\annotations\13.0\919f0dfe192fb4e063e7dacadee7f8bb9a2672a9\annotations-13.0.jar
Launcher Type: SUN_STANDARD

[Global flags]
     intx CICompilerCount                          = 3                                         {product} {ergonomic}
     uint ConcGCThreads                            = 1                                         {product} {ergonomic}
     uint G1ConcRefinementThreads                  = 4                                         {product} {ergonomic}
   size_t G1HeapRegionSize                         = 1048576                                   {product} {ergonomic}
   size_t InitialHeapSize                          = 125829120                                 {product} {ergonomic}
   size_t MarkStackSize                            = 4194304                                   {product} {ergonomic}
   size_t MarkStackSizeMax                         = 536870912                                 {product} {ergonomic}
   size_t MaxHeapSize                              = 1990197248                                {product} {ergonomic}
   size_t MaxNewSize                               = 1193279488                                {product} {ergonomic}
   size_t MinHeapDeltaBytes                        = 1048576                                   {product} {ergonomic}
   size_t MinHeapSize                              = 8388608                                   {product} {ergonomic}
    uintx NonNMethodCodeHeapSize                   = 5832704                                {pd product} {ergonomic}
    uintx NonProfiledCodeHeapSize                  = 122945536                              {pd product} {ergonomic}
    uintx ProfiledCodeHeapSize                     = 122880000                              {pd product} {ergonomic}
    uintx ReservedCodeCacheSize                    = 251658240                              {pd product} {ergonomic}
     bool SegmentedCodeCache                       = true                                      {product} {ergonomic}
   size_t SoftMaxHeapSize                          = 1990197248                             {manageable} {ergonomic}
     bool UseCompressedOops                        = true                           {product lp64_product} {ergonomic}
     bool UseG1GC                                  = true                                      {product} {ergonomic}
     bool UseLargePagesIndividualAllocation        = false                                  {pd product} {ergonomic}

Logging:
Log output configuration:
 #0: stdout all=warning uptime,level,tags foldmultilines=false
 #1: stderr all=off uptime,level,tags foldmultilines=false

Environment Variables:
PATH=C:\Program Files (x86)\Common Files\Oracle\Java\java8path;C:\Program Files (x86)\Common Files\Oracle\Java\javapath;C:\Users\Client\AppData\Roaming\Python\Python313\site-packages\SCons\;C:\Program Files\dotnet\;C:\Program Files\Git\cmd;C:\Program Files\CMake\bin;C:\Program Files\Microsoft Visual Studio\2022\Community\VC\Tools\Llvm\bin\clang-cl.exe;C:\Program Files (x86)\Windows Kits\10\bin\10.0.22621.0\x64;C:\Program Files\Microsoft Visual Studio\2022\Community\VC\Tools\Llvm\bin;C:\Program Files\Microsoft Visual Studio\2022\Community\Common7\Tools;C:\Program Files\Microsoft Visual Studio\2022\Community\Common7\IDE\CommonExtensions\Microsoft\CMake\CMake\bin;C:\Program Files\Microsoft Visual Studio\2022\Community\VC\Tools\MSVC\14.42.34433\bin\Hostx64\x64;C:\Program Files\Microsoft SQL Server\150\Tools\Binn\;C:\Program Files\nodejs\;C:\Program Files\Microsoft SQL Server\Client SDK\ODBC\170\Tools\Binn\;C:\Program Files (x86)\Windows Kits\10\Windows Performance Toolkit\;C:\program files\microsoft visual studio\2022\community\common7\ide\commonextensions\microsoft\cmake\Ninja\;C:\apache-ant\bin;C:\Windows\System32\;C:\Users\Client\AppData\Local\Programs\Python\Python313\Scripts\;C:\Users\Client\AppData\Local\Programs\Python\Python313\;C:\Users\Client\AppData\Roaming\Python\Python313\site-packages\;C:\Users\Client\AppData\Local\Programs\Python\Launcher\;C:\Users\Client\AppData\Roaming\Python\Python313\site-packages\SCons\;C:\Users\Client\scoop\shims\;C:\Users\Client\AppData\Local\Microsoft\WindowsApps;C:\Users\Client\AppData\Local\GitHubDesktop\bin;C:\Users\Client\.dotnet\tools;C:\Program Files\JetBrains\IntelliJ IDEA 2024.3.2.2\bin;;C:\Users\Client\AppData\Roaming\Python\Python313\site-packages\SCons\Script\;C:\Program Files\dotnet\;C:\Program Files (x86)\Windows Kits\10\bin\10.0.22621.0\x64;C:\Users\Client\AppData\Roaming\npm;C:\program files\microsoft visual studio\2022\community\common7\ide\commonextensions\microsoft\cmake\Ninja\;C:\Users\Client\ant-ivy\;C:\Windows\System32\;C:\Users\Client\AppData\Local\Programs\Microsoft VS Code\bin
USERNAME=Client
OS=Windows_NT
PROCESSOR_IDENTIFIER=Intel64 Family 6 Model 78 Stepping 3, GenuineIntel
TMP=C:\Users\Client\AppData\Local\Temp
TEMP=C:\Users\Client\AppData\Local\Temp




Periodic native trim disabled

---------------  S Y S T E M  ---------------

OS:
 Windows 10 , 64 bit Build 19041 (10.0.19041.5198)
OS uptime: 2 days 20:33 hours

CPU: total 4 (initial active 4) (2 cores per cpu, 2 threads per core) family 6 model 78 stepping 3 microcode 0xec, cx8, cmov, fxsr, ht, mmx, 3dnowpref, sse, sse2, sse3, ssse3, sse4.1, sse4.2, popcnt, lzcnt, tsc, tscinvbit, avx, avx2, aes, erms, clmul, bmi1, bmi2, rtm, adx, fma, vzeroupper, clflush, clflushopt, rdtscp, f16c
Processor Information for the first 4 processors :
  Max Mhz: 2496, Current Mhz: 798, Mhz Limit: 798

Memory: 4k page, system-wide physical 7591M (691M free)
TotalPageFile size 16257M (AvailPageFile size 2607M)
current process WorkingSet (physical memory assigned to process): 158M, peak: 158M
current process commit charge ("private bytes"): 241M, peak: 241M

vm_info: OpenJDK 64-Bit Server VM (23.0.1+11-39) for windows-amd64 JRE (23.0.1+11-39), built on 2024-09-30T07:20:43Z with MS VC++ 17.6 (VS2022)

END.
