#
# A fatal error has been detected by the Java Runtime Environment:
#
#  EXCEPTION_ACCESS_VIOLATION (0xc0000005) at pc=0x00007ff87cb59160, pid=15300, tid=17056
#
# JRE version: OpenJDK Runtime Environment (23.0.1+11) (build 23.0.1+11-39)
# Java VM: OpenJDK 64-Bit Server VM (23.0.1+11-39, mixed mode, sharing, tiered, compressed oops, compressed class ptrs, g1 gc, windows-amd64)
# Problematic frame:
# C  [ig9icd64.dll+0x149160]
#
# No core dump will be written. Minidumps are not enabled by default on client versions of Windows
#
# If you would like to submit a bug report, please visit:
#   https://bugreport.java.com/bugreport/crash.jsp
# The crash happened outside the Java Virtual Machine in native code.
# See problematic frame for where to report the bug.
#

---------------  S U M M A R Y ------------

Command Line: -Dfile.encoding=UTF-8 -Duser.country=US -Duser.language=en -Duser.variant Main

Host: Intel(R) Core(TM) i5-6300U CPU @ 2.40GHz, 4 cores, 7G,  Windows 10 , 64 bit Build 19041 (10.0.19041.5438)
Time: Sun Feb 16 08:39:01 2025 W. Central Africa Standard Time elapsed time: 1.424027 seconds (0d 0h 0m 1s)

---------------  T H R E A D  ---------------

Current thread (0x0000018b9bc95850):  JavaThread "main"             [_thread_in_native, id=17056, stack(0x00000006b7400000,0x00000006b7500000) (1024K)]

Stack: [0x00000006b7400000,0x00000006b7500000],  sp=0x00000006b74ff0c0,  free space=1020k
Native frames: (J=compiled Java code, j=interpreted, Vv=VM code, C=native code)
C  [ig9icd64.dll+0x149160]  (no source info available)
C  [ig9icd64.dll+0xf7169]  (no source info available)
C  [ig9icd64.dll+0x1b86d7]  (no source info available)
C  [ig9icd64.dll+0x1b68a1]  (no source info available)
C  [ig9icd64.dll+0x40bc1e]  (no source info available)
C  0x0000018badb8d207  (no source info available)

The last pc belongs to native method entry point (kind = native) (printed below).
Java frames: (J=compiled Java code, j=interpreted, Vv=VM code)
j  org.lwjgl.opengl.GL15C.nglBufferSubData(IJJJ)V+0
j  org.lwjgl.opengl.GL15C.glBufferSubData(IJLjava/nio/FloatBuffer;)V+15
j  org.lwjgl.opengl.GL15.glBufferSubData(IJLjava/nio/FloatBuffer;)V+3
j  GameLayer.Rendering.VBO.SubData(ILjava/nio/FloatBuffer;)V+5
j  Chunk.DrawMesh(LGameLayer/Rendering/Shader;)V+263
j  GameLayer.Rendering.Scene.Draw(LGameLayer/Rendering/Shader;)V+39
j  GameLayer.Rendering.Renderer.DrawScene(LGameLayer/Rendering/Scene;LGameLayer/Rendering/Shader;)V+2
j  App.loop()V+331
j  App.run()V+5
j  Main.main([Ljava/lang/String;)V+17
v  ~StubRoutines::call_stub 0x0000018badb80fcd

siginfo: EXCEPTION_ACCESS_VIOLATION (0xc0000005), reading address 0x0000018b87ed6040


Registers:
RAX=0x0000000000000000, RBX=0x0000000000000000, RCX=0x0000000000000000, RDX=0x0000018b87ed6040
RSP=0x00000006b74ff0c0, RBP=0x0000018bbaaab240, RSI=0x0000018bba316d40, RDI=0x0000018b83730000
R8 =0x0000000000005000, R9 =0x00000000000000a0, R10=0x0000000000000000, R11=0x0000000000000246
R12=0x0000018b87ed6040, R13=0x0000018bbac733c0, R14=0x0000000000005000, R15=0x0000018bbac2a590
RIP=0x00007ff87cb59160, EFLAGS=0x0000000000010206


Register to memory mapping:

RAX=0x0 is null
RBX=0x0 is null
RCX=0x0 is null
RDX=0x0000018b87ed6040 is an unknown value
RSP=0x00000006b74ff0c0 is pointing into the stack for thread: 0x0000018b9bc95850
RBP=0x0000018bbaaab240 points into unknown readable memory: 0x0000018bba95c0c0 | c0 c0 95 ba 8b 01 00 00
RSI=0x0000018bba316d40 points into unknown readable memory: 0x0000000000000000 | 00 00 00 00 00 00 00 00
RDI=0x0000018b83730000 points into unknown readable memory: 0x0000000000000000 | 00 00 00 00 00 00 00 00
R8 =0x0000000000005000 is an unknown value
R9 =0x00000000000000a0 is an unknown value
R10=0x0 is null
R11=0x0000000000000246 is an unknown value
R12=0x0000018b87ed6040 is an unknown value
R13=0x0000018bbac733c0 points into unknown readable memory: 0x0000018b83730000 | 00 00 73 83 8b 01 00 00
R14=0x0000000000005000 is an unknown value
R15=0x0000018bbac2a590 points into unknown readable memory: 0x0000018bba8bd070 | 70 d0 8b ba 8b 01 00 00

Top of Stack: (sp=0x00000006b74ff0c0)
0x00000006b74ff0c0:   0000000000000000 0000000000000000
0x00000006b74ff0d0:   0000000000000000 0000000000000000
0x00000006b74ff0e0:   0000018bba316c90 00007ff87cb07169
0x00000006b74ff0f0:   0000000000000000 0000018bba316d40
0x00000006b74ff100:   0000018b9bc95800 0000000000000000
0x00000006b74ff110:   0000018b9bc95850 0000000000000000
0x00000006b74ff120:   0000018bbaadf930 0000000000000000
0x00000006b74ff130:   0000000000000000 0000018bbaaab240
0x00000006b74ff140:   0000000000005000 00007ff87cbc86d7
0x00000006b74ff150:   0000018bba316c90 0000018b00000002
0x00000006b74ff160:   0000018b00000000 0000018bbab18af0
0x00000006b74ff170:   0000018b87ed6040 00000006b74ff1a0
0x00000006b74ff180:   0000018bfc5fe800 0000018b9bc95801
0x00000006b74ff190:   00000006b74ff200 0000018b00000004
0x00000006b74ff1a0:   0000018bbac2a590 0000018bbab18af0
0x00000006b74ff1b0:   0000018b9bc95850 0000000000000000
0x00000006b74ff1c0:   0000018bfc5fe8d0 0000000000000000
0x00000006b74ff1d0:   0000000000008892 00007ff87cbc68a1
0x00000006b74ff1e0:   0000018bbaaab240 0000000000005000
0x00000006b74ff1f0:   0000018b87ed6040 0000018badba7286
0x00000006b74ff200:   0000000000005000 0000018b87ed6040
0x00000006b74ff210:   00000006b74ff358 00007ff87ce1bc1e
0x00000006b74ff220:   0000018bfc5fe8d0 00000006b74ff308
0x00000006b74ff230:   0000018bfc16c610 0000000000000128
0x00000006b74ff240:   0000018bfc5fe8d0 0000018b9bc95850
0x00000006b74ff250:   0000018bfc5fe8d0 0000018badb8d207
0x00000006b74ff260:   fffffffffffffff7 0000018bfc44bb68
0x00000006b74ff270:   0000018bfc5fe8d0 00000006b74ff358
0x00000006b74ff280:   0000000000005000 0000018b87ed6040
0x00000006b74ff290:   0000018bfc5fe8d0 0000018bfc16c610
0x00000006b74ff2a0:   00000006b74ff2b8 00000006b74ff320
0x00000006b74ff2b0:   0000018badb887f6 0000018badb8ce9b 

Instructions: (pc=0x00007ff87cb59160)
0x00007ff87cb59060:   66 0f 60 c0 66 0f 61 c0 66 0f 70 c0 00 66 0f 64
0x00007ff87cb59070:   c8 f3 0f 6f 02 49 03 d1 66 0f f7 c1 49 03 f9 41
0x00007ff87cb59080:   8b c1 44 8b d1 4c 2b c0 0f 29 74 24 10 4d 8b c8
0x00007ff87cb59090:   0f 29 3c 24 49 c1 e9 07 f6 c2 0f 0f 84 af 00 00
0x00007ff87cb590a0:   00 4d 85 c9 74 6b 66 66 0f 1f 84 00 00 00 00 00
0x00007ff87cb590b0:   f3 0f 6f 02 41 ff c2 f3 0f 6f 4a 10 41 8b c2 f3
0x00007ff87cb590c0:   0f 6f 52 20 f3 0f 6f 5a 30 f3 0f 6f 62 40 f3 0f
0x00007ff87cb590d0:   6f 6a 50 f3 0f 6f 72 60 f3 0f 6f 7a 70 66 0f e7
0x00007ff87cb590e0:   07 66 0f e7 4f 10 66 0f e7 57 20 66 0f e7 5f 30
0x00007ff87cb590f0:   66 0f e7 67 40 66 0f e7 6f 50 66 0f e7 77 60 66
0x00007ff87cb59100:   0f e7 7f 70 48 83 ef 80 48 83 ea 80 49 3b c1 72
0x00007ff87cb59110:   9f 41 83 e0 7f 0f 84 e0 00 00 00 45 8b d0 44 8b
0x00007ff87cb59120:   c9 49 c1 ea 04 4d 85 d2 0f 84 cd 00 00 00 66 90
0x00007ff87cb59130:   f3 0f 6f 02 41 ff c1 48 83 c2 10 41 8b c1 66 0f
0x00007ff87cb59140:   e7 07 48 83 c7 10 49 3b c2 72 e5 e9 ab 00 00 00
0x00007ff87cb59150:   4d 85 c9 74 6c 66 66 66 0f 1f 84 00 00 00 00 00
0x00007ff87cb59160:   f3 0f 6f 02 41 ff c2 f3 0f 6f 4a 10 f3 0f 6f 52
0x00007ff87cb59170:   20 f3 0f 6f 5a 30 f3 0f 6f 62 40 f3 0f 6f 6a 50
0x00007ff87cb59180:   f3 0f 6f 72 60 f3 0f 6f 7a 70 48 83 ea 80 66 0f
0x00007ff87cb59190:   e7 07 66 0f e7 4f 10 66 0f e7 57 20 66 0f e7 5f
0x00007ff87cb591a0:   30 66 0f e7 67 40 66 0f e7 6f 50 66 0f e7 77 60
0x00007ff87cb591b0:   66 0f e7 7f 70 48 83 ef 80 41 8b c2 49 3b c1 72
0x00007ff87cb591c0:   9f 41 83 e0 7f 74 34 45 8b d0 44 8b c9 49 c1 ea
0x00007ff87cb591d0:   04 4d 85 d2 74 25 66 66 0f 1f 84 00 00 00 00 00
0x00007ff87cb591e0:   f3 0f 6f 02 41 ff c1 66 0f e7 07 48 83 c7 10 41
0x00007ff87cb591f0:   8b c1 48 83 c2 10 49 3b c2 72 e5 0f 28 74 24 10
0x00007ff87cb59200:   0f 28 3c 24 41 83 e0 0f 74 49 45 8b d0 44 8b c9
0x00007ff87cb59210:   49 c1 ea 02 4d 85 d2 74 1e 0f 1f 80 00 00 00 00
0x00007ff87cb59220:   8b 02 41 ff c1 89 07 48 83 c2 04 48 83 c7 04 41
0x00007ff87cb59230:   8b c1 49 3b c2 72 e9 41 83 e0 03 76 16 48 2b d7
0x00007ff87cb59240:   0f b6 04 3a ff c1 88 07 48 8d 7f 01 8b c1 49 3b
0x00007ff87cb59250:   c0 72 ed 48 83 c4 20 5f c3 cc cc cc cc cc cc cc 


Stack slot to memory mapping:

stack at sp + 0 slots: 0x0 is null
stack at sp + 1 slots: 0x0 is null
stack at sp + 2 slots: 0x0 is null
stack at sp + 3 slots: 0x0 is null
stack at sp + 4 slots: 0x0000018bba316c90 points into unknown readable memory: 0x0000000000000000 | 00 00 00 00 00 00 00 00
stack at sp + 5 slots: 0x00007ff87cb07169 ig9icd64.dll
stack at sp + 6 slots: 0x0 is null
stack at sp + 7 slots: 0x0000018bba316d40 points into unknown readable memory: 0x0000000000000000 | 00 00 00 00 00 00 00 00

Lock stack of current Java thread (top to bottom):

native method entry point (kind = native)  [0x0000018badb8cde0, 0x0000018badb8d938]  2904 bytes
[MachCode]
  0x0000018badb8cde0: 488b 4b08 | 0fb7 492e | 584c 8d74 | ccf8 6800 | 0000 0068 | 0000 0000 | 5055 488b | ec41 5568 
  0x0000018badb8ce00: 0000 0000 | 4c8b 6b08 | 4d8d 6d38 | 5348 8b53 | 0848 8b52 | 0848 8b52 | 1848 8b52 | 7048 8b12 
  0x0000018badb8ce20: 5248 8b53 | 1048 85d2 | 0f84 0700 | 0000 4881 | c210 0100 | 0052 488b | 5308 488b | 5208 488b 
  0x0000018badb8ce40: 5210 5249 | 8bc6 482b | c548 c1e8 | 0350 6800 | 0000 0068 | f7ff ffff | 41c6 8771 | 0400 0001 
  0x0000018badb8ce60: 488b 4310 | 4885 c074 | 208b 88cc | 0000 0083 | c102 8988 | cc00 0000 | 2388 e000 | 0000 0f84 
  0x0000018badb8ce80: 000a 0000 | e9cf 0000 | 0048 8b43 | 1848 85c0 | 0f85 b000 | 0000 e805 | 0000 00e9 | 9900 0000 
  0x0000018badb8cea0: 488b d348 | 8d44 2408 | 4c89 6dc0 | 498b cfc5 | f877 4989 | afb0 0300 | 0049 8987 | a003 0000 
  0x0000018badb8cec0: 4883 ec20 | 40f6 c40f | 0f84 1900 | 0000 4883 | ec08 48b8 | 9026 ec90 | f87f 0000 | ffd0 4883 
  0x0000018badb8cee0: c408 e90c | 0000 0048 | b890 26ec | 90f8 7f00 | 00ff d048 | 83c4 2049 | c787 a003 | 0000 0000 
  0x0000018badb8cf00: 0000 49c7 | 87b0 0300 | 0000 0000 | 0049 c787 | a803 0000 | 0000 0000 | c5f8 7749 | 837f 0800 
  0x0000018badb8cf20: 0f84 0500 | 0000 e995 | 3fff ff4c | 8b6d c04c | 8b75 c84e | 8d74 f500 | c348 8b43 | 1848 85c0 
  0x0000018badb8cf40: 0f84 1200 | 0000 8b48 | 0883 c102 | 8948 0823 | 481c 0f84 | 2c09 0000 | 493b a7e8 | 0400 000f 
  0x0000018badb8cf60: 8748 0000 | 0089 8424 | 00f0 ffff | 8984 2400 | e0ff ff89 | 8424 00d0 | ffff 8984 | 2400 c0ff 
  0x0000018badb8cf80: ff89 8424 | 00b0 ffff | 8984 2400 | a0ff ff89 | 8424 0090 | ffff 8984 | 2400 80ff | ff49 3ba7 
  0x0000018badb8cfa0: e004 0000 | 7607 4989 | a7e8 0400 | 0041 c687 | 7104 0000 | 0049 ba41 | ad73 91f8 | 7f00 0041 
  0x0000018badb8cfc0: 803a 000f | 843e 0000 | 0048 8b55 | e849 8bcf | 4883 ec20 | 40f6 c40f | 0f84 1900 | 0000 4883 
  0x0000018badb8cfe0: ec08 48b8 | 10ee 2391 | f87f 0000 | ffd0 4883 | c408 e90c | 0000 0048 | b810 ee23 | 91f8 7f00 
  0x0000018badb8d000: 00ff d048 | 83c4 2048 | 8b5d e84c | 8b5b 0845 | 0fb7 5b2e | 41c1 e303 | 492b e348 | 83ec 2048 
  0x0000018badb8d020: 83e4 f04c | 8b5b 604d | 85db 0f85 | ab00 0000 | e805 0000 | 00e9 9900 | 0000 488b | d348 8d44 
  0x0000018badb8d040: 2408 4c89 | 6dc0 498b | cfc5 f877 | 4989 afb0 | 0300 0049 | 8987 a003 | 0000 4883 | ec20 40f6 
  0x0000018badb8d060: c40f 0f84 | 1900 0000 | 4883 ec08 | 48b8 f04d | ec90 f87f | 0000 ffd0 | 4883 c408 | e90c 0000 
  0x0000018badb8d080: 0048 b8f0 | 4dec 90f8 | 7f00 00ff | d048 83c4 | 2049 c787 | a003 0000 | 0000 0000 | 49c7 87b0 
  0x0000018badb8d0a0: 0300 0000 | 0000 0049 | c787 a803 | 0000 0000 | 0000 c5f8 | 7749 837f | 0800 0f84 | 0500 0000 
  0x0000018badb8d0c0: e9fb 3dff | ff4c 8b6d | c04c 8b75 | c84e 8d74 | f500 c348 | 8b5d e84c | 8b5b 6041 | ffd3 488b 
  0x0000018badb8d0e0: 5de8 4889 | 4518 448b | 5b28 41f6 | c308 0f84 | 1b00 0000 | 4c8b 5b08 | 4d8b 5b08 | 4d8b 5b18 
  0x0000018badb8d100: 4d8b 5b70 | 4d8b 1b4c | 895d 1048 | 8d55 1048 | 8b43 5849 | ba60 3c24 | 91f8 7f00 | 0049 3bc2 
  0x0000018badb8d120: 0f85 ab00 | 0000 e805 | 0000 00e9 | 9900 0000 | 488b d348 | 8d44 2408 | 4c89 6dc0 | 498b cfc5 
  0x0000018badb8d140: f877 4989 | afb0 0300 | 0049 8987 | a003 0000 | 4883 ec20 | 40f6 c40f | 0f84 1900 | 0000 4883 
  0x0000018badb8d160: ec08 48b8 | f04d ec90 | f87f 0000 | ffd0 4883 | c408 e90c | 0000 0048 | b8f0 4dec | 90f8 7f00 
  0x0000018badb8d180: 00ff d048 | 83c4 2049 | c787 a003 | 0000 0000 | 0000 49c7 | 87b0 0300 | 0000 0000 | 0049 c787 
  0x0000018badb8d1a0: a803 0000 | 0000 0000 | c5f8 7749 | 837f 0800 | 0f84 0500 | 0000 e905 | 3dff ff4c | 8b6d c04c 
  0x0000018badb8d1c0: 8b75 c84e | 8d74 f500 | c348 8b5d | e848 8b43 | 5849 8d8f | c003 0000 | c5f8 7749 | 89af b003 
  0x0000018badb8d1e0: 0000 49ba | d8d1 b8ad | 8b01 0000 | 4d89 97a8 | 0300 0049 | 89a7 a003 | 0000 41c7 | 8744 0400 
  0x0000018badb8d200: 0004 0000 | 00ff d0c5 | f877 4883 | ec10 c5fb | 1104 2448 | 83ec 1048 | 8904 2448 | c744 2408 
  0x0000018badb8d220: 0000 0000 | 41c7 8744 | 0400 0005 | 0000 00f0 | 8344 24c0 | 0049 3baf | 4804 0000 | 0f87 0e00 
  0x0000018badb8d240: 0000 4183 | bf40 0400 | 0000 0f84 | 2000 0000 | 498b cf4c | 8be4 4883 | ec20 4883 | e4f0 48b8 
  0x0000018badb8d260: 90a9 ed90 | f87f 0000 | ffd0 498b | e44d 33e4 | 41c7 8744 | 0400 0008 | 0000 0049 | c787 a003 
  0x0000018badb8d280: 0000 0000 | 0000 49c7 | 87b0 0300 | 0000 0000 | 0049 c787 | a803 0000 | 0000 0000 | c5f8 774d 
  0x0000018badb8d2a0: 8b9f 3004 | 0000 41c7 | 8300 0100 | 0000 0000 | 0049 bbda | a5b8 ad8b | 0100 004c | 3b5d 180f 
  0x0000018badb8d2c0: 8524 0200 | 0048 8b04 | 2448 83c4 | 1048 85c0 | 0f84 fe01 | 0000 a803 | 0f85 0800 | 0000 488b 
  0x0000018badb8d2e0: 00e9 ee01 | 0000 a801 | 0f85 0900 | 0000 488b | 40fe e9dd | 0100 0048 | 8b40 ff41 | 807f 3800 
  0x0000018badb8d300: 0f84 ce01 | 0000 4883 | f800 0f84 | c401 0000 | 4d8b 5f28 | 4983 fb00 | 0f84 1400 | 0000 4983 
  0x0000018badb8d320: eb08 4d89 | 5f28 4d03 | 5f30 4989 | 03e9 a201 | 0000 4881 | ecd0 0000 | 0048 8904 | 2448 894c 
  0x0000018badb8d340: 2408 4889 | 5424 1048 | 8974 2418 | 4889 7c24 | 204c 8944 | 2428 4c89 | 4c24 304c | 8954 2438 
  0x0000018badb8d360: 4c89 5c24 | 40c5 fb11 | 4424 50c5 | fb11 4c24 | 58c5 fb11 | 5424 60c5 | fb11 5c24 | 68c5 fb11 
  0x0000018badb8d380: 6424 70c5 | fb11 6c24 | 78c5 fb11 | b424 8000 | 0000 c5fb | 11bc 2488 | 0000 00c5 | 7b11 8424 
  0x0000018badb8d3a0: 9000 0000 | c57b 118c | 2498 0000 | 00c5 7b11 | 9424 a000 | 0000 c57b | 119c 24a8 | 0000 00c5 
  0x0000018badb8d3c0: 7b11 a424 | b000 0000 | c57b 11ac | 24b8 0000 | 00c5 7b11 | b424 c000 | 0000 c57b | 11bc 24c8 
  0x0000018badb8d3e0: 0000 0049 | 8bd7 488b | c848 83ec | 2040 f6c4 | 0f0f 8419 | 0000 0048 | 83ec 0848 | b8e0 07e1 
  0x0000018badb8d400: 90f8 7f00 | 00ff d048 | 83c4 08e9 | 0c00 0000 | 48b8 e007 | e190 f87f | 0000 ffd0 | 4883 c420 
  0x0000018badb8d420: c57b 10bc | 24c8 0000 | 00c5 7b10 | b424 c000 | 0000 c57b | 10ac 24b8 | 0000 00c5 | 7b10 a424 
  0x0000018badb8d440: b000 0000 | c57b 109c | 24a8 0000 | 00c5 7b10 | 9424 a000 | 0000 c57b | 108c 2498 | 0000 00c5 
  0x0000018badb8d460: 7b10 8424 | 9000 0000 | c5fb 10bc | 2488 0000 | 00c5 fb10 | b424 8000 | 0000 c5fb | 106c 2478 
  0x0000018badb8d480: c5fb 1064 | 2470 c5fb | 105c 2468 | c5fb 1054 | 2460 c5fb | 104c 2458 | c5fb 1044 | 2450 4c8b 
  0x0000018badb8d4a0: 5c24 404c | 8b54 2438 | 4c8b 4c24 | 304c 8b44 | 2428 488b | 7c24 2048 | 8b74 2418 | 488b 5424 
  0x0000018badb8d4c0: 1048 8b4c | 2408 488b | 0424 4881 | c4d0 0000 | 00c5 f877 | 4889 4510 | 4883 ec10 | 4889 0424 
  0x0000018badb8d4e0: 48c7 4424 | 0800 0000 | 0041 83bf | c804 0000 | 020f 85bf | 0000 0048 | 81ec 8000 | 0000 4889 
  0x0000018badb8d500: 4424 7848 | 894c 2470 | 4889 5424 | 6848 895c | 2460 4889 | 6c24 5048 | 8974 2448 | 4889 7c24 
  0x0000018badb8d520: 404c 8944 | 2438 4c89 | 4c24 304c | 8954 2428 | 4c89 5c24 | 204c 8964 | 2418 4c89 | 6c24 104c 
  0x0000018badb8d540: 8974 2408 | 4c89 3c24 | 4c8b e448 | 83ec 2048 | 83e4 f048 | b8c0 2224 | 91f8 7f00 | 00ff d049 
  0x0000018badb8d560: 8be4 4c8b | 3c24 4c8b | 7424 084c | 8b6c 2410 | 4c8b 6424 | 184c 8b5c | 2420 4c8b | 5424 284c 
  0x0000018badb8d580: 8b4c 2430 | 4c8b 4424 | 3848 8b7c | 2440 488b | 7424 4848 | 8b6c 2450 | 488b 5c24 | 6048 8b54 
  0x0000018badb8d5a0: 2468 488b | 4c24 7048 | 8b44 2478 | 4881 c480 | 0000 004d | 33e4 488b | 5de8 4c8b | 6b08 4d8d 
  0x0000018badb8d5c0: 6d38 4983 | 7f08 000f | 84bb 0000 | 00e8 0500 | 0000 e996 | 0000 0048 | 8d44 2408 | 4c89 6dc0 
  0x0000018badb8d5e0: 498b cfc5 | f877 4989 | afb0 0300 | 0049 8987 | a003 0000 | 4883 ec20 | 40f6 c40f | 0f84 1900 
  0x0000018badb8d600: 0000 4883 | ec08 48b8 | 006c ec90 | f87f 0000 | ffd0 4883 | c408 e90c | 0000 0048 | b800 6cec 
  0x0000018badb8d620: 90f8 7f00 | 00ff d048 | 83c4 2049 | c787 a003 | 0000 0000 | 0000 49c7 | 87b0 0300 | 0000 0000 
  0x0000018badb8d640: 0049 c787 | a803 0000 | 0000 0000 | c5f8 7749 | 837f 0800 | 0f84 0500 | 0000 e961 | 38ff ff4c 
  0x0000018badb8d660: 8b6d c04c | 8b75 c84e | 8d74 f500 | c348 b930 | d54b 91f8 | 7f00 0048 | 83e4 f048 | b870 4a12 
  0x0000018badb8d680: 91f8 7f00 | 00ff d0f4 | 448b 5b28 | 41f6 c320 | 0f84 7901 | 0000 488d | 55a8 4c8b | 5a08 4d85 
  0x0000018badb8d6a0: db0f 85bb | 0000 00e8 | 0500 0000 | e996 0000 | 0048 8d44 | 2408 4c89 | 6dc0 498b | cfc5 f877 
  0x0000018badb8d6c0: 4989 afb0 | 0300 0049 | 8987 a003 | 0000 4883 | ec20 40f6 | c40f 0f84 | 1900 0000 | 4883 ec08 
  0x0000018badb8d6e0: 48b8 306b | ec90 f87f | 0000 ffd0 | 4883 c408 | e90c 0000 | 0048 b830 | 6bec 90f8 | 7f00 00ff 
  0x0000018badb8d700: d048 83c4 | 2049 c787 | a003 0000 | 0000 0000 | 49c7 87b0 | 0300 0000 | 0000 0049 | c787 a803 
  0x0000018badb8d720: 0000 0000 | 0000 c5f8 | 7749 837f | 0800 0f84 | 0500 0000 | e987 37ff | ff4c 8b6d | c04c 8b75 
  0x0000018badb8d740: c84e 8d74 | f500 c348 | b930 d54b | 91f8 7f00 | 0048 83e4 | f048 b870 | 4a12 91f8 | 7f00 00ff 
  0x0000018badb8d760: d0f4 4c89 | 6dc0 4c8b | 4a08 48c7 | 4208 0000 | 0000 458b | 8718 0600 | 004f 3b4c | 07f8 0f85 
  0x0000018badb8d780: 4900 0000 | 4183 af18 | 0600 0008 | 4f3b 4c07 | f00f 842a | 0000 0049 | 8b01 a802 | 0f85 1200 
  0x0000018badb8d7a0: 0000 4c8b | c049 83c8 | 01f0 4d0f | b101 0f84 | 0d00 0000 | 4183 8718 | 0600 0008 | e90c 0000 
  0x0000018badb8d7c0: 0049 ff8f | 5005 0000 | e93e 0000 | 004c 894a | 0848 8bca | 4883 ec20 | 40f6 c40f | 0f84 1900 
  0x0000018badb8d7e0: 0000 4883 | ec08 48b8 | f03d ec90 | f87f 0000 | ffd0 4883 | c408 e90c | 0000 0048 | b8f0 3dec 
  0x0000018badb8d800: 90f8 7f00 | 00ff d048 | 83c4 204c | 8b6d c049 | ba41 ad73 | 91f8 7f00 | 0041 803a | 000f 843e 
  0x0000018badb8d820: 0000 0048 | 8b55 e849 | 8bcf 4883 | ec20 40f6 | c40f 0f84 | 1900 0000 | 4883 ec08 | 48b8 10ee 
  0x0000018badb8d840: 2391 f87f | 0000 ffd0 | 4883 c408 | e90c 0000 | 0048 b810 | ee23 91f8 | 7f00 00ff | d048 83c4 
  0x0000018badb8d860: 2048 8b04 | 2448 83c4 | 10c5 fb10 | 0424 4883 | c410 4c8b | 5d18 41ff | d34c 8b5d | f8c9 5f49 
  0x0000018badb8d880: 8be3 ffe7 | ba00 0000 | 00e8 0500 | 0000 e996 | 0000 0048 | 8d44 2408 | 4c89 6dc0 | 498b cfc5 
  0x0000018badb8d8a0: f877 4989 | afb0 0300 | 0049 8987 | a003 0000 | 4883 ec20 | 40f6 c40f | 0f84 1900 | 0000 4883 
  0x0000018badb8d8c0: ec08 48b8 | a031 ec90 | f87f 0000 | ffd0 4883 | c408 e90c | 0000 0048 | b8a0 31ec | 90f8 7f00 
  0x0000018badb8d8e0: 00ff d048 | 83c4 2049 | c787 a003 | 0000 0000 | 0000 49c7 | 87b0 0300 | 0000 0000 | 0049 c787 
  0x0000018badb8d900: a803 0000 | 0000 0000 | c5f8 7749 | 837f 0800 | 0f84 0500 | 0000 e9a5 | 35ff ff4c | 8b6d c04c 
  0x0000018badb8d920: 8b75 c84e | 8d74 f500 | c348 8b5d | e8e9 26f6 | ffff 660f | 1f44 0000 
[/MachCode]

---------------  P R O C E S S  ---------------

Threads class SMR info:
_java_thread_list=0x0000018bba996cf0, length=11, elements={
0x0000018b9bc95850, 0x0000018bba02fe90, 0x0000018bba031bc0, 0x0000018bba038a30,
0x0000018bba039490, 0x0000018bba03b2c0, 0x0000018bba03ffd0, 0x0000018bba041d20,
0x0000018bba044f80, 0x0000018bba185d80, 0x0000018bba18d650
}

Java Threads: ( => current thread )
=>0x0000018b9bc95850 JavaThread "main"                              [_thread_in_native, id=17056, stack(0x00000006b7400000,0x00000006b7500000) (1024K)]
  0x0000018bba02fe90 JavaThread "Reference Handler"          daemon [_thread_blocked, id=11616, stack(0x00000006b7c00000,0x00000006b7d00000) (1024K)]
  0x0000018bba031bc0 JavaThread "Finalizer"                  daemon [_thread_blocked, id=8380, stack(0x00000006b7d00000,0x00000006b7e00000) (1024K)]
  0x0000018bba038a30 JavaThread "Signal Dispatcher"          daemon [_thread_blocked, id=12328, stack(0x00000006b7e00000,0x00000006b7f00000) (1024K)]
  0x0000018bba039490 JavaThread "Attach Listener"            daemon [_thread_blocked, id=2300, stack(0x00000006b7f00000,0x00000006b8000000) (1024K)]
  0x0000018bba03b2c0 JavaThread "Service Thread"             daemon [_thread_blocked, id=12444, stack(0x00000006b8000000,0x00000006b8100000) (1024K)]
  0x0000018bba03ffd0 JavaThread "Monitor Deflation Thread"   daemon [_thread_blocked, id=1568, stack(0x00000006b8100000,0x00000006b8200000) (1024K)]
  0x0000018bba041d20 JavaThread "C2 CompilerThread0"         daemon [_thread_blocked, id=9880, stack(0x00000006b8200000,0x00000006b8300000) (1024K)]
  0x0000018bba044f80 JavaThread "C1 CompilerThread0"         daemon [_thread_blocked, id=11100, stack(0x00000006b8300000,0x00000006b8400000) (1024K)]
  0x0000018bba185d80 JavaThread "Notification Thread"        daemon [_thread_blocked, id=6028, stack(0x00000006b8400000,0x00000006b8500000) (1024K)]
  0x0000018bba18d650 JavaThread "Common-Cleaner"             daemon [_thread_blocked, id=16388, stack(0x00000006b8500000,0x00000006b8600000) (1024K)]
Total: 11

Other Threads:
  0x0000018bba019680 VMThread "VM Thread"                           [id=4196, stack(0x00000006b7b00000,0x00000006b7c00000) (1024K)]
  0x0000018bba004550 WatcherThread "VM Periodic Task Thread"        [id=11328, stack(0x00000006b7a00000,0x00000006b7b00000) (1024K)]
  0x0000018b9df68740 WorkerThread "GC Thread#0"                     [id=15732, stack(0x00000006b7500000,0x00000006b7600000) (1024K)]
  0x0000018bbad19950 WorkerThread "GC Thread#1"                     [id=12276, stack(0x00000006b8600000,0x00000006b8700000) (1024K)]
  0x0000018bbac99420 WorkerThread "GC Thread#2"                     [id=9428, stack(0x00000006b8d00000,0x00000006b8e00000) (1024K)]
  0x0000018bbad19d00 WorkerThread "GC Thread#3"                     [id=5644, stack(0x00000006b8e00000,0x00000006b8f00000) (1024K)]
  0x0000018b9df7d1f0 ConcurrentGCThread "G1 Main Marker"            [id=16020, stack(0x00000006b7600000,0x00000006b7700000) (1024K)]
  0x0000018b9df7e4a0 WorkerThread "G1 Conc#0"                       [id=11484, stack(0x00000006b7700000,0x00000006b7800000) (1024K)]
  0x0000018bb9ed70f0 ConcurrentGCThread "G1 Refine#0"               [id=7900, stack(0x00000006b7800000,0x00000006b7900000) (1024K)]
  0x0000018bb9ed8d30 ConcurrentGCThread "G1 Service"                [id=3060, stack(0x00000006b7900000,0x00000006b7a00000) (1024K)]
Total: 10

Threads with active compile tasks:
Total: 0

VM state: not at safepoint (normal execution)

VM Mutex/Monitor currently owned by a thread: None

Heap address: 0x0000000089600000, size: 1898 MB, Compressed Oops mode: 32-bit

CDS archive(s) mapped at: [0x0000018bbb000000-0x0000018bbbd70000-0x0000018bbbd70000), size 14090240, SharedBaseAddress: 0x0000018bbb000000, ArchiveRelocationMode: 1.
Compressed class space mapped at: 0x0000018bbc000000-0x0000018bfc000000, reserved size: 1073741824
Narrow klass base: 0x0000018bbb000000, Narrow klass shift: 0, Narrow klass range: 0x41000000

GC Precious Log:
 CardTable entry size: 512
 Card Set container configuration: InlinePtr #cards 5 size 8 Array Of Cards #cards 10 size 36 Howl #buckets 4 coarsen threshold 1843 Howl Bitmap #cards 512 size 80 coarsen threshold 460 Card regions per heap region 1 cards per card region 2048
 CPUs: 4 total, 4 available
 Memory: 7591M
 Large Page Support: Disabled
 NUMA Support: Disabled
 Compressed Oops: Enabled (32-bit)
 Heap Region Size: 1M
 Heap Min Capacity: 8M
 Heap Initial Capacity: 120M
 Heap Max Capacity: 1898M
 Pre-touch: Disabled
 Parallel Workers: 4
 Concurrent Workers: 1
 Concurrent Refinement Workers: 4
 Periodic GC: Disabled

Heap:
 garbage-first heap   total reserved 1943552K, committed 122880K, used 11776K [0x0000000089600000, 0x0000000100000000)
  region size 1024K, 9 young (9216K), 2 survivors (2048K)
 Metaspace       used 6424K, committed 6656K, reserved 1114112K
  class space    used 318K, committed 448K, reserved 1048576K

Heap Regions: E=young(eden), S=young(survivor), O=old, HS=humongous(starts), HC=humongous(continues), CS=collection set, F=free, TAMS=top-at-mark-start, PB=parsable bottom
|   0|0x0000000089600000, 0x0000000089700000, 0x0000000089700000|100%| O|  |TAMS 0x0000000089600000| PB 0x0000000089600000| Untracked |  0
|   1|0x0000000089700000, 0x0000000089800000, 0x0000000089800000|100%| O|  |TAMS 0x0000000089700000| PB 0x0000000089700000| Untracked |  0
|   2|0x0000000089800000, 0x0000000089900000, 0x0000000089900000|100%| O|  |TAMS 0x0000000089800000| PB 0x0000000089800000| Untracked |  0
|   3|0x0000000089900000, 0x0000000089a00000, 0x0000000089a00000|100%| O|  |TAMS 0x0000000089900000| PB 0x0000000089900000| Untracked |  0
|   4|0x0000000089a00000, 0x0000000089a80000, 0x0000000089b00000| 50%| O|  |TAMS 0x0000000089a00000| PB 0x0000000089a00000| Untracked |  0
|   5|0x0000000089b00000, 0x0000000089b00000, 0x0000000089c00000|  0%| F|  |TAMS 0x0000000089b00000| PB 0x0000000089b00000| Untracked |  0
|   6|0x0000000089c00000, 0x0000000089c00000, 0x0000000089d00000|  0%| F|  |TAMS 0x0000000089c00000| PB 0x0000000089c00000| Untracked |  0
|   7|0x0000000089d00000, 0x0000000089d00000, 0x0000000089e00000|  0%| F|  |TAMS 0x0000000089d00000| PB 0x0000000089d00000| Untracked |  0
|   8|0x0000000089e00000, 0x0000000089e00000, 0x0000000089f00000|  0%| F|  |TAMS 0x0000000089e00000| PB 0x0000000089e00000| Untracked |  0
|   9|0x0000000089f00000, 0x0000000089f00000, 0x000000008a000000|  0%| F|  |TAMS 0x0000000089f00000| PB 0x0000000089f00000| Untracked |  0
|  10|0x000000008a000000, 0x000000008a000000, 0x000000008a100000|  0%| F|  |TAMS 0x000000008a000000| PB 0x000000008a000000| Untracked |  0
|  11|0x000000008a100000, 0x000000008a100000, 0x000000008a200000|  0%| F|  |TAMS 0x000000008a100000| PB 0x000000008a100000| Untracked |  0
|  12|0x000000008a200000, 0x000000008a200000, 0x000000008a300000|  0%| F|  |TAMS 0x000000008a200000| PB 0x000000008a200000| Untracked |  0
|  13|0x000000008a300000, 0x000000008a300000, 0x000000008a400000|  0%| F|  |TAMS 0x000000008a300000| PB 0x000000008a300000| Untracked |  0
|  14|0x000000008a400000, 0x000000008a400000, 0x000000008a500000|  0%| F|  |TAMS 0x000000008a400000| PB 0x000000008a400000| Untracked |  0
|  15|0x000000008a500000, 0x000000008a500000, 0x000000008a600000|  0%| F|  |TAMS 0x000000008a500000| PB 0x000000008a500000| Untracked |  0
|  16|0x000000008a600000, 0x000000008a600000, 0x000000008a700000|  0%| F|  |TAMS 0x000000008a600000| PB 0x000000008a600000| Untracked |  0
|  17|0x000000008a700000, 0x000000008a700000, 0x000000008a800000|  0%| F|  |TAMS 0x000000008a700000| PB 0x000000008a700000| Untracked |  0
|  18|0x000000008a800000, 0x000000008a800000, 0x000000008a900000|  0%| F|  |TAMS 0x000000008a800000| PB 0x000000008a800000| Untracked |  0
|  19|0x000000008a900000, 0x000000008a900000, 0x000000008aa00000|  0%| F|  |TAMS 0x000000008a900000| PB 0x000000008a900000| Untracked |  0
|  20|0x000000008aa00000, 0x000000008aa00000, 0x000000008ab00000|  0%| F|  |TAMS 0x000000008aa00000| PB 0x000000008aa00000| Untracked |  0
|  21|0x000000008ab00000, 0x000000008ab00000, 0x000000008ac00000|  0%| F|  |TAMS 0x000000008ab00000| PB 0x000000008ab00000| Untracked |  0
|  22|0x000000008ac00000, 0x000000008ac00000, 0x000000008ad00000|  0%| F|  |TAMS 0x000000008ac00000| PB 0x000000008ac00000| Untracked |  0
|  23|0x000000008ad00000, 0x000000008ad00000, 0x000000008ae00000|  0%| F|  |TAMS 0x000000008ad00000| PB 0x000000008ad00000| Untracked |  0
|  24|0x000000008ae00000, 0x000000008ae00000, 0x000000008af00000|  0%| F|  |TAMS 0x000000008ae00000| PB 0x000000008ae00000| Untracked |  0
|  25|0x000000008af00000, 0x000000008af00000, 0x000000008b000000|  0%| F|  |TAMS 0x000000008af00000| PB 0x000000008af00000| Untracked |  0
|  26|0x000000008b000000, 0x000000008b000000, 0x000000008b100000|  0%| F|  |TAMS 0x000000008b000000| PB 0x000000008b000000| Untracked |  0
|  27|0x000000008b100000, 0x000000008b100000, 0x000000008b200000|  0%| F|  |TAMS 0x000000008b100000| PB 0x000000008b100000| Untracked |  0
|  28|0x000000008b200000, 0x000000008b200000, 0x000000008b300000|  0%| F|  |TAMS 0x000000008b200000| PB 0x000000008b200000| Untracked |  0
|  29|0x000000008b300000, 0x000000008b300000, 0x000000008b400000|  0%| F|  |TAMS 0x000000008b300000| PB 0x000000008b300000| Untracked |  0
|  30|0x000000008b400000, 0x000000008b400000, 0x000000008b500000|  0%| F|  |TAMS 0x000000008b400000| PB 0x000000008b400000| Untracked |  0
|  31|0x000000008b500000, 0x000000008b500000, 0x000000008b600000|  0%| F|  |TAMS 0x000000008b500000| PB 0x000000008b500000| Untracked |  0
|  32|0x000000008b600000, 0x000000008b600000, 0x000000008b700000|  0%| F|  |TAMS 0x000000008b600000| PB 0x000000008b600000| Untracked |  0
|  33|0x000000008b700000, 0x000000008b700000, 0x000000008b800000|  0%| F|  |TAMS 0x000000008b700000| PB 0x000000008b700000| Untracked |  0
|  34|0x000000008b800000, 0x000000008b800000, 0x000000008b900000|  0%| F|  |TAMS 0x000000008b800000| PB 0x000000008b800000| Untracked |  0
|  35|0x000000008b900000, 0x000000008b900000, 0x000000008ba00000|  0%| F|  |TAMS 0x000000008b900000| PB 0x000000008b900000| Untracked |  0
|  36|0x000000008ba00000, 0x000000008ba00000, 0x000000008bb00000|  0%| F|  |TAMS 0x000000008ba00000| PB 0x000000008ba00000| Untracked |  0
|  37|0x000000008bb00000, 0x000000008bb00000, 0x000000008bc00000|  0%| F|  |TAMS 0x000000008bb00000| PB 0x000000008bb00000| Untracked |  0
|  38|0x000000008bc00000, 0x000000008bc00000, 0x000000008bd00000|  0%| F|  |TAMS 0x000000008bc00000| PB 0x000000008bc00000| Untracked |  0
|  39|0x000000008bd00000, 0x000000008bd00000, 0x000000008be00000|  0%| F|  |TAMS 0x000000008bd00000| PB 0x000000008bd00000| Untracked |  0
|  40|0x000000008be00000, 0x000000008be00000, 0x000000008bf00000|  0%| F|  |TAMS 0x000000008be00000| PB 0x000000008be00000| Untracked |  0
|  41|0x000000008bf00000, 0x000000008bf00000, 0x000000008c000000|  0%| F|  |TAMS 0x000000008bf00000| PB 0x000000008bf00000| Untracked |  0
|  42|0x000000008c000000, 0x000000008c000000, 0x000000008c100000|  0%| F|  |TAMS 0x000000008c000000| PB 0x000000008c000000| Untracked |  0
|  43|0x000000008c100000, 0x000000008c100000, 0x000000008c200000|  0%| F|  |TAMS 0x000000008c100000| PB 0x000000008c100000| Untracked |  0
|  44|0x000000008c200000, 0x000000008c200000, 0x000000008c300000|  0%| F|  |TAMS 0x000000008c200000| PB 0x000000008c200000| Untracked |  0
|  45|0x000000008c300000, 0x000000008c300000, 0x000000008c400000|  0%| F|  |TAMS 0x000000008c300000| PB 0x000000008c300000| Untracked |  0
|  46|0x000000008c400000, 0x000000008c400000, 0x000000008c500000|  0%| F|  |TAMS 0x000000008c400000| PB 0x000000008c400000| Untracked |  0
|  47|0x000000008c500000, 0x000000008c500000, 0x000000008c600000|  0%| F|  |TAMS 0x000000008c500000| PB 0x000000008c500000| Untracked |  0
|  48|0x000000008c600000, 0x000000008c600000, 0x000000008c700000|  0%| F|  |TAMS 0x000000008c600000| PB 0x000000008c600000| Untracked |  0
|  49|0x000000008c700000, 0x000000008c700000, 0x000000008c800000|  0%| F|  |TAMS 0x000000008c700000| PB 0x000000008c700000| Untracked |  0
|  50|0x000000008c800000, 0x000000008c800000, 0x000000008c900000|  0%| F|  |TAMS 0x000000008c800000| PB 0x000000008c800000| Untracked |  0
|  51|0x000000008c900000, 0x000000008c900000, 0x000000008ca00000|  0%| F|  |TAMS 0x000000008c900000| PB 0x000000008c900000| Untracked |  0
|  52|0x000000008ca00000, 0x000000008ca00000, 0x000000008cb00000|  0%| F|  |TAMS 0x000000008ca00000| PB 0x000000008ca00000| Untracked |  0
|  53|0x000000008cb00000, 0x000000008cb00000, 0x000000008cc00000|  0%| F|  |TAMS 0x000000008cb00000| PB 0x000000008cb00000| Untracked |  0
|  54|0x000000008cc00000, 0x000000008cc00000, 0x000000008cd00000|  0%| F|  |TAMS 0x000000008cc00000| PB 0x000000008cc00000| Untracked |  0
|  55|0x000000008cd00000, 0x000000008cd00000, 0x000000008ce00000|  0%| F|  |TAMS 0x000000008cd00000| PB 0x000000008cd00000| Untracked |  0
|  56|0x000000008ce00000, 0x000000008ce00000, 0x000000008cf00000|  0%| F|  |TAMS 0x000000008ce00000| PB 0x000000008ce00000| Untracked |  0
|  57|0x000000008cf00000, 0x000000008cf00000, 0x000000008d000000|  0%| F|  |TAMS 0x000000008cf00000| PB 0x000000008cf00000| Untracked |  0
|  58|0x000000008d000000, 0x000000008d000000, 0x000000008d100000|  0%| F|  |TAMS 0x000000008d000000| PB 0x000000008d000000| Untracked |  0
|  59|0x000000008d100000, 0x000000008d100000, 0x000000008d200000|  0%| F|  |TAMS 0x000000008d100000| PB 0x000000008d100000| Untracked |  0
|  60|0x000000008d200000, 0x000000008d200000, 0x000000008d300000|  0%| F|  |TAMS 0x000000008d200000| PB 0x000000008d200000| Untracked |  0
|  61|0x000000008d300000, 0x000000008d300000, 0x000000008d400000|  0%| F|  |TAMS 0x000000008d300000| PB 0x000000008d300000| Untracked |  0
|  62|0x000000008d400000, 0x000000008d400000, 0x000000008d500000|  0%| F|  |TAMS 0x000000008d400000| PB 0x000000008d400000| Untracked |  0
|  63|0x000000008d500000, 0x000000008d500000, 0x000000008d600000|  0%| F|  |TAMS 0x000000008d500000| PB 0x000000008d500000| Untracked |  0
|  64|0x000000008d600000, 0x000000008d600000, 0x000000008d700000|  0%| F|  |TAMS 0x000000008d600000| PB 0x000000008d600000| Untracked |  0
|  65|0x000000008d700000, 0x000000008d700000, 0x000000008d800000|  0%| F|  |TAMS 0x000000008d700000| PB 0x000000008d700000| Untracked |  0
|  66|0x000000008d800000, 0x000000008d800000, 0x000000008d900000|  0%| F|  |TAMS 0x000000008d800000| PB 0x000000008d800000| Untracked |  0
|  67|0x000000008d900000, 0x000000008d900000, 0x000000008da00000|  0%| F|  |TAMS 0x000000008d900000| PB 0x000000008d900000| Untracked |  0
|  68|0x000000008da00000, 0x000000008da00000, 0x000000008db00000|  0%| F|  |TAMS 0x000000008da00000| PB 0x000000008da00000| Untracked |  0
|  69|0x000000008db00000, 0x000000008db00000, 0x000000008dc00000|  0%| F|  |TAMS 0x000000008db00000| PB 0x000000008db00000| Untracked |  0
|  70|0x000000008dc00000, 0x000000008dc00000, 0x000000008dd00000|  0%| F|  |TAMS 0x000000008dc00000| PB 0x000000008dc00000| Untracked |  0
|  71|0x000000008dd00000, 0x000000008dd00000, 0x000000008de00000|  0%| F|  |TAMS 0x000000008dd00000| PB 0x000000008dd00000| Untracked |  0
|  72|0x000000008de00000, 0x000000008de00000, 0x000000008df00000|  0%| F|  |TAMS 0x000000008de00000| PB 0x000000008de00000| Untracked |  0
|  73|0x000000008df00000, 0x000000008df00000, 0x000000008e000000|  0%| F|  |TAMS 0x000000008df00000| PB 0x000000008df00000| Untracked |  0
|  74|0x000000008e000000, 0x000000008e000000, 0x000000008e100000|  0%| F|  |TAMS 0x000000008e000000| PB 0x000000008e000000| Untracked |  0
|  75|0x000000008e100000, 0x000000008e100000, 0x000000008e200000|  0%| F|  |TAMS 0x000000008e100000| PB 0x000000008e100000| Untracked |  0
|  76|0x000000008e200000, 0x000000008e200000, 0x000000008e300000|  0%| F|  |TAMS 0x000000008e200000| PB 0x000000008e200000| Untracked |  0
|  77|0x000000008e300000, 0x000000008e300000, 0x000000008e400000|  0%| F|  |TAMS 0x000000008e300000| PB 0x000000008e300000| Untracked |  0
|  78|0x000000008e400000, 0x000000008e400000, 0x000000008e500000|  0%| F|  |TAMS 0x000000008e400000| PB 0x000000008e400000| Untracked |  0
|  79|0x000000008e500000, 0x000000008e500000, 0x000000008e600000|  0%| F|  |TAMS 0x000000008e500000| PB 0x000000008e500000| Untracked |  0
|  80|0x000000008e600000, 0x000000008e600000, 0x000000008e700000|  0%| F|  |TAMS 0x000000008e600000| PB 0x000000008e600000| Untracked |  0
|  81|0x000000008e700000, 0x000000008e700000, 0x000000008e800000|  0%| F|  |TAMS 0x000000008e700000| PB 0x000000008e700000| Untracked |  0
|  82|0x000000008e800000, 0x000000008e800000, 0x000000008e900000|  0%| F|  |TAMS 0x000000008e800000| PB 0x000000008e800000| Untracked |  0
|  83|0x000000008e900000, 0x000000008e900000, 0x000000008ea00000|  0%| F|  |TAMS 0x000000008e900000| PB 0x000000008e900000| Untracked |  0
|  84|0x000000008ea00000, 0x000000008ea00000, 0x000000008eb00000|  0%| F|  |TAMS 0x000000008ea00000| PB 0x000000008ea00000| Untracked |  0
|  85|0x000000008eb00000, 0x000000008eb00000, 0x000000008ec00000|  0%| F|  |TAMS 0x000000008eb00000| PB 0x000000008eb00000| Untracked |  0
|  86|0x000000008ec00000, 0x000000008ec00000, 0x000000008ed00000|  0%| F|  |TAMS 0x000000008ec00000| PB 0x000000008ec00000| Untracked |  0
|  87|0x000000008ed00000, 0x000000008ed00000, 0x000000008ee00000|  0%| F|  |TAMS 0x000000008ed00000| PB 0x000000008ed00000| Untracked |  0
|  88|0x000000008ee00000, 0x000000008ee00000, 0x000000008ef00000|  0%| F|  |TAMS 0x000000008ee00000| PB 0x000000008ee00000| Untracked |  0
|  89|0x000000008ef00000, 0x000000008ef00000, 0x000000008f000000|  0%| F|  |TAMS 0x000000008ef00000| PB 0x000000008ef00000| Untracked |  0
|  90|0x000000008f000000, 0x000000008f000000, 0x000000008f100000|  0%| F|  |TAMS 0x000000008f000000| PB 0x000000008f000000| Untracked |  0
|  91|0x000000008f100000, 0x000000008f100000, 0x000000008f200000|  0%| F|  |TAMS 0x000000008f100000| PB 0x000000008f100000| Untracked |  0
|  92|0x000000008f200000, 0x000000008f200000, 0x000000008f300000|  0%| F|  |TAMS 0x000000008f200000| PB 0x000000008f200000| Untracked |  0
|  93|0x000000008f300000, 0x000000008f300000, 0x000000008f400000|  0%| F|  |TAMS 0x000000008f300000| PB 0x000000008f300000| Untracked |  0
|  94|0x000000008f400000, 0x000000008f400000, 0x000000008f500000|  0%| F|  |TAMS 0x000000008f400000| PB 0x000000008f400000| Untracked |  0
|  95|0x000000008f500000, 0x000000008f500000, 0x000000008f600000|  0%| F|  |TAMS 0x000000008f500000| PB 0x000000008f500000| Untracked |  0
|  96|0x000000008f600000, 0x000000008f600000, 0x000000008f700000|  0%| F|  |TAMS 0x000000008f600000| PB 0x000000008f600000| Untracked |  0
|  97|0x000000008f700000, 0x000000008f700000, 0x000000008f800000|  0%| F|  |TAMS 0x000000008f700000| PB 0x000000008f700000| Untracked |  0
|  98|0x000000008f800000, 0x000000008f800000, 0x000000008f900000|  0%| F|  |TAMS 0x000000008f800000| PB 0x000000008f800000| Untracked |  0
|  99|0x000000008f900000, 0x000000008f900000, 0x000000008fa00000|  0%| F|  |TAMS 0x000000008f900000| PB 0x000000008f900000| Untracked |  0
| 100|0x000000008fa00000, 0x000000008fa00000, 0x000000008fb00000|  0%| F|  |TAMS 0x000000008fa00000| PB 0x000000008fa00000| Untracked |  0
| 101|0x000000008fb00000, 0x000000008fb00000, 0x000000008fc00000|  0%| F|  |TAMS 0x000000008fb00000| PB 0x000000008fb00000| Untracked |  0
| 102|0x000000008fc00000, 0x000000008fc00000, 0x000000008fd00000|  0%| F|  |TAMS 0x000000008fc00000| PB 0x000000008fc00000| Untracked |  0
| 103|0x000000008fd00000, 0x000000008fd00000, 0x000000008fe00000|  0%| F|  |TAMS 0x000000008fd00000| PB 0x000000008fd00000| Untracked |  0
| 104|0x000000008fe00000, 0x000000008ff00000, 0x000000008ff00000|100%| S|CS|TAMS 0x000000008fe00000| PB 0x000000008fe00000| Complete |  0
| 105|0x000000008ff00000, 0x0000000090000000, 0x0000000090000000|100%| S|CS|TAMS 0x000000008ff00000| PB 0x000000008ff00000| Complete |  0
| 106|0x0000000090000000, 0x0000000090000000, 0x0000000090100000|  0%| F|  |TAMS 0x0000000090000000| PB 0x0000000090000000| Untracked |  0
| 107|0x0000000090100000, 0x0000000090100000, 0x0000000090200000|  0%| F|  |TAMS 0x0000000090100000| PB 0x0000000090100000| Untracked |  0
| 108|0x0000000090200000, 0x0000000090200000, 0x0000000090300000|  0%| F|  |TAMS 0x0000000090200000| PB 0x0000000090200000| Untracked |  0
| 109|0x0000000090300000, 0x0000000090300000, 0x0000000090400000|  0%| F|  |TAMS 0x0000000090300000| PB 0x0000000090300000| Untracked |  0
| 110|0x0000000090400000, 0x0000000090400000, 0x0000000090500000|  0%| F|  |TAMS 0x0000000090400000| PB 0x0000000090400000| Untracked |  0
| 111|0x0000000090500000, 0x0000000090500000, 0x0000000090600000|  0%| F|  |TAMS 0x0000000090500000| PB 0x0000000090500000| Untracked |  0
| 112|0x0000000090600000, 0x0000000090600000, 0x0000000090700000|  0%| F|  |TAMS 0x0000000090600000| PB 0x0000000090600000| Untracked |  0
| 113|0x0000000090700000, 0x0000000090790ec0, 0x0000000090800000| 56%| E|  |TAMS 0x0000000090700000| PB 0x0000000090700000| Complete |  0
| 114|0x0000000090800000, 0x0000000090900000, 0x0000000090900000|100%| E|CS|TAMS 0x0000000090800000| PB 0x0000000090800000| Complete |  0
| 115|0x0000000090900000, 0x0000000090a00000, 0x0000000090a00000|100%| E|  |TAMS 0x0000000090900000| PB 0x0000000090900000| Complete |  0
| 116|0x0000000090a00000, 0x0000000090b00000, 0x0000000090b00000|100%| E|CS|TAMS 0x0000000090a00000| PB 0x0000000090a00000| Complete |  0
| 117|0x0000000090b00000, 0x0000000090c00000, 0x0000000090c00000|100%| E|CS|TAMS 0x0000000090b00000| PB 0x0000000090b00000| Complete |  0
| 118|0x0000000090c00000, 0x0000000090d00000, 0x0000000090d00000|100%| E|CS|TAMS 0x0000000090c00000| PB 0x0000000090c00000| Complete |  0
| 119|0x0000000090d00000, 0x0000000090e00000, 0x0000000090e00000|100%| E|CS|TAMS 0x0000000090d00000| PB 0x0000000090d00000| Complete |  0

Card table byte_map: [0x0000018bb5a10000,0x0000018bb5dd0000] _byte_map_base: 0x0000018bb55c5000

Marking Bits: (CMBitMap*) 0x0000018b9df68e50
 Bits: [0x0000018bb5dd0000, 0x0000018bb7b78000)

Polling page: 0x0000018b9bc20000

Metaspace:

Usage:
  Non-class:      5.96 MB used.
      Class:    318.28 KB used.
       Both:      6.27 MB used.

Virtual space:
  Non-class space:       64.00 MB reserved,       6.06 MB (  9%) committed,  1 nodes.
      Class space:        1.00 GB reserved,     448.00 KB ( <1%) committed,  1 nodes.
             Both:        1.06 GB reserved,       6.50 MB ( <1%) committed. 

Chunk freelists:
   Non-Class:  7.69 MB
       Class:  15.55 MB
        Both:  23.24 MB

MaxMetaspaceSize: unlimited
CompressedClassSpaceSize: 1.00 GB
Initial GC threshold: 21.00 MB
Current GC threshold: 21.00 MB
CDS: on
 - commit_granule_bytes: 65536.
 - commit_granule_words: 8192.
 - virtual_space_node_default_size: 8388608.
 - enlarge_chunks_in_place: 1.
 - use_allocation_guard: 0.


Internal statistics:

num_allocs_failed_limit: 0.
num_arena_births: 72.
num_arena_deaths: 0.
num_vsnodes_births: 2.
num_vsnodes_deaths: 0.
num_space_committed: 103.
num_space_uncommitted: 0.
num_chunks_returned_to_freelist: 0.
num_chunks_taken_from_freelist: 257.
num_chunk_merges: 0.
num_chunk_splits: 186.
num_chunks_enlarged: 149.
num_inconsistent_stats: 0.

CodeHeap 'non-profiled nmethods': size=120064Kb used=246Kb max_used=246Kb free=119817Kb
 bounds [0x0000018bae110000, 0x0000018bae380000, 0x0000018bb5650000]
CodeHeap 'profiled nmethods': size=120000Kb used=1095Kb max_used=1095Kb free=118904Kb
 bounds [0x0000018ba6650000, 0x0000018ba68c0000, 0x0000018badb80000]
CodeHeap 'non-nmethods': size=5696Kb used=2183Kb max_used=2198Kb free=3512Kb
 bounds [0x0000018badb80000, 0x0000018baddf0000, 0x0000018bae110000]
CodeCache: size=245760Kb, used=3524Kb, max_used=3539Kb, free=242233Kb
 total_blobs=2047, nmethods=873, adapters=1080, full_count=0
Compilation: enabled, stopped_count=0, restarted_count=0

Compilation events (20 events):
Event: 1.387 Thread 0x0000018bba041d20 nmethod 867 0x0000018bae14cc08 code [0x0000018bae14cd00, 0x0000018bae14cd80]
Event: 1.388 Thread 0x0000018bba044f80 nmethod 865 0x0000018ba675d008 code [0x0000018ba675d140, 0x0000018ba675d448]
Event: 1.388 Thread 0x0000018bba044f80  863       3       java.nio.DirectFloatBufferU::ix (10 bytes)
Event: 1.388 Thread 0x0000018bba044f80 nmethod 863 0x0000018ba675d488 code [0x0000018ba675d5a0, 0x0000018ba675d6c0]
Event: 1.388 Thread 0x0000018bba044f80  864   !   3       jdk.internal.misc.ScopedMemoryAccess::putInt (21 bytes)
Event: 1.388 Thread 0x0000018bba044f80 nmethod 864 0x0000018ba675d788 code [0x0000018ba675d8e0, 0x0000018ba675dd48]
Event: 1.388 Thread 0x0000018bba044f80  866   !   3       java.nio.DirectIntBufferU::put (36 bytes)
Event: 1.389 Thread 0x0000018bba041d20  869       4       java.nio.Buffer::nextPutIndex (30 bytes)
Event: 1.389 Thread 0x0000018bba044f80 nmethod 866 0x0000018ba675dd88 code [0x0000018ba675df80, 0x0000018ba675e9b0]
Event: 1.389 Thread 0x0000018bba044f80  868       3       GameLayer._Object::getPosition (23 bytes)
Event: 1.389 Thread 0x0000018bba041d20 nmethod 869 0x0000018bae14cf08 code [0x0000018bae14d000, 0x0000018bae14d0a8]
Event: 1.389 Thread 0x0000018bba041d20  870   !   4       jdk.internal.misc.ScopedMemoryAccess::putInt (21 bytes)
Event: 1.389 Thread 0x0000018bba044f80 nmethod 868 0x0000018ba675ea08 code [0x0000018ba675eb20, 0x0000018ba675ed70]
Event: 1.390 Thread 0x0000018bba041d20 nmethod 870 0x0000018bae14d208 code [0x0000018bae14d300, 0x0000018bae14d3d0]
Event: 1.390 Thread 0x0000018bba041d20  871   !   4       java.nio.DirectIntBufferU::put (36 bytes)
Event: 1.391 Thread 0x0000018bba041d20 nmethod 871 0x0000018bae14d508 code [0x0000018bae14d600, 0x0000018bae14d6f0]
Event: 1.391 Thread 0x0000018bba041d20  872       4       java.nio.DirectFloatBufferU::ix (10 bytes)
Event: 1.391 Thread 0x0000018bba041d20 nmethod 872 0x0000018bae14d808 code [0x0000018bae14d900, 0x0000018bae14d980]
Event: 1.394 Thread 0x0000018bba044f80  873 %     3       Chunk::DrawMesh @ 44 (337 bytes)
Event: 1.397 Thread 0x0000018bba044f80 nmethod 873% 0x0000018ba675ee08 code [0x0000018ba675f380, 0x0000018ba6761d98]

GC Heap History (2 events):
Event: 1.090 GC heap before
{Heap before GC invocations=0 (full 0):
 garbage-first heap   total reserved 1943552K, committed 122880K, used 13312K [0x0000000089600000, 0x0000000100000000)
  region size 1024K, 14 young (14336K), 0 survivors (0K)
 Metaspace       used 4071K, committed 4224K, reserved 1114112K
  class space    used 246K, committed 320K, reserved 1048576K
}
Event: 1.105 GC heap after
{Heap after GC invocations=1 (full 0):
 garbage-first heap   total reserved 1943552K, committed 122880K, used 6656K [0x0000000089600000, 0x0000000100000000)
  region size 1024K, 2 young (2048K), 2 survivors (2048K)
 Metaspace       used 4071K, committed 4224K, reserved 1114112K
  class space    used 246K, committed 320K, reserved 1048576K
}

Dll operation events (10 events):
Event: 0.010 Loaded shared library C:\Users\Client\.jdks\openjdk-23.0.1\bin\java.dll
Event: 0.047 Loaded shared library C:\Users\Client\.jdks\openjdk-23.0.1\bin\jsvml.dll
Event: 0.093 Loaded shared library C:\Users\Client\.jdks\openjdk-23.0.1\bin\net.dll
Event: 0.095 Loaded shared library C:\Users\Client\.jdks\openjdk-23.0.1\bin\nio.dll
Event: 0.101 Loaded shared library C:\Users\Client\.jdks\openjdk-23.0.1\bin\zip.dll
Event: 0.133 Loaded shared library C:\Users\Client\.jdks\openjdk-23.0.1\bin\verify.dll
Event: 0.155 Loaded shared library C:\Users\Client\.jdks\openjdk-23.0.1\bin\jimage.dll
Event: 0.250 Loaded shared library C:\Users\Client\AppData\Local\Temp\lwjgl_Client\3.3.6+1\x64\lwjgl.dll
Event: 0.595 Loaded shared library C:\Users\Client\AppData\Local\Temp\lwjgl_Client\3.3.6+1\x64\lwjgl_opengl.dll
Event: 1.152 Loaded shared library C:\Users\Client\AppData\Local\Temp\lwjgl_Client\3.3.6+1\x64\lwjgl_stb.dll

Deoptimization events (20 events):
Event: 0.995 Thread 0x0000018b9bc95850 Uncommon trap: trap_request=0xffffff45 fr.pc=0x0000018bae12a55c relative=0x000000000000005c
Event: 0.995 Thread 0x0000018b9bc95850 Uncommon trap: reason=unstable_if action=reinterpret pc=0x0000018bae12a55c method=java.lang.AbstractStringBuilder.isLatin1()Z @ 10 c2
Event: 0.995 Thread 0x0000018b9bc95850 DEOPT PACKING pc=0x0000018bae12a55c sp=0x00000006b74ff2f0
Event: 0.995 Thread 0x0000018b9bc95850 DEOPT UNPACKING pc=0x0000018badbd4402 sp=0x00000006b74ff280 mode 2
Event: 0.995 Thread 0x0000018b9bc95850 Uncommon trap: trap_request=0xffffff45 fr.pc=0x0000018bae137780 relative=0x00000000000000e0
Event: 0.995 Thread 0x0000018b9bc95850 Uncommon trap: reason=unstable_if action=reinterpret pc=0x0000018bae137780 method=java.lang.String.getBytes([BIB)V @ 5 c2
Event: 0.995 Thread 0x0000018b9bc95850 DEOPT PACKING pc=0x0000018bae137780 sp=0x00000006b74ff370
Event: 0.995 Thread 0x0000018b9bc95850 DEOPT UNPACKING pc=0x0000018badbd4402 sp=0x00000006b74ff338 mode 2
Event: 1.117 Thread 0x0000018b9bc95850 DEOPT PACKING pc=0x0000018ba6686a0d sp=0x00000006b74f5200
Event: 1.117 Thread 0x0000018b9bc95850 DEOPT UNPACKING pc=0x0000018badbd4b22 sp=0x00000006b74f4650 mode 0
Event: 1.140 Thread 0x0000018b9bc95850 Uncommon trap: trap_request=0xffffff6e fr.pc=0x0000018bae147c08 relative=0x0000000000000468
Event: 1.140 Thread 0x0000018b9bc95850 Uncommon trap: reason=loop_limit_check action=maybe_recompile pc=0x0000018bae147c08 method=java.lang.StringLatin1.indexOf([BI[BII)I @ 37 c2
Event: 1.140 Thread 0x0000018b9bc95850 DEOPT PACKING pc=0x0000018bae147c08 sp=0x00000006b74fd970
Event: 1.140 Thread 0x0000018b9bc95850 DEOPT UNPACKING pc=0x0000018badbd4402 sp=0x00000006b74fd8d0 mode 2
Event: 1.171 Thread 0x0000018b9bc95850 DEOPT PACKING pc=0x0000018ba6736941 sp=0x00000006b74fedd0
Event: 1.171 Thread 0x0000018b9bc95850 DEOPT UNPACKING pc=0x0000018badbd4b22 sp=0x00000006b74fe258 mode 0
Event: 1.179 Thread 0x0000018b9bc95850 Uncommon trap: trap_request=0xffffff54 fr.pc=0x0000018bae148cdc relative=0x000000000000005c
Event: 1.179 Thread 0x0000018b9bc95850 Uncommon trap: reason=speculate_null_assert action=make_not_entrant pc=0x0000018bae148cdc method=sun.misc.Unsafe.getLong(Ljava/lang/Object;J)J @ 8 c2
Event: 1.179 Thread 0x0000018b9bc95850 DEOPT PACKING pc=0x0000018bae148cdc sp=0x00000006b74ff3b0
Event: 1.179 Thread 0x0000018b9bc95850 DEOPT UNPACKING pc=0x0000018badbd4402 sp=0x00000006b74ff338 mode 2

Classes loaded (20 events):
Event: 0.371 Loading class java/nio/BufferUnderflowException
Event: 0.371 Loading class java/nio/BufferUnderflowException done
Event: 0.384 Loading class java/util/Formatter$FixedString
Event: 0.384 Loading class java/util/Formatter$FixedString done
Event: 0.403 Loading class java/lang/NoSuchFieldError
Event: 0.403 Loading class java/lang/NoSuchFieldError done
Event: 0.425 Loading class jdk/internal/reflect/MethodHandleIntegerFieldAccessorImpl
Event: 0.425 Loading class jdk/internal/reflect/MethodHandleIntegerFieldAccessorImpl done
Event: 0.603 Loading class jdk/internal/foreign/MemorySessionImpl
Event: 0.603 Loading class java/lang/foreign/MemorySegment$Scope
Event: 0.603 Loading class java/lang/foreign/MemorySegment$Scope done
Event: 0.603 Loading class jdk/internal/foreign/MemorySessionImpl done
Event: 0.993 Loading class java/io/BufferedReader
Event: 0.994 Loading class java/io/BufferedReader done
Event: 0.994 Loading class sun/nio/cs/StreamDecoder
Event: 0.994 Loading class sun/nio/cs/StreamDecoder done
Event: 0.994 Loading class sun/nio/cs/UTF_8$Decoder
Event: 0.994 Loading class sun/nio/cs/UTF_8$Decoder done
Event: 1.246 Loading class java/lang/SecurityException
Event: 1.247 Loading class java/lang/SecurityException done

Classes unloaded (0 events):
No events

Classes redefined (0 events):
No events

Internal exceptions (20 events):
Event: 0.260 Thread 0x0000018b9bc95850 Exception <a 'sun/nio/fs/WindowsException'{0x0000000090926258}> (0x0000000090926258) 
thrown [s\open\src\hotspot\share\prims\jni.cpp, line 520]
Event: 0.364 Thread 0x0000018b9bc95850 Exception <a 'java/lang/NoSuchMethodError'{0x00000000909f3dd8}: 'int java.lang.invoke.DirectMethodHandle$Holder.invokeStaticInit(java.lang.Object, java.lang.Object, int, long)'> (0x00000000909f3dd8) 
thrown [s\open\src\hotspot\share\interpreter\linkResolver.cpp, line 796]
Event: 0.365 Thread 0x0000018b9bc95850 Exception <a 'java/lang/NoSuchMethodError'{0x00000000909f91c0}: 'java.lang.Object java.lang.invoke.DirectMethodHandle$Holder.newInvokeSpecial(java.lang.Object, java.lang.Object, int)'> (0x00000000909f91c0) 
thrown [s\open\src\hotspot\share\interpreter\linkResolver.cpp, line 796]
Event: 0.368 Thread 0x0000018b9bc95850 Exception <a 'java/lang/NoSuchMethodError'{0x0000000090808c00}: 'int java.lang.invoke.DirectMethodHandle$Holder.invokeStaticInit(java.lang.Object, java.lang.Object, long, long)'> (0x0000000090808c00) 
thrown [s\open\src\hotspot\share\interpreter\linkResolver.cpp, line 796]
Event: 0.369 Thread 0x0000018b9bc95850 Exception <a 'java/lang/NoSuchMethodError'{0x000000009080e6d0}: 'java.lang.Object java.lang.invoke.DirectMethodHandle$Holder.newInvokeSpecial(java.lang.Object, java.lang.Object, long)'> (0x000000009080e6d0) 
thrown [s\open\src\hotspot\share\interpreter\linkResolver.cpp, line 796]
Event: 0.369 Thread 0x0000018b9bc95850 Exception <a 'java/lang/NoSuchMethodError'{0x0000000090812878}: 'java.lang.Object java.lang.invoke.Invokers$Holder.linkToTargetMethod(java.lang.Object, long, java.lang.Object)'> (0x0000000090812878) 
thrown [s\open\src\hotspot\share\interpreter\linkResolver.cpp, line 796]
Event: 0.370 Thread 0x0000018b9bc95850 Exception <a 'java/lang/NoSuchMethodError'{0x0000000090819ad0}: 'int java.lang.invoke.DirectMethodHandle$Holder.invokeStaticInit(java.lang.Object, java.lang.Object, java.lang.Object, long)'> (0x0000000090819ad0) 
thrown [s\open\src\hotspot\share\interpreter\linkResolver.cpp, line 796]
Event: 0.402 Thread 0x0000018b9bc95850 Exception <a 'sun/nio/fs/WindowsException'{0x00000000908cf0b0}> (0x00000000908cf0b0) 
thrown [s\open\src\hotspot\share\prims\jni.cpp, line 520]
Event: 0.402 Thread 0x0000018b9bc95850 Exception <a 'sun/nio/fs/WindowsException'{0x00000000908cf420}> (0x00000000908cf420) 
thrown [s\open\src\hotspot\share\prims\jni.cpp, line 520]
Event: 0.426 Thread 0x0000018b9bc95850 Exception <a 'java/lang/NoSuchMethodError'{0x00000000908e63c8}: 'int java.lang.invoke.Invokers$Holder.invokeExact_MT(java.lang.Object, java.lang.Object)'> (0x00000000908e63c8) 
thrown [s\open\src\hotspot\share\interpreter\linkResolver.cpp, line 796]
Event: 0.581 Thread 0x0000018b9bc95850 Exception <a 'java/lang/NoSuchMethodError'{0x0000000090774da0}: 'void java.lang.System.load(java.lang.String, java.lang.Class)'> (0x0000000090774da0) 
thrown [s\open\src\hotspot\share\interpreter\linkResolver.cpp, line 796]
Event: 0.582 Thread 0x0000018b9bc95850 Exception <a 'java/lang/NoSuchMethodError'{0x0000000090777830}: 'void java.lang.System.loadLibrary(java.lang.String, java.lang.Class)'> (0x0000000090777830) 
thrown [s\open\src\hotspot\share\interpreter\linkResolver.cpp, line 796]
Event: 0.592 Thread 0x0000018b9bc95850 Exception <a 'sun/nio/fs/WindowsException'{0x0000000090786b50}> (0x0000000090786b50) 
thrown [s\open\src\hotspot\share\prims\jni.cpp, line 520]
Event: 0.592 Thread 0x0000018b9bc95850 Exception <a 'sun/nio/fs/WindowsException'{0x0000000090786f00}> (0x0000000090786f00) 
thrown [s\open\src\hotspot\share\prims\jni.cpp, line 520]
Event: 0.609 Thread 0x0000018b9bc95850 Exception <a 'sun/nio/fs/WindowsException'{0x00000000907934f0}> (0x00000000907934f0) 
thrown [s\open\src\hotspot\share\prims\jni.cpp, line 520]
Event: 0.609 Thread 0x0000018b9bc95850 Exception <a 'sun/nio/fs/WindowsException'{0x00000000907937d8}> (0x00000000907937d8) 
thrown [s\open\src\hotspot\share\prims\jni.cpp, line 520]
Event: 1.138 Thread 0x0000018b9bc95850 Exception <a 'java/lang/NoSuchMethodError'{0x0000000090bd0948}: 'void java.lang.System.load(java.lang.String, java.lang.Class)'> (0x0000000090bd0948) 
thrown [s\open\src\hotspot\share\interpreter\linkResolver.cpp, line 796]
Event: 1.139 Thread 0x0000018b9bc95850 Exception <a 'java/lang/NoSuchMethodError'{0x0000000090bd3450}: 'void java.lang.System.loadLibrary(java.lang.String, java.lang.Class)'> (0x0000000090bd3450) 
thrown [s\open\src\hotspot\share\interpreter\linkResolver.cpp, line 796]
Event: 1.149 Thread 0x0000018b9bc95850 Exception <a 'sun/nio/fs/WindowsException'{0x0000000090be29c8}> (0x0000000090be29c8) 
thrown [s\open\src\hotspot\share\prims\jni.cpp, line 520]
Event: 1.150 Thread 0x0000018b9bc95850 Exception <a 'sun/nio/fs/WindowsException'{0x0000000090be2d50}> (0x0000000090be2d50) 
thrown [s\open\src\hotspot\share\prims\jni.cpp, line 520]

VM Operations (10 events):
Event: 0.102 Executing VM operation: HandshakeAllThreads (Deoptimize)
Event: 0.102 Executing VM operation: HandshakeAllThreads (Deoptimize) done
Event: 0.141 Executing VM operation: HandshakeAllThreads (Deoptimize)
Event: 0.141 Executing VM operation: HandshakeAllThreads (Deoptimize) done
Event: 0.163 Executing VM operation: HandshakeAllThreads (Deoptimize)
Event: 0.163 Executing VM operation: HandshakeAllThreads (Deoptimize) done
Event: 0.240 Executing VM operation: HandshakeAllThreads (Deoptimize)
Event: 0.240 Executing VM operation: HandshakeAllThreads (Deoptimize) done
Event: 1.090 Executing VM operation: G1CollectForAllocation (G1 Evacuation Pause)
Event: 1.105 Executing VM operation: G1CollectForAllocation (G1 Evacuation Pause) done

Memory protections (0 events):
No events

Nmethod flushes (0 events):
No events

Events (13 events):
Event: 0.029 Thread 0x0000018b9bc95850 Thread added: 0x0000018b9bc95850
Event: 0.044 Thread 0x0000018b9bc95850 Thread added: 0x0000018bba02fe90
Event: 0.044 Thread 0x0000018b9bc95850 Thread added: 0x0000018bba031bc0
Event: 0.044 Thread 0x0000018b9bc95850 Thread added: 0x0000018bba038a30
Event: 0.044 Thread 0x0000018b9bc95850 Thread added: 0x0000018bba039490
Event: 0.044 Thread 0x0000018b9bc95850 Thread added: 0x0000018bba03b2c0
Event: 0.044 Thread 0x0000018b9bc95850 Thread added: 0x0000018bba03ffd0
Event: 0.045 Thread 0x0000018b9bc95850 Thread added: 0x0000018bba041d20
Event: 0.045 Thread 0x0000018b9bc95850 Thread added: 0x0000018bba044f80
Event: 0.082 Thread 0x0000018b9bc95850 Thread added: 0x0000018bba185d80
Event: 0.085 Thread 0x0000018b9bc95850 Thread added: 0x0000018bba18d650
Event: 0.432 Thread 0x0000018bba044f80 Thread added: 0x0000018bba2eda40
Event: 0.800 Thread 0x0000018bba2eda40 Thread exited: 0x0000018bba2eda40


Dynamic libraries:
0x00007ff749680000 - 0x00007ff74968e000 	C:\Users\Client\.jdks\openjdk-23.0.1\bin\java.exe
0x00007ff8e5870000 - 0x00007ff8e5a68000 	C:\Windows\SYSTEM32\ntdll.dll
0x00007ff8e5760000 - 0x00007ff8e5822000 	C:\Windows\System32\KERNEL32.DLL
0x00007ff8e2f10000 - 0x00007ff8e320f000 	C:\Windows\System32\KERNELBASE.dll
0x00007ff8e35a0000 - 0x00007ff8e36a0000 	C:\Windows\System32\ucrtbase.dll
0x00007ff8dc580000 - 0x00007ff8dc597000 	C:\Users\Client\.jdks\openjdk-23.0.1\bin\jli.dll
0x00007ff8dc560000 - 0x00007ff8dc57b000 	C:\Users\Client\.jdks\openjdk-23.0.1\bin\VCRUNTIME140.dll
0x00007ff8e54b0000 - 0x00007ff8e564d000 	C:\Windows\System32\USER32.dll
0x00007ff8e3210000 - 0x00007ff8e3232000 	C:\Windows\System32\win32u.dll
0x00007ff8d15d0000 - 0x00007ff8d186a000 	C:\Windows\WinSxS\amd64_microsoft.windows.common-controls_6595b64144ccf1df_6.0.19041.4355_none_60b8b9eb71f62e16\COMCTL32.dll
0x00007ff8e3d90000 - 0x00007ff8e3dbb000 	C:\Windows\System32\GDI32.dll
0x00007ff8e4cd0000 - 0x00007ff8e4d6e000 	C:\Windows\System32\msvcrt.dll
0x00007ff8e32e0000 - 0x00007ff8e33fa000 	C:\Windows\System32\gdi32full.dll
0x00007ff8e3500000 - 0x00007ff8e359d000 	C:\Windows\System32\msvcp_win.dll
0x00007ff8e4120000 - 0x00007ff8e414f000 	C:\Windows\System32\IMM32.DLL
0x00007ff8ded80000 - 0x00007ff8ded8c000 	C:\Users\Client\.jdks\openjdk-23.0.1\bin\vcruntime140_1.dll
0x00007ff8cfd50000 - 0x00007ff8cfdde000 	C:\Users\Client\.jdks\openjdk-23.0.1\bin\msvcp140.dll
0x00007ff890af0000 - 0x00007ff89183f000 	C:\Users\Client\.jdks\openjdk-23.0.1\bin\server\jvm.dll
0x00007ff8e41b0000 - 0x00007ff8e425f000 	C:\Windows\System32\ADVAPI32.dll
0x00007ff8e4bc0000 - 0x00007ff8e4c5f000 	C:\Windows\System32\sechost.dll
0x00007ff8e3a10000 - 0x00007ff8e3b33000 	C:\Windows\System32\RPCRT4.dll
0x00007ff8e3240000 - 0x00007ff8e3267000 	C:\Windows\System32\bcrypt.dll
0x00007ff8e3c70000 - 0x00007ff8e3cdb000 	C:\Windows\System32\WS2_32.dll
0x00007ff8e24a0000 - 0x00007ff8e24eb000 	C:\Windows\SYSTEM32\POWRPROF.dll
0x00007ff8c26f0000 - 0x00007ff8c2717000 	C:\Windows\SYSTEM32\WINMM.dll
0x00007ff8dc100000 - 0x00007ff8dc10a000 	C:\Windows\SYSTEM32\VERSION.dll
0x00007ff8e2310000 - 0x00007ff8e2322000 	C:\Windows\SYSTEM32\UMPDC.dll
0x00007ff8e1730000 - 0x00007ff8e1742000 	C:\Windows\SYSTEM32\kernel.appcore.dll
0x00007ff8ded70000 - 0x00007ff8ded7a000 	C:\Users\Client\.jdks\openjdk-23.0.1\bin\jimage.dll
0x00007ff8e0d60000 - 0x00007ff8e0f44000 	C:\Windows\SYSTEM32\DBGHELP.DLL
0x00007ff8c2e70000 - 0x00007ff8c2ea4000 	C:\Windows\SYSTEM32\dbgcore.DLL
0x00007ff8e36a0000 - 0x00007ff8e3722000 	C:\Windows\System32\bcryptPrimitives.dll
0x00007ff8dc6a0000 - 0x00007ff8dc6be000 	C:\Users\Client\.jdks\openjdk-23.0.1\bin\java.dll
0x00007ff8e3b40000 - 0x00007ff8e3c6b000 	C:\Windows\System32\ole32.dll
0x00007ff8e3dc0000 - 0x00007ff8e4115000 	C:\Windows\System32\combase.dll
0x00007ff8e4340000 - 0x00007ff8e4aad000 	C:\Windows\System32\SHELL32.dll
0x00007ff8e0f70000 - 0x00007ff8e1714000 	C:\Windows\SYSTEM32\windows.storage.dll
0x00007ff8e2940000 - 0x00007ff8e296f000 	C:\Windows\SYSTEM32\Wldp.dll
0x00007ff8e4f30000 - 0x00007ff8e4ffd000 	C:\Windows\System32\OLEAUT32.dll
0x00007ff8e5650000 - 0x00007ff8e56fd000 	C:\Windows\System32\SHCORE.dll
0x00007ff8e3890000 - 0x00007ff8e38e5000 	C:\Windows\System32\shlwapi.dll
0x00007ff8e2e40000 - 0x00007ff8e2e64000 	C:\Windows\SYSTEM32\profapi.dll
0x00007ff8c07f0000 - 0x00007ff8c08c7000 	C:\Users\Client\.jdks\openjdk-23.0.1\bin\jsvml.dll
0x00007ff8dc670000 - 0x00007ff8dc680000 	C:\Users\Client\.jdks\openjdk-23.0.1\bin\net.dll
0x00007ff8e26a0000 - 0x00007ff8e270c000 	C:\Windows\system32\mswsock.dll
0x00007ff8dc650000 - 0x00007ff8dc666000 	C:\Users\Client\.jdks\openjdk-23.0.1\bin\nio.dll
0x00007ff8dc680000 - 0x00007ff8dc697000 	C:\Users\Client\.jdks\openjdk-23.0.1\bin\zip.dll
0x00007ff8dc640000 - 0x00007ff8dc650000 	C:\Users\Client\.jdks\openjdk-23.0.1\bin\verify.dll
0x00007ff8db180000 - 0x00007ff8db1fe000 	C:\Users\Client\AppData\Local\Temp\lwjgl_Client\3.3.6+1\x64\lwjgl.dll
0x00007ff8c0260000 - 0x00007ff8c02e9000 	C:\Users\Client\AppData\Local\Temp\lwjgl_Client\3.3.6+1\x64\glfw.dll
0x00007ff8c04b0000 - 0x00007ff8c04f5000 	C:\Windows\SYSTEM32\dinput8.dll
0x00007ff8de990000 - 0x00007ff8de9a1000 	C:\Windows\SYSTEM32\xinput1_4.dll
0x00007ff8e34b0000 - 0x00007ff8e34fe000 	C:\Windows\System32\cfgmgr32.dll
0x00007ff8e2ca0000 - 0x00007ff8e2cd3000 	C:\Windows\SYSTEM32\DEVOBJ.dll
0x00007ff8e06c0000 - 0x00007ff8e06ef000 	C:\Windows\SYSTEM32\dwmapi.dll
0x00007ff8d6a10000 - 0x00007ff8d6b62000 	C:\Windows\SYSTEM32\inputhost.dll
0x00007ff8ddd90000 - 0x00007ff8dde82000 	C:\Windows\SYSTEM32\CoreMessaging.dll
0x00007ff8df6e0000 - 0x00007ff8df837000 	C:\Windows\SYSTEM32\wintypes.dll
0x00007ff8dfd40000 - 0x00007ff8dfe36000 	C:\Windows\SYSTEM32\PROPSYS.dll
0x00007ff8dd9e0000 - 0x00007ff8ddd3b000 	C:\Windows\SYSTEM32\CoreUIComponents.dll
0x00007ff8e21a0000 - 0x00007ff8e21d3000 	C:\Windows\SYSTEM32\ntmarta.dll
0x00007ff8e04e0000 - 0x00007ff8e057e000 	C:\Windows\system32\uxtheme.dll
0x00007ff8e38f0000 - 0x00007ff8e3a05000 	C:\Windows\System32\MSCTF.dll
0x00007ff8b8810000 - 0x00007ff8b8938000 	C:\Windows\SYSTEM32\opengl32.dll
0x00007ff8b87a0000 - 0x00007ff8b87cc000 	C:\Windows\SYSTEM32\GLU32.dll
0x00007ff8e3ce0000 - 0x00007ff8e3d89000 	C:\Windows\System32\clbcatq.dll
0x00007ff87ca10000 - 0x00007ff87d926000 	C:\Windows\System32\DriverStore\FileRepository\iigd_dch.inf_amd64_96bd31a096a4a6ff\ig9icd64.dll
0x00007ff8e17a0000 - 0x00007ff8e1896000 	C:\Windows\system32\dxgi.dll
0x00007ff8d8500000 - 0x00007ff8d853b000 	C:\Windows\SYSTEM32\dxcore.dll
0x00007ff8d3310000 - 0x00007ff8d574d000 	C:\Windows\System32\DriverStore\FileRepository\iigd_dch.inf_amd64_96bd31a096a4a6ff\igc64.dll
0x00007ff8d6860000 - 0x00007ff8d6a03000 	C:\Windows\System32\DriverStore\FileRepository\iigd_dch.inf_amd64_96bd31a096a4a6ff\igdgmm64.dll
0x00007ff8d6b70000 - 0x00007ff8d6c69000 	C:\Windows\SYSTEM32\textinputframework.dll
0x00007ff8c0200000 - 0x00007ff8c025d000 	C:\Users\Client\AppData\Local\Temp\lwjgl_Client\3.3.6+1\x64\lwjgl_opengl.dll
0x00007ff8be400000 - 0x00007ff8be499000 	C:\Users\Client\AppData\Local\Temp\lwjgl_Client\3.3.6+1\x64\lwjgl_stb.dll

dbghelp: loaded successfully - version: 4.0.5 - missing functions: none
symbol engine: initialized successfully - sym options: 0x614 - pdb path: .;C:\Users\Client\.jdks\openjdk-23.0.1\bin;C:\Windows\SYSTEM32;C:\Windows\WinSxS\amd64_microsoft.windows.common-controls_6595b64144ccf1df_6.0.19041.4355_none_60b8b9eb71f62e16;C:\Users\Client\.jdks\openjdk-23.0.1\bin\server;C:\Users\Client\AppData\Local\Temp\lwjgl_Client\3.3.6+1\x64;C:\Windows\System32\DriverStore\FileRepository\iigd_dch.inf_amd64_96bd31a096a4a6ff

VM Arguments:
jvm_args: -Dfile.encoding=UTF-8 -Duser.country=US -Duser.language=en -Duser.variant 
java_command: Main
java_class_path (initial): C:\Users\Client\Documents\GitHub\MyCraft\build\classes\java\test;C:\Users\Client\Documents\GitHub\MyCraft\build\resources\test;C:\Users\Client\Documents\GitHub\MyCraft\build\classes\java\main;C:\Users\Client\Documents\GitHub\MyCraft\build\resources\main;C:\Users\Client\.gradle\caches\modules-2\files-2.1\org.lwjgl\lwjgl-egl\3.3.6\6842d0164e94dda0fb5ec1d55b67e69df7643f28\lwjgl-egl-3.3.6.jar;C:\Users\Client\.gradle\caches\modules-2\files-2.1\org.lwjgl\lwjgl-glfw\3.3.6\7119f7d0eeb1e5502ff0ca71d2b4d47317da015\lwjgl-glfw-3.3.6.jar;C:\Users\Client\.gradle\caches\modules-2\files-2.1\org.lwjgl\lwjgl-glfw\3.3.6\99ef08056feb9627f90425a4d2a22cd9fae8e39b\lwjgl-glfw-3.3.6-natives-windows.jar;C:\Users\Client\.gradle\caches\modules-2\files-2.1\org.lwjgl\lwjgl-openal\3.3.6\ad313317ff399fd2a7f4dd74716a68cf3976c6ad\lwjgl-openal-3.3.6.jar;C:\Users\Client\.gradle\caches\modules-2\files-2.1\org.lwjgl\lwjgl-openal\3.3.6\9c2b9b660e085bb0b47a4453dc0e26f24a5475e4\lwjgl-openal-3.3.6-natives-windows.jar;C:\Users\Client\.gradle\caches\modules-2\files-2.1\org.lwjgl\lwjgl-opengl\3.3.6\ac2532612a4df374e9a9282bcf8ce2573018ebbb\lwjgl-opengl-3.3.6.jar;C:\Users\Client\.gradle\caches\modules-2\files-2.1\org.lwjgl\lwjgl-opengl\3.3.6\18dc639ebc94aa5202c2157f7490d28997b697c5\lwjgl-opengl-3.3.6-natives-windows.jar;C:\Users\Client\.gradle\caches\modules-2\files-2.1\org.lwjgl\lwjgl-opengles\3.3.6\438cffbadd2721056c0ec31fdee1f21a25009207\lwjgl-opengles-3.3.6.jar;C:\Users\Client\.gradle\caches\modules-2\files-2.1\org.lwjgl\lwjgl-stb\3.3.6\e2d3739dcfe7b672b626ded66d94f6587083306e\lwjgl-stb-3.3.6.jar;C:\Users\Client\.gradle\caches\modules-2\files-2.1\org.lwjgl\lwjgl-stb\3.3.6\334cf885b39e2db9070c39e70e65efb136435f10\lwjgl-stb-3.3.6-natives-windows.jar;C:\Users\Client\.gradle\caches\modules-2\files-2.1\org.lwjgl\lwjgl\3.3.6\ce7721d30cfaf47feaed10213e0c43eb55c49d68\lwjgl-3.3.6.jar;C:\Users\Client\.gradle\caches\modules-2\files-2.1\org.lwjgl\lwjgl\3.3.6\9a29b6a22fc5184604b8cb434ee5d5ecc4bfcbee\lwjgl-3.3.6-natives-windows.jar;C:\Users\Client\.gradle\caches\modules-2\files-2.1\org.joml\joml-primitives\1.10.0\b3ae3ae0dfee0bf5aef9f7964205cca0f3c6ea07\joml-primitives-1.10.0.jar;C:\Users\Client\.gradle\caches\modules-2\files-2.1\org.joml\joml\1.10.7\f8c3f2e7db281bde099342dd36133de4bbba390c\joml-1.10.7.jar;C:\Users\Client\.gradle\caches\modules-2\files-2.1\org.jetbrains.kotlin\kotlin-stdlib-jdk8\1.8.20\73576ddf378c5b4f1f6b449fe6b119b8183fc078\kotlin-stdlib-jdk8-1.8.20.jar;C:\Users\Client\.gradle\caches\modules-2\files-2.1\org.jetbrains.kotlin\kotlin-stdlib-jdk7\1.8.20\3aa51faf20aae8b31e1a4bc54f8370673d7b7df4\kotlin-stdlib-jdk7-1.8.20.jar;C:\Users\Client\.gradle\caches\modules-2\files-2.1\org.jetbrains.kotlin\kotlin-stdlib\1.8.20\e72fc5e03ec6c064c678a6bd0d955c88d55b0c4a\kotlin-stdlib-1.8.20.jar;C:\Users\Client\.gradle\caches\modules-2\files-2.1\org.jetbrains.kotlin\kotlin-stdlib-common\1.8.20\5eddaaf234c8c49d03eebeb6a14feb7f90faca71\kotlin-stdlib-common-1.8.20.jar;C:\Users\Client\.gradle\caches\modules-2\files-2.1\org.jetbrains\annotations\13.0\919f0dfe192fb4e063e7dacadee7f8bb9a2672a9\annotations-13.0.jar
Launcher Type: SUN_STANDARD

[Global flags]
     intx CICompilerCount                          = 3                                         {product} {ergonomic}
     uint ConcGCThreads                            = 1                                         {product} {ergonomic}
     uint G1ConcRefinementThreads                  = 4                                         {product} {ergonomic}
   size_t G1HeapRegionSize                         = 1048576                                   {product} {ergonomic}
   size_t InitialHeapSize                          = 125829120                                 {product} {ergonomic}
   size_t MarkStackSize                            = 4194304                                   {product} {ergonomic}
   size_t MarkStackSizeMax                         = 536870912                                 {product} {ergonomic}
   size_t MaxHeapSize                              = 1990197248                                {product} {ergonomic}
   size_t MaxNewSize                               = 1193279488                                {product} {ergonomic}
   size_t MinHeapDeltaBytes                        = 1048576                                   {product} {ergonomic}
   size_t MinHeapSize                              = 8388608                                   {product} {ergonomic}
    uintx NonNMethodCodeHeapSize                   = 5832704                                {pd product} {ergonomic}
    uintx NonProfiledCodeHeapSize                  = 122945536                              {pd product} {ergonomic}
    uintx ProfiledCodeHeapSize                     = 122880000                              {pd product} {ergonomic}
    uintx ReservedCodeCacheSize                    = 251658240                              {pd product} {ergonomic}
     bool SegmentedCodeCache                       = true                                      {product} {ergonomic}
   size_t SoftMaxHeapSize                          = 1990197248                             {manageable} {ergonomic}
     bool UseCompressedOops                        = true                           {product lp64_product} {ergonomic}
     bool UseG1GC                                  = true                                      {product} {ergonomic}
     bool UseLargePagesIndividualAllocation        = false                                  {pd product} {ergonomic}

Logging:
Log output configuration:
 #0: stdout all=warning uptime,level,tags foldmultilines=false
 #1: stderr all=off uptime,level,tags foldmultilines=false

Environment Variables:
PATH=C:\Program Files\ImageMagick-7.1.1-Q16;C:\Program Files\Common Files\Oracle\Java\javapath;C:\Program Files (x86)\Common Files\Oracle\Java\java8path;C:\Program Files (x86)\Common Files\Oracle\Java\javapath;C:\Users\Client\AppData\Roaming\Python\Python313\site-packages\SCons\;C:\Program Files\dotnet\;C:\Program Files\Git\cmd;C:\Program Files\CMake\bin;C:\Program Files\Microsoft Visual Studio\2022\Community\VC\Tools\Llvm\bin\clang-cl.exe;C:\Program Files (x86)\Windows Kits\10\bin\10.0.22621.0\x64;C:\Program Files\Microsoft Visual Studio\2022\Community\VC\Tools\Llvm\bin;C:\Program Files\Microsoft Visual Studio\2022\Community\Common7\Tools;C:\Program Files\Microsoft Visual Studio\2022\Community\Common7\IDE\CommonExtensions\Microsoft\CMake\CMake\bin;C:\Program Files\Microsoft Visual Studio\2022\Community\VC\Tools\MSVC\14.42.34433\bin\Hostx64\x64;C:\Program Files\Microsoft SQL Server\150\Tools\Binn\;C:\Program Files\nodejs\;C:\Program Files\Microsoft SQL Server\Client SDK\ODBC\170\Tools\Binn\;C:\Program Files (x86)\Windows Kits\10\Windows Performance Toolkit\;C:\program files\microsoft visual studio\2022\community\common7\ide\commonextensions\microsoft\cmake\Ninja\;C:\apache-ant\bin;C:\Windows\System32\;C:\Users\Client\AppData\Local\Programs\Python\Python313\Scripts\;C:\Users\Client\AppData\Local\Programs\Python\Python313\;C:\Users\Client\AppData\Roaming\Python\Python313\site-packages\;C:\Users\Client\AppData\Local\Programs\Python\Launcher\;C:\Users\Client\scoop\shims\;C:\Users\Client\AppData\Local\Microsoft\WindowsApps;C:\Users\Client\AppData\Local\GitHubDesktop\bin;C:\Users\Client\.dotnet\tools;C:\Program Files\JetBrains\IntelliJ IDEA 2024.3.2.2\bin;C:\Users\Client\AppData\Roaming\Python\Python313\site-packages\SCons\Script\;C:\Users\Client\AppData\Roaming\npm;C:\Users\Client\ant-ivy\;C:\Users\Client\AppData\Local\Programs\Microsoft VS Code\bin
USERNAME=Client
OS=Windows_NT
PROCESSOR_IDENTIFIER=Intel64 Family 6 Model 78 Stepping 3, GenuineIntel
TMP=C:\Users\Client\AppData\Local\Temp
TEMP=C:\Users\Client\AppData\Local\Temp




Periodic native trim disabled

---------------  S Y S T E M  ---------------

OS:
 Windows 10 , 64 bit Build 19041 (10.0.19041.5438)
OS uptime: 1 days 2:22 hours

CPU: total 4 (initial active 4) (2 cores per cpu, 2 threads per core) family 6 model 78 stepping 3 microcode 0xec, cx8, cmov, fxsr, ht, mmx, 3dnowpref, sse, sse2, sse3, ssse3, sse4.1, sse4.2, popcnt, lzcnt, tsc, tscinvbit, avx, avx2, aes, erms, clmul, bmi1, bmi2, rtm, adx, fma, vzeroupper, clflush, clflushopt, rdtscp, f16c
Processor Information for the first 4 processors :
  Max Mhz: 2496, Current Mhz: 2396, Mhz Limit: 2396

Memory: 4k page, system-wide physical 7591M (1007M free)
TotalPageFile size 15183M (AvailPageFile size 3898M)
current process WorkingSet (physical memory assigned to process): 126M, peak: 127M
current process commit charge ("private bytes"): 224M, peak: 225M

vm_info: OpenJDK 64-Bit Server VM (23.0.1+11-39) for windows-amd64 JRE (23.0.1+11-39), built on 2024-09-30T07:20:43Z with MS VC++ 17.6 (VS2022)

END.
