#
# A fatal error has been detected by the Java Runtime Environment:
#
#  EXCEPTION_ACCESS_VIOLATION (0xc0000005) at pc=0x00007ff87208ed51, pid=11272, tid=8760
#
# JRE version: OpenJDK Runtime Environment (23.0.1+11) (build 23.0.1+11-39)
# Java VM: OpenJDK 64-Bit Server VM (23.0.1+11-39, mixed mode, sharing, tiered, compressed oops, compressed class ptrs, g1 gc, windows-amd64)
# Problematic frame:
# C  [ntdll.dll+0x1ed51]
[error occurred during error reporting (printing problematic frame), id 0xc0000005, EXCEPTION_ACCESS_VIOLATION (0xc0000005) at pc=0x00007ff87209d7bd]
# No core dump will be written. Minidumps are not enabled by default on client versions of Windows
#
# If you would like to submit a bug report, please visit:
#   https://bugreport.java.com/bugreport/crash.jsp
#

---------------  S U M M A R Y ------------

Command Line: -Dfile.encoding=UTF-8 -Duser.country=US -Duser.language=en -Duser.variant net.EntryPoint

Host: Intel(R) Core(TM) i5-6300U CPU @ 2.40GHz, 4 cores, 7G,  Windows 10 , 64 bit Build 19041 (10.0.19041.5438)
Time: Sat Mar  1 18:08:44 2025 W. Central Africa Standard Time elapsed time: 8.911447 seconds (0d 0h 0m 8s)

---------------  T H R E A D  ---------------

Current thread (0x00000218aa3cd440):  JavaThread "C2 CompilerThread0" daemon [_thread_in_native, id=8760, stack(0x0000009d5f900000,0x0000009d5fa00000) (1024K)]


Current CompileTask:
C2:8911 1756       4       net.GameLayer.ChunkGen::AddChunkSurface (147 bytes)

Stack: [0x0000009d5f900000,0x0000009d5fa00000],  sp=0x0000009d5f9fbbe0,  free space=1006k
Native frames: (J=compiled Java code, j=interpreted, Vv=VM code, C=native code)
C  [ntdll.dll+0x1ed51]
[error occurred during error reporting (printing native stack (with source info)), id 0xc0000005, EXCEPTION_ACCESS_VIOLATION (0xc0000005) at pc=0x00007ff87209d7bd]

Retrying call stack printing without source information...
Native frames: (J=compiled Java code, j=interpreted, Vv=VM code, C=native code)
C  [ntdll.dll+0x1ed51]
[error occurred during error reporting (retry printing native stack (no source info)), id 0xc0000005, EXCEPTION_ACCESS_VIOLATION (0xc0000005) at pc=0x00007ff87209d7bd]

siginfo: EXCEPTION_ACCESS_VIOLATION (0xc0000005), reading address 0xfffffffffffffff8


Registers:
RAX=0x00000000000007ff, RBX=0x0000000000000000, RCX=0x0000000000002807, RDX=0x00000000000000f8
RSP=0x0000009d5f9fbbe0, RBP=0x0000009d5f9fbc40, RSI=0x000002188bf60150, RDI=0x0000000000000000
R8 =0xfffffffffffffff0, R9 =0x00000000000003ff, R10=0x0000000000000310, R11=0x0000009d5f9fbd00
R12=0x000000000000037f, R13=0x0000000000003006, R14=0x000002188bf6c900, R15=0x000002188bf60000
RIP=0x00007ff87208ed51, EFLAGS=0x0000000000010202


Register to memory mapping:

RAX=0x00000000000007ff is an unknown value
RBX=0x0 is null
RCX=0x0000000000002807 is an unknown value
RDX=0x00000000000000f8 is an unknown value
RSP=0x0000009d5f9fbbe0 is pointing into the stack for thread: 0x00000218aa3cd440
RBP=0x0000009d5f9fbc40 is pointing into the stack for thread: 0x00000218aa3cd440
RSI=