#
# A fatal error has been detected by the Java Runtime Environment:
#
#  EXCEPTION_ACCESS_VIOLATION (0xc0000005) at pc=0x00007ff8e5895bb6, pid=13632, tid=10524
#
# JRE version: OpenJDK Runtime Environment (23.0.1+11) (build 23.0.1+11-39)
# Java VM: OpenJDK 64-Bit Server VM (23.0.1+11-39, mixed mode, sharing, tiered, compressed oops, compressed class ptrs, g1 gc, windows-amd64)
# Problematic frame:
# C  [ntdll.dll+0x25bb6]
#
# No core dump will be written. Minidumps are not enabled by default on client versions of Windows
#
# If you would like to submit a bug report, please visit:
#   https://bugreport.java.com/bugreport/crash.jsp
# The crash happened outside the Java Virtual Machine in native code.
# See problematic frame for where to report the bug.
#

---------------  S U M M A R Y ------------

Command Line: -Dfile.encoding=UTF-8 -Duser.country=US -Duser.language=en -Duser.variant Main

Host: Intel(R) Core(TM) i5-6300U CPU @ 2.40GHz, 4 cores, 7G,  Windows 10 , 64 bit Build 19041 (10.0.19041.5438)
Time: Sun Feb 16 08:44:26 2025 W. Central Africa Standard Time elapsed time: 27.156884 seconds (0d 0h 0m 27s)

---------------  T H R E A D  ---------------

Current thread (0x0000021723d112f0):  JavaThread "Reference Handler" daemon [_thread_in_native, id=10524, stack(0x000000bc4e100000,0x000000bc4e200000) (1024K)]

Stack: [0x000000bc4e100000,0x000000bc4e200000],  sp=0x000000bc4e1ff200,  free space=1020k
Native frames: (J=compiled Java code, j=interpreted, Vv=VM code, C=native code)
C  [ntdll.dll+0x25bb6]  (no source info available)
C  [ntdll.dll+0x247b1]  (no source info available)
C  [ucrtbase.dll+0xf05b]  (no source info available)
C  0x000002171786d207  (no source info available)

The last pc belongs to native method entry point (kind = native) (printed below).
Java frames: (J=compiled Java code, j=interpreted, Vv=VM code)
j  jdk.internal.misc.Unsafe.freeMemory0(J)V+0 java.base@23.0.1
j  jdk.internal.misc.Unsafe.freeMemory(J)V+14 java.base@23.0.1
j  java.nio.DirectByteBuffer$Deallocator.run()V+7 java.base@23.0.1
j  jdk.internal.ref.Cleaner.clean()V+12 java.base@23.0.1
j  java.lang.ref.Reference.processPendingReferences()V+54 java.base@23.0.1
j  java.lang.ref.Reference$ReferenceHandler.run()V+8 java.base@23.0.1
v  ~StubRoutines::call_stub 0x0000021717860fcd

siginfo: EXCEPTION_ACCESS_VIOLATION (0xc0000005), reading address 0x0000021771b4a03f


Registers:
RAX=0x0000000000000000, RBX=0x00000217058e0000, RCX=0x00000217058e0000, RDX=0x0000021771b4a040
RSP=0x000000bc4e1ff200, RBP=0x0000000000000000, RSI=0x00000217058e0000, RDI=0x0000000000000000
R8 =0x0000000000000000, R9 =0x0000000000000000, R10=0x000002171786d1d8, R11=0x0000000000000102
R12=0x0000000000000000, R13=0x0000021771b4a040, R14=0x0000021771b4a030, R15=0x0000021723d112f0
RIP=0x00007ff8e5895bb6, EFLAGS=0x0000000000010246


Register to memory mapping:

RAX=0x0 is null
RBX=0x00000217058e0000 points into unknown readable memory: 0x0000000000000000 | 00 00 00 00 00 00 00 00
RCX=0x00000217058e0000 points into unknown readable memory: 0x0000000000000000 | 00 00 00 00 00 00 00 00
RDX=0x0000021771b4a040 is an unknown value
RSP=0x000000bc4e1ff200 is pointing into the stack for thread: 0x0000021723d112f0
RBP=0x0 is null
RSI=0x00000217058e0000 points into unknown readable memory: 0x0000000000000000 | 00 00 00 00 00 00 00 00
RDI=0x0 is null
R8 =0x0 is null
R9 =0x0 is null
R10=0x000002171786d1d8 is at code_begin+1016 in an Interpreter codelet
native method entry point (kind = native)  [0x000002171786cde0, 0x000002171786d938]  2904 bytes
R11=0x0000000000000102 is an unknown value
R12=0x0 is null
R13=0x0000021771b4a040 is an unknown value
R14=0x0000021771b4a030 is an unknown value
R15=0x0000021723d112f0 is a thread

Top of Stack: (sp=0x000000bc4e1ff200)
0x000000bc4e1ff200:   0000000000000000 0000000000000000
0x000000bc4e1ff210:   0000000000000000 0000000000000000
0x000000bc4e1ff220:   0000000000000000 0000000000000000
0x000000bc4e1ff230:   0000021723d112f0 000000bc4e1ff3e8
0x000000bc4e1ff240:   000000bc4e1ff360 0000000000000000
0x000000bc4e1ff250:   000002171038da00 00007ff891773560
0x000000bc4e1ff260:   0000021771b4a040 0000000000000000
0x000000bc4e1ff270:   000002171786889a 00000000000165a0
0x000000bc4e1ff280:   000000bc4e1ff2b8 00007ff891183c49
0x000000bc4e1ff290:   0000021723d112f0 000000bc4e1ff3e8
0x000000bc4e1ff2a0:   0000021724cb8878 0000000000000000
0x000000bc4e1ff2b0:   0000021771b4a040 00007ff8e58947b1
0x000000bc4e1ff2c0:   ffffffffffffffff 00000217058e0000
0x000000bc4e1ff2d0:   000000bc4e1ff3b8 0000000000000000
0x000000bc4e1ff2e0:   0000000000000000 00007ff890d119ec
0x000000bc4e1ff2f0:   0000000000001d3c 00007ff8e35af05b
0x000000bc4e1ff300:   000002172447c1c8 00000217650eea98
0x000000bc4e1ff310:   000002172449b280 0000000000000000
0x000000bc4e1ff320:   000002172447c1c8 000002171786d207
0x000000bc4e1ff330:   0000000000000000 00007ff800000000
0x000000bc4e1ff340:   0000000000000000 00007ff8e58d5887
0x000000bc4e1ff350:   000000bc4e1ff3c8 0000021717868700
0x000000bc4e1ff360:   0000021771b4a040 0000000000000000
0x000000bc4e1ff370:   fffffffffffffff7 0000000000000000
0x000000bc4e1ff380:   0000000000000006 0000021724480fb0
0x000000bc4e1ff390:   0000000000000000 000000008ff004c0
0x000000bc4e1ff3a0:   000002172447c1c8 0000000000000000
0x000000bc4e1ff3b0:   000000bc4e1ff3d8 000000bc4e1ff438
0x000000bc4e1ff3c0:   0000021717868700 0000000000000000
0x000000bc4e1ff3d0:   000002171786a5d7 0000021771b4a040
0x000000bc4e1ff3e0:   0000000000000000 000000008ff00588
0x000000bc4e1ff3f0:   fffffffffffffff7 0000021724cb8fbe 

Instructions: (pc=0x00007ff8e5895bb6)
0x00007ff8e5895ab6:   85 c0 0f 85 13 16 08 00 b9 80 03 fe 7f 40 38 39
0x00007ff8e5895ac6:   0f 84 2f fe ff ff e9 1c 16 08 00 45 33 c0 48 8b
0x00007ff8e5895ad6:   d3 49 8b ce e8 c1 0e fe ff e8 6c ed ff ff 85 c0
0x00007ff8e5895ae6:   0f 85 ab 16 08 00 b9 80 03 fe 7f 40 38 39 0f 84
0x00007ff8e5895af6:   01 fe ff ff e9 b4 16 08 00 41 b8 02 00 00 00 e9
0x00007ff8e5895b06:   60 fc ff ff f7 41 74 00 00 00 01 75 4e f6 41 78
0x00007ff8e5895b16:   01 0f 85 3d 17 08 00 41 f6 c5 0f 0f 84 87 00 00
0x00007ff8e5895b26:   00 45 33 c9 48 89 7c 24 28 4d 8b c5 48 89 7c 24
0x00007ff8e5895b36:   20 48 8b d6 41 8d 49 09 e8 f9 84 0e 00 4d 85 f6
0x00007ff8e5895b46:   0f 84 1b 17 08 00 41 80 7d ff 05 0f 84 41 17 08
0x00007ff8e5895b56:   00 41 38 7e 0f 0f 8c a6 18 08 00 8b d5 4d 8b cd
0x00007ff8e5895b66:   83 ca 02 4d 8b c6 48 8b ce e8 8c 00 00 00 44 0f
0x00007ff8e5895b76:   b6 f8 84 c0 0f 84 9b fd ff ff 48 8b 84 24 e0 00
0x00007ff8e5895b86:   00 00 48 85 c0 74 03 66 89 38 4d 85 e4 74 04 49
0x00007ff8e5895b96:   89 3c 24 48 8b ce e8 7f ec ff ff 85 c0 0f 84 72
0x00007ff8e5895ba6:   fd ff ff e9 aa 1d 08 00 4c 8d 72 f0 41 0f 0d 0e
0x00007ff8e5895bb6:   41 80 7e 0f 05 75 0c 41 0f b6 46 0e 48 c1 e0 04
0x00007ff8e5895bc6:   4c 2b f0 41 f6 46 0f 3f 0f 85 6f ff ff ff 45 33
0x00007ff8e5895bd6:   c9 48 89 7c 24 28 4d 8b c6 48 89 7c 24 20 48 8b
0x00007ff8e5895be6:   d6 41 8d 49 08 e8 4c 84 0e 00 4c 8b f7 e9 4b ff
0x00007ff8e5895bf6:   ff ff cc cc cc cc cc cc cc cc 48 89 5c 24 10 48
0x00007ff8e5895c06:   89 74 24 20 4c 89 44 24 18 48 89 4c 24 08 57 41
0x00007ff8e5895c16:   54 41 55 41 56 41 57 48 81 ec 80 01 00 00 4d 8b
0x00007ff8e5895c26:   f8 8b fa 48 8b d9 41 b4 01 44 88 64 24 41 c6 44
0x00007ff8e5895c36:   24 40 00 c7 44 24 74 01 00 00 00 45 33 ed 4c 89
0x00007ff8e5895c46:   ac 24 88 00 00 00 66 44 89 6c 24 44 49 3b c8 75
0x00007ff8e5895c56:   39 4c 89 6c 24 28 4c 89 6c 24 20 45 33 c9 48 8b
0x00007ff8e5895c66:   d1 41 8d 4d 09 e8 cc 83 0e 00 33 c0 4c 8d 9c 24
0x00007ff8e5895c76:   80 01 00 00 49 8b 5b 38 49 8b 73 48 49 8b e3 41
0x00007ff8e5895c86:   5f 41 5e 41 5d 41 5c 5f c3 cc 0b 79 74 f7 c7 60
0x00007ff8e5895c96:   0f 01 7d 74 28 45 32 e4 44 88 64 24 41 41 b8 04
0x00007ff8e5895ca6:   00 00 00 f7 c7 00 00 00 61 74 18 0f ba e7 1c 72 


Stack slot to memory mapping:

stack at sp + 0 slots: 0x0 is null
stack at sp + 1 slots: 0x0 is null
stack at sp + 2 slots: 0x0 is null
stack at sp + 3 slots: 0x0 is null
stack at sp + 4 slots: 0x0 is null
stack at sp + 5 slots: 0x0 is null
stack at sp + 6 slots: 0x0000021723d112f0 is a thread
stack at sp + 7 slots: 0x000000bc4e1ff3e8 is pointing into the stack for thread: 0x0000021723d112f0

Lock stack of current Java thread (top to bottom):

native method entry point (kind = native)  [0x000002171786cde0, 0x000002171786d938]  2904 bytes
[MachCode]
  0x000002171786cde0: 488b 4b08 | 0fb7 492e | 584c 8d74 | ccf8 6800 | 0000 0068 | 0000 0000 | 5055 488b | ec41 5568 
  0x000002171786ce00: 0000 0000 | 4c8b 6b08 | 4d8d 6d38 | 5348 8b53 | 0848 8b52 | 0848 8b52 | 1848 8b52 | 7048 8b12 
  0x000002171786ce20: 5248 8b53 | 1048 85d2 | 0f84 0700 | 0000 4881 | c210 0100 | 0052 488b | 5308 488b | 5208 488b 
  0x000002171786ce40: 5210 5249 | 8bc6 482b | c548 c1e8 | 0350 6800 | 0000 0068 | f7ff ffff | 41c6 8771 | 0400 0001 
  0x000002171786ce60: 488b 4310 | 4885 c074 | 208b 88cc | 0000 0083 | c102 8988 | cc00 0000 | 2388 e000 | 0000 0f84 
  0x000002171786ce80: 000a 0000 | e9cf 0000 | 0048 8b43 | 1848 85c0 | 0f85 b000 | 0000 e805 | 0000 00e9 | 9900 0000 
  0x000002171786cea0: 488b d348 | 8d44 2408 | 4c89 6dc0 | 498b cfc5 | f877 4989 | afb0 0300 | 0049 8987 | a003 0000 
  0x000002171786cec0: 4883 ec20 | 40f6 c40f | 0f84 1900 | 0000 4883 | ec08 48b8 | 9026 ec90 | f87f 0000 | ffd0 4883 
  0x000002171786cee0: c408 e90c | 0000 0048 | b890 26ec | 90f8 7f00 | 00ff d048 | 83c4 2049 | c787 a003 | 0000 0000 
  0x000002171786cf00: 0000 49c7 | 87b0 0300 | 0000 0000 | 0049 c787 | a803 0000 | 0000 0000 | c5f8 7749 | 837f 0800 
  0x000002171786cf20: 0f84 0500 | 0000 e995 | 3fff ff4c | 8b6d c04c | 8b75 c84e | 8d74 f500 | c348 8b43 | 1848 85c0 
  0x000002171786cf40: 0f84 1200 | 0000 8b48 | 0883 c102 | 8948 0823 | 481c 0f84 | 2c09 0000 | 493b a7e8 | 0400 000f 
  0x000002171786cf60: 8748 0000 | 0089 8424 | 00f0 ffff | 8984 2400 | e0ff ff89 | 8424 00d0 | ffff 8984 | 2400 c0ff 
  0x000002171786cf80: ff89 8424 | 00b0 ffff | 8984 2400 | a0ff ff89 | 8424 0090 | ffff 8984 | 2400 80ff | ff49 3ba7 
  0x000002171786cfa0: e004 0000 | 7607 4989 | a7e8 0400 | 0041 c687 | 7104 0000 | 0049 ba41 | ad73 91f8 | 7f00 0041 
  0x000002171786cfc0: 803a 000f | 843e 0000 | 0048 8b55 | e849 8bcf | 4883 ec20 | 40f6 c40f | 0f84 1900 | 0000 4883 
  0x000002171786cfe0: ec08 48b8 | 10ee 2391 | f87f 0000 | ffd0 4883 | c408 e90c | 0000 0048 | b810 ee23 | 91f8 7f00 
  0x000002171786d000: 00ff d048 | 83c4 2048 | 8b5d e84c | 8b5b 0845 | 0fb7 5b2e | 41c1 e303 | 492b e348 | 83ec 2048 
  0x000002171786d020: 83e4 f04c | 8b5b 604d | 85db 0f85 | ab00 0000 | e805 0000 | 00e9 9900 | 0000 488b | d348 8d44 
  0x000002171786d040: 2408 4c89 | 6dc0 498b | cfc5 f877 | 4989 afb0 | 0300 0049 | 8987 a003 | 0000 4883 | ec20 40f6 
  0x000002171786d060: c40f 0f84 | 1900 0000 | 4883 ec08 | 48b8 f04d | ec90 f87f | 0000 ffd0 | 4883 c408 | e90c 0000 
  0x000002171786d080: 0048 b8f0 | 4dec 90f8 | 7f00 00ff | d048 83c4 | 2049 c787 | a003 0000 | 0000 0000 | 49c7 87b0 
  0x000002171786d0a0: 0300 0000 | 0000 0049 | c787 a803 | 0000 0000 | 0000 c5f8 | 7749 837f | 0800 0f84 | 0500 0000 
  0x000002171786d0c0: e9fb 3dff | ff4c 8b6d | c04c 8b75 | c84e 8d74 | f500 c348 | 8b5d e84c | 8b5b 6041 | ffd3 488b 
  0x000002171786d0e0: 5de8 4889 | 4518 448b | 5b28 41f6 | c308 0f84 | 1b00 0000 | 4c8b 5b08 | 4d8b 5b08 | 4d8b 5b18 
  0x000002171786d100: 4d8b 5b70 | 4d8b 1b4c | 895d 1048 | 8d55 1048 | 8b43 5849 | ba60 3c24 | 91f8 7f00 | 0049 3bc2 
  0x000002171786d120: 0f85 ab00 | 0000 e805 | 0000 00e9 | 9900 0000 | 488b d348 | 8d44 2408 | 4c89 6dc0 | 498b cfc5 
  0x000002171786d140: f877 4989 | afb0 0300 | 0049 8987 | a003 0000 | 4883 ec20 | 40f6 c40f | 0f84 1900 | 0000 4883 
  0x000002171786d160: ec08 48b8 | f04d ec90 | f87f 0000 | ffd0 4883 | c408 e90c | 0000 0048 | b8f0 4dec | 90f8 7f00 
  0x000002171786d180: 00ff d048 | 83c4 2049 | c787 a003 | 0000 0000 | 0000 49c7 | 87b0 0300 | 0000 0000 | 0049 c787 
  0x000002171786d1a0: a803 0000 | 0000 0000 | c5f8 7749 | 837f 0800 | 0f84 0500 | 0000 e905 | 3dff ff4c | 8b6d c04c 
  0x000002171786d1c0: 8b75 c84e | 8d74 f500 | c348 8b5d | e848 8b43 | 5849 8d8f | c003 0000 | c5f8 7749 | 89af b003 
  0x000002171786d1e0: 0000 49ba | d8d1 8617 | 1702 0000 | 4d89 97a8 | 0300 0049 | 89a7 a003 | 0000 41c7 | 8744 0400 
  0x000002171786d200: 0004 0000 | 00ff d0c5 | f877 4883 | ec10 c5fb | 1104 2448 | 83ec 1048 | 8904 2448 | c744 2408 
  0x000002171786d220: 0000 0000 | 41c7 8744 | 0400 0005 | 0000 00f0 | 8344 24c0 | 0049 3baf | 4804 0000 | 0f87 0e00 
  0x000002171786d240: 0000 4183 | bf40 0400 | 0000 0f84 | 2000 0000 | 498b cf4c | 8be4 4883 | ec20 4883 | e4f0 48b8 
  0x000002171786d260: 90a9 ed90 | f87f 0000 | ffd0 498b | e44d 33e4 | 41c7 8744 | 0400 0008 | 0000 0049 | c787 a003 
  0x000002171786d280: 0000 0000 | 0000 49c7 | 87b0 0300 | 0000 0000 | 0049 c787 | a803 0000 | 0000 0000 | c5f8 774d 
  0x000002171786d2a0: 8b9f 3004 | 0000 41c7 | 8300 0100 | 0000 0000 | 0049 bbda | a586 1717 | 0200 004c | 3b5d 180f 
  0x000002171786d2c0: 8524 0200 | 0048 8b04 | 2448 83c4 | 1048 85c0 | 0f84 fe01 | 0000 a803 | 0f85 0800 | 0000 488b 
  0x000002171786d2e0: 00e9 ee01 | 0000 a801 | 0f85 0900 | 0000 488b | 40fe e9dd | 0100 0048 | 8b40 ff41 | 807f 3800 
  0x000002171786d300: 0f84 ce01 | 0000 4883 | f800 0f84 | c401 0000 | 4d8b 5f28 | 4983 fb00 | 0f84 1400 | 0000 4983 
  0x000002171786d320: eb08 4d89 | 5f28 4d03 | 5f30 4989 | 03e9 a201 | 0000 4881 | ecd0 0000 | 0048 8904 | 2448 894c 
  0x000002171786d340: 2408 4889 | 5424 1048 | 8974 2418 | 4889 7c24 | 204c 8944 | 2428 4c89 | 4c24 304c | 8954 2438 
  0x000002171786d360: 4c89 5c24 | 40c5 fb11 | 4424 50c5 | fb11 4c24 | 58c5 fb11 | 5424 60c5 | fb11 5c24 | 68c5 fb11 
  0x000002171786d380: 6424 70c5 | fb11 6c24 | 78c5 fb11 | b424 8000 | 0000 c5fb | 11bc 2488 | 0000 00c5 | 7b11 8424 
  0x000002171786d3a0: 9000 0000 | c57b 118c | 2498 0000 | 00c5 7b11 | 9424 a000 | 0000 c57b | 119c 24a8 | 0000 00c5 
  0x000002171786d3c0: 7b11 a424 | b000 0000 | c57b 11ac | 24b8 0000 | 00c5 7b11 | b424 c000 | 0000 c57b | 11bc 24c8 
  0x000002171786d3e0: 0000 0049 | 8bd7 488b | c848 83ec | 2040 f6c4 | 0f0f 8419 | 0000 0048 | 83ec 0848 | b8e0 07e1 
  0x000002171786d400: 90f8 7f00 | 00ff d048 | 83c4 08e9 | 0c00 0000 | 48b8 e007 | e190 f87f | 0000 ffd0 | 4883 c420 
  0x000002171786d420: c57b 10bc | 24c8 0000 | 00c5 7b10 | b424 c000 | 0000 c57b | 10ac 24b8 | 0000 00c5 | 7b10 a424 
  0x000002171786d440: b000 0000 | c57b 109c | 24a8 0000 | 00c5 7b10 | 9424 a000 | 0000 c57b | 108c 2498 | 0000 00c5 
  0x000002171786d460: 7b10 8424 | 9000 0000 | c5fb 10bc | 2488 0000 | 00c5 fb10 | b424 8000 | 0000 c5fb | 106c 2478 
  0x000002171786d480: c5fb 1064 | 2470 c5fb | 105c 2468 | c5fb 1054 | 2460 c5fb | 104c 2458 | c5fb 1044 | 2450 4c8b 
  0x000002171786d4a0: 5c24 404c | 8b54 2438 | 4c8b 4c24 | 304c 8b44 | 2428 488b | 7c24 2048 | 8b74 2418 | 488b 5424 
  0x000002171786d4c0: 1048 8b4c | 2408 488b | 0424 4881 | c4d0 0000 | 00c5 f877 | 4889 4510 | 4883 ec10 | 4889 0424 
  0x000002171786d4e0: 48c7 4424 | 0800 0000 | 0041 83bf | c804 0000 | 020f 85bf | 0000 0048 | 81ec 8000 | 0000 4889 
  0x000002171786d500: 4424 7848 | 894c 2470 | 4889 5424 | 6848 895c | 2460 4889 | 6c24 5048 | 8974 2448 | 4889 7c24 
  0x000002171786d520: 404c 8944 | 2438 4c89 | 4c24 304c | 8954 2428 | 4c89 5c24 | 204c 8964 | 2418 4c89 | 6c24 104c 
  0x000002171786d540: 8974 2408 | 4c89 3c24 | 4c8b e448 | 83ec 2048 | 83e4 f048 | b8c0 2224 | 91f8 7f00 | 00ff d049 
  0x000002171786d560: 8be4 4c8b | 3c24 4c8b | 7424 084c | 8b6c 2410 | 4c8b 6424 | 184c 8b5c | 2420 4c8b | 5424 284c 
  0x000002171786d580: 8b4c 2430 | 4c8b 4424 | 3848 8b7c | 2440 488b | 7424 4848 | 8b6c 2450 | 488b 5c24 | 6048 8b54 
  0x000002171786d5a0: 2468 488b | 4c24 7048 | 8b44 2478 | 4881 c480 | 0000 004d | 33e4 488b | 5de8 4c8b | 6b08 4d8d 
  0x000002171786d5c0: 6d38 4983 | 7f08 000f | 84bb 0000 | 00e8 0500 | 0000 e996 | 0000 0048 | 8d44 2408 | 4c89 6dc0 
  0x000002171786d5e0: 498b cfc5 | f877 4989 | afb0 0300 | 0049 8987 | a003 0000 | 4883 ec20 | 40f6 c40f | 0f84 1900 
  0x000002171786d600: 0000 4883 | ec08 48b8 | 006c ec90 | f87f 0000 | ffd0 4883 | c408 e90c | 0000 0048 | b800 6cec 
  0x000002171786d620: 90f8 7f00 | 00ff d048 | 83c4 2049 | c787 a003 | 0000 0000 | 0000 49c7 | 87b0 0300 | 0000 0000 
  0x000002171786d640: 0049 c787 | a803 0000 | 0000 0000 | c5f8 7749 | 837f 0800 | 0f84 0500 | 0000 e961 | 38ff ff4c 
  0x000002171786d660: 8b6d c04c | 8b75 c84e | 8d74 f500 | c348 b930 | d54b 91f8 | 7f00 0048 | 83e4 f048 | b870 4a12 
  0x000002171786d680: 91f8 7f00 | 00ff d0f4 | 448b 5b28 | 41f6 c320 | 0f84 7901 | 0000 488d | 55a8 4c8b | 5a08 4d85 
  0x000002171786d6a0: db0f 85bb | 0000 00e8 | 0500 0000 | e996 0000 | 0048 8d44 | 2408 4c89 | 6dc0 498b | cfc5 f877 
  0x000002171786d6c0: 4989 afb0 | 0300 0049 | 8987 a003 | 0000 4883 | ec20 40f6 | c40f 0f84 | 1900 0000 | 4883 ec08 
  0x000002171786d6e0: 48b8 306b | ec90 f87f | 0000 ffd0 | 4883 c408 | e90c 0000 | 0048 b830 | 6bec 90f8 | 7f00 00ff 
  0x000002171786d700: d048 83c4 | 2049 c787 | a003 0000 | 0000 0000 | 49c7 87b0 | 0300 0000 | 0000 0049 | c787 a803 
  0x000002171786d720: 0000 0000 | 0000 c5f8 | 7749 837f | 0800 0f84 | 0500 0000 | e987 37ff | ff4c 8b6d | c04c 8b75 
  0x000002171786d740: c84e 8d74 | f500 c348 | b930 d54b | 91f8 7f00 | 0048 83e4 | f048 b870 | 4a12 91f8 | 7f00 00ff 
  0x000002171786d760: d0f4 4c89 | 6dc0 4c8b | 4a08 48c7 | 4208 0000 | 0000 458b | 8718 0600 | 004f 3b4c | 07f8 0f85 
  0x000002171786d780: 4900 0000 | 4183 af18 | 0600 0008 | 4f3b 4c07 | f00f 842a | 0000 0049 | 8b01 a802 | 0f85 1200 
  0x000002171786d7a0: 0000 4c8b | c049 83c8 | 01f0 4d0f | b101 0f84 | 0d00 0000 | 4183 8718 | 0600 0008 | e90c 0000 
  0x000002171786d7c0: 0049 ff8f | 5005 0000 | e93e 0000 | 004c 894a | 0848 8bca | 4883 ec20 | 40f6 c40f | 0f84 1900 
  0x000002171786d7e0: 0000 4883 | ec08 48b8 | f03d ec90 | f87f 0000 | ffd0 4883 | c408 e90c | 0000 0048 | b8f0 3dec 
  0x000002171786d800: 90f8 7f00 | 00ff d048 | 83c4 204c | 8b6d c049 | ba41 ad73 | 91f8 7f00 | 0041 803a | 000f 843e 
  0x000002171786d820: 0000 0048 | 8b55 e849 | 8bcf 4883 | ec20 40f6 | c40f 0f84 | 1900 0000 | 4883 ec08 | 48b8 10ee 
  0x000002171786d840: 2391 f87f | 0000 ffd0 | 4883 c408 | e90c 0000 | 0048 b810 | ee23 91f8 | 7f00 00ff | d048 83c4 
  0x000002171786d860: 2048 8b04 | 2448 83c4 | 10c5 fb10 | 0424 4883 | c410 4c8b | 5d18 41ff | d34c 8b5d | f8c9 5f49 
  0x000002171786d880: 8be3 ffe7 | ba00 0000 | 00e8 0500 | 0000 e996 | 0000 0048 | 8d44 2408 | 4c89 6dc0 | 498b cfc5 
  0x000002171786d8a0: f877 4989 | afb0 0300 | 0049 8987 | a003 0000 | 4883 ec20 | 40f6 c40f | 0f84 1900 | 0000 4883 
  0x000002171786d8c0: ec08 48b8 | a031 ec90 | f87f 0000 | ffd0 4883 | c408 e90c | 0000 0048 | b8a0 31ec | 90f8 7f00 
  0x000002171786d8e0: 00ff d048 | 83c4 2049 | c787 a003 | 0000 0000 | 0000 49c7 | 87b0 0300 | 0000 0000 | 0049 c787 
  0x000002171786d900: a803 0000 | 0000 0000 | c5f8 7749 | 837f 0800 | 0f84 0500 | 0000 e9a5 | 35ff ff4c | 8b6d c04c 
  0x000002171786d920: 8b75 c84e | 8d74 f500 | c348 8b5d | e8e9 26f6 | ffff 660f | 1f44 0000 
[/MachCode]

---------------  P R O C E S S  ---------------

Threads class SMR info:
_java_thread_list=0x00000217694d8dd0, length=11, elements={
0x0000021705913840, 0x0000021723d112f0, 0x0000021723d12c30, 0x0000021723d17ac0,
0x0000021723d18130, 0x0000021723d18f40, 0x0000021723d21830, 0x0000021723d25eb0,
0x0000021723d28580, 0x00000217690d96f0, 0x00000217690de580
}

Java Threads: ( => current thread )
  0x0000021705913840 JavaThread "main"                              [_thread_blocked, id=11348, stack(0x000000bc4d900000,0x000000bc4da00000) (1024K)]
=>0x0000021723d112f0 JavaThread "Reference Handler"          daemon [_thread_in_native, id=10524, stack(0x000000bc4e100000,0x000000bc4e200000) (1024K)]
  0x0000021723d12c30 JavaThread "Finalizer"                  daemon [_thread_blocked, id=12696, stack(0x000000bc4e200000,0x000000bc4e300000) (1024K)]
  0x0000021723d17ac0 JavaThread "Signal Dispatcher"          daemon [_thread_blocked, id=16228, stack(0x000000bc4e300000,0x000000bc4e400000) (1024K)]
  0x0000021723d18130 JavaThread "Attach Listener"            daemon [_thread_blocked, id=4312, stack(0x000000bc4e400000,0x000000bc4e500000) (1024K)]
  0x0000021723d18f40 JavaThread "Service Thread"             daemon [_thread_blocked, id=12864, stack(0x000000bc4e500000,0x000000bc4e600000) (1024K)]
  0x0000021723d21830 JavaThread "Monitor Deflation Thread"   daemon [_thread_blocked, id=6492, stack(0x000000bc4e600000,0x000000bc4e700000) (1024K)]
  0x0000021723d25eb0 JavaThread "C2 CompilerThread0"         daemon [_thread_blocked, id=3016, stack(0x000000bc4e700000,0x000000bc4e800000) (1024K)]
  0x0000021723d28580 JavaThread "C1 CompilerThread0"         daemon [_thread_blocked, id=2852, stack(0x000000bc4e800000,0x000000bc4e900000) (1024K)]
  0x00000217690d96f0 JavaThread "Notification Thread"        daemon [_thread_blocked, id=6308, stack(0x000000bc4e900000,0x000000bc4ea00000) (1024K)]
  0x00000217690de580 JavaThread "Common-Cleaner"             daemon [_thread_blocked, id=6852, stack(0x000000bc4ea00000,0x000000bc4eb00000) (1024K)]
Total: 11

Other Threads:
  0x0000021723cf9e60 VMThread "VM Thread"                           [id=13148, stack(0x000000bc4e000000,0x000000bc4e100000) (1024K)]
  0x0000021723ce4880 WatcherThread "VM Periodic Task Thread"        [id=8860, stack(0x000000bc4df00000,0x000000bc4e000000) (1024K)]
  0x0000021707c47010 WorkerThread "GC Thread#0"                     [id=13564, stack(0x000000bc4da00000,0x000000bc4db00000) (1024K)]
  0x0000021770b6f500 WorkerThread "GC Thread#1"                     [id=12500, stack(0x000000bc4f100000,0x000000bc4f200000) (1024K)]
  0x0000021769a5c6b0 WorkerThread "GC Thread#2"                     [id=5304, stack(0x000000bc4f200000,0x000000bc4f300000) (1024K)]
  0x0000021769acd280 WorkerThread "GC Thread#3"                     [id=10624, stack(0x000000bc4f300000,0x000000bc4f400000) (1024K)]
  0x0000021707c5bab0 ConcurrentGCThread "G1 Main Marker"            [id=14172, stack(0x000000bc4db00000,0x000000bc4dc00000) (1024K)]
  0x0000021707c5cd60 WorkerThread "G1 Conc#0"                       [id=5752, stack(0x000000bc4dc00000,0x000000bc4dd00000) (1024K)]
  0x0000021707cbe4e0 ConcurrentGCThread "G1 Refine#0"               [id=14340, stack(0x000000bc4dd00000,0x000000bc4de00000) (1024K)]
  0x0000021723bba510 ConcurrentGCThread "G1 Service"                [id=13436, stack(0x000000bc4de00000,0x000000bc4df00000) (1024K)]
Total: 10

Threads with active compile tasks:
Total: 0

VM state: not at safepoint (normal execution)

VM Mutex/Monitor currently owned by a thread: None

Heap address: 0x0000000089600000, size: 1898 MB, Compressed Oops mode: 32-bit

CDS archive(s) mapped at: [0x0000021724000000-0x0000021724d70000-0x0000021724d70000), size 14090240, SharedBaseAddress: 0x0000021724000000, ArchiveRelocationMode: 1.
Compressed class space mapped at: 0x0000021725000000-0x0000021765000000, reserved size: 1073741824
Narrow klass base: 0x0000021724000000, Narrow klass shift: 0, Narrow klass range: 0x41000000

GC Precious Log:
 CardTable entry size: 512
 Card Set container configuration: InlinePtr #cards 5 size 8 Array Of Cards #cards 10 size 36 Howl #buckets 4 coarsen threshold 1843 Howl Bitmap #cards 512 size 80 coarsen threshold 460 Card regions per heap region 1 cards per card region 2048
 CPUs: 4 total, 4 available
 Memory: 7591M
 Large Page Support: Disabled
 NUMA Support: Disabled
 Compressed Oops: Enabled (32-bit)
 Heap Region Size: 1M
 Heap Min Capacity: 8M
 Heap Initial Capacity: 120M
 Heap Max Capacity: 1898M
 Pre-touch: Disabled
 Parallel Workers: 4
 Concurrent Workers: 1
 Concurrent Refinement Workers: 4
 Periodic GC: Disabled

Heap:
 garbage-first heap   total reserved 1943552K, committed 27648K, used 7902K [0x0000000089600000, 0x0000000100000000)
  region size 1024K, 0 young (0K), 0 survivors (0K)
 Metaspace       used 6591K, committed 6848K, reserved 1114112K
  class space    used 324K, committed 448K, reserved 1048576K

Heap Regions: E=young(eden), S=young(survivor), O=old, HS=humongous(starts), HC=humongous(continues), CS=collection set, F=free, TAMS=top-at-mark-start, PB=parsable bottom
|   0|0x0000000089600000, 0x0000000089700000, 0x0000000089700000|100%| O|  |TAMS 0x0000000089600000| PB 0x0000000089600000| Untracked |  0
|   1|0x0000000089700000, 0x0000000089800000, 0x0000000089800000|100%| O|  |TAMS 0x0000000089700000| PB 0x0000000089700000| Untracked |  0
|   2|0x0000000089800000, 0x0000000089900000, 0x0000000089900000|100%| O|  |TAMS 0x0000000089800000| PB 0x0000000089800000| Untracked |  0
|   3|0x0000000089900000, 0x0000000089a00000, 0x0000000089a00000|100%| O|  |TAMS 0x0000000089900000| PB 0x0000000089900000| Untracked |  0
|   4|0x0000000089a00000, 0x0000000089af5ae8, 0x0000000089b00000| 95%| O|  |TAMS 0x0000000089a00000| PB 0x0000000089a00000| Untracked |  0
|   5|0x0000000089b00000, 0x0000000089bc2098, 0x0000000089c00000| 75%| O|  |TAMS 0x0000000089b00000| PB 0x0000000089b00000| Untracked |  0
|   6|0x0000000089c00000, 0x0000000089c00000, 0x0000000089d00000|  0%| F|  |TAMS 0x0000000089c00000| PB 0x0000000089c00000| Untracked |  0
|   7|0x0000000089d00000, 0x0000000089d00000, 0x0000000089e00000|  0%| F|  |TAMS 0x0000000089d00000| PB 0x0000000089d00000| Untracked |  0
|   8|0x0000000089e00000, 0x0000000089e00000, 0x0000000089f00000|  0%| F|  |TAMS 0x0000000089e00000| PB 0x0000000089e00000| Untracked |  0
|   9|0x0000000089f00000, 0x0000000089f00000, 0x000000008a000000|  0%| F|  |TAMS 0x0000000089f00000| PB 0x0000000089f00000| Untracked |  0
|  10|0x000000008a000000, 0x000000008a000000, 0x000000008a100000|  0%| F|  |TAMS 0x000000008a000000| PB 0x000000008a000000| Untracked |  0
|  11|0x000000008a100000, 0x000000008a100000, 0x000000008a200000|  0%| F|  |TAMS 0x000000008a100000| PB 0x000000008a100000| Untracked |  0
|  12|0x000000008a200000, 0x000000008a200000, 0x000000008a300000|  0%| F|  |TAMS 0x000000008a200000| PB 0x000000008a200000| Untracked |  0
|  13|0x000000008a300000, 0x000000008a300000, 0x000000008a400000|  0%| F|  |TAMS 0x000000008a300000| PB 0x000000008a300000| Untracked |  0
|  14|0x000000008a400000, 0x000000008a400000, 0x000000008a500000|  0%| F|  |TAMS 0x000000008a400000| PB 0x000000008a400000| Untracked |  0
|  15|0x000000008a500000, 0x000000008a500000, 0x000000008a600000|  0%| F|  |TAMS 0x000000008a500000| PB 0x000000008a500000| Untracked |  0
|  16|0x000000008a600000, 0x000000008a600000, 0x000000008a700000|  0%| F|  |TAMS 0x000000008a600000| PB 0x000000008a600000| Untracked |  0
|  17|0x000000008a700000, 0x000000008a700000, 0x000000008a800000|  0%| F|  |TAMS 0x000000008a700000| PB 0x000000008a700000| Untracked |  0
|  18|0x000000008a800000, 0x000000008a800000, 0x000000008a900000|  0%| F|  |TAMS 0x000000008a800000| PB 0x000000008a800000| Untracked |  0
|  19|0x000000008a900000, 0x000000008a900000, 0x000000008aa00000|  0%| F|  |TAMS 0x000000008a900000| PB 0x000000008a900000| Untracked |  0
|  20|0x000000008aa00000, 0x000000008aa00000, 0x000000008ab00000|  0%| F|  |TAMS 0x000000008aa00000| PB 0x000000008aa00000| Untracked |  0
|  21|0x000000008ab00000, 0x000000008ab00000, 0x000000008ac00000|  0%| F|  |TAMS 0x000000008ab00000| PB 0x000000008ab00000| Untracked |  0
|  22|0x000000008ac00000, 0x000000008ac00000, 0x000000008ad00000|  0%| F|  |TAMS 0x000000008ac00000| PB 0x000000008ac00000| Untracked |  0
|  23|0x000000008ad00000, 0x000000008ad00000, 0x000000008ae00000|  0%| F|  |TAMS 0x000000008ad00000| PB 0x000000008ad00000| Untracked |  0
|  24|0x000000008ae00000, 0x000000008ae00000, 0x000000008af00000|  0%| F|  |TAMS 0x000000008ae00000| PB 0x000000008ae00000| Untracked |  0
| 104|0x000000008fe00000, 0x000000008ff00000, 0x000000008ff00000|100%| O|  |TAMS 0x000000008fe00000| PB 0x000000008fe00000| Untracked |  0
| 105|0x000000008ff00000, 0x0000000090000000, 0x0000000090000000|100%| O|  |TAMS 0x000000008ff00000| PB 0x000000008ff00000| Untracked |  0

Card table byte_map: [0x000002171f6f0000,0x000002171fab0000] _byte_map_base: 0x000002171f2a5000

Marking Bits: (CMBitMap*) 0x0000021707c47720
 Bits: [0x000002171fab0000, 0x0000021721858000)

Polling page: 0x00000217073c0000

Metaspace:

Usage:
  Non-class:      6.12 MB used.
      Class:    324.23 KB used.
       Both:      6.44 MB used.

Virtual space:
  Non-class space:       64.00 MB reserved,       6.25 MB ( 10%) committed,  1 nodes.
      Class space:        1.00 GB reserved,     448.00 KB ( <1%) committed,  1 nodes.
             Both:        1.06 GB reserved,       6.69 MB ( <1%) committed. 

Chunk freelists:
   Non-Class:  7.61 MB
       Class:  15.55 MB
        Both:  23.16 MB

MaxMetaspaceSize: unlimited
CompressedClassSpaceSize: 1.00 GB
Initial GC threshold: 21.00 MB
Current GC threshold: 21.00 MB
CDS: on
 - commit_granule_bytes: 65536.
 - commit_granule_words: 8192.
 - virtual_space_node_default_size: 8388608.
 - enlarge_chunks_in_place: 1.
 - use_allocation_guard: 0.


Internal statistics:

num_allocs_failed_limit: 0.
num_arena_births: 76.
num_arena_deaths: 0.
num_vsnodes_births: 2.
num_vsnodes_deaths: 0.
num_space_committed: 106.
num_space_uncommitted: 0.
num_chunks_returned_to_freelist: 0.
num_chunks_taken_from_freelist: 266.
num_chunk_merges: 0.
num_chunk_splits: 191.
num_chunks_enlarged: 152.
num_inconsistent_stats: 0.

CodeHeap 'non-profiled nmethods': size=120064Kb used=344Kb max_used=344Kb free=119719Kb
 bounds [0x0000021717df0000, 0x0000021718060000, 0x000002171f330000]
CodeHeap 'profiled nmethods': size=120000Kb used=1370Kb max_used=1370Kb free=118630Kb
 bounds [0x0000021710330000, 0x00000217105a0000, 0x0000021717860000]
CodeHeap 'non-nmethods': size=5696Kb used=2184Kb max_used=2211Kb free=3511Kb
 bounds [0x0000021717860000, 0x0000021717ad0000, 0x0000021717df0000]
CodeCache: size=245760Kb, used=3898Kb, max_used=3925Kb, free=241860Kb
 total_blobs=2361, nmethods=1185, adapters=1082, full_count=0
Compilation: enabled, stopped_count=0, restarted_count=0

Compilation events (20 events):
Event: 15.936 Thread 0x0000021723d25eb0 1176       4       GameLayer.Rendering.Shader::getUniform (9 bytes)
Event: 15.944 Thread 0x0000021723d25eb0 nmethod 1176 0x0000021717e42b08 code [0x0000021717e42c80, 0x0000021717e431b8]
Event: 17.367 Thread 0x0000021723d25eb0 1177       4       org.lwjgl.system.MemoryStack::nASCII (20 bytes)
Event: 17.373 Thread 0x0000021723d25eb0 nmethod 1177 0x0000021717e43308 code [0x0000021717e43440, 0x0000021717e43710]
Event: 19.132 Thread 0x0000021723d25eb0 1178       4       java.util.ArrayList$ArrayListSpliterator::forEachRemaining (127 bytes)
Event: 19.145 Thread 0x0000021723d25eb0 nmethod 1178 0x0000021717e43808 code [0x0000021717e439a0, 0x0000021717e44310]
Event: 19.600 Thread 0x0000021723d25eb0 1179       4       java.nio.Buffer::limit (65 bytes)
Event: 19.601 Thread 0x0000021723d25eb0 nmethod 1179 0x0000021717e44408 code [0x0000021717e44520, 0x0000021717e44630]
Event: 21.148 Thread 0x0000021723d25eb0 1180       4       jdk.internal.misc.Unsafe::checkSize (32 bytes)
Event: 21.149 Thread 0x0000021723d25eb0 nmethod 1180 0x0000021717e44708 code [0x0000021717e44800, 0x0000021717e448a8]
Event: 21.631 Thread 0x0000021723d25eb0 1181   !   4       org.lwjgl.opengl.GL20C::glGetUniformLocation (48 bytes)
Event: 21.639 Thread 0x0000021723d25eb0 nmethod 1181 0x0000021717e44a08 code [0x0000021717e44b80, 0x0000021717e450b8]
Event: 23.797 Thread 0x0000021723d25eb0 1182       4       java.nio.Buffer::<init> (105 bytes)
Event: 23.799 Thread 0x0000021723d25eb0 nmethod 1182 0x0000021717e45208 code [0x0000021717e45320, 0x0000021717e45530]
Event: 24.114 Thread 0x0000021723d25eb0 1183       4       org.joml.Matrix4f::identity (82 bytes)
Event: 24.115 Thread 0x0000021723d25eb0 nmethod 1183 0x0000021717e45588 code [0x0000021717e45680, 0x0000021717e45720]
Event: 24.945 Thread 0x0000021723d25eb0 1184       4       GameLayer.FPSMonitor::getAverageFPS (68 bytes)
Event: 24.955 Thread 0x0000021723d25eb0 nmethod 1184 0x0000021717e45888 code [0x0000021717e459c0, 0x0000021717e45e50]
Event: 26.462 Thread 0x0000021723d25eb0 1185       4       org.joml.Matrix4f::<init> (28 bytes)
Event: 26.463 Thread 0x0000021723d25eb0 nmethod 1185 0x0000021717e45f08 code [0x0000021717e46000, 0x0000021717e46098]

GC Heap History (4 events):
Event: 1.334 GC heap before
{Heap before GC invocations=0 (full 0):
 garbage-first heap   total reserved 1943552K, committed 122880K, used 13312K [0x0000000089600000, 0x0000000100000000)
  region size 1024K, 14 young (14336K), 0 survivors (0K)
 Metaspace       used 4071K, committed 4224K, reserved 1114112K
  class space    used 246K, committed 320K, reserved 1048576K
}
Event: 1.347 GC heap after
{Heap after GC invocations=1 (full 0):
 garbage-first heap   total reserved 1943552K, committed 122880K, used 6656K [0x0000000089600000, 0x0000000100000000)
  region size 1024K, 2 young (2048K), 2 survivors (2048K)
 Metaspace       used 4071K, committed 4224K, reserved 1114112K
  class space    used 246K, committed 320K, reserved 1048576K
}
Event: 27.128 GC heap before
{Heap before GC invocations=1 (full 0):
 garbage-first heap   total reserved 1943552K, committed 122880K, used 14848K [0x0000000089600000, 0x0000000100000000)
  region size 1024K, 12 young (12288K), 2 survivors (2048K)
 Metaspace       used 6591K, committed 6848K, reserved 1114112K
  class space    used 324K, committed 448K, reserved 1048576K
}
Event: 27.140 GC heap after
{Heap after GC invocations=2 (full 1):
 garbage-first heap   total reserved 1943552K, committed 27648K, used 7902K [0x0000000089600000, 0x0000000100000000)
  region size 1024K, 0 young (0K), 0 survivors (0K)
 Metaspace       used 6591K, committed 6848K, reserved 1114112K
  class space    used 324K, committed 448K, reserved 1048576K
}

Dll operation events (10 events):
Event: 0.019 Loaded shared library C:\Users\Client\.jdks\openjdk-23.0.1\bin\java.dll
Event: 0.066 Loaded shared library C:\Users\Client\.jdks\openjdk-23.0.1\bin\jsvml.dll
Event: 0.110 Loaded shared library C:\Users\Client\.jdks\openjdk-23.0.1\bin\net.dll
Event: 0.112 Loaded shared library C:\Users\Client\.jdks\openjdk-23.0.1\bin\nio.dll
Event: 0.119 Loaded shared library C:\Users\Client\.jdks\openjdk-23.0.1\bin\zip.dll
Event: 0.153 Loaded shared library C:\Users\Client\.jdks\openjdk-23.0.1\bin\verify.dll
Event: 0.173 Loaded shared library C:\Users\Client\.jdks\openjdk-23.0.1\bin\jimage.dll
Event: 0.298 Loaded shared library C:\Users\Client\AppData\Local\Temp\lwjgl_Client\3.3.6+1\x64\lwjgl.dll
Event: 0.668 Loaded shared library C:\Users\Client\AppData\Local\Temp\lwjgl_Client\3.3.6+1\x64\lwjgl_opengl.dll
Event: 1.396 Loaded shared library C:\Users\Client\AppData\Local\Temp\lwjgl_Client\3.3.6+1\x64\lwjgl_stb.dll

Deoptimization events (20 events):
Event: 1.237 Thread 0x0000021705913840 DEOPT PACKING pc=0x0000021717e1795c sp=0x000000bc4d9ff260
Event: 1.237 Thread 0x0000021705913840 DEOPT UNPACKING pc=0x00000217178b4402 sp=0x000000bc4d9ff1f0 mode 2
Event: 1.237 Thread 0x0000021705913840 Uncommon trap: trap_request=0xffffff45 fr.pc=0x0000021717e17100 relative=0x00000000000000e0
Event: 1.237 Thread 0x0000021705913840 Uncommon trap: reason=unstable_if action=reinterpret pc=0x0000021717e17100 method=java.lang.String.getBytes([BIB)V @ 5 c2
Event: 1.237 Thread 0x0000021705913840 DEOPT PACKING pc=0x0000021717e17100 sp=0x000000bc4d9ff2e0
Event: 1.237 Thread 0x0000021705913840 DEOPT UNPACKING pc=0x00000217178b4402 sp=0x000000bc4d9ff2a8 mode 2
Event: 1.362 Thread 0x0000021705913840 DEOPT PACKING pc=0x0000021710367b0d sp=0x000000bc4d9f21c0
Event: 1.362 Thread 0x0000021705913840 DEOPT UNPACKING pc=0x00000217178b4b22 sp=0x000000bc4d9f1610 mode 0
Event: 1.380 Thread 0x0000021705913840 Uncommon trap: trap_request=0xffffff6e fr.pc=0x0000021717e27708 relative=0x0000000000000468
Event: 1.380 Thread 0x0000021705913840 Uncommon trap: reason=loop_limit_check action=maybe_recompile pc=0x0000021717e27708 method=java.lang.StringLatin1.indexOf([BI[BII)I @ 37 c2
Event: 1.380 Thread 0x0000021705913840 DEOPT PACKING pc=0x0000021717e27708 sp=0x000000bc4d9fd8e0
Event: 1.380 Thread 0x0000021705913840 DEOPT UNPACKING pc=0x00000217178b4402 sp=0x000000bc4d9fd840 mode 2
Event: 1.711 Thread 0x0000021705913840 DEOPT PACKING pc=0x00000217104421bd sp=0x000000bc4d9ff330
Event: 1.711 Thread 0x0000021705913840 DEOPT UNPACKING pc=0x00000217178b4b22 sp=0x000000bc4d9fe8f0 mode 0
Event: 1.729 Thread 0x0000021705913840 DEOPT PACKING pc=0x00000217104421bd sp=0x000000bc4d9ff330
Event: 1.729 Thread 0x0000021705913840 DEOPT UNPACKING pc=0x00000217178b4b22 sp=0x000000bc4d9fe8f0 mode 0
Event: 1.995 Thread 0x0000021705913840 Uncommon trap: trap_request=0xffffff54 fr.pc=0x0000021717e30c5c relative=0x000000000000005c
Event: 1.995 Thread 0x0000021705913840 Uncommon trap: reason=speculate_null_assert action=make_not_entrant pc=0x0000021717e30c5c method=sun.misc.Unsafe.getLong(Ljava/lang/Object;J)J @ 8 c2
Event: 1.995 Thread 0x0000021705913840 DEOPT PACKING pc=0x0000021717e30c5c sp=0x000000bc4d9ff220
Event: 1.996 Thread 0x0000021705913840 DEOPT UNPACKING pc=0x00000217178b4402 sp=0x000000bc4d9ff1a8 mode 2

Classes loaded (20 events):
Event: 0.440 Loading class java/lang/NoSuchFieldError
Event: 0.440 Loading class java/lang/NoSuchFieldError done
Event: 0.466 Loading class jdk/internal/reflect/MethodHandleIntegerFieldAccessorImpl
Event: 0.467 Loading class jdk/internal/reflect/MethodHandleIntegerFieldAccessorImpl done
Event: 0.688 Loading class jdk/internal/foreign/MemorySessionImpl
Event: 0.689 Loading class java/lang/foreign/MemorySegment$Scope
Event: 0.689 Loading class java/lang/foreign/MemorySegment$Scope done
Event: 0.689 Loading class jdk/internal/foreign/MemorySessionImpl done
Event: 1.236 Loading class java/io/BufferedReader
Event: 1.236 Loading class java/io/BufferedReader done
Event: 1.236 Loading class sun/nio/cs/StreamDecoder
Event: 1.236 Loading class sun/nio/cs/StreamDecoder done
Event: 1.236 Loading class sun/nio/cs/UTF_8$Decoder
Event: 1.237 Loading class sun/nio/cs/UTF_8$Decoder done
Event: 1.516 Loading class java/lang/SecurityException
Event: 1.516 Loading class java/lang/SecurityException done
Event: 2.430 Loading class java/util/stream/ReduceOps$2
Event: 2.430 Loading class java/util/stream/ReduceOps$2 done
Event: 2.430 Loading class java/util/stream/ReduceOps$2ReducingSink
Event: 2.430 Loading class java/util/stream/ReduceOps$2ReducingSink done

Classes unloaded (0 events):
No events

Classes redefined (0 events):
No events

Internal exceptions (20 events):
Event: 0.305 Thread 0x0000021705913840 Exception <a 'sun/nio/fs/WindowsException'{0x0000000090907240}> (0x0000000090907240) 
thrown [s\open\src\hotspot\share\prims\jni.cpp, line 520]
Event: 0.393 Thread 0x0000021705913840 Exception <a 'java/lang/NoSuchMethodError'{0x00000000909d48d8}: 'int java.lang.invoke.DirectMethodHandle$Holder.invokeStaticInit(java.lang.Object, java.lang.Object, int, long)'> (0x00000000909d48d8) 
thrown [s\open\src\hotspot\share\interpreter\linkResolver.cpp, line 796]
Event: 0.396 Thread 0x0000021705913840 Exception <a 'java/lang/NoSuchMethodError'{0x00000000909d9cc0}: 'java.lang.Object java.lang.invoke.DirectMethodHandle$Holder.newInvokeSpecial(java.lang.Object, java.lang.Object, int)'> (0x00000000909d9cc0) 
thrown [s\open\src\hotspot\share\interpreter\linkResolver.cpp, line 796]
Event: 0.401 Thread 0x0000021705913840 Exception <a 'java/lang/NoSuchMethodError'{0x00000000909e96f0}: 'int java.lang.invoke.DirectMethodHandle$Holder.invokeStaticInit(java.lang.Object, java.lang.Object, long, long)'> (0x00000000909e96f0) 
thrown [s\open\src\hotspot\share\interpreter\linkResolver.cpp, line 796]
Event: 0.402 Thread 0x0000021705913840 Exception <a 'java/lang/NoSuchMethodError'{0x00000000909ef1c0}: 'java.lang.Object java.lang.invoke.DirectMethodHandle$Holder.newInvokeSpecial(java.lang.Object, java.lang.Object, long)'> (0x00000000909ef1c0) 
thrown [s\open\src\hotspot\share\interpreter\linkResolver.cpp, line 796]
Event: 0.403 Thread 0x0000021705913840 Exception <a 'java/lang/NoSuchMethodError'{0x00000000909f3368}: 'java.lang.Object java.lang.invoke.Invokers$Holder.linkToTargetMethod(java.lang.Object, long, java.lang.Object)'> (0x00000000909f3368) 
thrown [s\open\src\hotspot\share\interpreter\linkResolver.cpp, line 796]
Event: 0.404 Thread 0x0000021705913840 Exception <a 'java/lang/NoSuchMethodError'{0x00000000909fa5c0}: 'int java.lang.invoke.DirectMethodHandle$Holder.invokeStaticInit(java.lang.Object, java.lang.Object, java.lang.Object, long)'> (0x00000000909fa5c0) 
thrown [s\open\src\hotspot\share\interpreter\linkResolver.cpp, line 796]
Event: 0.438 Thread 0x0000021705913840 Exception <a 'sun/nio/fs/WindowsException'{0x00000000908af728}> (0x00000000908af728) 
thrown [s\open\src\hotspot\share\prims\jni.cpp, line 520]
Event: 0.439 Thread 0x0000021705913840 Exception <a 'sun/nio/fs/WindowsException'{0x00000000908afa98}> (0x00000000908afa98) 
thrown [s\open\src\hotspot\share\prims\jni.cpp, line 520]
Event: 0.467 Thread 0x0000021705913840 Exception <a 'java/lang/NoSuchMethodError'{0x00000000908c6980}: 'int java.lang.invoke.Invokers$Holder.invokeExact_MT(java.lang.Object, java.lang.Object)'> (0x00000000908c6980) 
thrown [s\open\src\hotspot\share\interpreter\linkResolver.cpp, line 796]
Event: 0.654 Thread 0x0000021705913840 Exception <a 'java/lang/NoSuchMethodError'{0x0000000090754b08}: 'void java.lang.System.load(java.lang.String, java.lang.Class)'> (0x0000000090754b08) 
thrown [s\open\src\hotspot\share\interpreter\linkResolver.cpp, line 796]
Event: 0.655 Thread 0x0000021705913840 Exception <a 'java/lang/NoSuchMethodError'{0x0000000090757598}: 'void java.lang.System.loadLibrary(java.lang.String, java.lang.Class)'> (0x0000000090757598) 
thrown [s\open\src\hotspot\share\interpreter\linkResolver.cpp, line 796]
Event: 0.666 Thread 0x0000021705913840 Exception <a 'sun/nio/fs/WindowsException'{0x0000000090767890}> (0x0000000090767890) 
thrown [s\open\src\hotspot\share\prims\jni.cpp, line 520]
Event: 0.666 Thread 0x0000021705913840 Exception <a 'sun/nio/fs/WindowsException'{0x0000000090767c40}> (0x0000000090767c40) 
thrown [s\open\src\hotspot\share\prims\jni.cpp, line 520]
Event: 0.681 Thread 0x0000021705913840 Exception <a 'sun/nio/fs/WindowsException'{0x0000000090773bd8}> (0x0000000090773bd8) 
thrown [s\open\src\hotspot\share\prims\jni.cpp, line 520]
Event: 0.681 Thread 0x0000021705913840 Exception <a 'sun/nio/fs/WindowsException'{0x0000000090773ec0}> (0x0000000090773ec0) 
thrown [s\open\src\hotspot\share\prims\jni.cpp, line 520]
Event: 1.379 Thread 0x0000021705913840 Exception <a 'java/lang/NoSuchMethodError'{0x0000000090bb0d78}: 'void java.lang.System.load(java.lang.String, java.lang.Class)'> (0x0000000090bb0d78) 
thrown [s\open\src\hotspot\share\interpreter\linkResolver.cpp, line 796]
Event: 1.380 Thread 0x0000021705913840 Exception <a 'java/lang/NoSuchMethodError'{0x0000000090bb3880}: 'void java.lang.System.loadLibrary(java.lang.String, java.lang.Class)'> (0x0000000090bb3880) 
thrown [s\open\src\hotspot\share\interpreter\linkResolver.cpp, line 796]
Event: 1.391 Thread 0x0000021705913840 Exception <a 'sun/nio/fs/WindowsException'{0x0000000090bc3240}> (0x0000000090bc3240) 
thrown [s\open\src\hotspot\share\prims\jni.cpp, line 520]
Event: 1.393 Thread 0x0000021705913840 Exception <a 'sun/nio/fs/WindowsException'{0x0000000090bc35c8}> (0x0000000090bc35c8) 
thrown [s\open\src\hotspot\share\prims\jni.cpp, line 520]

VM Operations (12 events):
Event: 0.121 Executing VM operation: HandshakeAllThreads (Deoptimize)
Event: 0.121 Executing VM operation: HandshakeAllThreads (Deoptimize) done
Event: 0.159 Executing VM operation: HandshakeAllThreads (Deoptimize)
Event: 0.159 Executing VM operation: HandshakeAllThreads (Deoptimize) done
Event: 0.186 Executing VM operation: HandshakeAllThreads (Deoptimize)
Event: 0.186 Executing VM operation: HandshakeAllThreads (Deoptimize) done
Event: 0.288 Executing VM operation: HandshakeAllThreads (Deoptimize)
Event: 0.288 Executing VM operation: HandshakeAllThreads (Deoptimize) done
Event: 1.334 Executing VM operation: G1CollectForAllocation (G1 Evacuation Pause)
Event: 1.347 Executing VM operation: G1CollectForAllocation (G1 Evacuation Pause) done
Event: 27.127 Executing VM operation: G1CollectFull (System.gc())
Event: 27.140 Executing VM operation: G1CollectFull (System.gc()) done

Memory protections (0 events):
No events

Nmethod flushes (0 events):
No events

Events (15 events):
Event: 0.044 Thread 0x0000021705913840 Thread added: 0x0000021705913840
Event: 0.062 Thread 0x0000021705913840 Thread added: 0x0000021723d112f0
Event: 0.062 Thread 0x0000021705913840 Thread added: 0x0000021723d12c30
Event: 0.062 Thread 0x0000021705913840 Thread added: 0x0000021723d17ac0
Event: 0.063 Thread 0x0000021705913840 Thread added: 0x0000021723d18130
Event: 0.063 Thread 0x0000021705913840 Thread added: 0x0000021723d18f40
Event: 0.063 Thread 0x0000021705913840 Thread added: 0x0000021723d21830
Event: 0.063 Thread 0x0000021705913840 Thread added: 0x0000021723d25eb0
Event: 0.063 Thread 0x0000021705913840 Thread added: 0x0000021723d28580
Event: 0.100 Thread 0x0000021705913840 Thread added: 0x00000217690d96f0
Event: 0.102 Thread 0x0000021705913840 Thread added: 0x00000217690de580
Event: 1.634 Thread 0x0000021723d25eb0 Thread added: 0x00000217699cc720
Event: 1.861 Thread 0x00000217699cc720 Thread exited: 0x00000217699cc720
Event: 6.092 Thread 0x0000021723d25eb0 Thread added: 0x00000217699cf6d0
Event: 6.523 Thread 0x00000217699cf6d0 Thread exited: 0x00000217699cf6d0


Dynamic libraries:
0x00007ff749680000 - 0x00007ff74968e000 	C:\Users\Client\.jdks\openjdk-23.0.1\bin\java.exe
0x00007ff8e5870000 - 0x00007ff8e5a68000 	C:\Windows\SYSTEM32\ntdll.dll
0x00007ff8e5760000 - 0x00007ff8e5822000 	C:\Windows\System32\KERNEL32.DLL
0x00007ff8e2f10000 - 0x00007ff8e320f000 	C:\Windows\System32\KERNELBASE.dll
0x00007ff8e35a0000 - 0x00007ff8e36a0000 	C:\Windows\System32\ucrtbase.dll
0x00007ff8dc560000 - 0x00007ff8dc57b000 	C:\Users\Client\.jdks\openjdk-23.0.1\bin\VCRUNTIME140.dll
0x00007ff8dc580000 - 0x00007ff8dc597000 	C:\Users\Client\.jdks\openjdk-23.0.1\bin\jli.dll
0x00007ff8e54b0000 - 0x00007ff8e564d000 	C:\Windows\System32\USER32.dll
0x00007ff8e3210000 - 0x00007ff8e3232000 	C:\Windows\System32\win32u.dll
0x00007ff8e3d90000 - 0x00007ff8e3dbb000 	C:\Windows\System32\GDI32.dll
0x00007ff8e32e0000 - 0x00007ff8e33fa000 	C:\Windows\System32\gdi32full.dll
0x00007ff8e3500000 - 0x00007ff8e359d000 	C:\Windows\System32\msvcp_win.dll
0x00007ff8d15d0000 - 0x00007ff8d186a000 	C:\Windows\WinSxS\amd64_microsoft.windows.common-controls_6595b64144ccf1df_6.0.19041.4355_none_60b8b9eb71f62e16\COMCTL32.dll
0x00007ff8e4cd0000 - 0x00007ff8e4d6e000 	C:\Windows\System32\msvcrt.dll
0x00007ff8e4120000 - 0x00007ff8e414f000 	C:\Windows\System32\IMM32.DLL
0x00007ff8ded80000 - 0x00007ff8ded8c000 	C:\Users\Client\.jdks\openjdk-23.0.1\bin\vcruntime140_1.dll
0x00007ff8cfd50000 - 0x00007ff8cfdde000 	C:\Users\Client\.jdks\openjdk-23.0.1\bin\msvcp140.dll
0x00007ff890af0000 - 0x00007ff89183f000 	C:\Users\Client\.jdks\openjdk-23.0.1\bin\server\jvm.dll
0x00007ff8e41b0000 - 0x00007ff8e425f000 	C:\Windows\System32\ADVAPI32.dll
0x00007ff8e4bc0000 - 0x00007ff8e4c5f000 	C:\Windows\System32\sechost.dll
0x00007ff8e3a10000 - 0x00007ff8e3b33000 	C:\Windows\System32\RPCRT4.dll
0x00007ff8e3240000 - 0x00007ff8e3267000 	C:\Windows\System32\bcrypt.dll
0x00007ff8e3c70000 - 0x00007ff8e3cdb000 	C:\Windows\System32\WS2_32.dll
0x00007ff8e24a0000 - 0x00007ff8e24eb000 	C:\Windows\SYSTEM32\POWRPROF.dll
0x00007ff8c26f0000 - 0x00007ff8c2717000 	C:\Windows\SYSTEM32\WINMM.dll
0x00007ff8dc100000 - 0x00007ff8dc10a000 	C:\Windows\SYSTEM32\VERSION.dll
0x00007ff8e2310000 - 0x00007ff8e2322000 	C:\Windows\SYSTEM32\UMPDC.dll
0x00007ff8e1730000 - 0x00007ff8e1742000 	C:\Windows\SYSTEM32\kernel.appcore.dll
0x00007ff8ded70000 - 0x00007ff8ded7a000 	C:\Users\Client\.jdks\openjdk-23.0.1\bin\jimage.dll
0x00007ff8e0d60000 - 0x00007ff8e0f44000 	C:\Windows\SYSTEM32\DBGHELP.DLL
0x00007ff8c2e70000 - 0x00007ff8c2ea4000 	C:\Windows\SYSTEM32\dbgcore.DLL
0x00007ff8e36a0000 - 0x00007ff8e3722000 	C:\Windows\System32\bcryptPrimitives.dll
0x00007ff8dc6a0000 - 0x00007ff8dc6be000 	C:\Users\Client\.jdks\openjdk-23.0.1\bin\java.dll
0x00007ff8e3b40000 - 0x00007ff8e3c6b000 	C:\Windows\System32\ole32.dll
0x00007ff8e3dc0000 - 0x00007ff8e4115000 	C:\Windows\System32\combase.dll
0x00007ff8e4340000 - 0x00007ff8e4aad000 	C:\Windows\System32\SHELL32.dll
0x00007ff8e0f70000 - 0x00007ff8e1714000 	C:\Windows\SYSTEM32\windows.storage.dll
0x00007ff8e2940000 - 0x00007ff8e296f000 	C:\Windows\SYSTEM32\Wldp.dll
0x00007ff8e4f30000 - 0x00007ff8e4ffd000 	C:\Windows\System32\OLEAUT32.dll
0x00007ff8e5650000 - 0x00007ff8e56fd000 	C:\Windows\System32\SHCORE.dll
0x00007ff8e3890000 - 0x00007ff8e38e5000 	C:\Windows\System32\shlwapi.dll
0x00007ff8e2e40000 - 0x00007ff8e2e64000 	C:\Windows\SYSTEM32\profapi.dll
0x00007ff8c07f0000 - 0x00007ff8c08c7000 	C:\Users\Client\.jdks\openjdk-23.0.1\bin\jsvml.dll
0x00007ff8dc670000 - 0x00007ff8dc680000 	C:\Users\Client\.jdks\openjdk-23.0.1\bin\net.dll
0x00007ff8e26a0000 - 0x00007ff8e270c000 	C:\Windows\system32\mswsock.dll
0x00007ff8dc650000 - 0x00007ff8dc666000 	C:\Users\Client\.jdks\openjdk-23.0.1\bin\nio.dll
0x00007ff8dc680000 - 0x00007ff8dc697000 	C:\Users\Client\.jdks\openjdk-23.0.1\bin\zip.dll
0x00007ff8dc640000 - 0x00007ff8dc650000 	C:\Users\Client\.jdks\openjdk-23.0.1\bin\verify.dll
0x00007ff8c0270000 - 0x00007ff8c02ee000 	C:\Users\Client\AppData\Local\Temp\lwjgl_Client\3.3.6+1\x64\lwjgl.dll
0x00007ff8c01e0000 - 0x00007ff8c0269000 	C:\Users\Client\AppData\Local\Temp\lwjgl_Client\3.3.6+1\x64\glfw.dll
0x00007ff8c1760000 - 0x00007ff8c17a5000 	C:\Windows\SYSTEM32\dinput8.dll
0x00007ff8de990000 - 0x00007ff8de9a1000 	C:\Windows\SYSTEM32\xinput1_4.dll
0x00007ff8e34b0000 - 0x00007ff8e34fe000 	C:\Windows\System32\cfgmgr32.dll
0x00007ff8e2ca0000 - 0x00007ff8e2cd3000 	C:\Windows\SYSTEM32\DEVOBJ.dll
0x00007ff8e06c0000 - 0x00007ff8e06ef000 	C:\Windows\SYSTEM32\dwmapi.dll
0x00007ff8d6a10000 - 0x00007ff8d6b62000 	C:\Windows\SYSTEM32\inputhost.dll
0x00007ff8dfd40000 - 0x00007ff8dfe36000 	C:\Windows\SYSTEM32\PROPSYS.dll
0x00007ff8ddd90000 - 0x00007ff8dde82000 	C:\Windows\SYSTEM32\CoreMessaging.dll
0x00007ff8df6e0000 - 0x00007ff8df837000 	C:\Windows\SYSTEM32\wintypes.dll
0x00007ff8dd9e0000 - 0x00007ff8ddd3b000 	C:\Windows\SYSTEM32\CoreUIComponents.dll
0x00007ff8e21a0000 - 0x00007ff8e21d3000 	C:\Windows\SYSTEM32\ntmarta.dll
0x00007ff8e04e0000 - 0x00007ff8e057e000 	C:\Windows\system32\uxtheme.dll
0x00007ff8e38f0000 - 0x00007ff8e3a05000 	C:\Windows\System32\MSCTF.dll
0x00007ff8b8810000 - 0x00007ff8b8938000 	C:\Windows\SYSTEM32\opengl32.dll
0x00007ff8b87a0000 - 0x00007ff8b87cc000 	C:\Windows\SYSTEM32\GLU32.dll
0x00007ff8e3ce0000 - 0x00007ff8e3d89000 	C:\Windows\System32\clbcatq.dll
0x00007ff87ca10000 - 0x00007ff87d926000 	C:\Windows\System32\DriverStore\FileRepository\iigd_dch.inf_amd64_96bd31a096a4a6ff\ig9icd64.dll
0x00007ff8e17a0000 - 0x00007ff8e1896000 	C:\Windows\system32\dxgi.dll
0x00007ff8d8500000 - 0x00007ff8d853b000 	C:\Windows\SYSTEM32\dxcore.dll
0x00007ff8d3310000 - 0x00007ff8d574d000 	C:\Windows\System32\DriverStore\FileRepository\iigd_dch.inf_amd64_96bd31a096a4a6ff\igc64.dll
0x00007ff8d6860000 - 0x00007ff8d6a03000 	C:\Windows\System32\DriverStore\FileRepository\iigd_dch.inf_amd64_96bd31a096a4a6ff\igdgmm64.dll
0x00007ff8d6b70000 - 0x00007ff8d6c69000 	C:\Windows\SYSTEM32\textinputframework.dll
0x00007ff8c04a0000 - 0x00007ff8c04fd000 	C:\Users\Client\AppData\Local\Temp\lwjgl_Client\3.3.6+1\x64\lwjgl_opengl.dll
0x00007ff8be400000 - 0x00007ff8be499000 	C:\Users\Client\AppData\Local\Temp\lwjgl_Client\3.3.6+1\x64\lwjgl_stb.dll

dbghelp: loaded successfully - version: 4.0.5 - missing functions: none
symbol engine: initialized successfully - sym options: 0x614 - pdb path: .;C:\Users\Client\.jdks\openjdk-23.0.1\bin;C:\Windows\SYSTEM32;C:\Windows\WinSxS\amd64_microsoft.windows.common-controls_6595b64144ccf1df_6.0.19041.4355_none_60b8b9eb71f62e16;C:\Users\Client\.jdks\openjdk-23.0.1\bin\server;C:\Users\Client\AppData\Local\Temp\lwjgl_Client\3.3.6+1\x64;C:\Windows\System32\DriverStore\FileRepository\iigd_dch.inf_amd64_96bd31a096a4a6ff

VM Arguments:
jvm_args: -Dfile.encoding=UTF-8 -Duser.country=US -Duser.language=en -Duser.variant 
java_command: Main
java_class_path (initial): C:\Users\Client\Documents\GitHub\MyCraft\build\classes\java\test;C:\Users\Client\Documents\GitHub\MyCraft\build\resources\test;C:\Users\Client\Documents\GitHub\MyCraft\build\classes\java\main;C:\Users\Client\Documents\GitHub\MyCraft\build\resources\main;C:\Users\Client\.gradle\caches\modules-2\files-2.1\org.lwjgl\lwjgl-egl\3.3.6\6842d0164e94dda0fb5ec1d55b67e69df7643f28\lwjgl-egl-3.3.6.jar;C:\Users\Client\.gradle\caches\modules-2\files-2.1\org.lwjgl\lwjgl-glfw\3.3.6\7119f7d0eeb1e5502ff0ca71d2b4d47317da015\lwjgl-glfw-3.3.6.jar;C:\Users\Client\.gradle\caches\modules-2\files-2.1\org.lwjgl\lwjgl-glfw\3.3.6\99ef08056feb9627f90425a4d2a22cd9fae8e39b\lwjgl-glfw-3.3.6-natives-windows.jar;C:\Users\Client\.gradle\caches\modules-2\files-2.1\org.lwjgl\lwjgl-openal\3.3.6\ad313317ff399fd2a7f4dd74716a68cf3976c6ad\lwjgl-openal-3.3.6.jar;C:\Users\Client\.gradle\caches\modules-2\files-2.1\org.lwjgl\lwjgl-openal\3.3.6\9c2b9b660e085bb0b47a4453dc0e26f24a5475e4\lwjgl-openal-3.3.6-natives-windows.jar;C:\Users\Client\.gradle\caches\modules-2\files-2.1\org.lwjgl\lwjgl-opengl\3.3.6\ac2532612a4df374e9a9282bcf8ce2573018ebbb\lwjgl-opengl-3.3.6.jar;C:\Users\Client\.gradle\caches\modules-2\files-2.1\org.lwjgl\lwjgl-opengl\3.3.6\18dc639ebc94aa5202c2157f7490d28997b697c5\lwjgl-opengl-3.3.6-natives-windows.jar;C:\Users\Client\.gradle\caches\modules-2\files-2.1\org.lwjgl\lwjgl-opengles\3.3.6\438cffbadd2721056c0ec31fdee1f21a25009207\lwjgl-opengles-3.3.6.jar;C:\Users\Client\.gradle\caches\modules-2\files-2.1\org.lwjgl\lwjgl-stb\3.3.6\e2d3739dcfe7b672b626ded66d94f6587083306e\lwjgl-stb-3.3.6.jar;C:\Users\Client\.gradle\caches\modules-2\files-2.1\org.lwjgl\lwjgl-stb\3.3.6\334cf885b39e2db9070c39e70e65efb136435f10\lwjgl-stb-3.3.6-natives-windows.jar;C:\Users\Client\.gradle\caches\modules-2\files-2.1\org.lwjgl\lwjgl\3.3.6\ce7721d30cfaf47feaed10213e0c43eb55c49d68\lwjgl-3.3.6.jar;C:\Users\Client\.gradle\caches\modules-2\files-2.1\org.lwjgl\lwjgl\3.3.6\9a29b6a22fc5184604b8cb434ee5d5ecc4bfcbee\lwjgl-3.3.6-natives-windows.jar;C:\Users\Client\.gradle\caches\modules-2\files-2.1\org.joml\joml-primitives\1.10.0\b3ae3ae0dfee0bf5aef9f7964205cca0f3c6ea07\joml-primitives-1.10.0.jar;C:\Users\Client\.gradle\caches\modules-2\files-2.1\org.joml\joml\1.10.7\f8c3f2e7db281bde099342dd36133de4bbba390c\joml-1.10.7.jar;C:\Users\Client\.gradle\caches\modules-2\files-2.1\org.jetbrains.kotlin\kotlin-stdlib-jdk8\1.8.20\73576ddf378c5b4f1f6b449fe6b119b8183fc078\kotlin-stdlib-jdk8-1.8.20.jar;C:\Users\Client\.gradle\caches\modules-2\files-2.1\org.jetbrains.kotlin\kotlin-stdlib-jdk7\1.8.20\3aa51faf20aae8b31e1a4bc54f8370673d7b7df4\kotlin-stdlib-jdk7-1.8.20.jar;C:\Users\Client\.gradle\caches\modules-2\files-2.1\org.jetbrains.kotlin\kotlin-stdlib\1.8.20\e72fc5e03ec6c064c678a6bd0d955c88d55b0c4a\kotlin-stdlib-1.8.20.jar;C:\Users\Client\.gradle\caches\modules-2\files-2.1\org.jetbrains.kotlin\kotlin-stdlib-common\1.8.20\5eddaaf234c8c49d03eebeb6a14feb7f90faca71\kotlin-stdlib-common-1.8.20.jar;C:\Users\Client\.gradle\caches\modules-2\files-2.1\org.jetbrains\annotations\13.0\919f0dfe192fb4e063e7dacadee7f8bb9a2672a9\annotations-13.0.jar
Launcher Type: SUN_STANDARD

[Global flags]
     intx CICompilerCount                          = 3                                         {product} {ergonomic}
     uint ConcGCThreads                            = 1                                         {product} {ergonomic}
     uint G1ConcRefinementThreads                  = 4                                         {product} {ergonomic}
   size_t G1HeapRegionSize                         = 1048576                                   {product} {ergonomic}
   size_t InitialHeapSize                          = 125829120                                 {product} {ergonomic}
   size_t MarkStackSize                            = 4194304                                   {product} {ergonomic}
   size_t MarkStackSizeMax                         = 536870912                                 {product} {ergonomic}
   size_t MaxHeapSize                              = 1990197248                                {product} {ergonomic}
   size_t MaxNewSize                               = 1193279488                                {product} {ergonomic}
   size_t MinHeapDeltaBytes                        = 1048576                                   {product} {ergonomic}
   size_t MinHeapSize                              = 8388608                                   {product} {ergonomic}
    uintx NonNMethodCodeHeapSize                   = 5832704                                {pd product} {ergonomic}
    uintx NonProfiledCodeHeapSize                  = 122945536                              {pd product} {ergonomic}
    uintx ProfiledCodeHeapSize                     = 122880000                              {pd product} {ergonomic}
    uintx ReservedCodeCacheSize                    = 251658240                              {pd product} {ergonomic}
     bool SegmentedCodeCache                       = true                                      {product} {ergonomic}
   size_t SoftMaxHeapSize                          = 1990197248                             {manageable} {ergonomic}
     bool UseCompressedOops                        = true                           {product lp64_product} {ergonomic}
     bool UseG1GC                                  = true                                      {product} {ergonomic}
     bool UseLargePagesIndividualAllocation        = false                                  {pd product} {ergonomic}

Logging:
Log output configuration:
 #0: stdout all=warning uptime,level,tags foldmultilines=false
 #1: stderr all=off uptime,level,tags foldmultilines=false

Environment Variables:
PATH=C:\Program Files\ImageMagick-7.1.1-Q16;C:\Program Files\Common Files\Oracle\Java\javapath;C:\Program Files (x86)\Common Files\Oracle\Java\java8path;C:\Program Files (x86)\Common Files\Oracle\Java\javapath;C:\Users\Client\AppData\Roaming\Python\Python313\site-packages\SCons\;C:\Program Files\dotnet\;C:\Program Files\Git\cmd;C:\Program Files\CMake\bin;C:\Program Files\Microsoft Visual Studio\2022\Community\VC\Tools\Llvm\bin\clang-cl.exe;C:\Program Files (x86)\Windows Kits\10\bin\10.0.22621.0\x64;C:\Program Files\Microsoft Visual Studio\2022\Community\VC\Tools\Llvm\bin;C:\Program Files\Microsoft Visual Studio\2022\Community\Common7\Tools;C:\Program Files\Microsoft Visual Studio\2022\Community\Common7\IDE\CommonExtensions\Microsoft\CMake\CMake\bin;C:\Program Files\Microsoft Visual Studio\2022\Community\VC\Tools\MSVC\14.42.34433\bin\Hostx64\x64;C:\Program Files\Microsoft SQL Server\150\Tools\Binn\;C:\Program Files\nodejs\;C:\Program Files\Microsoft SQL Server\Client SDK\ODBC\170\Tools\Binn\;C:\Program Files (x86)\Windows Kits\10\Windows Performance Toolkit\;C:\program files\microsoft visual studio\2022\community\common7\ide\commonextensions\microsoft\cmake\Ninja\;C:\apache-ant\bin;C:\Windows\System32\;C:\Users\Client\AppData\Local\Programs\Python\Python313\Scripts\;C:\Users\Client\AppData\Local\Programs\Python\Python313\;C:\Users\Client\AppData\Roaming\Python\Python313\site-packages\;C:\Users\Client\AppData\Local\Programs\Python\Launcher\;C:\Users\Client\scoop\shims\;C:\Users\Client\AppData\Local\Microsoft\WindowsApps;C:\Users\Client\AppData\Local\GitHubDesktop\bin;C:\Users\Client\.dotnet\tools;C:\Program Files\JetBrains\IntelliJ IDEA 2024.3.2.2\bin;C:\Users\Client\AppData\Roaming\Python\Python313\site-packages\SCons\Script\;C:\Users\Client\AppData\Roaming\npm;C:\Users\Client\ant-ivy\;C:\Users\Client\AppData\Local\Programs\Microsoft VS Code\bin
USERNAME=Client
OS=Windows_NT
PROCESSOR_IDENTIFIER=Intel64 Family 6 Model 78 Stepping 3, GenuineIntel
TMP=C:\Users\Client\AppData\Local\Temp
TEMP=C:\Users\Client\AppData\Local\Temp




Periodic native trim disabled

---------------  S Y S T E M  ---------------

OS:
 Windows 10 , 64 bit Build 19041 (10.0.19041.5438)
OS uptime: 1 days 2:27 hours

CPU: total 4 (initial active 4) (2 cores per cpu, 2 threads per core) family 6 model 78 stepping 3 microcode 0xec, cx8, cmov, fxsr, ht, mmx, 3dnowpref, sse, sse2, sse3, ssse3, sse4.1, sse4.2, popcnt, lzcnt, tsc, tscinvbit, avx, avx2, aes, erms, clmul, bmi1, bmi2, rtm, adx, fma, vzeroupper, clflush, clflushopt, rdtscp, f16c
Processor Information for the first 4 processors :
  Max Mhz: 2496, Current Mhz: 2396, Mhz Limit: 2396

Memory: 4k page, system-wide physical 7591M (886M free)
TotalPageFile size 15183M (AvailPageFile size 4017M)
current process WorkingSet (physical memory assigned to process): 111M, peak: 129M
current process commit charge ("private bytes"): 123M, peak: 225M

vm_info: OpenJDK 64-Bit Server VM (23.0.1+11-39) for windows-amd64 JRE (23.0.1+11-39), built on 2024-09-30T07:20:43Z with MS VC++ 17.6 (VS2022)

END.
