#
# A fatal error has been detected by the Java Runtime Environment:
#
#  EXCEPTION_ACCESS_VIOLATION (0xc0000005) at pc=0x00007ffce58b2f16, pid=6712, tid=7388
#
# JRE version: OpenJDK Runtime Environment (23.0.1+11) (build 23.0.1+11-39)
# Java VM: OpenJDK 64-Bit Server VM (23.0.1+11-39, mixed mode, sharing, tiered, compressed oops, compressed class ptrs, g1 gc, windows-amd64)
# Problematic frame:
# C  [lwjgl_stb.dll+0x42f16]
#
# No core dump will be written. Minidumps are not enabled by default on client versions of Windows
#
# If you would like to submit a bug report, please visit:
#   https://bugreport.java.com/bugreport/crash.jsp
# The crash happened outside the Java Virtual Machine in native code.
# See problematic frame for where to report the bug.
#

---------------  S U M M A R Y ------------

Command Line: -Ddebugger.agent.enable.coroutines=true -Dkotlinx.coroutines.debug.enable.creation.stack.trace=false -Dkotlinx.coroutines.debug.enable.flows.stack.trace=true -Dkotlinx.coroutines.debug.enable.mutable.state.flows.stack.trace=true -agentlib:jdwp=transport=dt_socket,server=n,suspend=y,address=127.0.0.1:53887 -javaagent:C:\Users\Client\AppData\Local\JetBrains\IntelliJIdea2024.3\captureAgent\debugger-agent.jar -Dfile.encoding=UTF-8 -Duser.country=US -Duser.language=en -Duser.variant GameLayer.Rendering.GUI.GLFWDemo

Host: Intel(R) Core(TM) i5-6300U CPU @ 2.40GHz, 4 cores, 7G,  Windows 10 , 64 bit Build 19041 (10.0.19041.5198)
Time: Mon Feb 10 15:56:02 2025 W. Central Africa Standard Time elapsed time: 1.723015 seconds (0d 0h 0m 1s)

---------------  T H R E A D  ---------------

Current thread (0x000001d33a418c20):  JavaThread "main"             [_thread_in_native, id=7388, stack(0x0000007e8d500000,0x0000007e8d600000) (1024K)]

Stack: [0x0000007e8d500000,0x0000007e8d600000],  sp=0x0000007e8d5fef18,  free space=1019k
Native frames: (J=compiled Java code, j=interpreted, Vv=VM code, C=native code)
C  [lwjgl_stb.dll+0x42f16]  (no source info available)

Java frames: (J=compiled Java code, j=interpreted, Vv=VM code)
j  org.lwjgl.stb.STBTruetype.nstbtt_ScaleForPixelHeight(JF)F+0
j  org.lwjgl.stb.STBTruetype.stbtt_ScaleForPixelHeight(Lorg/lwjgl/stb/STBTTFontinfo;F)F+5
j  GameLayer.Rendering.GUI.GLFWDemo.run()V+247
j  GameLayer.Rendering.GUI.GLFWDemo.main([Ljava/lang/String;)V+7
v  ~StubRoutines::call_stub 0x000001d34c300fcd

siginfo: EXCEPTION_ACCESS_VIOLATION (0xc0000005), reading address 0x0000000000000006


Registers:
RAX=0x0000000000000100, RBX=0x000001d39a8bd430, RCX=0x0000000000000100, RDX=0x0000007e8d5fefb0
RSP=0x0000007e8d5fef18, RBP=0x0000007e8d5fefa0, RSI=0x0000000000000000, RDI=0x0000000000010000
R8 =0x000001d39e5dda80, R9 =0x0000000000000000, R10=0x0000000000000000, R11=0x0000000000000100
R12=0x0000000000000000, R13=0x000001d39a8bd430, R14=0x0000007e8d5fefd0, R15=0x000001d33a418c20
RIP=0x00007ffce58b2f16, EFLAGS=0x0000000000010206


Register to memory mapping:

RAX=0x0000000000000100 is an unknown value
RBX={method} {0x000001d39a8bd438} 'nstbtt_ScaleForPixelHeight' '(JF)F' in 'org/lwjgl/stb/STBTruetype'
RCX=0x0000000000000100 is an unknown value
RDX=0x0000007e8d5fefb0 is pointing into the stack for thread: 0x000001d33a418c20
RSP=0x0000007e8d5fef18 is pointing into the stack for thread: 0x000001d33a418c20
RBP=0x0000007e8d5fefa0 is pointing into the stack for thread: 0x000001d33a418c20
RSI=0x0 is null
RDI=0x0000000000010000 is an unknown value
R8 =0x000001d39e5dda80 points into unknown readable memory: 0x0000000000000000 | 00 00 00 00 00 00 00 00
R9 =0x0 is null
R10=0x0 is null
R11=0x0000000000000100 is an unknown value
R12=0x0 is null
R13={method} {0x000001d39a8bd438} 'nstbtt_ScaleForPixelHeight' '(JF)F' in 'org/lwjgl/stb/STBTruetype'
R14=0x0000007e8d5fefd0 is pointing into the stack for thread: 0x000001d33a418c20
R15=0x000001d33a418c20 is a thread

Top of Stack: (sp=0x0000007e8d5fef18)
0x0000007e8d5fef18:   000001d34c310b72 0000000000010000
0x0000007e8d5fef28:   000001d34c3104d3 000001d39a8bd430
0x0000007e8d5fef38:   0000000000000000 3ff0000000000000
0x0000007e8d5fef48:   000001d33a418c20 000001d34c31047b
0x0000007e8d5fef58:   fffffffffffffff7 000001d39a8bd430
0x0000007e8d5fef68:   0000000000000006 000001d39a8ca0d0
0x0000007e8d5fef78:   0000000000000000 000000009096b220
0x0000007e8d5fef88:   000001d39a8bd430 0000000000000000
0x0000007e8d5fef98:   0000007e8d5fefc0 0000007e8d5ff020
0x0000007e8d5fefa8:   000001d34c309266 000000009096b220
0x0000007e8d5fefb8:   000001d34c30c8f8 0000007e41900000
0x0000007e8d5fefc8:   000001d39e5dda80 0000000000000000
0x0000007e8d5fefd8:   fffffffffffffff7 000001d39a8bd4d5
0x0000007e8d5fefe8:   0000000000000003 000001d39a8ca0d0
0x0000007e8d5feff8:   0000000000000000 000000009096b220
0x0000007e8d5ff008:   000001d39a8bd500 fffffffffffffff4
0x0000007e8d5ff018:   0000007e8d5ff030 0000007e8d5ff088
0x0000007e8d5ff028:   000001d34c309266 0000007e41900000
0x0000007e8d5ff038:   000000009092b1f8 fffffffffffffff7
0x0000007e8d5ff048:   000001d39a40483f 0000000000000015
0x0000007e8d5ff058:   000001d39a407de8 0000000000000000
0x0000007e8d5ff068:   000000008ff10f10 000001d39a40ab58
0x0000007e8d5ff078:   fffffffffffffff5 0000007e8d5ff130
0x0000007e8d5ff088:   0000007e8d5ff180 000001d34c309054
0x0000007e8d5ff098:   0000000000000000 0000000000000000
0x0000007e8d5ff0a8:   0000000000000000 0000000000000000
0x0000007e8d5ff0b8:   0000000000000000 000000008ff10330
0x0000007e8d5ff0c8:   0000000000000000 0000000000000000
0x0000007e8d5ff0d8:   000000009093e0c8 000000009092b1f8
0x0000007e8d5ff0e8:   0000000000000002 0000000000000012
0x0000007e8d5ff0f8:   0000000000000400 0000000000000400
0x0000007e8d5ff108:   000000008ff17e70 0000000090cfbbf0 

Instructions: (pc=0x00007ffce58b2f16)
0x00007ffce58b2e16:   8b d1 44 8b 4c 24 30 49 8b c8 4c 8b 44 24 28 48
0x00007ffce58b2e26:   89 44 24 28 e9 41 d0 ff ff cc 48 83 ec 28 49 8b
0x00007ffce58b2e36:   c8 e8 64 65 ff ff 85 c0 74 0a b8 01 00 00 00 48
0x00007ffce58b2e46:   83 c4 28 c3 41 80 38 74 75 6d 41 80 78 01 74 75
0x00007ffce58b2e56:   66 41 80 78 02 63 75 5f 41 80 78 03 66 75 58 41
0x00007ffce58b2e66:   0f b6 48 05 41 0f b6 40 06 c1 e0 08 c1 e1 10 03
0x00007ffce58b2e76:   c8 41 0f b6 40 04 c1 e0 18 03 c8 41 0f b6 40 07
0x00007ffce58b2e86:   05 00 00 ff ff 03 c8 f7 c1 ff ff fe ff 75 28 41
0x00007ffce58b2e96:   0f b6 48 09 41 0f b6 40 08 c1 e0 08 03 c1 41 0f
0x00007ffce58b2ea6:   b6 48 0a c1 e0 08 03 c1 41 0f b6 48 0b c1 e0 08
0x00007ffce58b2eb6:   03 c1 48 83 c4 28 c3 33 c0 48 83 c4 28 c3 cc cc
0x00007ffce58b2ec6:   cc cc cc cc cc cc cc cc cc cc 41 8b d1 49 8b c8
0x00007ffce58b2ed6:   e9 d5 fa ff ff cc cc cc cc cc 49 8b c8 49 8b d1
0x00007ffce58b2ee6:   44 8b 44 24 28 e9 30 67 ff ff 41 8b d1 49 8b c8
0x00007ffce58b2ef6:   e9 15 6c ff ff cc cc cc cc cc 4d 63 50 24 41 bb
0x00007ffce58b2f06:   00 01 00 00 4d 8b 48 08 41 0f bf c3 41 0f bf cb
0x00007ffce58b2f16:   43 0f b6 54 0a 06 0f af d0 43 0f b6 44 0a 07 66
0x00007ffce58b2f26:   03 d0 43 0f b6 44 0a 05 44 0f bf c2 43 0f b6 54
0x00007ffce58b2f36:   0a 04 0f af d1 66 03 c2 98 41 2b c0 66 0f 6e c0
0x00007ffce58b2f46:   0f 5b c0 f3 0f 5e d8 0f 28 c3 c3 cc cc cc cc cc
0x00007ffce58b2f56:   cc cc cc cc cc cc cc cc cc cc 49 63 48 1c 49 8b
0x00007ffce58b2f66:   40 08 0f b6 54 01 12 0f b6 44 01 13 c1 e2 08 03
0x00007ffce58b2f76:   d0 66 0f 6e c2 0f 5b c0 f3 0f 5e d8 0f 28 c3 c3
0x00007ffce58b2f86:   cc cc cc cc cc cc cc cc cc cc 48 89 5c 24 08 4d
0x00007ffce58b2f96:   8d 50 24 bb 00 01 00 00 4d 8d 58 08 4d 85 c9 74
0x00007ffce58b2fa6:   1f 4d 63 02 49 8b 03 0f bf cb 41 0f b6 54 00 04
0x00007ffce58b2fb6:   41 0f b6 44 00 05 0f af d1 66 03 c2 98 41 89 01
0x00007ffce58b2fc6:   4c 8b 4c 24 28 4d 85 c9 74 1f 4d 63 02 49 8b 03
0x00007ffce58b2fd6:   0f bf cb 41 0f b6 54 00 06 41 0f b6 44 00 07 0f
0x00007ffce58b2fe6:   af d1 66 03 c2 98 41 89 01 4c 8b 4c 24 30 4d 85
0x00007ffce58b2ff6:   c9 74 1f 4d 63 02 49 8b 03 0f bf cb 41 0f b6 54
0x00007ffce58b3006:   00 08 41 0f b6 44 00 09 0f af d1 66 03 c2 98 41 


Stack slot to memory mapping:

stack at sp + 0 slots: 0x000001d34c310b72 is at code_begin+1970 in an Interpreter codelet
native method entry point (kind = native)  [0x000001d34c3103c0, 0x000001d34c311628]  4712 bytes
stack at sp + 1 slots: 0x0000000000010000 is an unknown value
stack at sp + 2 slots: 0x000001d34c3104d3 is at code_begin+275 in an Interpreter codelet
native method entry point (kind = native)  [0x000001d34c3103c0, 0x000001d34c311628]  4712 bytes
stack at sp + 3 slots: {method} {0x000001d39a8bd438} 'nstbtt_ScaleForPixelHeight' '(JF)F' in 'org/lwjgl/stb/STBTruetype'
stack at sp + 4 slots: 0x0 is null
stack at sp + 5 slots: 0x3ff0000000000000 is an unknown value
stack at sp + 6 slots: 0x000001d33a418c20 is a thread
stack at sp + 7 slots: 0x000001d34c31047b is at code_begin+187 in an Interpreter codelet
native method entry point (kind = native)  [0x000001d34c3103c0, 0x000001d34c311628]  4712 bytes

Lock stack of current Java thread (top to bottom):


---------------  P R O C E S S  ---------------

Threads class SMR info:
_java_thread_list=0x000001d39e9d9cd0, length=14, elements={
0x000001d33a418c20, 0x000001d358906d30, 0x000001d358907790, 0x000001d3589081f0,
0x000001d358908c50, 0x000001d35890b6c0, 0x000001d35890c3a0, 0x000001d358911380,
0x000001d35891f350, 0x000001d3589f7310, 0x000001d358aeb2b0, 0x000001d358af6b70,
0x000001d358af7a20, 0x000001d358be7490
}

Java Threads: ( => current thread )
=>0x000001d33a418c20 JavaThread "main"                              [_thread_in_native, id=7388, stack(0x0000007e8d500000,0x0000007e8d600000) (1024K)]
  0x000001d358906d30 JavaThread "Reference Handler"          daemon [_thread_blocked, id=15656, stack(0x0000007e8dd00000,0x0000007e8de00000) (1024K)]
  0x000001d358907790 JavaThread "Finalizer"                  daemon [_thread_blocked, id=9120, stack(0x0000007e8de00000,0x0000007e8df00000) (1024K)]
  0x000001d3589081f0 JavaThread "Signal Dispatcher"          daemon [_thread_blocked, id=17272, stack(0x0000007e8df00000,0x0000007e8e000000) (1024K)]
  0x000001d358908c50 JavaThread "Attach Listener"            daemon [_thread_blocked, id=14728, stack(0x0000007e8e000000,0x0000007e8e100000) (1024K)]
  0x000001d35890b6c0 JavaThread "Service Thread"             daemon [_thread_blocked, id=16144, stack(0x0000007e8e100000,0x0000007e8e200000) (1024K)]
  0x000001d35890c3a0 JavaThread "Monitor Deflation Thread"   daemon [_thread_blocked, id=14596, stack(0x0000007e8e200000,0x0000007e8e300000) (1024K)]
  0x000001d358911380 JavaThread "C2 CompilerThread0"         daemon [_thread_blocked, id=16848, stack(0x0000007e8e300000,0x0000007e8e400000) (1024K)]
  0x000001d35891f350 JavaThread "C1 CompilerThread0"         daemon [_thread_blocked, id=14260, stack(0x0000007e8e400000,0x0000007e8e500000) (1024K)]
  0x000001d3589f7310 JavaThread "Common-Cleaner"             daemon [_thread_blocked, id=11248, stack(0x0000007e8e500000,0x0000007e8e600000) (1024K)]
  0x000001d358aeb2b0 JavaThread "JDWP Transport Listener: dt_socket" daemon [_thread_blocked, id=16396, stack(0x0000007e8e600000,0x0000007e8e700000) (1024K)]
  0x000001d358af6b70 JavaThread "JDWP Event Helper Thread"   daemon [_thread_blocked, id=1600, stack(0x0000007e8e700000,0x0000007e8e800000) (1024K)]
  0x000001d358af7a20 JavaThread "JDWP Command Reader"        daemon [_thread_in_native, id=16296, stack(0x0000007e8e800000,0x0000007e8e900000) (1024K)]
  0x000001d358be7490 JavaThread "Notification Thread"        daemon [_thread_blocked, id=728, stack(0x0000007e8e900000,0x0000007e8ea00000) (1024K)]
Total: 14

Other Threads:
  0x000001d3588ecde0 VMThread "VM Thread"                           [id=16132, stack(0x0000007e8dc00000,0x0000007e8dd00000) (1024K)]
  0x000001d3588dd640 WatcherThread "VM Periodic Task Thread"        [id=9388, stack(0x0000007e8db00000,0x0000007e8dc00000) (1024K)]
  0x000001d33c6ef870 WorkerThread "GC Thread#0"                     [id=10248, stack(0x0000007e8d600000,0x0000007e8d700000) (1024K)]
  0x000001d39e5ad530 WorkerThread "GC Thread#1"                     [id=1804, stack(0x0000007e8eb00000,0x0000007e8ec00000) (1024K)]
  0x000001d39e60cab0 WorkerThread "GC Thread#2"                     [id=14908, stack(0x0000007e8ec00000,0x0000007e8ed00000) (1024K)]
  0x000001d39e60ce60 WorkerThread "GC Thread#3"                     [id=11500, stack(0x0000007e8ed00000,0x0000007e8ee00000) (1024K)]
  0x000001d33c703300 ConcurrentGCThread "G1 Main Marker"            [id=10992, stack(0x0000007e8d700000,0x0000007e8d800000) (1024K)]
  0x000001d33c7045b0 WorkerThread "G1 Conc#0"                       [id=16212, stack(0x0000007e8d800000,0x0000007e8d900000) (1024K)]
  0x000001d3587a7260 ConcurrentGCThread "G1 Refine#0"               [id=15012, stack(0x0000007e8d900000,0x0000007e8da00000) (1024K)]
  0x000001d3587aaab0 ConcurrentGCThread "G1 Service"                [id=9152, stack(0x0000007e8da00000,0x0000007e8db00000) (1024K)]
Total: 10

Threads with active compile tasks:
Total: 0

VM state: not at safepoint (normal execution)

VM Mutex/Monitor currently owned by a thread: None

Heap address: 0x0000000089600000, size: 1898 MB, Compressed Oops mode: 32-bit

CDS archive(s) mapped at: [0x000001d359000000-0x000001d359d70000-0x000001d359d70000), size 14090240, SharedBaseAddress: 0x000001d359000000, ArchiveRelocationMode: 1.
Compressed class space mapped at: 0x000001d35a000000-0x000001d39a000000, reserved size: 1073741824
Narrow klass base: 0x000001d359000000, Narrow klass shift: 0, Narrow klass range: 0x41000000

GC Precious Log:
 CardTable entry size: 512
 Card Set container configuration: InlinePtr #cards 5 size 8 Array Of Cards #cards 10 size 36 Howl #buckets 4 coarsen threshold 1843 Howl Bitmap #cards 512 size 80 coarsen threshold 460 Card regions per heap region 1 cards per card region 2048
 CPUs: 4 total, 4 available
 Memory: 7591M
 Large Page Support: Disabled
 NUMA Support: Disabled
 Compressed Oops: Enabled (32-bit)
 Heap Region Size: 1M
 Heap Min Capacity: 8M
 Heap Initial Capacity: 120M
 Heap Max Capacity: 1898M
 Pre-touch: Disabled
 Parallel Workers: 4
 Concurrent Workers: 1
 Concurrent Refinement Workers: 4
 Periodic GC: Disabled

Heap:
 garbage-first heap   total reserved 1943552K, committed 122880K, used 6396K [0x0000000089600000, 0x0000000100000000)
  region size 1024K, 7 young (7168K), 2 survivors (2048K)
 Metaspace       used 8704K, committed 8896K, reserved 1114112K
  class space    used 584K, committed 704K, reserved 1048576K

Heap Regions: E=young(eden), S=young(survivor), O=old, HS=humongous(starts), HC=humongous(continues), CS=collection set, F=free, TAMS=top-at-mark-start, PB=parsable bottom
|   0|0x0000000089600000, 0x000000008963f2c0, 0x0000000089700000| 24%| O|  |TAMS 0x0000000089600000| PB 0x0000000089600000| Untracked |  0
|   1|0x0000000089700000, 0x0000000089700000, 0x0000000089800000|  0%| F|  |TAMS 0x0000000089700000| PB 0x0000000089700000| Untracked |  0
|   2|0x0000000089800000, 0x0000000089800000, 0x0000000089900000|  0%| F|  |TAMS 0x0000000089800000| PB 0x0000000089800000| Untracked |  0
|   3|0x0000000089900000, 0x0000000089900000, 0x0000000089a00000|  0%| F|  |TAMS 0x0000000089900000| PB 0x0000000089900000| Untracked |  0
|   4|0x0000000089a00000, 0x0000000089a00000, 0x0000000089b00000|  0%| F|  |TAMS 0x0000000089a00000| PB 0x0000000089a00000| Untracked |  0
|   5|0x0000000089b00000, 0x0000000089b00000, 0x0000000089c00000|  0%| F|  |TAMS 0x0000000089b00000| PB 0x0000000089b00000| Untracked |  0
|   6|0x0000000089c00000, 0x0000000089c00000, 0x0000000089d00000|  0%| F|  |TAMS 0x0000000089c00000| PB 0x0000000089c00000| Untracked |  0
|   7|0x0000000089d00000, 0x0000000089d00000, 0x0000000089e00000|  0%| F|  |TAMS 0x0000000089d00000| PB 0x0000000089d00000| Untracked |  0
|   8|0x0000000089e00000, 0x0000000089e00000, 0x0000000089f00000|  0%| F|  |TAMS 0x0000000089e00000| PB 0x0000000089e00000| Untracked |  0
|   9|0x0000000089f00000, 0x0000000089f00000, 0x000000008a000000|  0%| F|  |TAMS 0x0000000089f00000| PB 0x0000000089f00000| Untracked |  0
|  10|0x000000008a000000, 0x000000008a000000, 0x000000008a100000|  0%| F|  |TAMS 0x000000008a000000| PB 0x000000008a000000| Untracked |  0
|  11|0x000000008a100000, 0x000000008a100000, 0x000000008a200000|  0%| F|  |TAMS 0x000000008a100000| PB 0x000000008a100000| Untracked |  0
|  12|0x000000008a200000, 0x000000008a200000, 0x000000008a300000|  0%| F|  |TAMS 0x000000008a200000| PB 0x000000008a200000| Untracked |  0
|  13|0x000000008a300000, 0x000000008a300000, 0x000000008a400000|  0%| F|  |TAMS 0x000000008a300000| PB 0x000000008a300000| Untracked |  0
|  14|0x000000008a400000, 0x000000008a400000, 0x000000008a500000|  0%| F|  |TAMS 0x000000008a400000| PB 0x000000008a400000| Untracked |  0
|  15|0x000000008a500000, 0x000000008a500000, 0x000000008a600000|  0%| F|  |TAMS 0x000000008a500000| PB 0x000000008a500000| Untracked |  0
|  16|0x000000008a600000, 0x000000008a600000, 0x000000008a700000|  0%| F|  |TAMS 0x000000008a600000| PB 0x000000008a600000| Untracked |  0
|  17|0x000000008a700000, 0x000000008a700000, 0x000000008a800000|  0%| F|  |TAMS 0x000000008a700000| PB 0x000000008a700000| Untracked |  0
|  18|0x000000008a800000, 0x000000008a800000, 0x000000008a900000|  0%| F|  |TAMS 0x000000008a800000| PB 0x000000008a800000| Untracked |  0
|  19|0x000000008a900000, 0x000000008a900000, 0x000000008aa00000|  0%| F|  |TAMS 0x000000008a900000| PB 0x000000008a900000| Untracked |  0
|  20|0x000000008aa00000, 0x000000008aa00000, 0x000000008ab00000|  0%| F|  |TAMS 0x000000008aa00000| PB 0x000000008aa00000| Untracked |  0
|  21|0x000000008ab00000, 0x000000008ab00000, 0x000000008ac00000|  0%| F|  |TAMS 0x000000008ab00000| PB 0x000000008ab00000| Untracked |  0
|  22|0x000000008ac00000, 0x000000008ac00000, 0x000000008ad00000|  0%| F|  |TAMS 0x000000008ac00000| PB 0x000000008ac00000| Untracked |  0
|  23|0x000000008ad00000, 0x000000008ad00000, 0x000000008ae00000|  0%| F|  |TAMS 0x000000008ad00000| PB 0x000000008ad00000| Untracked |  0
|  24|0x000000008ae00000, 0x000000008ae00000, 0x000000008af00000|  0%| F|  |TAMS 0x000000008ae00000| PB 0x000000008ae00000| Untracked |  0
|  25|0x000000008af00000, 0x000000008af00000, 0x000000008b000000|  0%| F|  |TAMS 0x000000008af00000| PB 0x000000008af00000| Untracked |  0
|  26|0x000000008b000000, 0x000000008b000000, 0x000000008b100000|  0%| F|  |TAMS 0x000000008b000000| PB 0x000000008b000000| Untracked |  0
|  27|0x000000008b100000, 0x000000008b100000, 0x000000008b200000|  0%| F|  |TAMS 0x000000008b100000| PB 0x000000008b100000| Untracked |  0
|  28|0x000000008b200000, 0x000000008b200000, 0x000000008b300000|  0%| F|  |TAMS 0x000000008b200000| PB 0x000000008b200000| Untracked |  0
|  29|0x000000008b300000, 0x000000008b300000, 0x000000008b400000|  0%| F|  |TAMS 0x000000008b300000| PB 0x000000008b300000| Untracked |  0
|  30|0x000000008b400000, 0x000000008b400000, 0x000000008b500000|  0%| F|  |TAMS 0x000000008b400000| PB 0x000000008b400000| Untracked |  0
|  31|0x000000008b500000, 0x000000008b500000, 0x000000008b600000|  0%| F|  |TAMS 0x000000008b500000| PB 0x000000008b500000| Untracked |  0
|  32|0x000000008b600000, 0x000000008b600000, 0x000000008b700000|  0%| F|  |TAMS 0x000000008b600000| PB 0x000000008b600000| Untracked |  0
|  33|0x000000008b700000, 0x000000008b700000, 0x000000008b800000|  0%| F|  |TAMS 0x000000008b700000| PB 0x000000008b700000| Untracked |  0
|  34|0x000000008b800000, 0x000000008b800000, 0x000000008b900000|  0%| F|  |TAMS 0x000000008b800000| PB 0x000000008b800000| Untracked |  0
|  35|0x000000008b900000, 0x000000008b900000, 0x000000008ba00000|  0%| F|  |TAMS 0x000000008b900000| PB 0x000000008b900000| Untracked |  0
|  36|0x000000008ba00000, 0x000000008ba00000, 0x000000008bb00000|  0%| F|  |TAMS 0x000000008ba00000| PB 0x000000008ba00000| Untracked |  0
|  37|0x000000008bb00000, 0x000000008bb00000, 0x000000008bc00000|  0%| F|  |TAMS 0x000000008bb00000| PB 0x000000008bb00000| Untracked |  0
|  38|0x000000008bc00000, 0x000000008bc00000, 0x000000008bd00000|  0%| F|  |TAMS 0x000000008bc00000| PB 0x000000008bc00000| Untracked |  0
|  39|0x000000008bd00000, 0x000000008bd00000, 0x000000008be00000|  0%| F|  |TAMS 0x000000008bd00000| PB 0x000000008bd00000| Untracked |  0
|  40|0x000000008be00000, 0x000000008be00000, 0x000000008bf00000|  0%| F|  |TAMS 0x000000008be00000| PB 0x000000008be00000| Untracked |  0
|  41|0x000000008bf00000, 0x000000008bf00000, 0x000000008c000000|  0%| F|  |TAMS 0x000000008bf00000| PB 0x000000008bf00000| Untracked |  0
|  42|0x000000008c000000, 0x000000008c000000, 0x000000008c100000|  0%| F|  |TAMS 0x000000008c000000| PB 0x000000008c000000| Untracked |  0
|  43|0x000000008c100000, 0x000000008c100000, 0x000000008c200000|  0%| F|  |TAMS 0x000000008c100000| PB 0x000000008c100000| Untracked |  0
|  44|0x000000008c200000, 0x000000008c200000, 0x000000008c300000|  0%| F|  |TAMS 0x000000008c200000| PB 0x000000008c200000| Untracked |  0
|  45|0x000000008c300000, 0x000000008c300000, 0x000000008c400000|  0%| F|  |TAMS 0x000000008c300000| PB 0x000000008c300000| Untracked |  0
|  46|0x000000008c400000, 0x000000008c400000, 0x000000008c500000|  0%| F|  |TAMS 0x000000008c400000| PB 0x000000008c400000| Untracked |  0
|  47|0x000000008c500000, 0x000000008c500000, 0x000000008c600000|  0%| F|  |TAMS 0x000000008c500000| PB 0x000000008c500000| Untracked |  0
|  48|0x000000008c600000, 0x000000008c600000, 0x000000008c700000|  0%| F|  |TAMS 0x000000008c600000| PB 0x000000008c600000| Untracked |  0
|  49|0x000000008c700000, 0x000000008c700000, 0x000000008c800000|  0%| F|  |TAMS 0x000000008c700000| PB 0x000000008c700000| Untracked |  0
|  50|0x000000008c800000, 0x000000008c800000, 0x000000008c900000|  0%| F|  |TAMS 0x000000008c800000| PB 0x000000008c800000| Untracked |  0
|  51|0x000000008c900000, 0x000000008c900000, 0x000000008ca00000|  0%| F|  |TAMS 0x000000008c900000| PB 0x000000008c900000| Untracked |  0
|  52|0x000000008ca00000, 0x000000008ca00000, 0x000000008cb00000|  0%| F|  |TAMS 0x000000008ca00000| PB 0x000000008ca00000| Untracked |  0
|  53|0x000000008cb00000, 0x000000008cb00000, 0x000000008cc00000|  0%| F|  |TAMS 0x000000008cb00000| PB 0x000000008cb00000| Untracked |  0
|  54|0x000000008cc00000, 0x000000008cc00000, 0x000000008cd00000|  0%| F|  |TAMS 0x000000008cc00000| PB 0x000000008cc00000| Untracked |  0
|  55|0x000000008cd00000, 0x000000008cd00000, 0x000000008ce00000|  0%| F|  |TAMS 0x000000008cd00000| PB 0x000000008cd00000| Untracked |  0
|  56|0x000000008ce00000, 0x000000008ce00000, 0x000000008cf00000|  0%| F|  |TAMS 0x000000008ce00000| PB 0x000000008ce00000| Untracked |  0
|  57|0x000000008cf00000, 0x000000008cf00000, 0x000000008d000000|  0%| F|  |TAMS 0x000000008cf00000| PB 0x000000008cf00000| Untracked |  0
|  58|0x000000008d000000, 0x000000008d000000, 0x000000008d100000|  0%| F|  |TAMS 0x000000008d000000| PB 0x000000008d000000| Untracked |  0
|  59|0x000000008d100000, 0x000000008d100000, 0x000000008d200000|  0%| F|  |TAMS 0x000000008d100000| PB 0x000000008d100000| Untracked |  0
|  60|0x000000008d200000, 0x000000008d200000, 0x000000008d300000|  0%| F|  |TAMS 0x000000008d200000| PB 0x000000008d200000| Untracked |  0
|  61|0x000000008d300000, 0x000000008d300000, 0x000000008d400000|  0%| F|  |TAMS 0x000000008d300000| PB 0x000000008d300000| Untracked |  0
|  62|0x000000008d400000, 0x000000008d400000, 0x000000008d500000|  0%| F|  |TAMS 0x000000008d400000| PB 0x000000008d400000| Untracked |  0
|  63|0x000000008d500000, 0x000000008d500000, 0x000000008d600000|  0%| F|  |TAMS 0x000000008d500000| PB 0x000000008d500000| Untracked |  0
|  64|0x000000008d600000, 0x000000008d600000, 0x000000008d700000|  0%| F|  |TAMS 0x000000008d600000| PB 0x000000008d600000| Untracked |  0
|  65|0x000000008d700000, 0x000000008d700000, 0x000000008d800000|  0%| F|  |TAMS 0x000000008d700000| PB 0x000000008d700000| Untracked |  0
|  66|0x000000008d800000, 0x000000008d800000, 0x000000008d900000|  0%| F|  |TAMS 0x000000008d800000| PB 0x000000008d800000| Untracked |  0
|  67|0x000000008d900000, 0x000000008d900000, 0x000000008da00000|  0%| F|  |TAMS 0x000000008d900000| PB 0x000000008d900000| Untracked |  0
|  68|0x000000008da00000, 0x000000008da00000, 0x000000008db00000|  0%| F|  |TAMS 0x000000008da00000| PB 0x000000008da00000| Untracked |  0
|  69|0x000000008db00000, 0x000000008db00000, 0x000000008dc00000|  0%| F|  |TAMS 0x000000008db00000| PB 0x000000008db00000| Untracked |  0
|  70|0x000000008dc00000, 0x000000008dc00000, 0x000000008dd00000|  0%| F|  |TAMS 0x000000008dc00000| PB 0x000000008dc00000| Untracked |  0
|  71|0x000000008dd00000, 0x000000008dd00000, 0x000000008de00000|  0%| F|  |TAMS 0x000000008dd00000| PB 0x000000008dd00000| Untracked |  0
|  72|0x000000008de00000, 0x000000008de00000, 0x000000008df00000|  0%| F|  |TAMS 0x000000008de00000| PB 0x000000008de00000| Untracked |  0
|  73|0x000000008df00000, 0x000000008df00000, 0x000000008e000000|  0%| F|  |TAMS 0x000000008df00000| PB 0x000000008df00000| Untracked |  0
|  74|0x000000008e000000, 0x000000008e000000, 0x000000008e100000|  0%| F|  |TAMS 0x000000008e000000| PB 0x000000008e000000| Untracked |  0
|  75|0x000000008e100000, 0x000000008e100000, 0x000000008e200000|  0%| F|  |TAMS 0x000000008e100000| PB 0x000000008e100000| Untracked |  0
|  76|0x000000008e200000, 0x000000008e200000, 0x000000008e300000|  0%| F|  |TAMS 0x000000008e200000| PB 0x000000008e200000| Untracked |  0
|  77|0x000000008e300000, 0x000000008e300000, 0x000000008e400000|  0%| F|  |TAMS 0x000000008e300000| PB 0x000000008e300000| Untracked |  0
|  78|0x000000008e400000, 0x000000008e400000, 0x000000008e500000|  0%| F|  |TAMS 0x000000008e400000| PB 0x000000008e400000| Untracked |  0
|  79|0x000000008e500000, 0x000000008e500000, 0x000000008e600000|  0%| F|  |TAMS 0x000000008e500000| PB 0x000000008e500000| Untracked |  0
|  80|0x000000008e600000, 0x000000008e600000, 0x000000008e700000|  0%| F|  |TAMS 0x000000008e600000| PB 0x000000008e600000| Untracked |  0
|  81|0x000000008e700000, 0x000000008e700000, 0x000000008e800000|  0%| F|  |TAMS 0x000000008e700000| PB 0x000000008e700000| Untracked |  0
|  82|0x000000008e800000, 0x000000008e800000, 0x000000008e900000|  0%| F|  |TAMS 0x000000008e800000| PB 0x000000008e800000| Untracked |  0
|  83|0x000000008e900000, 0x000000008e900000, 0x000000008ea00000|  0%| F|  |TAMS 0x000000008e900000| PB 0x000000008e900000| Untracked |  0
|  84|0x000000008ea00000, 0x000000008ea00000, 0x000000008eb00000|  0%| F|  |TAMS 0x000000008ea00000| PB 0x000000008ea00000| Untracked |  0
|  85|0x000000008eb00000, 0x000000008eb00000, 0x000000008ec00000|  0%| F|  |TAMS 0x000000008eb00000| PB 0x000000008eb00000| Untracked |  0
|  86|0x000000008ec00000, 0x000000008ec00000, 0x000000008ed00000|  0%| F|  |TAMS 0x000000008ec00000| PB 0x000000008ec00000| Untracked |  0
|  87|0x000000008ed00000, 0x000000008ed00000, 0x000000008ee00000|  0%| F|  |TAMS 0x000000008ed00000| PB 0x000000008ed00000| Untracked |  0
|  88|0x000000008ee00000, 0x000000008ee00000, 0x000000008ef00000|  0%| F|  |TAMS 0x000000008ee00000| PB 0x000000008ee00000| Untracked |  0
|  89|0x000000008ef00000, 0x000000008ef00000, 0x000000008f000000|  0%| F|  |TAMS 0x000000008ef00000| PB 0x000000008ef00000| Untracked |  0
|  90|0x000000008f000000, 0x000000008f000000, 0x000000008f100000|  0%| F|  |TAMS 0x000000008f000000| PB 0x000000008f000000| Untracked |  0
|  91|0x000000008f100000, 0x000000008f100000, 0x000000008f200000|  0%| F|  |TAMS 0x000000008f100000| PB 0x000000008f100000| Untracked |  0
|  92|0x000000008f200000, 0x000000008f200000, 0x000000008f300000|  0%| F|  |TAMS 0x000000008f200000| PB 0x000000008f200000| Untracked |  0
|  93|0x000000008f300000, 0x000000008f300000, 0x000000008f400000|  0%| F|  |TAMS 0x000000008f300000| PB 0x000000008f300000| Untracked |  0
|  94|0x000000008f400000, 0x000000008f400000, 0x000000008f500000|  0%| F|  |TAMS 0x000000008f400000| PB 0x000000008f400000| Untracked |  0
|  95|0x000000008f500000, 0x000000008f500000, 0x000000008f600000|  0%| F|  |TAMS 0x000000008f500000| PB 0x000000008f500000| Untracked |  0
|  96|0x000000008f600000, 0x000000008f600000, 0x000000008f700000|  0%| F|  |TAMS 0x000000008f600000| PB 0x000000008f600000| Untracked |  0
|  97|0x000000008f700000, 0x000000008f700000, 0x000000008f800000|  0%| F|  |TAMS 0x000000008f700000| PB 0x000000008f700000| Untracked |  0
|  98|0x000000008f800000, 0x000000008f800000, 0x000000008f900000|  0%| F|  |TAMS 0x000000008f800000| PB 0x000000008f800000| Untracked |  0
|  99|0x000000008f900000, 0x000000008f900000, 0x000000008fa00000|  0%| F|  |TAMS 0x000000008f900000| PB 0x000000008f900000| Untracked |  0
| 100|0x000000008fa00000, 0x000000008fa00000, 0x000000008fb00000|  0%| F|  |TAMS 0x000000008fa00000| PB 0x000000008fa00000| Untracked |  0
| 101|0x000000008fb00000, 0x000000008fb00000, 0x000000008fc00000|  0%| F|  |TAMS 0x000000008fb00000| PB 0x000000008fb00000| Untracked |  0
| 102|0x000000008fc00000, 0x000000008fc00000, 0x000000008fd00000|  0%| F|  |TAMS 0x000000008fc00000| PB 0x000000008fc00000| Untracked |  0
| 103|0x000000008fd00000, 0x000000008fd00000, 0x000000008fe00000|  0%| F|  |TAMS 0x000000008fd00000| PB 0x000000008fd00000| Untracked |  0
| 104|0x000000008fe00000, 0x000000008ff00000, 0x000000008ff00000|100%| S|CS|TAMS 0x000000008fe00000| PB 0x000000008fe00000| Complete |  0
| 105|0x000000008ff00000, 0x0000000090000000, 0x0000000090000000|100%| S|CS|TAMS 0x000000008ff00000| PB 0x000000008ff00000| Complete |  0
| 106|0x0000000090000000, 0x0000000090000000, 0x0000000090100000|  0%| F|  |TAMS 0x0000000090000000| PB 0x0000000090000000| Untracked |  0
| 107|0x0000000090100000, 0x0000000090100000, 0x0000000090200000|  0%| F|  |TAMS 0x0000000090100000| PB 0x0000000090100000| Untracked |  0
| 108|0x0000000090200000, 0x0000000090200000, 0x0000000090300000|  0%| F|  |TAMS 0x0000000090200000| PB 0x0000000090200000| Untracked |  0
| 109|0x0000000090300000, 0x0000000090300000, 0x0000000090400000|  0%| F|  |TAMS 0x0000000090300000| PB 0x0000000090300000| Untracked |  0
| 110|0x0000000090400000, 0x0000000090400000, 0x0000000090500000|  0%| F|  |TAMS 0x0000000090400000| PB 0x0000000090400000| Untracked |  0
| 111|0x0000000090500000, 0x0000000090500000, 0x0000000090600000|  0%| F|  |TAMS 0x0000000090500000| PB 0x0000000090500000| Untracked |  0
| 112|0x0000000090600000, 0x0000000090600000, 0x0000000090700000|  0%| F|  |TAMS 0x0000000090600000| PB 0x0000000090600000| Untracked |  0
| 113|0x0000000090700000, 0x0000000090700000, 0x0000000090800000|  0%| F|  |TAMS 0x0000000090700000| PB 0x0000000090700000| Untracked |  0
| 114|0x0000000090800000, 0x0000000090800000, 0x0000000090900000|  0%| F|  |TAMS 0x0000000090800000| PB 0x0000000090800000| Untracked |  0
| 115|0x0000000090900000, 0x0000000090976898, 0x0000000090a00000| 46%| E|  |TAMS 0x0000000090900000| PB 0x0000000090900000| Complete |  0
| 116|0x0000000090a00000, 0x0000000090b00000, 0x0000000090b00000|100%| E|CS|TAMS 0x0000000090a00000| PB 0x0000000090a00000| Complete |  0
| 117|0x0000000090b00000, 0x0000000090c00000, 0x0000000090c00000|100%| E|CS|TAMS 0x0000000090b00000| PB 0x0000000090b00000| Complete |  0
| 118|0x0000000090c00000, 0x0000000090d00000, 0x0000000090d00000|100%| E|CS|TAMS 0x0000000090c00000| PB 0x0000000090c00000| Complete |  0
| 119|0x0000000090d00000, 0x0000000090e00000, 0x0000000090e00000|100%| E|CS|TAMS 0x0000000090d00000| PB 0x0000000090d00000| Complete |  0

Card table byte_map: [0x000001d354190000,0x000001d354550000] _byte_map_base: 0x000001d353d45000

Marking Bits: (CMBitMap*) 0x000001d33c6eff80
 Bits: [0x000001d354550000, 0x000001d3562f8000)

Polling page: 0x000001d33be60000

Metaspace:

Usage:
  Non-class:      7.93 MB used.
      Class:    584.24 KB used.
       Both:      8.50 MB used.

Virtual space:
  Non-class space:       64.00 MB reserved,       8.00 MB ( 12%) committed,  1 nodes.
      Class space:        1.00 GB reserved,     704.00 KB ( <1%) committed,  1 nodes.
             Both:        1.06 GB reserved,       8.69 MB ( <1%) committed. 

Chunk freelists:
   Non-Class:  7.20 MB
       Class:  15.17 MB
        Both:  22.37 MB

MaxMetaspaceSize: unlimited
CompressedClassSpaceSize: 1.00 GB
Initial GC threshold: 21.00 MB
Current GC threshold: 21.00 MB
CDS: on
 - commit_granule_bytes: 65536.
 - commit_granule_words: 8192.
 - virtual_space_node_default_size: 8388608.
 - enlarge_chunks_in_place: 1.
 - use_allocation_guard: 0.


Internal statistics:

num_allocs_failed_limit: 0.
num_arena_births: 112.
num_arena_deaths: 0.
num_vsnodes_births: 2.
num_vsnodes_deaths: 0.
num_space_committed: 138.
num_space_uncommitted: 0.
num_chunks_returned_to_freelist: 0.
num_chunks_taken_from_freelist: 283.
num_chunk_merges: 0.
num_chunk_splits: 188.
num_chunks_enlarged: 131.
num_inconsistent_stats: 0.

CodeHeap 'non-profiled nmethods': size=120064Kb used=279Kb max_used=279Kb free=119785Kb
 bounds [0x000001d34c890000, 0x000001d34cb00000, 0x000001d353dd0000]
CodeHeap 'profiled nmethods': size=120000Kb used=1317Kb max_used=1317Kb free=118682Kb
 bounds [0x000001d344dd0000, 0x000001d345040000, 0x000001d34c300000]
CodeHeap 'non-nmethods': size=5696Kb used=2381Kb max_used=2381Kb free=3314Kb
 bounds [0x000001d34c300000, 0x000001d34c570000, 0x000001d34c890000]
CodeCache: size=245760Kb, used=3977Kb, max_used=3977Kb, free=241781Kb
 total_blobs=2319, nmethods=1033, adapters=1192, full_count=0
Compilation: enabled, stopped_count=0, restarted_count=0

Compilation events (20 events):
Event: 1.686 Thread 0x000001d35891f350 nmethod 1025 0x000001d344f12b08 code [0x000001d344f12dc0, 0x000001d344f14330]
Event: 1.688 Thread 0x000001d35891f350 1026       3       java.util.zip.ZipFile$ZipFileInputStream::initDataOffset (117 bytes)
Event: 1.688 Thread 0x000001d35891f350 nmethod 1026 0x000001d344f14408 code [0x000001d344f145c0, 0x000001d344f14d50]
Event: 1.688 Thread 0x000001d35891f350 1027   !   3       java.util.zip.ZipFile$Source::readAt (39 bytes)
Event: 1.689 Thread 0x000001d35891f350 nmethod 1027 0x000001d344f14e08 code [0x000001d344f14fa0, 0x000001d344f156e8]
Event: 1.691 Thread 0x000001d358911380 1028       4       java.util.concurrent.ConcurrentHashMap::get (162 bytes)
Event: 1.694 Thread 0x000001d35891f350 1029       3       sun.security.provider.DigestBase::engineUpdate (176 bytes)
Event: 1.695 Thread 0x000001d35891f350 nmethod 1029 0x000001d344f15788 code [0x000001d344f15980, 0x000001d344f16570]
Event: 1.695 Thread 0x000001d35891f350 1030       3       java.security.MessageDigest::update (45 bytes)
Event: 1.695 Thread 0x000001d35891f350 nmethod 1030 0x000001d344f16608 code [0x000001d344f16780, 0x000001d344f16c78]
Event: 1.695 Thread 0x000001d35891f350 1031       3       java.security.MessageDigest$Delegate::engineUpdate (11 bytes)
Event: 1.695 Thread 0x000001d35891f350 nmethod 1031 0x000001d344f16d08 code [0x000001d344f16e20, 0x000001d344f17020]
Event: 1.697 Thread 0x000001d358911380 nmethod 1028 0x000001d34c8d5688 code [0x000001d34c8d57c0, 0x000001d34c8d5bc0]
Event: 1.697 Thread 0x000001d35891f350 1032       3       java.util.zip.ZipFile$ZipFileInflaterInputStream::fill (80 bytes)
Event: 1.697 Thread 0x000001d35891f350 nmethod 1032 0x000001d344f17088 code [0x000001d344f17200, 0x000001d344f17588]
Event: 1.697 Thread 0x000001d35891f350 1033   !   3       java.util.zip.Inflater::setInput (56 bytes)
Event: 1.698 Thread 0x000001d35891f350 nmethod 1033 0x000001d344f17608 code [0x000001d344f17760, 0x000001d344f17c00]
Event: 1.699 Thread 0x000001d35891f350 1034  s    3       jdk.internal.loader.Resource::cachedInputStream (20 bytes)
Event: 1.699 Thread 0x000001d35891f350 nmethod 1034 0x000001d344f17c88 code [0x000001d344f17dc0, 0x000001d344f18188]
Event: 1.701 Thread 0x000001d35891f350 1035       3       java.util.WeakHashMap::put (160 bytes)

GC Heap History (2 events):
Event: 1.108 GC heap before
{Heap before GC invocations=0 (full 0):
 garbage-first heap   total reserved 1943552K, committed 122880K, used 13312K [0x0000000089600000, 0x0000000100000000)
  region size 1024K, 14 young (14336K), 0 survivors (0K)
 Metaspace       used 7095K, committed 7296K, reserved 1114112K
  class space    used 527K, committed 640K, reserved 1048576K
}
Event: 1.123 GC heap after
{Heap after GC invocations=1 (full 0):
 garbage-first heap   total reserved 1943552K, committed 122880K, used 2300K [0x0000000089600000, 0x0000000100000000)
  region size 1024K, 2 young (2048K), 2 survivors (2048K)
 Metaspace       used 7095K, committed 7296K, reserved 1114112K
  class space    used 527K, committed 640K, reserved 1048576K
}

Dll operation events (12 events):
Event: 0.117 Loaded shared library C:\Users\Client\.jdks\openjdk-23.0.1\bin\java.dll
Event: 0.119 Loaded shared library C:\Users\Client\.jdks\openjdk-23.0.1\bin\zip.dll
Event: 0.166 Loaded shared library C:\Users\Client\.jdks\openjdk-23.0.1\bin\jsvml.dll
Event: 0.304 Loaded shared library C:\Users\Client\.jdks\openjdk-23.0.1\bin\instrument.dll
Event: 0.425 Loaded shared library C:\Users\Client\.jdks\openjdk-23.0.1\bin\net.dll
Event: 0.426 Loaded shared library C:\Users\Client\.jdks\openjdk-23.0.1\bin\nio.dll
Event: 0.448 Loaded shared library C:\Users\Client\.jdks\openjdk-23.0.1\bin\zip.dll
Event: 0.560 Loaded shared library C:\Users\Client\.jdks\openjdk-23.0.1\bin\jimage.dll
Event: 0.604 Loaded shared library C:\Users\Client\AppData\Local\Temp\lwjgl_Client\3.3.6+1\x64\lwjgl.dll
Event: 1.255 Loaded shared library C:\Users\Client\AppData\Local\Temp\lwjgl_Client\3.3.6+1\x64\lwjgl_opengl.dll
Event: 1.641 Loaded shared library C:\Users\Client\AppData\Local\Temp\lwjgl_Client\3.3.6+1\x64\lwjgl_nuklear.dll
Event: 1.691 Loaded shared library C:\Users\Client\AppData\Local\Temp\lwjgl_Client\3.3.6+1\x64\lwjgl_stb.dll

Deoptimization events (20 events):
Event: 1.058 Thread 0x000001d33a418c20 DEOPT PACKING pc=0x000001d344e61be2 sp=0x0000007e8d5fdd50
Event: 1.058 Thread 0x000001d33a418c20 DEOPT UNPACKING pc=0x000001d34c354b22 sp=0x0000007e8d5fd1e8 mode 0
Event: 1.060 Thread 0x000001d33a418c20 DEOPT PACKING pc=0x000001d344e61be2 sp=0x0000007e8d5fdd50
Event: 1.060 Thread 0x000001d33a418c20 DEOPT UNPACKING pc=0x000001d34c354b22 sp=0x0000007e8d5fd1e8 mode 0
Event: 1.061 Thread 0x000001d33a418c20 DEOPT PACKING pc=0x000001d344e61be2 sp=0x0000007e8d5fdd50
Event: 1.061 Thread 0x000001d33a418c20 DEOPT UNPACKING pc=0x000001d34c354b22 sp=0x0000007e8d5fd1e8 mode 0
Event: 1.062 Thread 0x000001d33a418c20 DEOPT PACKING pc=0x000001d344e61be2 sp=0x0000007e8d5fdd70
Event: 1.062 Thread 0x000001d33a418c20 DEOPT UNPACKING pc=0x000001d34c354b22 sp=0x0000007e8d5fd208 mode 0
Event: 1.062 Thread 0x000001d33a418c20 DEOPT PACKING pc=0x000001d344e61be2 sp=0x0000007e8d5fdd70
Event: 1.062 Thread 0x000001d33a418c20 DEOPT UNPACKING pc=0x000001d34c354b22 sp=0x0000007e8d5fd208 mode 0
Event: 1.063 Thread 0x000001d33a418c20 DEOPT PACKING pc=0x000001d344e61be2 sp=0x0000007e8d5fdd70
Event: 1.063 Thread 0x000001d33a418c20 DEOPT UNPACKING pc=0x000001d34c354b22 sp=0x0000007e8d5fd208 mode 0
Event: 1.064 Thread 0x000001d33a418c20 DEOPT PACKING pc=0x000001d344e61be2 sp=0x0000007e8d5fdd70
Event: 1.064 Thread 0x000001d33a418c20 DEOPT UNPACKING pc=0x000001d34c354b22 sp=0x0000007e8d5fd208 mode 0
Event: 1.065 Thread 0x000001d33a418c20 DEOPT PACKING pc=0x000001d344e61be2 sp=0x0000007e8d5fdd70
Event: 1.065 Thread 0x000001d33a418c20 DEOPT UNPACKING pc=0x000001d34c354b22 sp=0x0000007e8d5fd208 mode 0
Event: 1.066 Thread 0x000001d33a418c20 DEOPT PACKING pc=0x000001d344e61be2 sp=0x0000007e8d5fdd70
Event: 1.066 Thread 0x000001d33a418c20 DEOPT UNPACKING pc=0x000001d34c354b22 sp=0x0000007e8d5fd208 mode 0
Event: 1.067 Thread 0x000001d33a418c20 DEOPT PACKING pc=0x000001d344e61be2 sp=0x0000007e8d5fdd70
Event: 1.067 Thread 0x000001d33a418c20 DEOPT UNPACKING pc=0x000001d34c354b22 sp=0x0000007e8d5fd208 mode 0

Classes loaded (20 events):
Event: 1.650 Loading class org/lwjgl/nuklear/NkPluginPasteI
Event: 1.650 Loading class org/lwjgl/nuklear/NkPluginPasteI done
Event: 1.661 Loading class org/lwjgl/system/APIUtil$Encoder
Event: 1.661 Loading class org/lwjgl/system/APIUtil$Encoder done
Event: 1.661 Loading class org/lwjgl/system/APIUtil$Encoder
Event: 1.661 Loading class org/lwjgl/system/APIUtil$Encoder done
Event: 1.679 Loading class org/lwjgl/stb/STBTTFontinfo
Event: 1.679 Loading class org/lwjgl/stb/STBTTFontinfo done
Event: 1.680 Loading class org/lwjgl/stb/LibSTB
Event: 1.680 Loading class org/lwjgl/stb/LibSTB done
Event: 1.696 Loading class org/lwjgl/stb/STBTTPackedchar
Event: 1.696 Loading class org/lwjgl/stb/STBTTPackedchar done
Event: 1.698 Loading class org/lwjgl/stb/STBTTPackedchar$Buffer
Event: 1.698 Loading class org/lwjgl/stb/STBTTPackedchar$Buffer done
Event: 1.699 Loading class org/lwjgl/stb/STBTruetype
Event: 1.699 Loading class org/lwjgl/stb/STBTruetype done
Event: 1.700 Loading class org/lwjgl/stb/STBTTBakedChar$Buffer
Event: 1.700 Loading class org/lwjgl/stb/STBTTBakedChar$Buffer done
Event: 1.701 Loading class org/lwjgl/stb/STBTTVertex$Buffer
Event: 1.701 Loading class org/lwjgl/stb/STBTTVertex$Buffer done

Classes unloaded (0 events):
No events

Classes redefined (1 events):
Event: 0.365 Thread 0x000001d3588ecde0 redefined class name=java.lang.Throwable, count=1

Internal exceptions (20 events):
Event: 0.989 Thread 0x000001d33a418c20 Exception <a 'java/lang/NoSuchMethodError'{0x00000000901e9080}: 'int java.lang.invoke.DirectMethodHandle$Holder.invokeStatic(java.lang.Object, long, int)'> (0x00000000901e9080) 
thrown [s\open\src\hotspot\share\interpreter\linkResolver.cpp, line 796]
Event: 0.990 Thread 0x000001d33a418c20 Exception <a 'java/lang/NoSuchMethodError'{0x00000000901ec3d0}: 'int java.lang.invoke.DirectMethodHandle$Holder.invokeStaticInit(java.lang.Object, long, int)'> (0x00000000901ec3d0) 
thrown [s\open\src\hotspot\share\interpreter\linkResolver.cpp, line 796]
Event: 1.023 Thread 0x000001d33a418c20 Exception <a 'sun/nio/fs/WindowsException'{0x00000000900b81c8}> (0x00000000900b81c8) 
thrown [s\open\src\hotspot\share\prims\jni.cpp, line 520]
Event: 1.024 Thread 0x000001d33a418c20 Exception <a 'sun/nio/fs/WindowsException'{0x00000000900b8558}> (0x00000000900b8558) 
thrown [s\open\src\hotspot\share\prims\jni.cpp, line 520]
Event: 1.068 Thread 0x000001d33a418c20 Exception <a 'java/lang/NoSuchMethodError'{0x00000000900d54f0}: 'int java.lang.invoke.Invokers$Holder.invokeExact_MT(java.lang.Object, java.lang.Object)'> (0x00000000900d54f0) 
thrown [s\open\src\hotspot\share\interpreter\linkResolver.cpp, line 796]
Event: 1.245 Thread 0x000001d33a418c20 Exception <a 'java/lang/NoSuchMethodError'{0x0000000090d75310}: 'void java.lang.System.load(java.lang.String, java.lang.Class)'> (0x0000000090d75310) 
thrown [s\open\src\hotspot\share\interpreter\linkResolver.cpp, line 796]
Event: 1.246 Thread 0x000001d33a418c20 Exception <a 'java/lang/NoSuchMethodError'{0x0000000090d77e38}: 'void java.lang.System.loadLibrary(java.lang.String, java.lang.Class)'> (0x0000000090d77e38) 
thrown [s\open\src\hotspot\share\interpreter\linkResolver.cpp, line 796]
Event: 1.253 Thread 0x000001d33a418c20 Exception <a 'sun/nio/fs/WindowsException'{0x0000000090d87b68}> (0x0000000090d87b68) 
thrown [s\open\src\hotspot\share\prims\jni.cpp, line 520]
Event: 1.253 Thread 0x000001d33a418c20 Exception <a 'sun/nio/fs/WindowsException'{0x0000000090d87f38}> (0x0000000090d87f38) 
thrown [s\open\src\hotspot\share\prims\jni.cpp, line 520]
Event: 1.264 Thread 0x000001d33a418c20 Exception <a 'sun/nio/fs/WindowsException'{0x0000000090d95928}> (0x0000000090d95928) 
thrown [s\open\src\hotspot\share\prims\jni.cpp, line 520]
Event: 1.264 Thread 0x000001d33a418c20 Exception <a 'sun/nio/fs/WindowsException'{0x0000000090d95c30}> (0x0000000090d95c30) 
thrown [s\open\src\hotspot\share\prims\jni.cpp, line 520]
Event: 1.629 Thread 0x000001d33a418c20 Exception <a 'java/lang/NoSuchMethodError'{0x0000000090ac6370}: 'void java.lang.System.load(java.lang.String, java.lang.Class)'> (0x0000000090ac6370) 
thrown [s\open\src\hotspot\share\interpreter\linkResolver.cpp, line 796]
Event: 1.630 Thread 0x000001d33a418c20 Exception <a 'java/lang/NoSuchMethodError'{0x0000000090ac8e50}: 'void java.lang.System.loadLibrary(java.lang.String, java.lang.Class)'> (0x0000000090ac8e50) 
thrown [s\open\src\hotspot\share\interpreter\linkResolver.cpp, line 796]
Event: 1.639 Thread 0x000001d33a418c20 Exception <a 'sun/nio/fs/WindowsException'{0x0000000090adab40}> (0x0000000090adab40) 
thrown [s\open\src\hotspot\share\prims\jni.cpp, line 520]
Event: 1.639 Thread 0x000001d33a418c20 Exception <a 'sun/nio/fs/WindowsException'{0x0000000090adaf18}> (0x0000000090adaf18) 
thrown [s\open\src\hotspot\share\prims\jni.cpp, line 520]
Event: 1.649 Thread 0x000001d33a418c20 Exception <a 'java/lang/NoSuchMethodError'{0x0000000090aeb438}: 'java.lang.Object java.lang.invoke.DirectMethodHandle$Holder.newInvokeSpecial(java.lang.Object, long)'> (0x0000000090aeb438) 
thrown [s\open\src\hotspot\share\interpreter\linkResolver.cpp, line 796]
Event: 1.681 Thread 0x000001d33a418c20 Exception <a 'java/lang/NoSuchMethodError'{0x00000000909124b8}: 'void java.lang.System.load(java.lang.String, java.lang.Class)'> (0x00000000909124b8) 
thrown [s\open\src\hotspot\share\interpreter\linkResolver.cpp, line 796]
Event: 1.682 Thread 0x000001d33a418c20 Exception <a 'java/lang/NoSuchMethodError'{0x0000000090914f68}: 'void java.lang.System.loadLibrary(java.lang.String, java.lang.Class)'> (0x0000000090914f68) 
thrown [s\open\src\hotspot\share\interpreter\linkResolver.cpp, line 796]
Event: 1.689 Thread 0x000001d33a418c20 Exception <a 'sun/nio/fs/WindowsException'{0x0000000090924c58}> (0x0000000090924c58) 
thrown [s\open\src\hotspot\share\prims\jni.cpp, line 520]
Event: 1.689 Thread 0x000001d33a418c20 Exception <a 'sun/nio/fs/WindowsException'{0x0000000090925000}> (0x0000000090925000) 
thrown [s\open\src\hotspot\share\prims\jni.cpp, line 520]

VM Operations (18 events):
Event: 0.225 Executing VM operation: HandshakeAllThreads (Deoptimize)
Event: 0.225 Executing VM operation: HandshakeAllThreads (Deoptimize) done
Event: 0.298 Executing VM operation: ChangeBreakpoints
Event: 0.298 Executing VM operation: ChangeBreakpoints done
Event: 0.299 Executing VM operation: ChangeBreakpoints
Event: 0.299 Executing VM operation: ChangeBreakpoints done
Event: 0.364 Executing VM operation: RedefineClasses
Event: 0.366 Executing VM operation: RedefineClasses done
Event: 0.368 Executing VM operation: get/set locals
Event: 0.368 Executing VM operation: get/set locals done
Event: 0.591 Executing VM operation: HandshakeAllThreads (Deoptimize)
Event: 0.591 Executing VM operation: HandshakeAllThreads (Deoptimize) done
Event: 0.615 Executing VM operation: HandshakeAllThreads (Deoptimize)
Event: 0.615 Executing VM operation: HandshakeAllThreads (Deoptimize) done
Event: 0.635 Executing VM operation: HandshakeAllThreads (Deoptimize)
Event: 0.635 Executing VM operation: HandshakeAllThreads (Deoptimize) done
Event: 1.108 Executing VM operation: G1CollectForAllocation (G1 Evacuation Pause)
Event: 1.123 Executing VM operation: G1CollectForAllocation (G1 Evacuation Pause) done

Memory protections (0 events):
No events

Nmethod flushes (0 events):
No events

Events (16 events):
Event: 0.146 Thread 0x000001d33a418c20 Thread added: 0x000001d33a418c20
Event: 0.161 Thread 0x000001d33a418c20 Thread added: 0x000001d358906d30
Event: 0.161 Thread 0x000001d33a418c20 Thread added: 0x000001d358907790
Event: 0.162 Thread 0x000001d33a418c20 Thread added: 0x000001d3589081f0
Event: 0.163 Thread 0x000001d33a418c20 Thread added: 0x000001d358908c50
Event: 0.163 Thread 0x000001d33a418c20 Thread added: 0x000001d35890b6c0
Event: 0.163 Thread 0x000001d33a418c20 Thread added: 0x000001d35890c3a0
Event: 0.163 Thread 0x000001d33a418c20 Thread added: 0x000001d358911380
Event: 0.163 Thread 0x000001d33a418c20 Thread added: 0x000001d35891f350
Event: 0.217 Thread 0x000001d33a418c20 Thread added: 0x000001d3589f7310
Event: 0.256 Thread 0x000001d33a418c20 Thread added: 0x000001d358aeb2b0
Event: 0.256 Thread 0x000001d33a418c20 Thread added: 0x000001d358af6b70
Event: 0.258 Thread 0x000001d358aeb2b0 Thread added: 0x000001d358af7a20
Event: 0.375 Thread 0x000001d33a418c20 Thread added: 0x000001d358be7490
Event: 0.709 Thread 0x000001d35891f350 Thread added: 0x000001d39e2d0960
Event: 1.246 Thread 0x000001d39e2d0960 Thread exited: 0x000001d39e2d0960


Dynamic libraries:
0x00007ff6f94d0000 - 0x00007ff6f94de000 	C:\Users\Client\.jdks\openjdk-23.0.1\bin\java.exe
0x00007ffd17010000 - 0x00007ffd17208000 	C:\Windows\SYSTEM32\ntdll.dll
0x00007ffd150c0000 - 0x00007ffd15182000 	C:\Windows\System32\KERNEL32.DLL
0x00007ffd14820000 - 0x00007ffd14b1f000 	C:\Windows\System32\KERNELBASE.dll
0x00007ffd14ed0000 - 0x00007ffd14fd0000 	C:\Windows\System32\ucrtbase.dll
0x00007ffd0dd70000 - 0x00007ffd0dd8b000 	C:\Users\Client\.jdks\openjdk-23.0.1\bin\VCRUNTIME140.dll
0x00007ffd0ffe0000 - 0x00007ffd0fff7000 	C:\Users\Client\.jdks\openjdk-23.0.1\bin\jli.dll
0x00007ffd15cd0000 - 0x00007ffd15e6d000 	C:\Windows\System32\USER32.dll
0x00007ffd146a0000 - 0x00007ffd146c2000 	C:\Windows\System32\win32u.dll
0x00007ffd02fc0000 - 0x00007ffd0325a000 	C:\Windows\WinSxS\amd64_microsoft.windows.common-controls_6595b64144ccf1df_6.0.19041.4355_none_60b8b9eb71f62e16\COMCTL32.dll
0x00007ffd15190000 - 0x00007ffd151bb000 	C:\Windows\System32\GDI32.dll
0x00007ffd151c0000 - 0x00007ffd1525e000 	C:\Windows\System32\msvcrt.dll
0x00007ffd14d40000 - 0x00007ffd14e57000 	C:\Windows\System32\gdi32full.dll
0x00007ffd146d0000 - 0x00007ffd1476d000 	C:\Windows\System32\msvcp_win.dll
0x00007ffd15f20000 - 0x00007ffd15f4f000 	C:\Windows\System32\IMM32.DLL
0x00007ffd10550000 - 0x00007ffd1055c000 	C:\Users\Client\.jdks\openjdk-23.0.1\bin\vcruntime140_1.dll
0x00007ffce3870000 - 0x00007ffce38fe000 	C:\Users\Client\.jdks\openjdk-23.0.1\bin\msvcp140.dll
0x00007ffcbc630000 - 0x00007ffcbd37f000 	C:\Users\Client\.jdks\openjdk-23.0.1\bin\server\jvm.dll
0x00007ffd16b00000 - 0x00007ffd16bb1000 	C:\Windows\System32\ADVAPI32.dll
0x00007ffd15020000 - 0x00007ffd150bf000 	C:\Windows\System32\sechost.dll
0x00007ffd16bc0000 - 0x00007ffd16ce3000 	C:\Windows\System32\RPCRT4.dll
0x00007ffd14d10000 - 0x00007ffd14d37000 	C:\Windows\System32\bcrypt.dll
0x00007ffd16070000 - 0x00007ffd160db000 	C:\Windows\System32\WS2_32.dll
0x00007ffcf4b40000 - 0x00007ffcf4b67000 	C:\Windows\SYSTEM32\WINMM.dll
0x00007ffd0d770000 - 0x00007ffd0d77a000 	C:\Windows\SYSTEM32\VERSION.dll
0x00007ffd13c20000 - 0x00007ffd13c6b000 	C:\Windows\SYSTEM32\POWRPROF.dll
0x00007ffd13aa0000 - 0x00007ffd13ab2000 	C:\Windows\SYSTEM32\UMPDC.dll
0x00007ffd12ec0000 - 0x00007ffd12ed2000 	C:\Windows\SYSTEM32\kernel.appcore.dll
0x00007ffd10090000 - 0x00007ffd1009a000 	C:\Users\Client\.jdks\openjdk-23.0.1\bin\jimage.dll
0x00007ffd12cb0000 - 0x00007ffd12e94000 	C:\Windows\SYSTEM32\DBGHELP.DLL
0x00007ffcf4400000 - 0x00007ffcf4434000 	C:\Windows\SYSTEM32\dbgcore.DLL
0x00007ffd14b20000 - 0x00007ffd14ba2000 	C:\Windows\System32\bcryptPrimitives.dll
0x00007ffcf66b0000 - 0x00007ffcf66ec000 	C:\Users\Client\.jdks\openjdk-23.0.1\bin\jdwp.dll
0x00007ffd0fcf0000 - 0x00007ffd0fcff000 	C:\Users\Client\.jdks\openjdk-23.0.1\bin\instrument.dll
0x00007ffd0db20000 - 0x00007ffd0db3e000 	C:\Users\Client\.jdks\openjdk-23.0.1\bin\java.dll
0x00007ffd16cf0000 - 0x00007ffd16e1b000 	C:\Windows\System32\ole32.dll
0x00007ffd15270000 - 0x00007ffd155c5000 	C:\Windows\System32\combase.dll
0x00007ffd162c0000 - 0x00007ffd16a2e000 	C:\Windows\System32\SHELL32.dll
0x00007ffd0da10000 - 0x00007ffd0da27000 	C:\Users\Client\.jdks\openjdk-23.0.1\bin\zip.dll
0x00007ffd12430000 - 0x00007ffd12bd4000 	C:\Windows\SYSTEM32\windows.storage.dll
0x00007ffd140d0000 - 0x00007ffd140ff000 	C:\Windows\SYSTEM32\Wldp.dll
0x00007ffd15b30000 - 0x00007ffd15bfd000 	C:\Windows\System32\OLEAUT32.dll
0x00007ffd16a30000 - 0x00007ffd16add000 	C:\Windows\System32\SHCORE.dll
0x00007ffd160f0000 - 0x00007ffd16145000 	C:\Windows\System32\shlwapi.dll
0x00007ffd145d0000 - 0x00007ffd145f4000 	C:\Windows\SYSTEM32\profapi.dll
0x00007ffcde670000 - 0x00007ffcde747000 	C:\Users\Client\.jdks\openjdk-23.0.1\bin\jsvml.dll
0x00007ffd0fd00000 - 0x00007ffd0fd0c000 	C:\Users\Client\.jdks\openjdk-23.0.1\bin\dt_socket.dll
0x00007ffd13ac0000 - 0x00007ffd13afb000 	C:\Windows\SYSTEM32\IPHLPAPI.DLL
0x00007ffd13e30000 - 0x00007ffd13e9a000 	C:\Windows\system32\mswsock.dll
0x00007ffd0fc30000 - 0x00007ffd0fc40000 	C:\Users\Client\.jdks\openjdk-23.0.1\bin\net.dll
0x00007ffd0d9e0000 - 0x00007ffd0d9f6000 	C:\Users\Client\.jdks\openjdk-23.0.1\bin\nio.dll
0x00007ffce7a60000 - 0x00007ffce7ade000 	C:\Users\Client\AppData\Local\Temp\lwjgl_Client\3.3.6+1\x64\lwjgl.dll
0x00007ffce5990000 - 0x00007ffce5a19000 	C:\Users\Client\AppData\Local\Temp\lwjgl_Client\3.3.6+1\x64\glfw.dll
0x00007ffceab10000 - 0x00007ffceab55000 	C:\Windows\SYSTEM32\dinput8.dll
0x00007ffd03d20000 - 0x00007ffd03d31000 	C:\Windows\SYSTEM32\xinput1_4.dll
0x00007ffd14fd0000 - 0x00007ffd1501e000 	C:\Windows\System32\cfgmgr32.dll
0x00007ffd14430000 - 0x00007ffd14463000 	C:\Windows\SYSTEM32\DEVOBJ.dll
0x00007ffd12070000 - 0x00007ffd1209f000 	C:\Windows\SYSTEM32\dwmapi.dll
0x00007ffd08180000 - 0x00007ffd082d2000 	C:\Windows\SYSTEM32\inputhost.dll
0x00007ffd0fd50000 - 0x00007ffd0fe42000 	C:\Windows\SYSTEM32\CoreMessaging.dll
0x00007ffd11510000 - 0x00007ffd11606000 	C:\Windows\SYSTEM32\PROPSYS.dll
0x00007ffd0f2f0000 - 0x00007ffd0f64b000 	C:\Windows\SYSTEM32\CoreUIComponents.dll
0x00007ffd13930000 - 0x00007ffd13963000 	C:\Windows\SYSTEM32\ntmarta.dll
0x00007ffd10ef0000 - 0x00007ffd11047000 	C:\Windows\SYSTEM32\wintypes.dll
0x00007ffd11d10000 - 0x00007ffd11dae000 	C:\Windows\system32\uxtheme.dll
0x00007ffd15f50000 - 0x00007ffd16065000 	C:\Windows\System32\MSCTF.dll
0x00007ffced6e0000 - 0x00007ffced808000 	C:\Windows\SYSTEM32\opengl32.dll
0x00007ffced630000 - 0x00007ffced65c000 	C:\Windows\SYSTEM32\GLU32.dll
0x00007ffd15e70000 - 0x00007ffd15f19000 	C:\Windows\System32\clbcatq.dll
0x00007ffc987a0000 - 0x00007ffc996b6000 	C:\Windows\System32\DriverStore\FileRepository\iigd_dch.inf_amd64_96bd31a096a4a6ff\ig9icd64.dll
0x00007ffd13050000 - 0x00007ffd13146000 	C:\Windows\system32\dxgi.dll
0x00007ffd09c40000 - 0x00007ffd09c7b000 	C:\Windows\SYSTEM32\dxcore.dll
0x00007ffd04a80000 - 0x00007ffd06ebd000 	C:\Windows\System32\DriverStore\FileRepository\iigd_dch.inf_amd64_96bd31a096a4a6ff\igc64.dll
0x00007ffd07fd0000 - 0x00007ffd08173000 	C:\Windows\System32\DriverStore\FileRepository\iigd_dch.inf_amd64_96bd31a096a4a6ff\igdgmm64.dll
0x00007ffceaa50000 - 0x00007ffceaaad000 	C:\Users\Client\AppData\Local\Temp\lwjgl_Client\3.3.6+1\x64\lwjgl_opengl.dll
0x00007ffce5910000 - 0x00007ffce5985000 	C:\Users\Client\AppData\Local\Temp\lwjgl_Client\3.3.6+1\x64\lwjgl_nuklear.dll
0x00007ffce5870000 - 0x00007ffce5909000 	C:\Users\Client\AppData\Local\Temp\lwjgl_Client\3.3.6+1\x64\lwjgl_stb.dll

dbghelp: loaded successfully - version: 4.0.5 - missing functions: none
symbol engine: initialized successfully - sym options: 0x614 - pdb path: .;C:\Users\Client\.jdks\openjdk-23.0.1\bin;C:\Windows\SYSTEM32;C:\Windows\WinSxS\amd64_microsoft.windows.common-controls_6595b64144ccf1df_6.0.19041.4355_none_60b8b9eb71f62e16;C:\Users\Client\.jdks\openjdk-23.0.1\bin\server;C:\Users\Client\AppData\Local\Temp\lwjgl_Client\3.3.6+1\x64;C:\Windows\System32\DriverStore\FileRepository\iigd_dch.inf_amd64_96bd31a096a4a6ff

VM Arguments:
jvm_args: -Ddebugger.agent.enable.coroutines=true -Dkotlinx.coroutines.debug.enable.creation.stack.trace=false -Dkotlinx.coroutines.debug.enable.flows.stack.trace=true -Dkotlinx.coroutines.debug.enable.mutable.state.flows.stack.trace=true -agentlib:jdwp=transport=dt_socket,server=n,suspend=y,address=127.0.0.1:53887 -javaagent:C:\Users\Client\AppData\Local\JetBrains\IntelliJIdea2024.3\captureAgent\debugger-agent.jar -Dfile.encoding=UTF-8 -Duser.country=US -Duser.language=en -Duser.variant 
java_command: GameLayer.Rendering.GUI.GLFWDemo
java_class_path (initial): C:\Users\Client\Documents\GitHub\MInecraft-Clone\build\classes\java\main;C:\Users\Client\Documents\GitHub\MInecraft-Clone\build\resources\main;C:\Users\Client\.gradle\caches\modules-2\files-2.1\org.lwjgl\lwjgl-assimp\3.3.6\931a8de55dd5ee546689119c85ed4d4af7fa68f2\lwjgl-assimp-3.3.6.jar;C:\Users\Client\.gradle\caches\modules-2\files-2.1\org.lwjgl\lwjgl-assimp\3.3.6\486fa1e2db9fc903a0cab984604cef1a895b0e28\lwjgl-assimp-3.3.6-natives-windows.jar;C:\Users\Client\.gradle\caches\modules-2\files-2.1\org.lwjgl\lwjgl-egl\3.3.6\6842d0164e94dda0fb5ec1d55b67e69df7643f28\lwjgl-egl-3.3.6.jar;C:\Users\Client\.gradle\caches\modules-2\files-2.1\org.lwjgl\lwjgl-freetype\3.3.6\955989795ce6bdc7078d07590ee1ca0974b502d2\lwjgl-freetype-3.3.6.jar;C:\Users\Client\.gradle\caches\modules-2\files-2.1\org.lwjgl\lwjgl-freetype\3.3.6\f5031e39ff70dae6d71288d2ef3cef435e4f1fe4\lwjgl-freetype-3.3.6-natives-windows.jar;C:\Users\Client\.gradle\caches\modules-2\files-2.1\org.lwjgl\lwjgl-glfw\3.3.6\7119f7d0eeb1e5502ff0ca71d2b4d47317da015\lwjgl-glfw-3.3.6.jar;C:\Users\Client\.gradle\caches\modules-2\files-2.1\org.lwjgl\lwjgl-glfw\3.3.6\99ef08056feb9627f90425a4d2a22cd9fae8e39b\lwjgl-glfw-3.3.6-natives-windows.jar;C:\Users\Client\.gradle\caches\modules-2\files-2.1\org.lwjgl\lwjgl-nuklear\3.3.6\a1fa66130955a3371cc2af58f268b90b033acbe6\lwjgl-nuklear-3.3.6.jar;C:\Users\Client\.gradle\caches\modules-2\files-2.1\org.lwjgl\lwjgl-nuklear\3.3.6\c25f05065d7b13593e94bb3ce27d448ce8564650\lwjgl-nuklear-3.3.6-natives-windows.jar;C:\Users\Client\.gradle\caches\modules-2\files-2.1\org.lwjgl\lwjgl-openal\3.3.6\ad313317ff399fd2a7f4dd74716a68cf3976c6ad\lwjgl-openal-3.3.6.jar;C:\Users\Client\.gradle\caches\modules-2\files-2.1\org.lwjgl\lwjgl-openal\3.3.6\9c2b9b660e085bb0b47a4453dc0e26f24a5475e4\lwjgl-openal-3.3.6-natives-windows.jar;C:\Users\Client\.gradle\caches\modules-2\files-2.1\org.lwjgl\lwjgl-opengl\3.3.6\ac2532612a4df374e9a9282bcf8ce2573018ebbb\lwjgl-opengl-3.3.6.jar;C:\Users\Client\.gradle\caches\modules-2\files-2.1\org.lwjgl\lwjgl-opengl\3.3.6\18dc639ebc94aa5202c2157f7490d28997b697c5\lwjgl-opengl-3.3.6-natives-windows.jar;C:\Users\Client\.gradle\caches\modules-2\files-2.1\org.lwjgl\lwjgl-opengles\3.3.6\438cffbadd2721056c0ec31fdee1f21a25009207\lwjgl-opengles-3.3.6.jar;C:\Users\Client\.gradle\caches\modules-2\files-2.1\org.lwjgl\lwjgl-stb\3.3.6\e2d3739dcfe7b672b626ded66d94f6587083306e\lwjgl-stb-3.3.6.jar;C:\Users\Client\.gradle\caches\modules-2\files-2.1\org.lwjgl\lwjgl-stb\3.3.6\334cf885b39e2db9070c39e70e65efb136435f10\lwjgl-stb-3.3.6-natives-windows.jar;C:\Users\Client\.gradle\caches\modules-2\files-2.1\org.lwjgl\lwjgl\3.3.6\ce7721d30cfaf47feaed10213e0c43eb55c49d68\lwjgl-3.3.6.jar;C:\Users\Client\.gradle\caches\modules-2\files-2.1\org.lwjgl\lwjgl\3.3.6\9a29b6a22fc5184604b8cb434ee5d5ecc4bfcbee\lwjgl-3.3.6-natives-windows.jar;C:\Users\Client\.gradle\caches\modules-2\files-2.1\org.joml\joml-primitives\1.10.0\b3ae3ae0dfee0bf5aef9f7964205cca0f3c6ea07\joml-primitives-1.10.0.jar;C:\Users\Client\.gradle\caches\modules-2\files-2.1\org.joml\joml\1.10.7\f8c3f2e7db281bde099342dd36133de4bbba390c\joml-1.10.7.jar;C:\Users\Client\.gradle\caches\modules-2\files-2.1\org.jetbrains.kotlin\kotlin-stdlib-jdk8\1.8.20\73576ddf378c5b4f1f6b449fe6b119b8183fc078\kotlin-stdlib-jdk8-1.8.20.jar;C:\Users\Client\.gradle\caches\modules-2\files-2.1\org.jetbrains.kotlin\kotlin-stdlib-jdk7\1.8.20\3aa51faf20aae8b31e1a4bc54f8370673d7b7df4\kotlin-stdlib-jdk7-1.8.20.jar;C:\Users\Client\.gradle\caches\modules-2\files-2.1\org.jetbrains.kotlin\kotlin-stdlib\1.8.20\e72fc5e03ec6c064c678a6bd0d955c88d55b0c4a\kotlin-stdlib-1.8.20.jar;C:\Users\Client\.gradle\caches\modules-2\files-2.1\org.jetbrains.kotlin\kotlin-stdlib-common\1.8.20\5eddaaf234c8c49d03eebeb6a14feb7f90faca71\kotlin-stdlib-common-1.8.20.jar;C:\Users\Client\.gradle\caches\modules-2\files-2.1\org.jetbrains\annotations\13.0\919f0dfe192fb4e063e7dacadee7f8bb9a2672a9\annotations-13.0.jar
Launcher Type: SUN_STANDARD

[Global flags]
     intx CICompilerCount                          = 3                                         {product} {ergonomic}
     uint ConcGCThreads                            = 1                                         {product} {ergonomic}
     uint G1ConcRefinementThreads                  = 4                                         {product} {ergonomic}
   size_t G1HeapRegionSize                         = 1048576                                   {product} {ergonomic}
   size_t InitialHeapSize                          = 125829120                                 {product} {ergonomic}
   size_t MarkStackSize                            = 4194304                                   {product} {ergonomic}
   size_t MarkStackSizeMax                         = 536870912                                 {product} {ergonomic}
   size_t MaxHeapSize                              = 1990197248                                {product} {ergonomic}
   size_t MaxNewSize                               = 1193279488                                {product} {ergonomic}
   size_t MinHeapDeltaBytes                        = 1048576                                   {product} {ergonomic}
   size_t MinHeapSize                              = 8388608                                   {product} {ergonomic}
    uintx NonNMethodCodeHeapSize                   = 5832704                                {pd product} {ergonomic}
    uintx NonProfiledCodeHeapSize                  = 122945536                              {pd product} {ergonomic}
    uintx ProfiledCodeHeapSize                     = 122880000                              {pd product} {ergonomic}
    uintx ReservedCodeCacheSize                    = 251658240                              {pd product} {ergonomic}
     bool SegmentedCodeCache                       = true                                      {product} {ergonomic}
   size_t SoftMaxHeapSize                          = 1990197248                             {manageable} {ergonomic}
     bool UseCompressedOops                        = true                           {product lp64_product} {ergonomic}
     bool UseG1GC                                  = true                                      {product} {ergonomic}
     bool UseLargePagesIndividualAllocation        = false                                  {pd product} {ergonomic}

Logging:
Log output configuration:
 #0: stdout all=warning uptime,level,tags foldmultilines=false
 #1: stderr all=off uptime,level,tags foldmultilines=false

Environment Variables:
PATH=C:\Program Files (x86)\Common Files\Oracle\Java\java8path;C:\Program Files (x86)\Common Files\Oracle\Java\javapath;C:\Users\Client\AppData\Roaming\Python\Python313\site-packages\SCons\;C:\Program Files\dotnet\;C:\Program Files\Git\cmd;C:\Program Files\CMake\bin;C:\Program Files\Microsoft Visual Studio\2022\Community\VC\Tools\Llvm\bin\clang-cl.exe;C:\Program Files (x86)\Windows Kits\10\bin\10.0.22621.0\x64;C:\Program Files\Microsoft Visual Studio\2022\Community\VC\Tools\Llvm\bin;C:\Program Files\Microsoft Visual Studio\2022\Community\Common7\Tools;C:\Program Files\Microsoft Visual Studio\2022\Community\Common7\IDE\CommonExtensions\Microsoft\CMake\CMake\bin;C:\Program Files\Microsoft Visual Studio\2022\Community\VC\Tools\MSVC\14.42.34433\bin\Hostx64\x64;C:\Program Files\Microsoft SQL Server\150\Tools\Binn\;C:\Program Files\nodejs\;C:\Program Files\Microsoft SQL Server\Client SDK\ODBC\170\Tools\Binn\;C:\Program Files (x86)\Windows Kits\10\Windows Performance Toolkit\;C:\program files\microsoft visual studio\2022\community\common7\ide\commonextensions\microsoft\cmake\Ninja\;C:\apache-ant\bin;C:\Users\Client\AppData\Local\Programs\Python\Python313\Scripts\;C:\Users\Client\AppData\Local\Programs\Python\Python313\;C:\Users\Client\AppData\Roaming\Python\Python313\site-packages\;C:\Users\Client\AppData\Local\Programs\Python\Launcher\;C:\Users\Client\scoop\shims\;C:\Users\Client\AppData\Local\Microsoft\WindowsApps;C:\Users\Client\AppData\Local\GitHubDesktop\bin;C:\Users\Client\.dotnet\tools;C:\Program Files\JetBrains\IntelliJ IDEA 2024.3.2.2\bin;C:\Users\Client\AppData\Roaming\Python\Python313\site-packages\SCons\Script\;C:\Users\Client\AppData\Roaming\npm;C:\Users\Client\ant-ivy\
USERNAME=Client
OS=Windows_NT
PROCESSOR_IDENTIFIER=Intel64 Family 6 Model 78 Stepping 3, GenuineIntel
TMP=C:\Users\Client\AppData\Local\Temp
TEMP=C:\Users\Client\AppData\Local\Temp




Periodic native trim disabled

---------------  S Y S T E M  ---------------

OS:
 Windows 10 , 64 bit Build 19041 (10.0.19041.5198)
OS uptime: 1 days 0:34 hours

CPU: total 4 (initial active 4) (2 cores per cpu, 2 threads per core) family 6 model 78 stepping 3 microcode 0xec, cx8, cmov, fxsr, ht, mmx, 3dnowpref, sse, sse2, sse3, ssse3, sse4.1, sse4.2, popcnt, lzcnt, tsc, tscinvbit, avx, avx2, aes, erms, clmul, bmi1, bmi2, rtm, adx, fma, vzeroupper, clflush, clflushopt, rdtscp, f16c
Processor Information for the first 4 processors :
  Max Mhz: 2496, Current Mhz: 798, Mhz Limit: 798

Memory: 4k page, system-wide physical 7591M (749M free)
TotalPageFile size 16257M (AvailPageFile size 3339M)
current process WorkingSet (physical memory assigned to process): 121M, peak: 121M
current process commit charge ("private bytes"): 240M, peak: 240M

vm_info: OpenJDK 64-Bit Server VM (23.0.1+11-39) for windows-amd64 JRE (23.0.1+11-39), built on 2024-09-30T07:20:43Z with MS VC++ 17.6 (VS2022)

END.
