#
# A fatal error has been detected by the Java Runtime Environment:
#
#  EXCEPTION_ACCESS_VIOLATION (0xc0000005) at pc=0x00007ff872095bb6, pid=12436, tid=12896
#
# JRE version: OpenJDK Runtime Environment (23.0.1+11) (build 23.0.1+11-39)
# Java VM: OpenJDK 64-Bit Server VM (23.0.1+11-39, mixed mode, sharing, tiered, compressed oops, compressed class ptrs, g1 gc, windows-amd64)
# Problematic frame:
# C  [ntdll.dll+0x25bb6]
#
# No core dump will be written. Minidumps are not enabled by default on client versions of Windows
#
# If you would like to submit a bug report, please visit:
#   https://bugreport.java.com/bugreport/crash.jsp
# The crash happened outside the Java Virtual Machine in native code.
# See problematic frame for where to report the bug.
#

---------------  S U M M A R Y ------------

Command Line: -Dfile.encoding=UTF-8 -Duser.country=US -Duser.language=en -Duser.variant net.EntryPoint

Host: Intel(R) Core(TM) i5-6300U CPU @ 2.40GHz, 4 cores, 7G,  Windows 10 , 64 bit Build 19041 (10.0.19041.5438)
Time: Mon Mar  3 07:52:04 2025 W. Central Africa Standard Time elapsed time: 20.175917 seconds (0d 0h 0m 20s)

---------------  T H R E A D  ---------------

Current thread (0x0000015e471d3530):  JavaThread "Reference Handler" daemon [_thread_in_native, id=12896, stack(0x00000037aa300000,0x00000037aa400000) (1024K)]

Stack: [0x00000037aa300000,0x00000037aa400000],  sp=0x00000037aa3fedf0,  free space=1019k
Native frames: (J=compiled Java code, j=interpreted, Vv=VM code, C=native code)
C  [ntdll.dll+0x25bb6]  (no source info available)
C  [ntdll.dll+0x247b1]  (no source info available)
C  [ucrtbase.dll+0xf05b]  (no source info available)
C  0x0000015e3ad2d207  (no source info available)

The last pc belongs to native method entry point (kind = native) (printed below).
Java frames: (J=compiled Java code, j=interpreted, Vv=VM code)
j  jdk.internal.misc.Unsafe.freeMemory0(J)V+0 java.base@23.0.1
j  jdk.internal.misc.Unsafe.freeMemory(J)V+14 java.base@23.0.1
j  java.nio.DirectByteBuffer$Deallocator.run()V+7 java.base@23.0.1
j  jdk.internal.ref.Cleaner.clean()V+12 java.base@23.0.1
j  java.lang.ref.Reference.processPendingReferences()V+54 java.base@23.0.1
j  java.lang.ref.Reference$ReferenceHandler.run()V+8 java.base@23.0.1
v  ~StubRoutines::call_stub 0x0000015e3ad20fcd

siginfo: EXCEPTION_ACCESS_VIOLATION (0xc0000005), reading address 0x0000015e947851ff


Registers:
RAX=0x0000000000000000, RBX=0x0000015e28e50000, RCX=0x0000015e28e50000, RDX=0x0000015e94785200
RSP=0x00000037aa3fedf0, RBP=0x0000000000000000, RSI=0x0000015e28e50000, RDI=0x0000000000000000
R8 =0x0000000000000000, R9 =0x0000000000000000, R10=0x0000015e3ad2d1d8, R11=0x0000000000000102
R12=0x0000000000000000, R13=0x0000015e94785200, R14=0x0000015e947851f0, R15=0x0000015e471d3530
RIP=0x00007ff872095bb6, EFLAGS=0x0000000000010246


Register to memory mapping:

RAX=0x0 is null
RBX=0x0000015e28e50000 points into unknown readable memory: 0x0000000000000000 | 00 00 00 00 00 00 00 00
RCX=0x0000015e28e50000 points into unknown readable memory: 0x0000000000000000 | 00 00 00 00 00 00 00 00
RDX=0x0000015e94785200 is an unknown value
RSP=0x00000037aa3fedf0 is pointing into the stack for thread: 0x0000015e471d3530
RBP=0x0 is null
RSI=0x0000015e28e50000 points into unknown readable memory: 0x0000000000000000 | 00 00 00 00 00 00 00 00
RDI=0x0 is null
R8 =0x0 is null
R9 =0x0 is null
R10=0x0000015e3ad2d1d8 is at code_begin+1016 in an Interpreter codelet
native method entry point (kind = native)  [0x0000015e3ad2cde0, 0x0000015e3ad2d938]  2904 bytes
R11=0x0000000000000102 is an unknown value
R12=0x0 is null
R13=0x0000015e94785200 is an unknown value
R14=0x0000015e947851f0 is an unknown value
R15=0x0000015e471d3530 is a thread

Top of Stack: (sp=0x00000037aa3fedf0)
0x00000037aa3fedf0:   0000000000000000 0000000000000000
0x00000037aa3fee00:   0000000000000000 0000000000000000
0x00000037aa3fee10:   0000000000000000 0000000000000000
0x00000037aa3fee20:   0000015e471d3530 00000037aa3fefd8
0x00000037aa3fee30:   00000037aa3fef50 0000000000000000
0x00000037aa3fee40:   0000015e338bb300 00007ff822143560
0x00000037aa3fee50:   0000015e94785200 0000000000000000
0x00000037aa3fee60:   0000015e3ad2889a 0000000000000001
0x00000037aa3fee70:   00000037aa3feea8 0000000000003260
0x00000037aa3fee80:   0000015e471d3530 00000037aa3fefd8
0x00000037aa3fee90:   0000015e48cb8878 0000000000000000
0x00000037aa3feea0:   0000015e94785200 00007ff8720947b1
0x00000037aa3feeb0:   ffffffffffffffff 0000015e28e50000
0x00000037aa3feec0:   00000037aa3fefa8 0000000000000000
0x00000037aa3feed0:   0000000000000000 0000015e3b2fad76
0x00000037aa3feee0:   00000000000005aa 00007ff86f80f05b
0x00000037aa3feef0:   0000015e4847c1c8 0000015e8917f1f0
0x00000037aa3fef00:   0000000089747d00 00000000fffffffc
0x00000037aa3fef10:   0000015e4847c1c8 0000015e3ad2d207
0x00000037aa3fef20:   0000000000000000 00007ff800000000
0x00000037aa3fef30:   0000000000000000 00007ff8720d5887
0x00000037aa3fef40:   00000037aa3fefb8 0000015e3ad28700
0x00000037aa3fef50:   0000015e94785200 0000000000000000
0x00000037aa3fef60:   fffffffffffffff7 0000000000000000
0x00000037aa3fef70:   0000000000000006 0000015e48480fb0
0x00000037aa3fef80:   0000000000000000 00000000897004c0
0x00000037aa3fef90:   0000015e4847c1c8 0000000000000000
0x00000037aa3fefa0:   00000037aa3fefc8 00000037aa3ff028
0x00000037aa3fefb0:   0000015e3ad28700 0000000000000000
0x00000037aa3fefc0:   0000015e3ad2a5d7 0000015e94785200
0x00000037aa3fefd0:   0000000000000000 00000000896d70f0
0x00000037aa3fefe0:   fffffffffffffff7 0000015e48cb8fbe 

Instructions: (pc=0x00007ff872095bb6)
0x00007ff872095ab6:   85 c0 0f 85 13 16 08 00 b9 80 03 fe 7f 40 38 39
0x00007ff872095ac6:   0f 84 2f fe ff ff e9 1c 16 08 00 45 33 c0 48 8b
0x00007ff872095ad6:   d3 49 8b ce e8 c1 0e fe ff e8 6c ed ff ff 85 c0
0x00007ff872095ae6:   0f 85 ab 16 08 00 b9 80 03 fe 7f 40 38 39 0f 84
0x00007ff872095af6:   01 fe ff ff e9 b4 16 08 00 41 b8 02 00 00 00 e9
0x00007ff872095b06:   60 fc ff ff f7 41 74 00 00 00 01 75 4e f6 41 78
0x00007ff872095b16:   01 0f 85 3d 17 08 00 41 f6 c5 0f 0f 84 87 00 00
0x00007ff872095b26:   00 45 33 c9 48 89 7c 24 28 4d 8b c5 48 89 7c 24
0x00007ff872095b36:   20 48 8b d6 41 8d 49 09 e8 f9 84 0e 00 4d 85 f6
0x00007ff872095b46:   0f 84 1b 17 08 00 41 80 7d ff 05 0f 84 41 17 08
0x00007ff872095b56:   00 41 38 7e 0f 0f 8c a6 18 08 00 8b d5 4d 8b cd
0x00007ff872095b66:   83 ca 02 4d 8b c6 48 8b ce e8 8c 00 00 00 44 0f
0x00007ff872095b76:   b6 f8 84 c0 0f 84 9b fd ff ff 48 8b 84 24 e0 00
0x00007ff872095b86:   00 00 48 85 c0 74 03 66 89 38 4d 85 e4 74 04 49
0x00007ff872095b96:   89 3c 24 48 8b ce e8 7f ec ff ff 85 c0 0f 84 72
0x00007ff872095ba6:   fd ff ff e9 aa 1d 08 00 4c 8d 72 f0 41 0f 0d 0e
0x00007ff872095bb6:   41 80 7e 0f 05 75 0c 41 0f b6 46 0e 48 c1 e0 04
0x00007ff872095bc6:   4c 2b f0 41 f6 46 0f 3f 0f 85 6f ff ff ff 45 33
0x00007ff872095bd6:   c9 48 89 7c 24 28 4d 8b c6 48 89 7c 24 20 48 8b
0x00007ff872095be6:   d6 41 8d 49 08 e8 4c 84 0e 00 4c 8b f7 e9 4b ff
0x00007ff872095bf6:   ff ff cc cc cc cc cc cc cc cc 48 89 5c 24 10 48
0x00007ff872095c06:   89 74 24 20 4c 89 44 24 18 48 89 4c 24 08 57 41
0x00007ff872095c16:   54 41 55 41 56 41 57 48 81 ec 80 01 00 00 4d 8b
0x00007ff872095c26:   f8 8b fa 48 8b d9 41 b4 01 44 88 64 24 41 c6 44
0x00007ff872095c36:   24 40 00 c7 44 24 74 01 00 00 00 45 33 ed 4c 89
0x00007ff872095c46:   ac 24 88 00 00 00 66 44 89 6c 24 44 49 3b c8 75
0x00007ff872095c56:   39 4c 89 6c 24 28 4c 89 6c 24 20 45 33 c9 48 8b
0x00007ff872095c66:   d1 41 8d 4d 09 e8 cc 83 0e 00 33 c0 4c 8d 9c 24
0x00007ff872095c76:   80 01 00 00 49 8b 5b 38 49 8b 73 48 49 8b e3 41
0x00007ff872095c86:   5f 41 5e 41 5d 41 5c 5f c3 cc 0b 79 74 f7 c7 60
0x00007ff872095c96:   0f 01 7d 74 28 45 32 e4 44 88 64 24 41 41 b8 04
0x00007ff872095ca6:   00 00 00 f7 c7 00 00 00 61 74 18 0f ba e7 1c 72 


Stack slot to memory mapping:

stack at sp + 0 slots: 0x0 is null
stack at sp + 1 slots: 0x0 is null
stack at sp + 2 slots: 0x0 is null
stack at sp + 3 slots: 0x0 is null
stack at sp + 4 slots: 0x0 is null
stack at sp + 5 slots: 0x0 is null
stack at sp + 6 slots: 0x0000015e471d3530 is a thread
stack at sp + 7 slots: 0x00000037aa3fefd8 is pointing into the stack for thread: 0x0000015e471d3530

Lock stack of current Java thread (top to bottom):

native method entry point (kind = native)  [0x0000015e3ad2cde0, 0x0000015e3ad2d938]  2904 bytes
[MachCode]
  0x0000015e3ad2cde0: 488b 4b08 | 0fb7 492e | 584c 8d74 | ccf8 6800 | 0000 0068 | 0000 0000 | 5055 488b | ec41 5568 
  0x0000015e3ad2ce00: 0000 0000 | 4c8b 6b08 | 4d8d 6d38 | 5348 8b53 | 0848 8b52 | 0848 8b52 | 1848 8b52 | 7048 8b12 
  0x0000015e3ad2ce20: 5248 8b53 | 1048 85d2 | 0f84 0700 | 0000 4881 | c210 0100 | 0052 488b | 5308 488b | 5208 488b 
  0x0000015e3ad2ce40: 5210 5249 | 8bc6 482b | c548 c1e8 | 0350 6800 | 0000 0068 | f7ff ffff | 41c6 8771 | 0400 0001 
  0x0000015e3ad2ce60: 488b 4310 | 4885 c074 | 208b 88cc | 0000 0083 | c102 8988 | cc00 0000 | 2388 e000 | 0000 0f84 
  0x0000015e3ad2ce80: 000a 0000 | e9cf 0000 | 0048 8b43 | 1848 85c0 | 0f85 b000 | 0000 e805 | 0000 00e9 | 9900 0000 
  0x0000015e3ad2cea0: 488b d348 | 8d44 2408 | 4c89 6dc0 | 498b cfc5 | f877 4989 | afb0 0300 | 0049 8987 | a003 0000 
  0x0000015e3ad2cec0: 4883 ec20 | 40f6 c40f | 0f84 1900 | 0000 4883 | ec08 48b8 | 9026 8921 | f87f 0000 | ffd0 4883 
  0x0000015e3ad2cee0: c408 e90c | 0000 0048 | b890 2689 | 21f8 7f00 | 00ff d048 | 83c4 2049 | c787 a003 | 0000 0000 
  0x0000015e3ad2cf00: 0000 49c7 | 87b0 0300 | 0000 0000 | 0049 c787 | a803 0000 | 0000 0000 | c5f8 7749 | 837f 0800 
  0x0000015e3ad2cf20: 0f84 0500 | 0000 e995 | 3fff ff4c | 8b6d c04c | 8b75 c84e | 8d74 f500 | c348 8b43 | 1848 85c0 
  0x0000015e3ad2cf40: 0f84 1200 | 0000 8b48 | 0883 c102 | 8948 0823 | 481c 0f84 | 2c09 0000 | 493b a7e8 | 0400 000f 
  0x0000015e3ad2cf60: 8748 0000 | 0089 8424 | 00f0 ffff | 8984 2400 | e0ff ff89 | 8424 00d0 | ffff 8984 | 2400 c0ff 
  0x0000015e3ad2cf80: ff89 8424 | 00b0 ffff | 8984 2400 | a0ff ff89 | 8424 0090 | ffff 8984 | 2400 80ff | ff49 3ba7 
  0x0000015e3ad2cfa0: e004 0000 | 7607 4989 | a7e8 0400 | 0041 c687 | 7104 0000 | 0049 ba41 | ad10 22f8 | 7f00 0041 
  0x0000015e3ad2cfc0: 803a 000f | 843e 0000 | 0048 8b55 | e849 8bcf | 4883 ec20 | 40f6 c40f | 0f84 1900 | 0000 4883 
  0x0000015e3ad2cfe0: ec08 48b8 | 10ee c021 | f87f 0000 | ffd0 4883 | c408 e90c | 0000 0048 | b810 eec0 | 21f8 7f00 
  0x0000015e3ad2d000: 00ff d048 | 83c4 2048 | 8b5d e84c | 8b5b 0845 | 0fb7 5b2e | 41c1 e303 | 492b e348 | 83ec 2048 
  0x0000015e3ad2d020: 83e4 f04c | 8b5b 604d | 85db 0f85 | ab00 0000 | e805 0000 | 00e9 9900 | 0000 488b | d348 8d44 
  0x0000015e3ad2d040: 2408 4c89 | 6dc0 498b | cfc5 f877 | 4989 afb0 | 0300 0049 | 8987 a003 | 0000 4883 | ec20 40f6 
  0x0000015e3ad2d060: c40f 0f84 | 1900 0000 | 4883 ec08 | 48b8 f04d | 8921 f87f | 0000 ffd0 | 4883 c408 | e90c 0000 
  0x0000015e3ad2d080: 0048 b8f0 | 4d89 21f8 | 7f00 00ff | d048 83c4 | 2049 c787 | a003 0000 | 0000 0000 | 49c7 87b0 
  0x0000015e3ad2d0a0: 0300 0000 | 0000 0049 | c787 a803 | 0000 0000 | 0000 c5f8 | 7749 837f | 0800 0f84 | 0500 0000 
  0x0000015e3ad2d0c0: e9fb 3dff | ff4c 8b6d | c04c 8b75 | c84e 8d74 | f500 c348 | 8b5d e84c | 8b5b 6041 | ffd3 488b 
  0x0000015e3ad2d0e0: 5de8 4889 | 4518 448b | 5b28 41f6 | c308 0f84 | 1b00 0000 | 4c8b 5b08 | 4d8b 5b08 | 4d8b 5b18 
  0x0000015e3ad2d100: 4d8b 5b70 | 4d8b 1b4c | 895d 1048 | 8d55 1048 | 8b43 5849 | ba60 3cc1 | 21f8 7f00 | 0049 3bc2 
  0x0000015e3ad2d120: 0f85 ab00 | 0000 e805 | 0000 00e9 | 9900 0000 | 488b d348 | 8d44 2408 | 4c89 6dc0 | 498b cfc5 
  0x0000015e3ad2d140: f877 4989 | afb0 0300 | 0049 8987 | a003 0000 | 4883 ec20 | 40f6 c40f | 0f84 1900 | 0000 4883 
  0x0000015e3ad2d160: ec08 48b8 | f04d 8921 | f87f 0000 | ffd0 4883 | c408 e90c | 0000 0048 | b8f0 4d89 | 21f8 7f00 
  0x0000015e3ad2d180: 00ff d048 | 83c4 2049 | c787 a003 | 0000 0000 | 0000 49c7 | 87b0 0300 | 0000 0000 | 0049 c787 
  0x0000015e3ad2d1a0: a803 0000 | 0000 0000 | c5f8 7749 | 837f 0800 | 0f84 0500 | 0000 e905 | 3dff ff4c | 8b6d c04c 
  0x0000015e3ad2d1c0: 8b75 c84e | 8d74 f500 | c348 8b5d | e848 8b43 | 5849 8d8f | c003 0000 | c5f8 7749 | 89af b003 
  0x0000015e3ad2d1e0: 0000 49ba | d8d1 d23a | 5e01 0000 | 4d89 97a8 | 0300 0049 | 89a7 a003 | 0000 41c7 | 8744 0400 
  0x0000015e3ad2d200: 0004 0000 | 00ff d0c5 | f877 4883 | ec10 c5fb | 1104 2448 | 83ec 1048 | 8904 2448 | c744 2408 
  0x0000015e3ad2d220: 0000 0000 | 41c7 8744 | 0400 0005 | 0000 00f0 | 8344 24c0 | 0049 3baf | 4804 0000 | 0f87 0e00 
  0x0000015e3ad2d240: 0000 4183 | bf40 0400 | 0000 0f84 | 2000 0000 | 498b cf4c | 8be4 4883 | ec20 4883 | e4f0 48b8 
  0x0000015e3ad2d260: 90a9 8a21 | f87f 0000 | ffd0 498b | e44d 33e4 | 41c7 8744 | 0400 0008 | 0000 0049 | c787 a003 
  0x0000015e3ad2d280: 0000 0000 | 0000 49c7 | 87b0 0300 | 0000 0000 | 0049 c787 | a803 0000 | 0000 0000 | c5f8 774d 
  0x0000015e3ad2d2a0: 8b9f 3004 | 0000 41c7 | 8300 0100 | 0000 0000 | 0049 bbda | a5d2 3a5e | 0100 004c | 3b5d 180f 
  0x0000015e3ad2d2c0: 8524 0200 | 0048 8b04 | 2448 83c4 | 1048 85c0 | 0f84 fe01 | 0000 a803 | 0f85 0800 | 0000 488b 
  0x0000015e3ad2d2e0: 00e9 ee01 | 0000 a801 | 0f85 0900 | 0000 488b | 40fe e9dd | 0100 0048 | 8b40 ff41 | 807f 3800 
  0x0000015e3ad2d300: 0f84 ce01 | 0000 4883 | f800 0f84 | c401 0000 | 4d8b 5f28 | 4983 fb00 | 0f84 1400 | 0000 4983 
  0x0000015e3ad2d320: eb08 4d89 | 5f28 4d03 | 5f30 4989 | 03e9 a201 | 0000 4881 | ecd0 0000 | 0048 8904 | 2448 894c 
  0x0000015e3ad2d340: 2408 4889 | 5424 1048 | 8974 2418 | 4889 7c24 | 204c 8944 | 2428 4c89 | 4c24 304c | 8954 2438 
  0x0000015e3ad2d360: 4c89 5c24 | 40c5 fb11 | 4424 50c5 | fb11 4c24 | 58c5 fb11 | 5424 60c5 | fb11 5c24 | 68c5 fb11 
  0x0000015e3ad2d380: 6424 70c5 | fb11 6c24 | 78c5 fb11 | b424 8000 | 0000 c5fb | 11bc 2488 | 0000 00c5 | 7b11 8424 
  0x0000015e3ad2d3a0: 9000 0000 | c57b 118c | 2498 0000 | 00c5 7b11 | 9424 a000 | 0000 c57b | 119c 24a8 | 0000 00c5 
  0x0000015e3ad2d3c0: 7b11 a424 | b000 0000 | c57b 11ac | 24b8 0000 | 00c5 7b11 | b424 c000 | 0000 c57b | 11bc 24c8 
  0x0000015e3ad2d3e0: 0000 0049 | 8bd7 488b | c848 83ec | 2040 f6c4 | 0f0f 8419 | 0000 0048 | 83ec 0848 | b8e0 077e 
  0x0000015e3ad2d400: 21f8 7f00 | 00ff d048 | 83c4 08e9 | 0c00 0000 | 48b8 e007 | 7e21 f87f | 0000 ffd0 | 4883 c420 
  0x0000015e3ad2d420: c57b 10bc | 24c8 0000 | 00c5 7b10 | b424 c000 | 0000 c57b | 10ac 24b8 | 0000 00c5 | 7b10 a424 
  0x0000015e3ad2d440: b000 0000 | c57b 109c | 24a8 0000 | 00c5 7b10 | 9424 a000 | 0000 c57b | 108c 2498 | 0000 00c5 
  0x0000015e3ad2d460: 7b10 8424 | 9000 0000 | c5fb 10bc | 2488 0000 | 00c5 fb10 | b424 8000 | 0000 c5fb | 106c 2478 
  0x0000015e3ad2d480: c5fb 1064 | 2470 c5fb | 105c 2468 | c5fb 1054 | 2460 c5fb | 104c 2458 | c5fb 1044 | 2450 4c8b 
  0x0000015e3ad2d4a0: 5c24 404c | 8b54 2438 | 4c8b 4c24 | 304c 8b44 | 2428 488b | 7c24 2048 | 8b74 2418 | 488b 5424 
  0x0000015e3ad2d4c0: 1048 8b4c | 2408 488b | 0424 4881 | c4d0 0000 | 00c5 f877 | 4889 4510 | 4883 ec10 | 4889 0424 
  0x0000015e3ad2d4e0: 48c7 4424 | 0800 0000 | 0041 83bf | c804 0000 | 020f 85bf | 0000 0048 | 81ec 8000 | 0000 4889 
  0x0000015e3ad2d500: 4424 7848 | 894c 2470 | 4889 5424 | 6848 895c | 2460 4889 | 6c24 5048 | 8974 2448 | 4889 7c24 
  0x0000015e3ad2d520: 404c 8944 | 2438 4c89 | 4c24 304c | 8954 2428 | 4c89 5c24 | 204c 8964 | 2418 4c89 | 6c24 104c 
  0x0000015e3ad2d540: 8974 2408 | 4c89 3c24 | 4c8b e448 | 83ec 2048 | 83e4 f048 | b8c0 22c1 | 21f8 7f00 | 00ff d049 
  0x0000015e3ad2d560: 8be4 4c8b | 3c24 4c8b | 7424 084c | 8b6c 2410 | 4c8b 6424 | 184c 8b5c | 2420 4c8b | 5424 284c 
  0x0000015e3ad2d580: 8b4c 2430 | 4c8b 4424 | 3848 8b7c | 2440 488b | 7424 4848 | 8b6c 2450 | 488b 5c24 | 6048 8b54 
  0x0000015e3ad2d5a0: 2468 488b | 4c24 7048 | 8b44 2478 | 4881 c480 | 0000 004d | 33e4 488b | 5de8 4c8b | 6b08 4d8d 
  0x0000015e3ad2d5c0: 6d38 4983 | 7f08 000f | 84bb 0000 | 00e8 0500 | 0000 e996 | 0000 0048 | 8d44 2408 | 4c89 6dc0 
  0x0000015e3ad2d5e0: 498b cfc5 | f877 4989 | afb0 0300 | 0049 8987 | a003 0000 | 4883 ec20 | 40f6 c40f | 0f84 1900 
  0x0000015e3ad2d600: 0000 4883 | ec08 48b8 | 006c 8921 | f87f 0000 | ffd0 4883 | c408 e90c | 0000 0048 | b800 6c89 
  0x0000015e3ad2d620: 21f8 7f00 | 00ff d048 | 83c4 2049 | c787 a003 | 0000 0000 | 0000 49c7 | 87b0 0300 | 0000 0000 
  0x0000015e3ad2d640: 0049 c787 | a803 0000 | 0000 0000 | c5f8 7749 | 837f 0800 | 0f84 0500 | 0000 e961 | 38ff ff4c 
  0x0000015e3ad2d660: 8b6d c04c | 8b75 c84e | 8d74 f500 | c348 b930 | d5e8 21f8 | 7f00 0048 | 83e4 f048 | b870 4aaf 
  0x0000015e3ad2d680: 21f8 7f00 | 00ff d0f4 | 448b 5b28 | 41f6 c320 | 0f84 7901 | 0000 488d | 55a8 4c8b | 5a08 4d85 
  0x0000015e3ad2d6a0: db0f 85bb | 0000 00e8 | 0500 0000 | e996 0000 | 0048 8d44 | 2408 4c89 | 6dc0 498b | cfc5 f877 
  0x0000015e3ad2d6c0: 4989 afb0 | 0300 0049 | 8987 a003 | 0000 4883 | ec20 40f6 | c40f 0f84 | 1900 0000 | 4883 ec08 
  0x0000015e3ad2d6e0: 48b8 306b | 8921 f87f | 0000 ffd0 | 4883 c408 | e90c 0000 | 0048 b830 | 6b89 21f8 | 7f00 00ff 
  0x0000015e3ad2d700: d048 83c4 | 2049 c787 | a003 0000 | 0000 0000 | 49c7 87b0 | 0300 0000 | 0000 0049 | c787 a803 
  0x0000015e3ad2d720: 0000 0000 | 0000 c5f8 | 7749 837f | 0800 0f84 | 0500 0000 | e987 37ff | ff4c 8b6d | c04c 8b75 
  0x0000015e3ad2d740: c84e 8d74 | f500 c348 | b930 d5e8 | 21f8 7f00 | 0048 83e4 | f048 b870 | 4aaf 21f8 | 7f00 00ff 
  0x0000015e3ad2d760: d0f4 4c89 | 6dc0 4c8b | 4a08 48c7 | 4208 0000 | 0000 458b | 8718 0600 | 004f 3b4c | 07f8 0f85 
  0x0000015e3ad2d780: 4900 0000 | 4183 af18 | 0600 0008 | 4f3b 4c07 | f00f 842a | 0000 0049 | 8b01 a802 | 0f85 1200 
  0x0000015e3ad2d7a0: 0000 4c8b | c049 83c8 | 01f0 4d0f | b101 0f84 | 0d00 0000 | 4183 8718 | 0600 0008 | e90c 0000 
  0x0000015e3ad2d7c0: 0049 ff8f | 5005 0000 | e93e 0000 | 004c 894a | 0848 8bca | 4883 ec20 | 40f6 c40f | 0f84 1900 
  0x0000015e3ad2d7e0: 0000 4883 | ec08 48b8 | f03d 8921 | f87f 0000 | ffd0 4883 | c408 e90c | 0000 0048 | b8f0 3d89 
  0x0000015e3ad2d800: 21f8 7f00 | 00ff d048 | 83c4 204c | 8b6d c049 | ba41 ad10 | 22f8 7f00 | 0041 803a | 000f 843e 
  0x0000015e3ad2d820: 0000 0048 | 8b55 e849 | 8bcf 4883 | ec20 40f6 | c40f 0f84 | 1900 0000 | 4883 ec08 | 48b8 10ee 
  0x0000015e3ad2d840: c021 f87f | 0000 ffd0 | 4883 c408 | e90c 0000 | 0048 b810 | eec0 21f8 | 7f00 00ff | d048 83c4 
  0x0000015e3ad2d860: 2048 8b04 | 2448 83c4 | 10c5 fb10 | 0424 4883 | c410 4c8b | 5d18 41ff | d34c 8b5d | f8c9 5f49 
  0x0000015e3ad2d880: 8be3 ffe7 | ba00 0000 | 00e8 0500 | 0000 e996 | 0000 0048 | 8d44 2408 | 4c89 6dc0 | 498b cfc5 
  0x0000015e3ad2d8a0: f877 4989 | afb0 0300 | 0049 8987 | a003 0000 | 4883 ec20 | 40f6 c40f | 0f84 1900 | 0000 4883 
  0x0000015e3ad2d8c0: ec08 48b8 | a031 8921 | f87f 0000 | ffd0 4883 | c408 e90c | 0000 0048 | b8a0 3189 | 21f8 7f00 
  0x0000015e3ad2d8e0: 00ff d048 | 83c4 2049 | c787 a003 | 0000 0000 | 0000 49c7 | 87b0 0300 | 0000 0000 | 0049 c787 
  0x0000015e3ad2d900: a803 0000 | 0000 0000 | c5f8 7749 | 837f 0800 | 0f84 0500 | 0000 e9a5 | 35ff ff4c | 8b6d c04c 
  0x0000015e3ad2d920: 8b75 c84e | 8d74 f500 | c348 8b5d | e8e9 26f6 | ffff 660f | 1f44 0000 
[/MachCode]

---------------  P R O C E S S  ---------------

Threads class SMR info:
_java_thread_list=0x0000015e47aa17e0, length=11, elements={
0x0000015e28e82100, 0x0000015e471d3530, 0x0000015e471d4250, 0x0000015e471d64b0,
0x0000015e471d6f10, 0x0000015e471d7970, 0x0000015e471d83d0, 0x0000015e471e6680,
0x0000015e471e9140, 0x0000015e473595a0, 0x0000015e4735b840
}

Java Threads: ( => current thread )
  0x0000015e28e82100 JavaThread "main"                              [_thread_in_native, id=17780, stack(0x00000037a9b00000,0x00000037a9c00000) (1024K)]
=>0x0000015e471d3530 JavaThread "Reference Handler"          daemon [_thread_in_native, id=12896, stack(0x00000037aa300000,0x00000037aa400000) (1024K)]
  0x0000015e471d4250 JavaThread "Finalizer"                  daemon [_thread_blocked, id=4740, stack(0x00000037aa400000,0x00000037aa500000) (1024K)]
  0x0000015e471d64b0 JavaThread "Signal Dispatcher"          daemon [_thread_blocked, id=17592, stack(0x00000037aa500000,0x00000037aa600000) (1024K)]
  0x0000015e471d6f10 JavaThread "Attach Listener"            daemon [_thread_blocked, id=1384, stack(0x00000037aa600000,0x00000037aa700000) (1024K)]
  0x0000015e471d7970 JavaThread "Service Thread"             daemon [_thread_blocked, id=13608, stack(0x00000037aa700000,0x00000037aa800000) (1024K)]
  0x0000015e471d83d0 JavaThread "Monitor Deflation Thread"   daemon [_thread_blocked, id=10332, stack(0x00000037aa800000,0x00000037aa900000) (1024K)]
  0x0000015e471e6680 JavaThread "C2 CompilerThread0"         daemon [_thread_blocked, id=4144, stack(0x00000037aa900000,0x00000037aaa00000) (1024K)]
  0x0000015e471e9140 JavaThread "C1 CompilerThread0"         daemon [_thread_blocked, id=18288, stack(0x00000037aaa00000,0x00000037aab00000) (1024K)]
  0x0000015e473595a0 JavaThread "Notification Thread"        daemon [_thread_blocked, id=6324, stack(0x00000037aab00000,0x00000037aac00000) (1024K)]
  0x0000015e4735b840 JavaThread "Common-Cleaner"             daemon [_thread_blocked, id=15052, stack(0x00000037aac00000,0x00000037aad00000) (1024K)]
Total: 11

Other Threads:
  0x0000015e471baaa0 VMThread "VM Thread"                           [id=4948, stack(0x00000037aa200000,0x00000037aa300000) (1024K)]
  0x0000015e471a69e0 WatcherThread "VM Periodic Task Thread"        [id=17224, stack(0x00000037aa100000,0x00000037aa200000) (1024K)]
  0x0000015e2b10a2b0 WorkerThread "GC Thread#0"                     [id=1404, stack(0x00000037a9c00000,0x00000037a9d00000) (1024K)]
  0x0000015e9401c880 WorkerThread "GC Thread#1"                     [id=18208, stack(0x00000037aad00000,0x00000037aae00000) (1024K)]
  0x0000015e940b1a10 WorkerThread "GC Thread#2"                     [id=6812, stack(0x00000037ab400000,0x00000037ab500000) (1024K)]
  0x0000015e94057950 WorkerThread "GC Thread#3"                     [id=16868, stack(0x00000037ab500000,0x00000037ab600000) (1024K)]
  0x0000015e2b11eea0 ConcurrentGCThread "G1 Main Marker"            [id=13340, stack(0x00000037a9d00000,0x00000037a9e00000) (1024K)]
  0x0000015e2b11fa60 WorkerThread "G1 Conc#0"                       [id=13300, stack(0x00000037a9e00000,0x00000037a9f00000) (1024K)]
  0x0000015e2b17e9c0 ConcurrentGCThread "G1 Refine#0"               [id=9688, stack(0x00000037a9f00000,0x00000037aa000000) (1024K)]
  0x0000015e47078640 ConcurrentGCThread "G1 Service"                [id=2812, stack(0x00000037aa000000,0x00000037aa100000) (1024K)]
Total: 10

Threads with active compile tasks:
Total: 0

VM state: not at safepoint (normal execution)

VM Mutex/Monitor currently owned by a thread: None

Heap address: 0x0000000089600000, size: 1898 MB, Compressed Oops mode: 32-bit

CDS archive(s) mapped at: [0x0000015e48000000-0x0000015e48d70000-0x0000015e48d70000), size 14090240, SharedBaseAddress: 0x0000015e48000000, ArchiveRelocationMode: 1.
Compressed class space mapped at: 0x0000015e49000000-0x0000015e89000000, reserved size: 1073741824
Narrow klass base: 0x0000015e48000000, Narrow klass shift: 0, Narrow klass range: 0x41000000

GC Precious Log:
 CardTable entry size: 512
 Card Set container configuration: InlinePtr #cards 5 size 8 Array Of Cards #cards 10 size 36 Howl #buckets 4 coarsen threshold 1843 Howl Bitmap #cards 512 size 80 coarsen threshold 460 Card regions per heap region 1 cards per card region 2048
 CPUs: 4 total, 4 available
 Memory: 7591M
 Large Page Support: Disabled
 NUMA Support: Disabled
 Compressed Oops: Enabled (32-bit)
 Heap Region Size: 1M
 Heap Min Capacity: 8M
 Heap Initial Capacity: 120M
 Heap Max Capacity: 1898M
 Pre-touch: Disabled
 Parallel Workers: 4
 Concurrent Workers: 1
 Concurrent Refinement Workers: 4
 Periodic GC: Disabled

Heap:
 garbage-first heap   total reserved 1943552K, committed 14336K, used 6276K [0x0000000089600000, 0x0000000100000000)
  region size 1024K, 4 young (4096K), 0 survivors (0K)
 Metaspace       used 8518K, committed 8832K, reserved 1114112K
  class space    used 527K, committed 704K, reserved 1048576K

Heap Regions: E=young(eden), S=young(survivor), O=old, HS=humongous(starts), HC=humongous(continues), CS=collection set, F=free, TAMS=top-at-mark-start, PB=parsable bottom
|   0|0x0000000089600000, 0x00000000896fbc60, 0x0000000089700000| 98%| O|  |TAMS 0x0000000089600000| PB 0x0000000089600000| Untracked |  0
|   1|0x0000000089700000, 0x0000000089800000, 0x0000000089800000|100%| O|  |TAMS 0x0000000089700000| PB 0x0000000089700000| Untracked |  0
|   2|0x0000000089800000, 0x00000000898fffd8, 0x0000000089900000| 99%| O|  |TAMS 0x0000000089800000| PB 0x0000000089800000| Untracked |  0
|   3|0x0000000089900000, 0x0000000089925748, 0x0000000089a00000| 14%| O|  |TAMS 0x0000000089900000| PB 0x0000000089900000| Untracked |  0
|   4|0x0000000089a00000, 0x0000000089a00000, 0x0000000089b00000|  0%| F|  |TAMS 0x0000000089a00000| PB 0x0000000089a00000| Untracked |  0
|   5|0x0000000089b00000, 0x0000000089b00000, 0x0000000089c00000|  0%| F|  |TAMS 0x0000000089b00000| PB 0x0000000089b00000| Untracked |  0
|   6|0x0000000089c00000, 0x0000000089c00000, 0x0000000089d00000|  0%| F|  |TAMS 0x0000000089c00000| PB 0x0000000089c00000| Untracked |  0
|   7|0x0000000089d00000, 0x0000000089d00000, 0x0000000089e00000|  0%| F|  |TAMS 0x0000000089d00000| PB 0x0000000089d00000| Untracked |  0
|   8|0x0000000089e00000, 0x0000000089e00000, 0x0000000089f00000|  0%| F|  |TAMS 0x0000000089e00000| PB 0x0000000089e00000| Untracked |  0
|   9|0x0000000089f00000, 0x0000000089f00000, 0x000000008a000000|  0%| F|  |TAMS 0x0000000089f00000| PB 0x0000000089f00000| Untracked |  0
|  10|0x000000008a000000, 0x000000008a028350, 0x000000008a100000| 15%| E|  |TAMS 0x000000008a000000| PB 0x000000008a000000| Complete |  0
|  11|0x000000008a100000, 0x000000008a200000, 0x000000008a200000|100%| E|CS|TAMS 0x000000008a100000| PB 0x000000008a100000| Complete |  0
|  12|0x000000008a200000, 0x000000008a300000, 0x000000008a300000|100%| E|CS|TAMS 0x000000008a200000| PB 0x000000008a200000| Complete |  0
|  13|0x000000008a300000, 0x000000008a400000, 0x000000008a400000|100%| E|CS|TAMS 0x000000008a300000| PB 0x000000008a300000| Complete |  0

Card table byte_map: [0x0000015e42bb0000,0x0000015e42f70000] _byte_map_base: 0x0000015e42765000

Marking Bits: (CMBitMap*) 0x0000015e2b10a8c0
 Bits: [0x0000015e42f70000, 0x0000015e44d18000)

Polling page: 0x0000015e28e10000

Metaspace:

Usage:
  Non-class:      7.80 MB used.
      Class:    527.59 KB used.
       Both:      8.32 MB used.

Virtual space:
  Non-class space:       64.00 MB reserved,       7.94 MB ( 12%) committed,  1 nodes.
      Class space:        1.00 GB reserved,     704.00 KB ( <1%) committed,  1 nodes.
             Both:        1.06 GB reserved,       8.62 MB ( <1%) committed. 

Chunk freelists:
   Non-Class:  6.58 MB
       Class:  15.36 MB
        Both:  21.94 MB

MaxMetaspaceSize: unlimited
CompressedClassSpaceSize: 1.00 GB
Initial GC threshold: 21.00 MB
Current GC threshold: 21.00 MB
CDS: on
 - commit_granule_bytes: 65536.
 - commit_granule_words: 8192.
 - virtual_space_node_default_size: 8388608.
 - enlarge_chunks_in_place: 1.
 - use_allocation_guard: 0.


Internal statistics:

num_allocs_failed_limit: 0.
num_arena_births: 254.
num_arena_deaths: 0.
num_vsnodes_births: 2.
num_vsnodes_deaths: 0.
num_space_committed: 137.
num_space_uncommitted: 0.
num_chunks_returned_to_freelist: 0.
num_chunks_taken_from_freelist: 522.
num_chunk_merges: 0.
num_chunk_splits: 356.
num_chunks_enlarged: 239.
num_inconsistent_stats: 0.

CodeHeap 'non-profiled nmethods': size=120064Kb used=663Kb max_used=692Kb free=119400Kb
 bounds [0x0000015e3b2b0000, 0x0000015e3b520000, 0x0000015e427f0000]
CodeHeap 'profiled nmethods': size=120000Kb used=1808Kb max_used=2254Kb free=118191Kb
 bounds [0x0000015e337f0000, 0x0000015e33a60000, 0x0000015e3ad20000]
CodeHeap 'non-nmethods': size=5696Kb used=2266Kb max_used=2311Kb free=3429Kb
 bounds [0x0000015e3ad20000, 0x0000015e3af90000, 0x0000015e3b2b0000]
CodeCache: size=245760Kb, used=4737Kb, max_used=5257Kb, free=241020Kb
 total_blobs=2812, nmethods=1566, adapters=1152, full_count=0
Compilation: enabled, stopped_count=0, restarted_count=0

Compilation events (20 events):
Event: 16.695 Thread 0x0000015e471e9140 nmethod 1802 0x0000015e337fc688 code [0x0000015e337fc7a0, 0x0000015e337fc910]
Event: 16.696 Thread 0x0000015e471e6680 nmethod 1803 0x0000015e3b330b08 code [0x0000015e3b330c40, 0x0000015e3b330da0]
Event: 16.728 Thread 0x0000015e471e6680 1804       4       jdk.internal.math.FloatingDecimal$BinaryToASCIIBuffer::toJavaFormatString (23 bytes)
Event: 16.734 Thread 0x0000015e471e6680 nmethod 1804 0x0000015e3b311888 code [0x0000015e3b3119e0, 0x0000015e3b3121a0]
Event: 16.745 Thread 0x0000015e471e9140 1805       3       java.text.NumberFormat::format (31 bytes)
Event: 16.745 Thread 0x0000015e471e9140 nmethod 1805 0x0000015e33815e08 code [0x0000015e33815f80, 0x0000015e33816348]
Event: 16.928 Thread 0x0000015e471e9140 1806       3       net.GameLayer.Camera::ProcessMouseMovement (54 bytes)
Event: 16.928 Thread 0x0000015e471e9140 nmethod 1806 0x0000015e33855008 code [0x0000015e33855160, 0x0000015e33855310]
Event: 17.377 Thread 0x0000015e471e6680 1807       4       java.text.DecimalFormat::getPositivePrefixFieldPositions (41 bytes)
Event: 17.378 Thread 0x0000015e471e6680 nmethod 1807 0x0000015e3b330808 code [0x0000015e3b330900, 0x0000015e3b3309a0]
Event: 17.561 Thread 0x0000015e471e6680 1808       4       java.text.DecimalFormat::handleNaN (64 bytes)
Event: 17.561 Thread 0x0000015e471e6680 nmethod 1808 0x0000015e3b330488 code [0x0000015e3b3305c0, 0x0000015e3b3306e0]
Event: 17.577 Thread 0x0000015e471e6680 1809   !   4       java.text.DecimalFormat::doubleSubformat (101 bytes)
Event: 17.627 Thread 0x0000015e471e6680 nmethod 1809 0x0000015e3b35a188 code [0x0000015e3b35a440, 0x0000015e3b35c910]
Event: 17.628 Thread 0x0000015e471e6680 1810       4       java.text.DigitList::set (73 bytes)
Event: 17.639 Thread 0x0000015e471e6680 nmethod 1810 0x0000015e3b35cb88 code [0x0000015e3b35cd40, 0x0000015e3b35da18]
Event: 18.293 Thread 0x0000015e471e6680 1811       4       java.text.DecimalFormat::getNegativeSuffixFieldPositions (41 bytes)
Event: 18.294 Thread 0x0000015e471e6680 nmethod 1811 0x0000015e3b350308 code [0x0000015e3b350400, 0x0000015e3b3504a0]
Event: 19.008 Thread 0x0000015e471e6680 1812       4       java.util.ArrayList$ArrayListSpliterator::forEachRemaining (127 bytes)
Event: 19.019 Thread 0x0000015e471e6680 nmethod 1812 0x0000015e3b344288 code [0x0000015e3b344420, 0x0000015e3b344d88]

GC Heap History (14 events):
Event: 1.326 GC heap before
{Heap before GC invocations=0 (full 0):
 garbage-first heap   total reserved 1943552K, committed 122880K, used 13312K [0x0000000089600000, 0x0000000100000000)
  region size 1024K, 14 young (14336K), 0 survivors (0K)
 Metaspace       used 5897K, committed 6016K, reserved 1114112K
  class space    used 399K, committed 448K, reserved 1048576K
}
Event: 1.333 GC heap after
{Heap after GC invocations=1 (full 0):
 garbage-first heap   total reserved 1943552K, committed 122880K, used 2987K [0x0000000089600000, 0x0000000100000000)
  region size 1024K, 2 young (2048K), 2 survivors (2048K)
 Metaspace       used 5897K, committed 6016K, reserved 1114112K
  class space    used 399K, committed 448K, reserved 1048576K
}
Event: 12.846 GC heap before
{Heap before GC invocations=1 (full 0):
 garbage-first heap   total reserved 1943552K, committed 122880K, used 15275K [0x0000000089600000, 0x0000000100000000)
  region size 1024K, 15 young (15360K), 2 survivors (2048K)
 Metaspace       used 8514K, committed 8832K, reserved 1114112K
  class space    used 527K, committed 704K, reserved 1048576K
}
Event: 12.854 GC heap after
{Heap after GC invocations=2 (full 0):
 garbage-first heap   total reserved 1943552K, committed 122880K, used 6483K [0x0000000089600000, 0x0000000100000000)
  region size 1024K, 2 young (2048K), 2 survivors (2048K)
 Metaspace       used 8514K, committed 8832K, reserved 1114112K
  class space    used 527K, committed 704K, reserved 1048576K
}
Event: 13.464 GC heap before
{Heap before GC invocations=2 (full 0):
 garbage-first heap   total reserved 1943552K, committed 122880K, used 6483K [0x0000000089600000, 0x0000000100000000)
  region size 1024K, 3 young (3072K), 2 survivors (2048K)
 Metaspace       used 8516K, committed 8832K, reserved 1114112K
  class space    used 527K, committed 704K, reserved 1048576K
}
Event: 13.475 GC heap after
{Heap after GC invocations=3 (full 1):
 garbage-first heap   total reserved 1943552K, committed 14336K, used 3195K [0x0000000089600000, 0x0000000100000000)
  region size 1024K, 0 young (0K), 0 survivors (0K)
 Metaspace       used 8516K, committed 8832K, reserved 1114112K
  class space    used 527K, committed 704K, reserved 1048576K
}
Event: 13.479 GC heap before
{Heap before GC invocations=3 (full 1):
 garbage-first heap   total reserved 1943552K, committed 14336K, used 3195K [0x0000000089600000, 0x0000000100000000)
  region size 1024K, 0 young (0K), 0 survivors (0K)
 Metaspace       used 8516K, committed 8832K, reserved 1114112K
  class space    used 527K, committed 704K, reserved 1048576K
}
Event: 13.492 GC heap after
{Heap after GC invocations=4 (full 2):
 garbage-first heap   total reserved 1943552K, committed 14336K, used 3195K [0x0000000089600000, 0x0000000100000000)
  region size 1024K, 0 young (0K), 0 survivors (0K)
 Metaspace       used 8516K, committed 8832K, reserved 1114112K
  class space    used 527K, committed 704K, reserved 1048576K
}
Event: 18.377 GC heap before
{Heap before GC invocations=4 (full 2):
 garbage-first heap   total reserved 1943552K, committed 14336K, used 8315K [0x0000000089600000, 0x0000000100000000)
  region size 1024K, 5 young (5120K), 0 survivors (0K)
 Metaspace       used 8517K, committed 8832K, reserved 1114112K
  class space    used 527K, committed 704K, reserved 1048576K
}
Event: 18.381 GC heap after
{Heap after GC invocations=5 (full 2):
 garbage-first heap   total reserved 1943552K, committed 14336K, used 6258K [0x0000000089600000, 0x0000000100000000)
  region size 1024K, 1 young (1024K), 1 survivors (1024K)
 Metaspace       used 8517K, committed 8832K, reserved 1114112K
  class space    used 527K, committed 704K, reserved 1048576K
}
Event: 20.109 GC heap before
{Heap before GC invocations=5 (full 2):
 garbage-first heap   total reserved 1943552K, committed 14336K, used 6258K [0x0000000089600000, 0x0000000100000000)
  region size 1024K, 2 young (2048K), 1 survivors (1024K)
 Metaspace       used 8517K, committed 8832K, reserved 1114112K
  class space    used 527K, committed 704K, reserved 1048576K
}
Event: 20.121 GC heap after
{Heap after GC invocations=6 (full 3):
 garbage-first heap   total reserved 1943552K, committed 14336K, used 3204K [0x0000000089600000, 0x0000000100000000)
  region size 1024K, 0 young (0K), 0 survivors (0K)
 Metaspace       used 8517K, committed 8832K, reserved 1114112K
  class space    used 527K, committed 704K, reserved 1048576K
}
Event: 20.122 GC heap before
{Heap before GC invocations=6 (full 3):
 garbage-first heap   total reserved 1943552K, committed 14336K, used 3204K [0x0000000089600000, 0x0000000100000000)
  region size 1024K, 0 young (0K), 0 survivors (0K)
 Metaspace       used 8517K, committed 8832K, reserved 1114112K
  class space    used 527K, committed 704K, reserved 1048576K
}
Event: 20.136 GC heap after
{Heap after GC invocations=7 (full 4):
 garbage-first heap   total reserved 1943552K, committed 14336K, used 3204K [0x0000000089600000, 0x0000000100000000)
  region size 1024K, 0 young (0K), 0 survivors (0K)
 Metaspace       used 8517K, committed 8832K, reserved 1114112K
  class space    used 527K, committed 704K, reserved 1048576K
}

Dll operation events (10 events):
Event: 0.014 Loaded shared library C:\Users\Client\.jdks\openjdk-23.0.1\bin\java.dll
Event: 0.054 Loaded shared library C:\Users\Client\.jdks\openjdk-23.0.1\bin\jsvml.dll
Event: 0.106 Loaded shared library C:\Users\Client\.jdks\openjdk-23.0.1\bin\net.dll
Event: 0.109 Loaded shared library C:\Users\Client\.jdks\openjdk-23.0.1\bin\nio.dll
Event: 0.115 Loaded shared library C:\Users\Client\.jdks\openjdk-23.0.1\bin\zip.dll
Event: 0.240 Loaded shared library C:\Users\Client\.jdks\openjdk-23.0.1\bin\jimage.dll
Event: 0.396 Loaded shared library C:\Users\Client\.jdks\openjdk-23.0.1\bin\verify.dll
Event: 0.472 Loaded shared library C:\Users\Client\AppData\Local\Temp\lwjgl_Client\3.3.6+1\x64\lwjgl.dll
Event: 0.785 Loaded shared library C:\Users\Client\AppData\Local\Temp\lwjgl_Client\3.3.6+1\x64\lwjgl_opengl.dll
Event: 1.245 Loaded shared library C:\Users\Client\AppData\Local\Temp\lwjgl_Client\3.3.6+1\x64\lwjgl_stb.dll

Deoptimization events (20 events):
Event: 13.545 Thread 0x0000015e28e82100 DEOPT PACKING pc=0x0000015e33993a01 sp=0x00000037a9bfef10
Event: 13.545 Thread 0x0000015e28e82100 DEOPT UNPACKING pc=0x0000015e3ad74b22 sp=0x00000037a9bfe410 mode 0
Event: 13.546 Thread 0x0000015e28e82100 DEOPT PACKING pc=0x0000015e3398e3f3 sp=0x00000037a9bfee80
Event: 13.546 Thread 0x0000015e28e82100 DEOPT UNPACKING pc=0x0000015e3ad74b22 sp=0x00000037a9bfe410 mode 0
Event: 13.562 Thread 0x0000015e28e82100 DEOPT PACKING pc=0x0000015e33993a01 sp=0x00000037a9bfef10
Event: 13.562 Thread 0x0000015e28e82100 DEOPT UNPACKING pc=0x0000015e3ad74b22 sp=0x00000037a9bfe410 mode 0
Event: 13.579 Thread 0x0000015e28e82100 DEOPT PACKING pc=0x0000015e33993a01 sp=0x00000037a9bfef10
Event: 13.579 Thread 0x0000015e28e82100 DEOPT UNPACKING pc=0x0000015e3ad74b22 sp=0x00000037a9bfe410 mode 0
Event: 13.596 Thread 0x0000015e28e82100 DEOPT PACKING pc=0x0000015e33993a01 sp=0x00000037a9bfef10
Event: 13.596 Thread 0x0000015e28e82100 DEOPT UNPACKING pc=0x0000015e3ad74b22 sp=0x00000037a9bfe410 mode 0
Event: 13.597 Thread 0x0000015e28e82100 DEOPT PACKING pc=0x0000015e3398e3f3 sp=0x00000037a9bfee80
Event: 13.597 Thread 0x0000015e28e82100 DEOPT UNPACKING pc=0x0000015e3ad74b22 sp=0x00000037a9bfe410 mode 0
Event: 13.597 Thread 0x0000015e28e82100 Uncommon trap: trap_request=0xffffff45 fr.pc=0x0000015e3b31eb94 relative=0x0000000000002094
Event: 13.597 Thread 0x0000015e28e82100 Uncommon trap: reason=unstable_if action=reinterpret pc=0x0000015e3b31eb94 method=net.GameLayer.World.shouldRenderFace(IILnet/Core/Element;IIII)I @ 200 c2
Event: 13.597 Thread 0x0000015e28e82100 DEOPT PACKING pc=0x0000015e3b31eb94 sp=0x00000037a9bfef20
Event: 13.597 Thread 0x0000015e28e82100 DEOPT UNPACKING pc=0x0000015e3ad74402 sp=0x00000037a9bfee30 mode 2
Event: 16.678 Thread 0x0000015e28e82100 Uncommon trap: trap_request=0xffffff45 fr.pc=0x0000015e3b33e86c relative=0x00000000000001ec
Event: 16.678 Thread 0x0000015e28e82100 Uncommon trap: reason=unstable_if action=reinterpret pc=0x0000015e3b33e86c method=java.text.DecimalFormat.format(DLjava/lang/StringBuffer;Ljava/text/Format$FieldDelegate;)Ljava/lang/StringBuffer; @ 34 c2
Event: 16.678 Thread 0x0000015e28e82100 DEOPT PACKING pc=0x0000015e3b33e86c sp=0x00000037a9bfed50
Event: 16.678 Thread 0x0000015e28e82100 DEOPT UNPACKING pc=0x0000015e3ad74402 sp=0x00000037a9bfec60 mode 2

Classes loaded (20 events):
Event: 1.669 Loading class java/lang/invoke/BoundMethodHandle$Species_LLLLLLLLLL
Event: 1.669 Loading class java/lang/invoke/BoundMethodHandle$Species_LLLLLLLLLL done
Event: 1.673 Loading class java/lang/invoke/BoundMethodHandle$Species_LLLLLLLLLLL
Event: 1.673 Loading class java/lang/invoke/BoundMethodHandle$Species_LLLLLLLLLLL done
Event: 1.677 Loading class java/lang/invoke/BoundMethodHandle$Species_LLLLLLLLLLLL
Event: 1.677 Loading class java/lang/invoke/BoundMethodHandle$Species_LLLLLLLLLLLL done
Event: 1.680 Loading class java/lang/invoke/BoundMethodHandle$Species_LLLLLLLLLLLLL
Event: 1.680 Loading class java/lang/invoke/BoundMethodHandle$Species_LLLLLLLLLLLLL done
Event: 1.689 Loading class java/util/LinkedList$Node
Event: 1.689 Loading class java/util/LinkedList$Node done
Event: 1.870 Loading class java/util/Formatter$FormatSpecifierParser
Event: 1.870 Loading class java/util/Formatter$FormatSpecifierParser done
Event: 1.871 Loading class jdk/internal/math/FormattedFPDecimal
Event: 1.871 Loading class jdk/internal/math/FormattedFPDecimal done
Event: 2.388 Loading class java/util/stream/ReduceOps$2
Event: 2.388 Loading class java/util/stream/ReduceOps$2 done
Event: 2.388 Loading class java/util/stream/ReduceOps$2ReducingSink
Event: 2.389 Loading class java/util/stream/ReduceOps$2ReducingSink done
Event: 6.285 Loading class java/text/DigitList$1
Event: 6.285 Loading class java/text/DigitList$1 done

Classes unloaded (0 events):
No events

Classes redefined (0 events):
No events

Internal exceptions (20 events):
Event: 0.560 Thread 0x0000015e28e82100 Exception <a 'java/lang/NoSuchMethodError'{0x0000000090409788}: 'java.lang.Object java.lang.invoke.Invokers$Holder.linkToTargetMethod(java.lang.Object, long, java.lang.Object)'> (0x0000000090409788) 
thrown [s\open\src\hotspot\share\interpreter\linkResolver.cpp, line 796]
Event: 0.562 Thread 0x0000015e28e82100 Exception <a 'java/lang/NoSuchMethodError'{0x00000000904106e0}: 'int java.lang.invoke.DirectMethodHandle$Holder.invokeStaticInit(java.lang.Object, java.lang.Object, java.lang.Object, long)'> (0x00000000904106e0) 
thrown [s\open\src\hotspot\share\interpreter\linkResolver.cpp, line 796]
Event: 0.591 Thread 0x0000015e28e82100 Exception <a 'sun/nio/fs/WindowsException'{0x00000000904c1a38}> (0x00000000904c1a38) 
thrown [s\open\src\hotspot\share\prims\jni.cpp, line 520]
Event: 0.591 Thread 0x0000015e28e82100 Exception <a 'sun/nio/fs/WindowsException'{0x00000000904c1da8}> (0x00000000904c1da8) 
thrown [s\open\src\hotspot\share\prims\jni.cpp, line 520]
Event: 0.622 Thread 0x0000015e28e82100 Exception <a 'java/lang/NoSuchMethodError'{0x00000000904d7470}: 'int java.lang.invoke.Invokers$Holder.invokeExact_MT(java.lang.Object, java.lang.Object)'> (0x00000000904d7470) 
thrown [s\open\src\hotspot\share\interpreter\linkResolver.cpp, line 796]
Event: 0.774 Thread 0x0000015e28e82100 Exception <a 'java/lang/NoSuchMethodError'{0x0000000090353fe0}: 'void java.lang.System.load(java.lang.String, java.lang.Class)'> (0x0000000090353fe0) 
thrown [s\open\src\hotspot\share\interpreter\linkResolver.cpp, line 796]
Event: 0.775 Thread 0x0000015e28e82100 Exception <a 'java/lang/NoSuchMethodError'{0x0000000090356a70}: 'void java.lang.System.loadLibrary(java.lang.String, java.lang.Class)'> (0x0000000090356a70) 
thrown [s\open\src\hotspot\share\interpreter\linkResolver.cpp, line 796]
Event: 0.782 Thread 0x0000015e28e82100 Exception <a 'sun/nio/fs/WindowsException'{0x0000000090366058}> (0x0000000090366058) 
thrown [s\open\src\hotspot\share\prims\jni.cpp, line 520]
Event: 0.783 Thread 0x0000015e28e82100 Exception <a 'sun/nio/fs/WindowsException'{0x0000000090366408}> (0x0000000090366408) 
thrown [s\open\src\hotspot\share\prims\jni.cpp, line 520]
Event: 0.799 Thread 0x0000015e28e82100 Exception <a 'sun/nio/fs/WindowsException'{0x00000000903718d0}> (0x00000000903718d0) 
thrown [s\open\src\hotspot\share\prims\jni.cpp, line 520]
Event: 0.799 Thread 0x0000015e28e82100 Exception <a 'sun/nio/fs/WindowsException'{0x0000000090371bb8}> (0x0000000090371bb8) 
thrown [s\open\src\hotspot\share\prims\jni.cpp, line 520]
Event: 1.234 Thread 0x0000015e28e82100 Exception <a 'java/lang/NoSuchMethodError'{0x00000000902756b0}: 'void java.lang.System.load(java.lang.String, java.lang.Class)'> (0x00000000902756b0) 
thrown [s\open\src\hotspot\share\interpreter\linkResolver.cpp, line 796]
Event: 1.235 Thread 0x0000015e28e82100 Exception <a 'java/lang/NoSuchMethodError'{0x0000000090278140}: 'void java.lang.System.loadLibrary(java.lang.String, java.lang.Class)'> (0x0000000090278140) 
thrown [s\open\src\hotspot\share\interpreter\linkResolver.cpp, line 796]
Event: 1.243 Thread 0x0000015e28e82100 Exception <a 'sun/nio/fs/WindowsException'{0x00000000902856a8}> (0x00000000902856a8) 
thrown [s\open\src\hotspot\share\prims\jni.cpp, line 520]
Event: 1.243 Thread 0x0000015e28e82100 Exception <a 'sun/nio/fs/WindowsException'{0x0000000090285a30}> (0x0000000090285a30) 
thrown [s\open\src\hotspot\share\prims\jni.cpp, line 520]
Event: 1.671 Thread 0x0000015e28e82100 Exception <a 'java/lang/NoSuchMethodError'{0x0000000090810dc8}: 'java.lang.Object java.lang.invoke.DirectMethodHandle$Holder.invokeStatic(java.lang.Object, java.lang.Object, java.lang.Object, java.lang.Object, java.lang.Object, java.lang.Object, java.lang.Object, java.lang.Object, java.lang.Object, java.lang.Object, java.lang.Object, java.lang.Object, java.lang.Object)'> (0x0000000090810dc8) 
thrown [s\open\src\hotspot\share\interpreter\linkResolver.cpp, line 796]
Event: 1.675 Thread 0x0000015e28e82100 Exception <a 'java/lang/NoSuchMethodError'{0x000000009082ff00}: 'java.lang.Object java.lang.invoke.DirectMethodHandle$Holder.invokeStatic(java.lang.Object, java.lang.Object, java.lang.Object, java.lang.Object, java.lang.Object, java.lang.Object, java.lang.Object, java.lang.Object, java.lang.Object, java.lang.Object, java.lang.Object, java.lang.Object, java.lang.Object, java.lang.Object)'> (0x000000009082ff00) 
thrown [s\open\src\hotspot\share\interpreter\linkResolver.cpp, line 796]
Event: 1.679 Thread 0x0000015e28e82100 Exception <a 'java/lang/NoSuchMethodError'{0x0000000090855400}: 'java.lang.Object java.lang.invoke.DirectMethodHandle$Holder.invokeStatic(java.lang.Object, java.lang.Object, java.lang.Object, java.lang.Object, java.lang.Object, java.lang.Object, java.lang.Object, java.lang.Object, java.lang.Object, java.lang.Object, java.lang.Object, java.lang.Object, java.lang.Object, java.lang.Object, java.lang.Object)'> (0x0000000090855400) 
thrown [s\open\src\hotspot\share\interpreter\linkResolver.cpp, line 796]
Event: 1.681 Thread 0x0000015e28e82100 Exception <a 'java/lang/NoSuchMethodError'{0x00000000908796b8}: 'java.lang.Object java.lang.invoke.DirectMethodHandle$Holder.invokeStatic(java.lang.Object, java.lang.Object, java.lang.Object, java.lang.Object, java.lang.Object, java.lang.Object, java.lang.Object, java.lang.Object, java.lang.Object, java.lang.Object, java.lang.Object, java.lang.Object, java.lang.Object, java.lang.Object, java.lang.Object, java.lang.Object)'> (0x00000000908796b8) 
thrown [s\open\src\hotspot\share\interpreter\linkResolver.cpp
Event: 1.683 Thread 0x0000015e28e82100 Exception <a 'java/lang/NoSuchMethodError'{0x000000009088f2e0}: 'java.lang.Object java.lang.invoke.Invokers$Holder.linkToTargetMethod(java.lang.Object, java.lang.Object, java.lang.Object, java.lang.Object, java.lang.Object, java.lang.Object, java.lang.Object, java.lang.Object, java.lang.Object, java.lang.Object, java.lang.Object, java.lang.Object, java.lang.Object, java.lang.Object, java.lang.Object, java.lang.Object, java.lang.Object, java.lang.Object, java.lang.Object)'> (0x000000009088f2e0) 
thrown [s\o

VM Operations (20 events):
Event: 0.378 Executing VM operation: HandshakeAllThreads (Deoptimize)
Event: 0.378 Executing VM operation: HandshakeAllThreads (Deoptimize) done
Event: 0.434 Executing VM operation: HandshakeAllThreads (Deoptimize)
Event: 0.434 Executing VM operation: HandshakeAllThreads (Deoptimize) done
Event: 0.462 Executing VM operation: HandshakeAllThreads (Deoptimize)
Event: 0.462 Executing VM operation: HandshakeAllThreads (Deoptimize) done
Event: 1.326 Executing VM operation: G1CollectForAllocation (G1 Evacuation Pause)
Event: 1.333 Executing VM operation: G1CollectForAllocation (G1 Evacuation Pause) done
Event: 12.846 Executing VM operation: G1CollectForAllocation (G1 Evacuation Pause)
Event: 12.855 Executing VM operation: G1CollectForAllocation (G1 Evacuation Pause) done
Event: 13.464 Executing VM operation: G1CollectFull (System.gc())
Event: 13.475 Executing VM operation: G1CollectFull (System.gc()) done
Event: 13.475 Executing VM operation: G1CollectFull (System.gc())
Event: 13.492 Executing VM operation: G1CollectFull (System.gc()) done
Event: 18.377 Executing VM operation: G1CollectForAllocation (G1 Evacuation Pause)
Event: 18.381 Executing VM operation: G1CollectForAllocation (G1 Evacuation Pause) done
Event: 20.109 Executing VM operation: G1CollectFull (System.gc())
Event: 20.121 Executing VM operation: G1CollectFull (System.gc()) done
Event: 20.122 Executing VM operation: G1CollectFull (System.gc())
Event: 20.136 Executing VM operation: G1CollectFull (System.gc()) done

Memory protections (0 events):
No events

Nmethod flushes (20 events):
Event: 20.129 Thread 0x0000015e471baaa0 flushing  nmethod 0x0000015e33990e88
Event: 20.129 Thread 0x0000015e471baaa0 flushing  nmethod 0x0000015e3399d608
Event: 20.129 Thread 0x0000015e471baaa0 flushing  nmethod 0x0000015e3399de08
Event: 20.129 Thread 0x0000015e471baaa0 flushing  nmethod 0x0000015e3399f008
Event: 20.129 Thread 0x0000015e471baaa0 flushing  nmethod 0x0000015e3399fa08
Event: 20.129 Thread 0x0000015e471baaa0 flushing  nmethod 0x0000015e339a0b08
Event: 20.129 Thread 0x0000015e471baaa0 flushing  nmethod 0x0000015e339a2688
Event: 20.129 Thread 0x0000015e471baaa0 flushing  nmethod 0x0000015e339a2d08
Event: 20.129 Thread 0x0000015e471baaa0 flushing  nmethod 0x0000015e339a4b08
Event: 20.129 Thread 0x0000015e471baaa0 flushing  nmethod 0x0000015e339a6f08
Event: 20.129 Thread 0x0000015e471baaa0 flushing  nmethod 0x0000015e339b0b08
Event: 20.129 Thread 0x0000015e471baaa0 flushing  nmethod 0x0000015e339bc908
Event: 20.129 Thread 0x0000015e471baaa0 flushing  nmethod 0x0000015e339c7d08
Event: 20.129 Thread 0x0000015e471baaa0 flushing  nmethod 0x0000015e339cd688
Event: 20.129 Thread 0x0000015e471baaa0 flushing  nmethod 0x0000015e339cda88
Event: 20.129 Thread 0x0000015e471baaa0 flushing  nmethod 0x0000015e339e4a08
Event: 20.129 Thread 0x0000015e471baaa0 flushing  nmethod 0x0000015e339ee988
Event: 20.129 Thread 0x0000015e471baaa0 flushing  nmethod 0x0000015e339f0a08
Event: 20.129 Thread 0x0000015e471baaa0 flushing  nmethod 0x0000015e339f0d08
Event: 20.129 Thread 0x0000015e471baaa0 flushing  nmethod 0x0000015e33a09f08

Events (15 events):
Event: 0.035 Thread 0x0000015e28e82100 Thread added: 0x0000015e28e82100
Event: 0.049 Thread 0x0000015e28e82100 Thread added: 0x0000015e471d3530
Event: 0.050 Thread 0x0000015e28e82100 Thread added: 0x0000015e471d4250
Event: 0.050 Thread 0x0000015e28e82100 Thread added: 0x0000015e471d64b0
Event: 0.050 Thread 0x0000015e28e82100 Thread added: 0x0000015e471d6f10
Event: 0.050 Thread 0x0000015e28e82100 Thread added: 0x0000015e471d7970
Event: 0.050 Thread 0x0000015e28e82100 Thread added: 0x0000015e471d83d0
Event: 0.050 Thread 0x0000015e28e82100 Thread added: 0x0000015e471e6680
Event: 0.051 Thread 0x0000015e28e82100 Thread added: 0x0000015e471e9140
Event: 0.091 Thread 0x0000015e28e82100 Thread added: 0x0000015e473595a0
Event: 0.094 Thread 0x0000015e28e82100 Thread added: 0x0000015e4735b840
Event: 0.534 Thread 0x0000015e471e9140 Thread added: 0x0000015e4785e5f0
Event: 0.768 Thread 0x0000015e4785e5f0 Thread exited: 0x0000015e4785e5f0
Event: 1.771 Thread 0x0000015e471e6680 Thread added: 0x0000015e47f57490
Event: 2.020 Thread 0x0000015e47f57490 Thread exited: 0x0000015e47f57490


Dynamic libraries:
0x00007ff76a9a0000 - 0x00007ff76a9ae000 	C:\Users\Client\.jdks\openjdk-23.0.1\bin\java.exe
0x00007ff872070000 - 0x00007ff872268000 	C:\Windows\SYSTEM32\ntdll.dll
0x00007ff871340000 - 0x00007ff871402000 	C:\Windows\System32\KERNEL32.DLL
0x00007ff86f9a0000 - 0x00007ff86fc9f000 	C:\Windows\System32\KERNELBASE.dll
0x00007ff86f800000 - 0x00007ff86f900000 	C:\Windows\System32\ucrtbase.dll
0x00007ff85c250000 - 0x00007ff85c26b000 	C:\Users\Client\.jdks\openjdk-23.0.1\bin\VCRUNTIME140.dll
0x00007ff856780000 - 0x00007ff856797000 	C:\Users\Client\.jdks\openjdk-23.0.1\bin\jli.dll
0x00007ff870b60000 - 0x00007ff870cfd000 	C:\Windows\System32\USER32.dll
0x00007ff85dc40000 - 0x00007ff85deda000 	C:\Windows\WinSxS\amd64_microsoft.windows.common-controls_6595b64144ccf1df_6.0.19041.4355_none_60b8b9eb71f62e16\COMCTL32.dll
0x00007ff86f760000 - 0x00007ff86f782000 	C:\Windows\System32\win32u.dll
0x00007ff8703d0000 - 0x00007ff87046e000 	C:\Windows\System32\msvcrt.dll
0x00007ff870700000 - 0x00007ff87072b000 	C:\Windows\System32\GDI32.dll
0x00007ff86ff70000 - 0x00007ff87008a000 	C:\Windows\System32\gdi32full.dll
0x00007ff86f900000 - 0x00007ff86f99d000 	C:\Windows\System32\msvcp_win.dll
0x00007ff871180000 - 0x00007ff8711af000 	C:\Windows\System32\IMM32.DLL
0x00007ff86b6b0000 - 0x00007ff86b6bc000 	C:\Users\Client\.jdks\openjdk-23.0.1\bin\vcruntime140_1.dll
0x00007ff83b160000 - 0x00007ff83b1ee000 	C:\Users\Client\.jdks\openjdk-23.0.1\bin\msvcp140.dll
0x00007ff8214c0000 - 0x00007ff82220f000 	C:\Users\Client\.jdks\openjdk-23.0.1\bin\server\jvm.dll
0x00007ff870a90000 - 0x00007ff870b3f000 	C:\Windows\System32\ADVAPI32.dll
0x00007ff871410000 - 0x00007ff8714af000 	C:\Windows\System32\sechost.dll
0x00007ff870730000 - 0x00007ff870853000 	C:\Windows\System32\RPCRT4.dll
0x00007ff86fe00000 - 0x00007ff86fe27000 	C:\Windows\System32\bcrypt.dll
0x00007ff8708f0000 - 0x00007ff87095b000 	C:\Windows\System32\WS2_32.dll
0x00007ff86ec90000 - 0x00007ff86ecdb000 	C:\Windows\SYSTEM32\POWRPROF.dll
0x00007ff850760000 - 0x00007ff850787000 	C:\Windows\SYSTEM32\WINMM.dll
0x00007ff8689d0000 - 0x00007ff8689da000 	C:\Windows\SYSTEM32\VERSION.dll
0x00007ff86eb10000 - 0x00007ff86eb22000 	C:\Windows\SYSTEM32\UMPDC.dll
0x00007ff86df30000 - 0x00007ff86df42000 	C:\Windows\SYSTEM32\kernel.appcore.dll
0x00007ff86b160000 - 0x00007ff86b16a000 	C:\Users\Client\.jdks\openjdk-23.0.1\bin\jimage.dll
0x00007ff86d560000 - 0x00007ff86d744000 	C:\Windows\SYSTEM32\DBGHELP.DLL
0x00007ff84eba0000 - 0x00007ff84ebd4000 	C:\Windows\SYSTEM32\dbgcore.DLL
0x00007ff86fe30000 - 0x00007ff86feb2000 	C:\Windows\System32\bcryptPrimitives.dll
0x00007ff8540e0000 - 0x00007ff8540fe000 	C:\Users\Client\.jdks\openjdk-23.0.1\bin\java.dll
0x00007ff871210000 - 0x00007ff87133b000 	C:\Windows\System32\ole32.dll
0x00007ff8714b0000 - 0x00007ff871805000 	C:\Windows\System32\combase.dll
0x00007ff871830000 - 0x00007ff871f9d000 	C:\Windows\System32\SHELL32.dll
0x00007ff86d770000 - 0x00007ff86df14000 	C:\Windows\SYSTEM32\windows.storage.dll
0x00007ff86f140000 - 0x00007ff86f16f000 	C:\Windows\SYSTEM32\Wldp.dll
0x00007ff8709c0000 - 0x00007ff870a8d000 	C:\Windows\System32\OLEAUT32.dll
0x00007ff870090000 - 0x00007ff87013d000 	C:\Windows\System32\SHCORE.dll
0x00007ff8706a0000 - 0x00007ff8706f5000 	C:\Windows\System32\shlwapi.dll
0x00007ff86f640000 - 0x00007ff86f664000 	C:\Windows\SYSTEM32\profapi.dll
0x00007ff83af00000 - 0x00007ff83afd7000 	C:\Users\Client\.jdks\openjdk-23.0.1\bin\jsvml.dll
0x00007ff85b550000 - 0x00007ff85b560000 	C:\Users\Client\.jdks\openjdk-23.0.1\bin\net.dll
0x00007ff86eea0000 - 0x00007ff86ef0c000 	C:\Windows\system32\mswsock.dll
0x00007ff84f4f0000 - 0x00007ff84f506000 	C:\Users\Client\.jdks\openjdk-23.0.1\bin\nio.dll
0x00007ff851550000 - 0x00007ff851567000 	C:\Users\Client\.jdks\openjdk-23.0.1\bin\zip.dll
0x00007ff859790000 - 0x00007ff8597a0000 	C:\Users\Client\.jdks\openjdk-23.0.1\bin\verify.dll
0x00007ff844bf0000 - 0x00007ff844c6e000 	C:\Users\Client\AppData\Local\Temp\lwjgl_Client\3.3.6+1\x64\lwjgl.dll
0x00007ff844b60000 - 0x00007ff844be9000 	C:\Users\Client\AppData\Local\Temp\lwjgl_Client\3.3.6+1\x64\glfw.dll
0x00007ff844b10000 - 0x00007ff844b55000 	C:\Windows\SYSTEM32\dinput8.dll
0x00007ff86a9b0000 - 0x00007ff86a9c1000 	C:\Windows\SYSTEM32\xinput1_4.dll
0x00007ff86f710000 - 0x00007ff86f75e000 	C:\Windows\System32\cfgmgr32.dll
0x00007ff86f4a0000 - 0x00007ff86f4d3000 	C:\Windows\SYSTEM32\DEVOBJ.dll
0x00007ff86cfc0000 - 0x00007ff86cfef000 	C:\Windows\SYSTEM32\dwmapi.dll
0x00007ff862d90000 - 0x00007ff862ee2000 	C:\Windows\SYSTEM32\inputhost.dll
0x00007ff869e30000 - 0x00007ff869f22000 	C:\Windows\SYSTEM32\CoreMessaging.dll
0x00007ff86beb0000 - 0x00007ff86c007000 	C:\Windows\SYSTEM32\wintypes.dll
0x00007ff86c810000 - 0x00007ff86c906000 	C:\Windows\SYSTEM32\PROPSYS.dll
0x00007ff869f30000 - 0x00007ff86a28b000 	C:\Windows\SYSTEM32\CoreUIComponents.dll
0x00007ff86e9a0000 - 0x00007ff86e9d3000 	C:\Windows\SYSTEM32\ntmarta.dll
0x00007ff86cd30000 - 0x00007ff86cdce000 	C:\Windows\system32\uxtheme.dll
0x00007ff8704d0000 - 0x00007ff8705e5000 	C:\Windows\System32\MSCTF.dll
0x00007ff847d60000 - 0x00007ff847e88000 	C:\Windows\SYSTEM32\opengl32.dll
0x00007ff847d30000 - 0x00007ff847d5c000 	C:\Windows\SYSTEM32\GLU32.dll
0x00007ff8705f0000 - 0x00007ff870699000 	C:\Windows\System32\clbcatq.dll
0x00007ff8027d0000 - 0x00007ff8036e6000 	C:\Windows\System32\DriverStore\FileRepository\iigd_dch.inf_amd64_96bd31a096a4a6ff\ig9icd64.dll
0x00007ff86dfa0000 - 0x00007ff86e096000 	C:\Windows\system32\dxgi.dll
0x00007ff864cd0000 - 0x00007ff864d0b000 	C:\Windows\SYSTEM32\dxcore.dll
0x00007ff85f6e0000 - 0x00007ff861b1d000 	C:\Windows\System32\DriverStore\FileRepository\iigd_dch.inf_amd64_96bd31a096a4a6ff\igc64.dll
0x00007ff8649d0000 - 0x00007ff864b73000 	C:\Windows\System32\DriverStore\FileRepository\iigd_dch.inf_amd64_96bd31a096a4a6ff\igdgmm64.dll
0x00007ff862ef0000 - 0x00007ff862fe9000 	C:\Windows\SYSTEM32\textinputframework.dll
0x00007ff844590000 - 0x00007ff8445ed000 	C:\Users\Client\AppData\Local\Temp\lwjgl_Client\3.3.6+1\x64\lwjgl_opengl.dll
0x00007ff83a8d0000 - 0x00007ff83a969000 	C:\Users\Client\AppData\Local\Temp\lwjgl_Client\3.3.6+1\x64\lwjgl_stb.dll

dbghelp: loaded successfully - version: 4.0.5 - missing functions: none
symbol engine: initialized successfully - sym options: 0x614 - pdb path: .;C:\Users\Client\.jdks\openjdk-23.0.1\bin;C:\Windows\SYSTEM32;C:\Windows\WinSxS\amd64_microsoft.windows.common-controls_6595b64144ccf1df_6.0.19041.4355_none_60b8b9eb71f62e16;C:\Users\Client\.jdks\openjdk-23.0.1\bin\server;C:\Users\Client\AppData\Local\Temp\lwjgl_Client\3.3.6+1\x64;C:\Windows\System32\DriverStore\FileRepository\iigd_dch.inf_amd64_96bd31a096a4a6ff

VM Arguments:
jvm_args: -Dfile.encoding=UTF-8 -Duser.country=US -Duser.language=en -Duser.variant 
java_command: net.EntryPoint
java_class_path (initial): C:\Users\Client\Documents\GitHub\MyCraft\build\classes\java\main;C:\Users\Client\Documents\GitHub\MyCraft\build\resources\main;C:\Users\Client\.gradle\caches\modules-2\files-2.1\org.lwjgl\lwjgl-egl\3.3.6\6842d0164e94dda0fb5ec1d55b67e69df7643f28\lwjgl-egl-3.3.6.jar;C:\Users\Client\.gradle\caches\modules-2\files-2.1\org.lwjgl\lwjgl-glfw\3.3.6\7119f7d0eeb1e5502ff0ca71d2b4d47317da015\lwjgl-glfw-3.3.6.jar;C:\Users\Client\.gradle\caches\modules-2\files-2.1\org.lwjgl\lwjgl-glfw\3.3.6\99ef08056feb9627f90425a4d2a22cd9fae8e39b\lwjgl-glfw-3.3.6-natives-windows.jar;C:\Users\Client\.gradle\caches\modules-2\files-2.1\org.lwjgl\lwjgl-openal\3.3.6\ad313317ff399fd2a7f4dd74716a68cf3976c6ad\lwjgl-openal-3.3.6.jar;C:\Users\Client\.gradle\caches\modules-2\files-2.1\org.lwjgl\lwjgl-openal\3.3.6\9c2b9b660e085bb0b47a4453dc0e26f24a5475e4\lwjgl-openal-3.3.6-natives-windows.jar;C:\Users\Client\.gradle\caches\modules-2\files-2.1\org.lwjgl\lwjgl-opengl\3.3.6\ac2532612a4df374e9a9282bcf8ce2573018ebbb\lwjgl-opengl-3.3.6.jar;C:\Users\Client\.gradle\caches\modules-2\files-2.1\org.lwjgl\lwjgl-opengl\3.3.6\18dc639ebc94aa5202c2157f7490d28997b697c5\lwjgl-opengl-3.3.6-natives-windows.jar;C:\Users\Client\.gradle\caches\modules-2\files-2.1\org.lwjgl\lwjgl-stb\3.3.6\e2d3739dcfe7b672b626ded66d94f6587083306e\lwjgl-stb-3.3.6.jar;C:\Users\Client\.gradle\caches\modules-2\files-2.1\org.lwjgl\lwjgl-stb\3.3.6\334cf885b39e2db9070c39e70e65efb136435f10\lwjgl-stb-3.3.6-natives-windows.jar;C:\Users\Client\.gradle\caches\modules-2\files-2.1\org.lwjgl\lwjgl\3.3.6\ce7721d30cfaf47feaed10213e0c43eb55c49d68\lwjgl-3.3.6.jar;C:\Users\Client\.gradle\caches\modules-2\files-2.1\org.lwjgl\lwjgl\3.3.6\9a29b6a22fc5184604b8cb434ee5d5ecc4bfcbee\lwjgl-3.3.6-natives-windows.jar;C:\Users\Client\.gradle\caches\modules-2\files-2.1\org.joml\joml-primitives\1.10.0\b3ae3ae0dfee0bf5aef9f7964205cca0f3c6ea07\joml-primitives-1.10.0.jar;C:\Users\Client\.gradle\caches\modules-2\files-2.1\org.joml\joml\1.10.7\f8c3f2e7db281bde099342dd36133de4bbba390c\joml-1.10.7.jar;C:\Users\Client\.gradle\caches\modules-2\files-2.1\com.google.code.gson\gson\2.12.1\4e773a317740b83b43cfc3d652962856041697cb\gson-2.12.1.jar;C:\Users\Client\.gradle\caches\modules-2\files-2.1\org.jetbrains.kotlin\kotlin-stdlib-jdk8\1.8.20\73576ddf378c5b4f1f6b449fe6b119b8183fc078\kotlin-stdlib-jdk8-1.8.20.jar;C:\Users\Client\.gradle\caches\modules-2\files-2.1\com.google.errorprone\error_prone_annotations\2.36.0\227d4d4957ccc3dc5761bd897e3a0ee587e750a7\error_prone_annotations-2.36.0.jar;C:\Users\Client\.gradle\caches\modules-2\files-2.1\org.jetbrains.kotlin\kotlin-stdlib-jdk7\1.8.20\3aa51faf20aae8b31e1a4bc54f8370673d7b7df4\kotlin-stdlib-jdk7-1.8.20.jar;C:\Users\Client\.gradle\caches\modules-2\files-2.1\org.jetbrains.kotlin\kotlin-stdlib\1.8.20\e72fc5e03ec6c064c678a6bd0d955c88d55b0c4a\kotlin-stdlib-1.8.20.jar;C:\Users\Client\.gradle\caches\modules-2\files-2.1\org.jetbrains.kotlin\kotlin-stdlib-common\1.8.20\5eddaaf234c8c49d03eebeb6a14feb7f90faca71\kotlin-stdlib-common-1.8.20.jar;C:\Users\Client\.gradle\caches\modules-2\files-2.1\org.jetbrains\annotations\13.0\919f0dfe192fb4e063e7dacadee7f8bb9a2672a9\annotations-13.0.jar
Launcher Type: SUN_STANDARD

[Global flags]
     intx CICompilerCount                          = 3                                         {product} {ergonomic}
     uint ConcGCThreads                            = 1                                         {product} {ergonomic}
     uint G1ConcRefinementThreads                  = 4                                         {product} {ergonomic}
   size_t G1HeapRegionSize                         = 1048576                                   {product} {ergonomic}
   size_t InitialHeapSize                          = 125829120                                 {product} {ergonomic}
   size_t MarkStackSize                            = 4194304                                   {product} {ergonomic}
   size_t MarkStackSizeMax                         = 536870912                                 {product} {ergonomic}
   size_t MaxHeapSize                              = 1990197248                                {product} {ergonomic}
   size_t MaxNewSize                               = 1193279488                                {product} {ergonomic}
   size_t MinHeapDeltaBytes                        = 1048576                                   {product} {ergonomic}
   size_t MinHeapSize                              = 8388608                                   {product} {ergonomic}
    uintx NonNMethodCodeHeapSize                   = 5832704                                {pd product} {ergonomic}
    uintx NonProfiledCodeHeapSize                  = 122945536                              {pd product} {ergonomic}
    uintx ProfiledCodeHeapSize                     = 122880000                              {pd product} {ergonomic}
    uintx ReservedCodeCacheSize                    = 251658240                              {pd product} {ergonomic}
     bool SegmentedCodeCache                       = true                                      {product} {ergonomic}
   size_t SoftMaxHeapSize                          = 1990197248                             {manageable} {ergonomic}
     bool UseCompressedOops                        = true                           {product lp64_product} {ergonomic}
     bool UseG1GC                                  = true                                      {product} {ergonomic}
     bool UseLargePagesIndividualAllocation        = false                                  {pd product} {ergonomic}

Logging:
Log output configuration:
 #0: stdout all=warning uptime,level,tags foldmultilines=false
 #1: stderr all=off uptime,level,tags foldmultilines=false

Environment Variables:
PATH=C:\Program Files\ImageMagick-7.1.1-Q16;C:\Program Files\Common Files\Oracle\Java\javapath;C:\Program Files (x86)\Common Files\Oracle\Java\java8path;C:\Program Files (x86)\Common Files\Oracle\Java\javapath;C:\Users\Client\AppData\Roaming\Python\Python313\site-packages\SCons\;C:\Program Files\dotnet\;C:\Program Files\Git\cmd;C:\Program Files\CMake\bin;C:\Program Files\Microsoft Visual Studio\2022\Community\VC\Tools\Llvm\bin\clang-cl.exe;C:\Program Files (x86)\Windows Kits\10\bin\10.0.22621.0\x64;C:\Program Files\Microsoft Visual Studio\2022\Community\VC\Tools\Llvm\bin;C:\Program Files\Microsoft Visual Studio\2022\Community\Common7\Tools;C:\Program Files\Microsoft Visual Studio\2022\Community\Common7\IDE\CommonExtensions\Microsoft\CMake\CMake\bin;C:\Program Files\Microsoft Visual Studio\2022\Community\VC\Tools\MSVC\14.42.34433\bin\Hostx64\x64;C:\Program Files\Microsoft SQL Server\150\Tools\Binn\;C:\Program Files\nodejs\;C:\Program Files\Microsoft SQL Server\Client SDK\ODBC\170\Tools\Binn\;C:\Program Files (x86)\Windows Kits\10\Windows Performance Toolkit\;C:\program files\microsoft visual studio\2022\community\common7\ide\commonextensions\microsoft\cmake\Ninja\;C:\apache-ant\bin;C:\Windows\System32\;C:\Users\Client\AppData\Local\Programs\Python\Python313\Scripts\;C:\Users\Client\AppData\Local\Programs\Python\Python313\;C:\Users\Client\AppData\Roaming\Python\Python313\site-packages\;C:\Users\Client\AppData\Local\Programs\Python\Launcher\;C:\Users\Client\AppData\Roaming\Python\Python313\site-packages\SCons\;C:\Users\Client\scoop\shims\;C:\Users\Client\AppData\Local\Microsoft\WindowsApps;C:\Users\Client\AppData\Local\GitHubDesktop\bin;C:\Users\Client\.dotnet\tools;C:\Program Files\JetBrains\IntelliJ IDEA 2024.3.2.2\bin;;C:\Users\Client\AppData\Roaming\Python\Python313\site-packages\SCons\Script\;C:\Program Files\dotnet\;C:\Program Files (x86)\Windows Kits\10\bin\10.0.22621.0\x64;C:\Users\Client\AppData\Roaming\npm;C:\program files\microsoft visual studio\2022\community\common7\ide\commonextensions\microsoft\cmake\Ninja\;C:\Users\Client\ant-ivy\;C:\Windows\System32\;C:\Users\Client\AppData\Local\Programs\Microsoft VS Code\bin
USERNAME=Client
OS=Windows_NT
PROCESSOR_IDENTIFIER=Intel64 Family 6 Model 78 Stepping 3, GenuineIntel
TMP=C:\Users\Client\AppData\Local\Temp
TEMP=C:\Users\Client\AppData\Local\Temp




Periodic native trim disabled

---------------  S Y S T E M  ---------------

OS:
 Windows 10 , 64 bit Build 19041 (10.0.19041.5438)
OS uptime: 1 days 16:15 hours

CPU: total 4 (initial active 4) (2 cores per cpu, 2 threads per core) family 6 model 78 stepping 3 microcode 0xec, cx8, cmov, fxsr, ht, mmx, 3dnowpref, sse, sse2, sse3, ssse3, sse4.1, sse4.2, popcnt, lzcnt, tsc, tscinvbit, avx, avx2, aes, erms, clmul, bmi1, bmi2, rtm, adx, fma, vzeroupper, clflush, clflushopt, rdtscp, f16c
Processor Information for the first 4 processors :
  Max Mhz: 2496, Current Mhz: 798, Mhz Limit: 798

Memory: 4k page, system-wide physical 7591M (1149M free)
TotalPageFile size 15015M (AvailPageFile size 5022M)
current process WorkingSet (physical memory assigned to process): 122M, peak: 135M
current process commit charge ("private bytes"): 115M, peak: 233M

vm_info: OpenJDK 64-Bit Server VM (23.0.1+11-39) for windows-amd64 JRE (23.0.1+11-39), built on 2024-09-30T07:20:43Z with MS VC++ 17.6 (VS2022)

END.
